./t/check12-w.sh: will source ./t/check12.sh
check12-w: running runtest SOMEPROGRAM=someprogram --version
WARNING: Couldn't find the global config file.
DejaGnu version	1.6.1
Expect version	5.45.4
Tcl version	8.6
Running from installcheck: no
Test Protocol: none
PATH = /sources/automake-1.16.1/bin:/sources/automake-1.16.1/t/ax:/bin:/usr/bin:/sbin:/usr/sbin:/tools/bin
+++ pwd
/sources/automake-1.16.1/t/check12-w.dir
++ cat
++ cat
++ cat
++ cat
++ chmod +x a.test b.test
++ cat
++ A_EXIT_STATUS=0
++ export A_EXIT_STATUS
++ B_EXIT_STATUS=0
++ export B_EXIT_STATUS
++ cat
++ cat
++ NAIL=nail
++ export NAIL
++ cat
++ chmod +x hammer spanner
++ mkdir hammer.test spanner.test
++ cat
++ cat
++ cat
++ CHECKLOCAL_EXIT_STATUS=0
++ export CHECKLOCAL_EXIT_STATUS
++ aclocal-1.16 -Werror
++ autoconf
++ automake-1.16 --foreign -Werror -Wall --add-missing
++ for vpath in : false
++ :
++ srcdir=..
++ mkdir build
++ cd build
++ test -f config.status
++ ../configure
checking for a BSD-compatible install... /usr/bin/install -c
checking whether build environment is sane... yes
checking for a thread-safe mkdir -p... /tools/bin/mkdir -p
checking for gawk... gawk
checking whether make sets $(MAKE)... yes
checking whether make supports nested variables... yes
checking that generated files are newer than configure... done
configure: creating ./config.status
config.status: creating Makefile
++ make check
make  check-DEJAGNU check-TESTS check-local
make[1]: Entering directory '/sources/automake-1.16.1/t/check12-w.dir/build'
Making a new site.exp file ...
srcdir='..'; export srcdir; \
EXPECT=expect; export EXPECT; \
if /bin/sh -c "runtest --version" > /dev/null 2>&1; then \
  exit_status=0; l='hammer spanner'; for tool in $l; do \
    if runtest --tool $tool --srcdir $srcdir HAMMER=../hammer SPANNER=../spanner ; \
    then :; else exit_status=1; fi; \
  done; \
else echo "WARNING: could not find 'runtest'" 1>&2; :;\
fi; \
exit $exit_status
WARNING: Couldn't find the global config file.
WARNING: Couldn't find tool init file
Test run by root on Tue Nov 27 06:51:29 2018
Native configuration is x86_64-pc-linux-gnu

		=== hammer tests ===

Schedule of variations:
    unix

Running target unix
Using /tools/share/dejagnu/baseboards/unix.exp as board description file for target.
Using /tools/share/dejagnu/config/unix.exp as generic interface file for target.
WARNING: Couldn't find tool config file for unix, using default.
Running ../hammer.test/hammer.exp ...

		=== hammer Summary ===

# of expected passes		1
WARNING: Couldn't find the global config file.
WARNING: Couldn't find tool init file
Test run by root on Tue Nov 27 06:51:29 2018
Native configuration is x86_64-pc-linux-gnu

		=== spanner tests ===

Schedule of variations:
    unix

Running target unix
Using /tools/share/dejagnu/baseboards/unix.exp as board description file for target.
Using /tools/share/dejagnu/config/unix.exp as generic interface file for target.
WARNING: Couldn't find tool config file for unix, using default.
Running ../spanner.test/spanner.exp ...

		=== spanner Summary ===

# of expected passes		1
a.test: exit status: 0
PASS: a.test
b.test: exit status: 0
PASS: b.test
==================
All 2 tests passed
==================
case $CHECKLOCAL_EXIT_STATUS in \
  0) echo 'check-local succeeded :-)';; \
  *) echo 'check-local failed :-(';; \
esac >local.log
exit $CHECKLOCAL_EXIT_STATUS
make[1]: Leaving directory '/sources/automake-1.16.1/t/check12-w.dir/build'
++ test -f hammer.log
++ test -f hammer.sum
++ test -f spanner.log
++ test -f spanner.sum
++ test xyes '!=' xyes
++ grep 'check-local succeeded :-)' local.log
check-local succeeded :-)
++ cp -f config.status config-status.sav
++ make distclean
test -z "local.log" || rm -f local.log
rm -f site.exp site.bak
l='hammer spanner'; for tool in $l; do \
  rm -f $tool.sum $tool.log; \
done
test -z "" || rm -f 
test . = ".." || test -z "" || rm -f 
rm -f config.status config.cache config.log configure.lineno config.status.lineno
rm -f Makefile
++ test '!' -e hammer.log
++ test '!' -e hammer.sum
++ test '!' -e spanner.log
++ test '!' -e spanner.sum
++ test '!' -e test-suite.log
++ test '!' -e a.log
++ test '!' -e b.log
++ test '!' -e local.log
++ mv -f config-status.sav config.status
++ ./config.status
config.status: creating Makefile
++ NAIL=screw
++ make check
make  check-DEJAGNU check-TESTS check-local
make[1]: Entering directory '/sources/automake-1.16.1/t/check12-w.dir/build'
Making a new site.exp file ...
srcdir='..'; export srcdir; \
EXPECT=expect; export EXPECT; \
if /bin/sh -c "runtest --version" > /dev/null 2>&1; then \
  exit_status=0; l='hammer spanner'; for tool in $l; do \
    if runtest --tool $tool --srcdir $srcdir HAMMER=../hammer SPANNER=../spanner ; \
    then :; else exit_status=1; fi; \
  done; \
else echo "WARNING: could not find 'runtest'" 1>&2; :;\
fi; \
exit $exit_status
WARNING: Couldn't find the global config file.
WARNING: Couldn't find tool init file
Test run by root on Tue Nov 27 06:51:29 2018
Native configuration is x86_64-pc-linux-gnu

		=== hammer tests ===

Schedule of variations:
    unix

Running target unix
Using /tools/share/dejagnu/baseboards/unix.exp as board description file for target.
Using /tools/share/dejagnu/config/unix.exp as generic interface file for target.
WARNING: Couldn't find tool config file for unix, using default.
Running ../hammer.test/hammer.exp ...
FAIL: test_hammer

		=== hammer Summary ===

# of unexpected failures	1
WARNING: Couldn't find the global config file.
WARNING: Couldn't find tool init file
Test run by root on Tue Nov 27 06:51:29 2018
Native configuration is x86_64-pc-linux-gnu

		=== spanner tests ===

Schedule of variations:
    unix

Running target unix
Using /tools/share/dejagnu/baseboards/unix.exp as board description file for target.
Using /tools/share/dejagnu/config/unix.exp as generic interface file for target.
WARNING: Couldn't find tool config file for unix, using default.
Running ../spanner.test/spanner.exp ...

		=== spanner Summary ===

# of expected passes		1
make[1]: *** [Makefile:288: check-DEJAGNU] Error 1
make[1]: Leaving directory '/sources/automake-1.16.1/t/check12-w.dir/build'
make: *** [Makefile:585: check-am] Error 2
++ test -f hammer.log
++ test -f hammer.sum
++ test -f spanner.log
++ test -f spanner.sum
++ grep 'FAIL: test_hammer' hammer.sum
FAIL: test_hammer
++ grep FAIL: spanner.sum
++ B_EXIT_STATUS=1
++ make check
make  check-DEJAGNU check-TESTS check-local
make[1]: Entering directory '/sources/automake-1.16.1/t/check12-w.dir/build'
srcdir='..'; export srcdir; \
EXPECT=expect; export EXPECT; \
if /bin/sh -c "runtest --version" > /dev/null 2>&1; then \
  exit_status=0; l='hammer spanner'; for tool in $l; do \
    if runtest --tool $tool --srcdir $srcdir HAMMER=../hammer SPANNER=../spanner ; \
    then :; else exit_status=1; fi; \
  done; \
else echo "WARNING: could not find 'runtest'" 1>&2; :;\
fi; \
exit $exit_status
WARNING: Couldn't find the global config file.
WARNING: Couldn't find tool init file
Test run by root on Tue Nov 27 06:51:29 2018
Native configuration is x86_64-pc-linux-gnu

		=== hammer tests ===

Schedule of variations:
    unix

Running target unix
Using /tools/share/dejagnu/baseboards/unix.exp as board description file for target.
Using /tools/share/dejagnu/config/unix.exp as generic interface file for target.
WARNING: Couldn't find tool config file for unix, using default.
Running ../hammer.test/hammer.exp ...

		=== hammer Summary ===

# of expected passes		1
WARNING: Couldn't find the global config file.
WARNING: Couldn't find tool init file
Test run by root on Tue Nov 27 06:51:29 2018
Native configuration is x86_64-pc-linux-gnu

		=== spanner tests ===

Schedule of variations:
    unix

Running target unix
Using /tools/share/dejagnu/baseboards/unix.exp as board description file for target.
Using /tools/share/dejagnu/config/unix.exp as generic interface file for target.
WARNING: Couldn't find tool config file for unix, using default.
Running ../spanner.test/spanner.exp ...

		=== spanner Summary ===

# of expected passes		1
a.test: exit status: 0
PASS: a.test
b.test: exit status: 1
FAIL: b.test
===================
1 of 2 tests failed
===================
make[1]: *** [Makefile:326: check-TESTS] Error 1
make[1]: Leaving directory '/sources/automake-1.16.1/t/check12-w.dir/build'
make: *** [Makefile:585: check-am] Error 2
++ test xyes '!=' xyes
++ CHECKLOCAL_EXIT_STATUS=1
++ make check
make  check-DEJAGNU check-TESTS check-local
make[1]: Entering directory '/sources/automake-1.16.1/t/check12-w.dir/build'
srcdir='..'; export srcdir; \
EXPECT=expect; export EXPECT; \
if /bin/sh -c "runtest --version" > /dev/null 2>&1; then \
  exit_status=0; l='hammer spanner'; for tool in $l; do \
    if runtest --tool $tool --srcdir $srcdir HAMMER=../hammer SPANNER=../spanner ; \
    then :; else exit_status=1; fi; \
  done; \
else echo "WARNING: could not find 'runtest'" 1>&2; :;\
fi; \
exit $exit_status
WARNING: Couldn't find the global config file.
WARNING: Couldn't find tool init file
Test run by root on Tue Nov 27 06:51:29 2018
Native configuration is x86_64-pc-linux-gnu

		=== hammer tests ===

Schedule of variations:
    unix

Running target unix
Using /tools/share/dejagnu/baseboards/unix.exp as board description file for target.
Using /tools/share/dejagnu/config/unix.exp as generic interface file for target.
WARNING: Couldn't find tool config file for unix, using default.
Running ../hammer.test/hammer.exp ...

		=== hammer Summary ===

# of expected passes		1
WARNING: Couldn't find the global config file.
WARNING: Couldn't find tool init file
Test run by root on Tue Nov 27 06:51:29 2018
Native configuration is x86_64-pc-linux-gnu

		=== spanner tests ===

Schedule of variations:
    unix

Running target unix
Using /tools/share/dejagnu/baseboards/unix.exp as board description file for target.
Using /tools/share/dejagnu/config/unix.exp as generic interface file for target.
WARNING: Couldn't find tool config file for unix, using default.
Running ../spanner.test/spanner.exp ...

		=== spanner Summary ===

# of expected passes		1
a.test: exit status: 0
PASS: a.test
b.test: exit status: 0
PASS: b.test
==================
All 2 tests passed
==================
case $CHECKLOCAL_EXIT_STATUS in \
  0) echo 'check-local succeeded :-)';; \
  *) echo 'check-local failed :-(';; \
esac >local.log
exit $CHECKLOCAL_EXIT_STATUS
make[1]: *** [Makefile:710: check-local] Error 1
make[1]: Leaving directory '/sources/automake-1.16.1/t/check12-w.dir/build'
make: *** [Makefile:585: check-am] Error 2
++ grep 'check-local failed :-(' local.log
check-local failed :-(
++ NAIL=screw
++ B_EXIT_STATUS=23
++ CHECKLOCAL_EXIT_STATUS=1
++ make -k check
make  check-DEJAGNU check-TESTS check-local
make[1]: Entering directory '/sources/automake-1.16.1/t/check12-w.dir/build'
srcdir='..'; export srcdir; \
EXPECT=expect; export EXPECT; \
if /bin/sh -c "runtest --version" > /dev/null 2>&1; then \
  exit_status=0; l='hammer spanner'; for tool in $l; do \
    if runtest --tool $tool --srcdir $srcdir HAMMER=../hammer SPANNER=../spanner ; \
    then :; else exit_status=1; fi; \
  done; \
else echo "WARNING: could not find 'runtest'" 1>&2; :;\
fi; \
exit $exit_status
WARNING: Couldn't find the global config file.
WARNING: Couldn't find tool init file
Test run by root on Tue Nov 27 06:51:29 2018
Native configuration is x86_64-pc-linux-gnu

		=== hammer tests ===

Schedule of variations:
    unix

Running target unix
Using /tools/share/dejagnu/baseboards/unix.exp as board description file for target.
Using /tools/share/dejagnu/config/unix.exp as generic interface file for target.
WARNING: Couldn't find tool config file for unix, using default.
Running ../hammer.test/hammer.exp ...
FAIL: test_hammer

		=== hammer Summary ===

# of unexpected failures	1
WARNING: Couldn't find the global config file.
WARNING: Couldn't find tool init file
Test run by root on Tue Nov 27 06:51:30 2018
Native configuration is x86_64-pc-linux-gnu

		=== spanner tests ===

Schedule of variations:
    unix

Running target unix
Using /tools/share/dejagnu/baseboards/unix.exp as board description file for target.
Using /tools/share/dejagnu/config/unix.exp as generic interface file for target.
WARNING: Couldn't find tool config file for unix, using default.
Running ../spanner.test/spanner.exp ...

		=== spanner Summary ===

# of expected passes		1
make[1]: *** [Makefile:288: check-DEJAGNU] Error 1
a.test: exit status: 0
PASS: a.test
b.test: exit status: 23
FAIL: b.test
===================
1 of 2 tests failed
===================
make[1]: *** [Makefile:326: check-TESTS] Error 1
case $CHECKLOCAL_EXIT_STATUS in \
  0) echo 'check-local succeeded :-)';; \
  *) echo 'check-local failed :-(';; \
esac >local.log
exit $CHECKLOCAL_EXIT_STATUS
make[1]: *** [Makefile:710: check-local] Error 1
make[1]: Leaving directory '/sources/automake-1.16.1/t/check12-w.dir/build'
make: *** [Makefile:585: check-am] Error 2
make: Target 'check' not remade because of errors.
++ :
++ test -f hammer.log
++ test -f hammer.sum
++ test -f spanner.log
++ test -f spanner.sum
++ grep 'FAIL: test_hammer' hammer.sum
FAIL: test_hammer
++ grep FAIL: spanner.sum
++ test xyes '!=' xyes
++ grep 'check-local failed :-(' local.log
check-local failed :-(
++ cd ..
++ for vpath in : false
++ false
++ srcdir=.
++ test -f config.status
++ ./configure
checking for a BSD-compatible install... /usr/bin/install -c
checking whether build environment is sane... yes
checking for a thread-safe mkdir -p... /tools/bin/mkdir -p
checking for gawk... gawk
checking whether make sets $(MAKE)... yes
checking whether make supports nested variables... yes
checking that generated files are newer than configure... done
configure: creating ./config.status
config.status: creating Makefile
++ make check
make  check-DEJAGNU check-TESTS check-local
make[1]: Entering directory '/sources/automake-1.16.1/t/check12-w.dir'
Making a new site.exp file ...
srcdir='.'; export srcdir; \
EXPECT=expect; export EXPECT; \
if /bin/sh -c "runtest --version" > /dev/null 2>&1; then \
  exit_status=0; l='hammer spanner'; for tool in $l; do \
    if runtest --tool $tool --srcdir $srcdir HAMMER=./hammer SPANNER=./spanner ; \
    then :; else exit_status=1; fi; \
  done; \
else echo "WARNING: could not find 'runtest'" 1>&2; :;\
fi; \
exit $exit_status
WARNING: Couldn't find the global config file.
WARNING: Couldn't find tool init file
Test run by root on Tue Nov 27 06:51:31 2018
Native configuration is x86_64-pc-linux-gnu

		=== hammer tests ===

Schedule of variations:
    unix

Running target unix
Using /tools/share/dejagnu/baseboards/unix.exp as board description file for target.
Using /tools/share/dejagnu/config/unix.exp as generic interface file for target.
WARNING: Couldn't find tool config file for unix, using default.
Running ./hammer.test/hammer.exp ...

		=== hammer Summary ===

# of expected passes		1
WARNING: Couldn't find the global config file.
WARNING: Couldn't find tool init file
Test run by root on Tue Nov 27 06:51:31 2018
Native configuration is x86_64-pc-linux-gnu

		=== spanner tests ===

Schedule of variations:
    unix

Running target unix
Using /tools/share/dejagnu/baseboards/unix.exp as board description file for target.
Using /tools/share/dejagnu/config/unix.exp as generic interface file for target.
WARNING: Couldn't find tool config file for unix, using default.
Running ./spanner.test/spanner.exp ...

		=== spanner Summary ===

# of expected passes		1
a.test: exit status: 0
PASS: a.test
b.test: exit status: 0
PASS: b.test
==================
All 2 tests passed
==================
case $CHECKLOCAL_EXIT_STATUS in \
  0) echo 'check-local succeeded :-)';; \
  *) echo 'check-local failed :-(';; \
esac >local.log
exit $CHECKLOCAL_EXIT_STATUS
make[1]: Leaving directory '/sources/automake-1.16.1/t/check12-w.dir'
++ test -f hammer.log
++ test -f hammer.sum
++ test -f spanner.log
++ test -f spanner.sum
++ test xyes '!=' xyes
++ grep 'check-local succeeded :-)' local.log
check-local succeeded :-)
++ cp -f config.status config-status.sav
++ make distclean
test -z "local.log" || rm -f local.log
rm -f site.exp site.bak
l='hammer spanner'; for tool in $l; do \
  rm -f $tool.sum $tool.log; \
done
test -z "" || rm -f 
test . = "." || test -z "" || rm -f 
rm -f config.status config.cache config.log configure.lineno config.status.lineno
rm -f Makefile
++ test '!' -e hammer.log
++ test '!' -e hammer.sum
++ test '!' -e spanner.log
++ test '!' -e spanner.sum
++ test '!' -e test-suite.log
++ test '!' -e a.log
++ test '!' -e b.log
++ test '!' -e local.log
++ mv -f config-status.sav config.status
++ ./config.status
config.status: creating Makefile
++ NAIL=screw
++ make check
make  check-DEJAGNU check-TESTS check-local
make[1]: Entering directory '/sources/automake-1.16.1/t/check12-w.dir'
Making a new site.exp file ...
srcdir='.'; export srcdir; \
EXPECT=expect; export EXPECT; \
if /bin/sh -c "runtest --version" > /dev/null 2>&1; then \
  exit_status=0; l='hammer spanner'; for tool in $l; do \
    if runtest --tool $tool --srcdir $srcdir HAMMER=./hammer SPANNER=./spanner ; \
    then :; else exit_status=1; fi; \
  done; \
else echo "WARNING: could not find 'runtest'" 1>&2; :;\
fi; \
exit $exit_status
WARNING: Couldn't find the global config file.
WARNING: Couldn't find tool init file
Test run by root on Tue Nov 27 06:51:31 2018
Native configuration is x86_64-pc-linux-gnu

		=== hammer tests ===

Schedule of variations:
    unix

Running target unix
Using /tools/share/dejagnu/baseboards/unix.exp as board description file for target.
Using /tools/share/dejagnu/config/unix.exp as generic interface file for target.
WARNING: Couldn't find tool config file for unix, using default.
Running ./hammer.test/hammer.exp ...
FAIL: test_hammer

		=== hammer Summary ===

# of unexpected failures	1
WARNING: Couldn't find the global config file.
WARNING: Couldn't find tool init file
Test run by root on Tue Nov 27 06:51:31 2018
Native configuration is x86_64-pc-linux-gnu

		=== spanner tests ===

Schedule of variations:
    unix

Running target unix
Using /tools/share/dejagnu/baseboards/unix.exp as board description file for target.
Using /tools/share/dejagnu/config/unix.exp as generic interface file for target.
WARNING: Couldn't find tool config file for unix, using default.
Running ./spanner.test/spanner.exp ...

		=== spanner Summary ===

# of expected passes		1
make[1]: *** [Makefile:288: check-DEJAGNU] Error 1
make[1]: Leaving directory '/sources/automake-1.16.1/t/check12-w.dir'
make: *** [Makefile:585: check-am] Error 2
++ test -f hammer.log
++ test -f hammer.sum
++ test -f spanner.log
++ test -f spanner.sum
++ grep 'FAIL: test_hammer' hammer.sum
FAIL: test_hammer
++ grep FAIL: spanner.sum
++ B_EXIT_STATUS=1
++ make check
make  check-DEJAGNU check-TESTS check-local
make[1]: Entering directory '/sources/automake-1.16.1/t/check12-w.dir'
srcdir='.'; export srcdir; \
EXPECT=expect; export EXPECT; \
if /bin/sh -c "runtest --version" > /dev/null 2>&1; then \
  exit_status=0; l='hammer spanner'; for tool in $l; do \
    if runtest --tool $tool --srcdir $srcdir HAMMER=./hammer SPANNER=./spanner ; \
    then :; else exit_status=1; fi; \
  done; \
else echo "WARNING: could not find 'runtest'" 1>&2; :;\
fi; \
exit $exit_status
WARNING: Couldn't find the global config file.
WARNING: Couldn't find tool init file
Test run by root on Tue Nov 27 06:51:31 2018
Native configuration is x86_64-pc-linux-gnu

		=== hammer tests ===

Schedule of variations:
    unix

Running target unix
Using /tools/share/dejagnu/baseboards/unix.exp as board description file for target.
Using /tools/share/dejagnu/config/unix.exp as generic interface file for target.
WARNING: Couldn't find tool config file for unix, using default.
Running ./hammer.test/hammer.exp ...

		=== hammer Summary ===

# of expected passes		1
WARNING: Couldn't find the global config file.
WARNING: Couldn't find tool init file
Test run by root on Tue Nov 27 06:51:31 2018
Native configuration is x86_64-pc-linux-gnu

		=== spanner tests ===

Schedule of variations:
    unix

Running target unix
Using /tools/share/dejagnu/baseboards/unix.exp as board description file for target.
Using /tools/share/dejagnu/config/unix.exp as generic interface file for target.
WARNING: Couldn't find tool config file for unix, using default.
Running ./spanner.test/spanner.exp ...

		=== spanner Summary ===

# of expected passes		1
a.test: exit status: 0
PASS: a.test
b.test: exit status: 1
FAIL: b.test
===================
1 of 2 tests failed
===================
make[1]: *** [Makefile:326: check-TESTS] Error 1
make[1]: Leaving directory '/sources/automake-1.16.1/t/check12-w.dir'
make: *** [Makefile:585: check-am] Error 2
++ test xyes '!=' xyes
++ CHECKLOCAL_EXIT_STATUS=1
++ make check
make  check-DEJAGNU check-TESTS check-local
make[1]: Entering directory '/sources/automake-1.16.1/t/check12-w.dir'
srcdir='.'; export srcdir; \
EXPECT=expect; export EXPECT; \
if /bin/sh -c "runtest --version" > /dev/null 2>&1; then \
  exit_status=0; l='hammer spanner'; for tool in $l; do \
    if runtest --tool $tool --srcdir $srcdir HAMMER=./hammer SPANNER=./spanner ; \
    then :; else exit_status=1; fi; \
  done; \
else echo "WARNING: could not find 'runtest'" 1>&2; :;\
fi; \
exit $exit_status
WARNING: Couldn't find the global config file.
WARNING: Couldn't find tool init file
Test run by root on Tue Nov 27 06:51:32 2018
Native configuration is x86_64-pc-linux-gnu

		=== hammer tests ===

Schedule of variations:
    unix

Running target unix
Using /tools/share/dejagnu/baseboards/unix.exp as board description file for target.
Using /tools/share/dejagnu/config/unix.exp as generic interface file for target.
WARNING: Couldn't find tool config file for unix, using default.
Running ./hammer.test/hammer.exp ...

		=== hammer Summary ===

# of expected passes		1
WARNING: Couldn't find the global config file.
WARNING: Couldn't find tool init file
Test run by root on Tue Nov 27 06:51:32 2018
Native configuration is x86_64-pc-linux-gnu

		=== spanner tests ===

Schedule of variations:
    unix

Running target unix
Using /tools/share/dejagnu/baseboards/unix.exp as board description file for target.
Using /tools/share/dejagnu/config/unix.exp as generic interface file for target.
WARNING: Couldn't find tool config file for unix, using default.
Running ./spanner.test/spanner.exp ...

		=== spanner Summary ===

# of expected passes		1
a.test: exit status: 0
PASS: a.test
b.test: exit status: 0
PASS: b.test
==================
All 2 tests passed
==================
case $CHECKLOCAL_EXIT_STATUS in \
  0) echo 'check-local succeeded :-)';; \
  *) echo 'check-local failed :-(';; \
esac >local.log
exit $CHECKLOCAL_EXIT_STATUS
make[1]: *** [Makefile:710: check-local] Error 1
make[1]: Leaving directory '/sources/automake-1.16.1/t/check12-w.dir'
make: *** [Makefile:585: check-am] Error 2
++ grep 'check-local failed :-(' local.log
check-local failed :-(
++ NAIL=screw
++ B_EXIT_STATUS=23
++ CHECKLOCAL_EXIT_STATUS=1
++ make -k check
make  check-DEJAGNU check-TESTS check-local
make[1]: Entering directory '/sources/automake-1.16.1/t/check12-w.dir'
srcdir='.'; export srcdir; \
EXPECT=expect; export EXPECT; \
if /bin/sh -c "runtest --version" > /dev/null 2>&1; then \
  exit_status=0; l='hammer spanner'; for tool in $l; do \
    if runtest --tool $tool --srcdir $srcdir HAMMER=./hammer SPANNER=./spanner ; \
    then :; else exit_status=1; fi; \
  done; \
else echo "WARNING: could not find 'runtest'" 1>&2; :;\
fi; \
exit $exit_status
WARNING: Couldn't find the global config file.
WARNING: Couldn't find tool init file
Test run by root on Tue Nov 27 06:51:32 2018
Native configuration is x86_64-pc-linux-gnu

		=== hammer tests ===

Schedule of variations:
    unix

Running target unix
Using /tools/share/dejagnu/baseboards/unix.exp as board description file for target.
Using /tools/share/dejagnu/config/unix.exp as generic interface file for target.
WARNING: Couldn't find tool config file for unix, using default.
Running ./hammer.test/hammer.exp ...
FAIL: test_hammer

		=== hammer Summary ===

# of unexpected failures	1
WARNING: Couldn't find the global config file.
WARNING: Couldn't find tool init file
Test run by root on Tue Nov 27 06:51:32 2018
Native configuration is x86_64-pc-linux-gnu

		=== spanner tests ===

Schedule of variations:
    unix

Running target unix
Using /tools/share/dejagnu/baseboards/unix.exp as board description file for target.
Using /tools/share/dejagnu/config/unix.exp as generic interface file for target.
WARNING: Couldn't find tool config file for unix, using default.
Running ./spanner.test/spanner.exp ...

		=== spanner Summary ===

# of expected passes		1
make[1]: *** [Makefile:288: check-DEJAGNU] Error 1
a.test: exit status: 0
PASS: a.test
b.test: exit status: 23
FAIL: b.test
===================
1 of 2 tests failed
===================
make[1]: *** [Makefile:326: check-TESTS] Error 1
case $CHECKLOCAL_EXIT_STATUS in \
  0) echo 'check-local succeeded :-)';; \
  *) echo 'check-local failed :-(';; \
esac >local.log
exit $CHECKLOCAL_EXIT_STATUS
make[1]: *** [Makefile:710: check-local] Error 1
make[1]: Leaving directory '/sources/automake-1.16.1/t/check12-w.dir'
make: *** [Makefile:585: check-am] Error 2
make: Target 'check' not remade because of errors.
++ :
++ test -f hammer.log
++ test -f hammer.sum
++ test -f spanner.log
++ test -f spanner.sum
++ grep 'FAIL: test_hammer' hammer.sum
FAIL: test_hammer
++ grep FAIL: spanner.sum
++ test xyes '!=' xyes
++ grep 'check-local failed :-(' local.log
check-local failed :-(
++ cd .
++ make distcheck
make  dist-gzip am__post_remove_distdir='@:'
make[1]: Entering directory '/sources/automake-1.16.1/t/check12-w.dir'
make  distdir-am
make[2]: Entering directory '/sources/automake-1.16.1/t/check12-w.dir'
if test -d "check12-w-1.0"; then find "check12-w-1.0" -type d ! -perm -200 -exec chmod u+w {} ';' && rm -rf "check12-w-1.0" || { sleep 5 && rm -rf "check12-w-1.0"; }; else :; fi
test -d "check12-w-1.0" || mkdir "check12-w-1.0"
test -n "" \
|| find "check12-w-1.0" -type d ! -perm -755 \
	-exec chmod u+rwx,go+rx {} \; -o \
  ! -type d ! -perm -444 -links 1 -exec chmod a+r {} \; -o \
  ! -type d ! -perm -400 -exec chmod a+r {} \; -o \
  ! -type d ! -perm -444 -exec /bin/sh /sources/automake-1.16.1/t/check12-w.dir/install-sh -c -m a+r {} {} \; \
|| chmod -R a+r "check12-w-1.0"
make[2]: Leaving directory '/sources/automake-1.16.1/t/check12-w.dir'
tardir=check12-w-1.0 && ${TAR-tar} chof - "$tardir" | eval GZIP= gzip --best -c >check12-w-1.0.tar.gz
make[1]: Leaving directory '/sources/automake-1.16.1/t/check12-w.dir'
if test -d "check12-w-1.0"; then find "check12-w-1.0" -type d ! -perm -200 -exec chmod u+w {} ';' && rm -rf "check12-w-1.0" || { sleep 5 && rm -rf "check12-w-1.0"; }; else :; fi
case 'check12-w-1.0.tar.gz' in \
*.tar.gz*) \
  eval GZIP= gzip --best -dc check12-w-1.0.tar.gz | ${TAR-tar} xf - ;;\
*.tar.bz2*) \
  bzip2 -dc check12-w-1.0.tar.bz2 | ${TAR-tar} xf - ;;\
*.tar.lz*) \
  lzip -dc check12-w-1.0.tar.lz | ${TAR-tar} xf - ;;\
*.tar.xz*) \
  xz -dc check12-w-1.0.tar.xz | ${TAR-tar} xf - ;;\
*.tar.Z*) \
  uncompress -c check12-w-1.0.tar.Z | ${TAR-tar} xf - ;;\
*.shar.gz*) \
  eval GZIP= gzip --best -dc check12-w-1.0.shar.gz | unshar ;;\
*.zip*) \
  unzip check12-w-1.0.zip ;;\
esac
chmod -R a-w check12-w-1.0
chmod u+w check12-w-1.0
mkdir check12-w-1.0/_build check12-w-1.0/_build/sub check12-w-1.0/_inst
chmod a-w check12-w-1.0
test -d check12-w-1.0/_build || exit 0; \
dc_install_base=`CDPATH="${ZSH_VERSION+.}:" && cd check12-w-1.0/_inst && pwd | sed -e 's,^[^:\\/]:[\\/],/,'` \
  && dc_destdir="${TMPDIR-/tmp}/am-dc-$$/" \
  && am__cwd=`pwd` \
  && CDPATH="${ZSH_VERSION+.}:" && cd check12-w-1.0/_build/sub \
  && ../../configure \
     \
     \
    --srcdir=../.. --prefix="$dc_install_base" \
  && make  \
  && make  dvi \
  && make  check \
  && make  install \
  && make  installcheck \
  && make  uninstall \
  && make  distuninstallcheck_dir="$dc_install_base" \
        distuninstallcheck \
  && chmod -R a-w "$dc_install_base" \
  && ({ \
       (cd ../.. && umask 077 && mkdir "$dc_destdir") \
       && make  DESTDIR="$dc_destdir" install \
       && make  DESTDIR="$dc_destdir" uninstall \
       && make  DESTDIR="$dc_destdir" \
            distuninstallcheck_dir="$dc_destdir" distuninstallcheck; \
      } || { rm -rf "$dc_destdir"; exit 1; }) \
  && rm -rf "$dc_destdir" \
  && make  dist \
  && rm -rf check12-w-1.0.tar.gz \
  && make  distcleancheck \
  && cd "$am__cwd" \
  || exit 1
checking for a BSD-compatible install... /usr/bin/install -c
checking whether build environment is sane... yes
checking for a thread-safe mkdir -p... /tools/bin/mkdir -p
checking for gawk... gawk
checking whether make sets $(MAKE)... yes
checking whether make supports nested variables... yes
checking that generated files are newer than configure... done
configure: creating ./config.status
config.status: creating Makefile
make[1]: Entering directory '/sources/automake-1.16.1/t/check12-w.dir/check12-w-1.0/_build/sub'
make[1]: Nothing to be done for 'all'.
make[1]: Leaving directory '/sources/automake-1.16.1/t/check12-w.dir/check12-w-1.0/_build/sub'
make[1]: Entering directory '/sources/automake-1.16.1/t/check12-w.dir/check12-w-1.0/_build/sub'
make[1]: Nothing to be done for 'dvi'.
make[1]: Leaving directory '/sources/automake-1.16.1/t/check12-w.dir/check12-w-1.0/_build/sub'
make[1]: Entering directory '/sources/automake-1.16.1/t/check12-w.dir/check12-w-1.0/_build/sub'
make  check-DEJAGNU check-TESTS check-local
make[2]: Entering directory '/sources/automake-1.16.1/t/check12-w.dir/check12-w-1.0/_build/sub'
Making a new site.exp file ...
srcdir='../..'; export srcdir; \
EXPECT=expect; export EXPECT; \
if /bin/sh -c "runtest --version" > /dev/null 2>&1; then \
  exit_status=0; l='hammer spanner'; for tool in $l; do \
    if runtest --tool $tool --srcdir $srcdir HAMMER=../../hammer SPANNER=../../spanner ; \
    then :; else exit_status=1; fi; \
  done; \
else echo "WARNING: could not find 'runtest'" 1>&2; :;\
fi; \
exit $exit_status
WARNING: Couldn't find the global config file.
WARNING: Couldn't find tool init file
Test run by root on Tue Nov 27 06:51:33 2018
Native configuration is x86_64-pc-linux-gnu

		=== hammer tests ===

Schedule of variations:
    unix

Running target unix
Using /tools/share/dejagnu/baseboards/unix.exp as board description file for target.
Using /tools/share/dejagnu/config/unix.exp as generic interface file for target.
WARNING: Couldn't find tool config file for unix, using default.
Running ../../hammer.test/hammer.exp ...

		=== hammer Summary ===

# of expected passes		1
WARNING: Couldn't find the global config file.
WARNING: Couldn't find tool init file
Test run by root on Tue Nov 27 06:51:33 2018
Native configuration is x86_64-pc-linux-gnu

		=== spanner tests ===

Schedule of variations:
    unix

Running target unix
Using /tools/share/dejagnu/baseboards/unix.exp as board description file for target.
Using /tools/share/dejagnu/config/unix.exp as generic interface file for target.
WARNING: Couldn't find tool config file for unix, using default.
Running ../../spanner.test/spanner.exp ...

		=== spanner Summary ===

# of expected passes		1
a.test: exit status: 0
PASS: a.test
b.test: exit status: 0
PASS: b.test
==================
All 2 tests passed
==================
case $CHECKLOCAL_EXIT_STATUS in \
  0) echo 'check-local succeeded :-)';; \
  *) echo 'check-local failed :-(';; \
esac >local.log
exit $CHECKLOCAL_EXIT_STATUS
make[2]: Leaving directory '/sources/automake-1.16.1/t/check12-w.dir/check12-w-1.0/_build/sub'
make[1]: Leaving directory '/sources/automake-1.16.1/t/check12-w.dir/check12-w-1.0/_build/sub'
make[1]: Entering directory '/sources/automake-1.16.1/t/check12-w.dir/check12-w-1.0/_build/sub'
make[2]: Entering directory '/sources/automake-1.16.1/t/check12-w.dir/check12-w-1.0/_build/sub'
make[2]: Nothing to be done for 'install-exec-am'.
make[2]: Nothing to be done for 'install-data-am'.
make[2]: Leaving directory '/sources/automake-1.16.1/t/check12-w.dir/check12-w-1.0/_build/sub'
make[1]: Leaving directory '/sources/automake-1.16.1/t/check12-w.dir/check12-w-1.0/_build/sub'
make[1]: Entering directory '/sources/automake-1.16.1/t/check12-w.dir/check12-w-1.0/_build/sub'
make[1]: Nothing to be done for 'installcheck'.
make[1]: Leaving directory '/sources/automake-1.16.1/t/check12-w.dir/check12-w-1.0/_build/sub'
make[1]: Entering directory '/sources/automake-1.16.1/t/check12-w.dir/check12-w-1.0/_build/sub'
make[1]: Nothing to be done for 'uninstall'.
make[1]: Leaving directory '/sources/automake-1.16.1/t/check12-w.dir/check12-w-1.0/_build/sub'
make[1]: Entering directory '/sources/automake-1.16.1/t/check12-w.dir/check12-w-1.0/_build/sub'
make[1]: Leaving directory '/sources/automake-1.16.1/t/check12-w.dir/check12-w-1.0/_build/sub'
make[1]: Entering directory '/sources/automake-1.16.1/t/check12-w.dir/check12-w-1.0/_build/sub'
make[2]: Entering directory '/sources/automake-1.16.1/t/check12-w.dir/check12-w-1.0/_build/sub'
make[2]: Nothing to be done for 'install-exec-am'.
make[2]: Nothing to be done for 'install-data-am'.
make[2]: Leaving directory '/sources/automake-1.16.1/t/check12-w.dir/check12-w-1.0/_build/sub'
make[1]: Leaving directory '/sources/automake-1.16.1/t/check12-w.dir/check12-w-1.0/_build/sub'
make[1]: Entering directory '/sources/automake-1.16.1/t/check12-w.dir/check12-w-1.0/_build/sub'
make[1]: Nothing to be done for 'uninstall'.
make[1]: Leaving directory '/sources/automake-1.16.1/t/check12-w.dir/check12-w-1.0/_build/sub'
make[1]: Entering directory '/sources/automake-1.16.1/t/check12-w.dir/check12-w-1.0/_build/sub'
make[1]: Leaving directory '/sources/automake-1.16.1/t/check12-w.dir/check12-w-1.0/_build/sub'
make[1]: Entering directory '/sources/automake-1.16.1/t/check12-w.dir/check12-w-1.0/_build/sub'
make  dist-gzip am__post_remove_distdir='@:'
make[2]: Entering directory '/sources/automake-1.16.1/t/check12-w.dir/check12-w-1.0/_build/sub'
make  distdir-am
make[3]: Entering directory '/sources/automake-1.16.1/t/check12-w.dir/check12-w-1.0/_build/sub'
if test -d "check12-w-1.0"; then find "check12-w-1.0" -type d ! -perm -200 -exec chmod u+w {} ';' && rm -rf "check12-w-1.0" || { sleep 5 && rm -rf "check12-w-1.0"; }; else :; fi
test -d "check12-w-1.0" || mkdir "check12-w-1.0"
test -n "" \
|| find "check12-w-1.0" -type d ! -perm -755 \
	-exec chmod u+rwx,go+rx {} \; -o \
  ! -type d ! -perm -444 -links 1 -exec chmod a+r {} \; -o \
  ! -type d ! -perm -400 -exec chmod a+r {} \; -o \
  ! -type d ! -perm -444 -exec /bin/sh /sources/automake-1.16.1/t/check12-w.dir/check12-w-1.0/install-sh -c -m a+r {} {} \; \
|| chmod -R a+r "check12-w-1.0"
make[3]: Leaving directory '/sources/automake-1.16.1/t/check12-w.dir/check12-w-1.0/_build/sub'
tardir=check12-w-1.0 && ${TAR-tar} chof - "$tardir" | eval GZIP= gzip --best -c >check12-w-1.0.tar.gz
make[2]: Leaving directory '/sources/automake-1.16.1/t/check12-w.dir/check12-w-1.0/_build/sub'
if test -d "check12-w-1.0"; then find "check12-w-1.0" -type d ! -perm -200 -exec chmod u+w {} ';' && rm -rf "check12-w-1.0" || { sleep 5 && rm -rf "check12-w-1.0"; }; else :; fi
make[1]: Leaving directory '/sources/automake-1.16.1/t/check12-w.dir/check12-w-1.0/_build/sub'
make[1]: Entering directory '/sources/automake-1.16.1/t/check12-w.dir/check12-w-1.0/_build/sub'
test -z "local.log" || rm -f local.log
rm -f site.exp site.bak
l='hammer spanner'; for tool in $l; do \
  rm -f $tool.sum $tool.log; \
done
test -z "" || rm -f 
test . = "../.." || test -z "" || rm -f 
rm -f config.status config.cache config.log configure.lineno config.status.lineno
rm -f Makefile
make[1]: Leaving directory '/sources/automake-1.16.1/t/check12-w.dir/check12-w-1.0/_build/sub'
if test -d "check12-w-1.0"; then find "check12-w-1.0" -type d ! -perm -200 -exec chmod u+w {} ';' && rm -rf "check12-w-1.0" || { sleep 5 && rm -rf "check12-w-1.0"; }; else :; fi
===============================================
check12-w-1.0 archives ready for distribution: 
check12-w-1.0.tar.gz
===============================================
++ :
+ _am_exit 0
+ set +e
+ test 77 = 0
+ exit 0
+ exit 0
+ am_exit_trap 0
+ exit_status=0
+ set +e
+ cd /sources/automake-1.16.1
+ test none = tap
+ case $am_explicit_skips in
+ test 0 -eq 0
+ am_keeping_testdirs
+ case $keep_testdirs in
+ return 1
+ rm_rf_ t/check12-w.dir
+ test 1 -gt 0
+ /usr/bin/perl /sources/automake-1.16.1/t/ax/deltree.pl t/check12-w.dir
+ set +x
PASS t/check12-w.sh (exit status: 0)
