Running from installcheck: no
Test Protocol: none
PATH = /sources/automake-1.16.1/bin:/sources/automake-1.16.1/t/ax:/bin:/usr/bin:/sbin:/usr/sbin:/tools/bin
++ pwd
/sources/automake-1.16.1/t/check-concurrency-bug9245.dir
+ cat
+ cat
+ cat
+ chmod a+x foo.test
+ cp foo.test bar.test
+ aclocal-1.16 -Werror
+ autoconf
+ automake-1.16 --foreign -Werror -Wall -a
parallel-tests: installing './test-driver'
+ ./configure
checking for a BSD-compatible install... /usr/bin/install -c
checking whether build environment is sane... yes
checking for a thread-safe mkdir -p... /tools/bin/mkdir -p
checking for gawk... gawk
checking whether make sets $(MAKE)... yes
checking whether make supports nested variables... yes
checking that generated files are newer than configure... done
configure: creating ./config.status
config.status: creating Makefile
+ make -j1
make: Nothing to be done for 'all'.
+ for j in '' -j1 -j2
+ make check
make  check-TESTS
make[1]: Entering directory '/sources/automake-1.16.1/t/check-concurrency-bug9245.dir'
make[2]: Entering directory '/sources/automake-1.16.1/t/check-concurrency-bug9245.dir'
FAIL: foo.test
FAIL: bar.test
============================================================================
Testsuite summary for check-concurrency-bug9245 1.0
============================================================================
# TOTAL: 2
# PASS:  0
# SKIP:  0
# XFAIL: 0
# FAIL:  2
# XPASS: 0
# ERROR: 0
============================================================================
See ./test-suite.log
============================================================================
make[2]: *** [Makefile:474: test-suite.log] Error 1
make[2]: Leaving directory '/sources/automake-1.16.1/t/check-concurrency-bug9245.dir'
make[1]: *** [Makefile:582: check-TESTS] Error 2
make[1]: Leaving directory '/sources/automake-1.16.1/t/check-concurrency-bug9245.dir'
make: *** [Makefile:774: check-am] Error 2
+ run_make -e FAIL -- TESTS=foo.test check
+ am__make_redirect_stdout=no
+ am__make_redirect_stderr=no
+ am__make_redirect_stdall=no
+ am__make_flags=
+ am__make_rc_exp=0
+ am_make_rc=0
+ test 5 -gt 0
+ case $1 in
+ am__make_rc_exp=FAIL
+ shift
+ shift
+ test 3 -gt 0
+ case $1 in
+ shift
+ break
+ using_gmake
+ case $am__using_gmake in
+ make --version -v
+ grep GNU
GNU Make 4.2.1
License GPLv3+: GNU GPL version 3 or later <http://gnu.org/licenses/gpl.html>
+ am__using_gmake=yes
+ return 0
+ :
+ test x '!=' x
+ : exec make TESTS=foo.test check
+ set +x
make  check-TESTS
make[1]: Entering directory '/sources/automake-1.16.1/t/check-concurrency-bug9245.dir'
make[2]: Entering directory '/sources/automake-1.16.1/t/check-concurrency-bug9245.dir'
FAIL: foo.test
============================================================================
Testsuite summary for check-concurrency-bug9245 1.0
============================================================================
# TOTAL: 1
# PASS:  0
# SKIP:  0
# XFAIL: 0
# FAIL:  1
# XPASS: 0
# ERROR: 0
============================================================================
See ./test-suite.log
============================================================================
make[2]: *** [Makefile:474: test-suite.log] Error 1
make[2]: Leaving directory '/sources/automake-1.16.1/t/check-concurrency-bug9245.dir'
make[1]: *** [Makefile:582: check-TESTS] Error 2
make[1]: Leaving directory '/sources/automake-1.16.1/t/check-concurrency-bug9245.dir'
make: *** [Makefile:774: check-am] Error 2
+ am_make_rc=2
+ test 2 -eq 253
+ test no = yes
+ test no = yes
+ test no = yes
+ case $am__make_rc_exp in
+ test 2 -gt 0
+ make recheck
make[1]: Entering directory '/sources/automake-1.16.1/t/check-concurrency-bug9245.dir'
FAIL: foo.test
FAIL: bar.test
============================================================================
Testsuite summary for check-concurrency-bug9245 1.0
============================================================================
# TOTAL: 2
# PASS:  0
# SKIP:  0
# XFAIL: 0
# FAIL:  2
# XPASS: 0
# ERROR: 0
============================================================================
See ./test-suite.log
============================================================================
make[1]: *** [Makefile:474: test-suite.log] Error 1
make[1]: Leaving directory '/sources/automake-1.16.1/t/check-concurrency-bug9245.dir'
make: *** [Makefile:590: recheck] Error 2
+ run_make -e FAIL -- TEST_LOGS=foo.log check
+ am__make_redirect_stdout=no
+ am__make_redirect_stderr=no
+ am__make_redirect_stdall=no
+ am__make_flags=
+ am__make_rc_exp=0
+ am_make_rc=0
+ test 5 -gt 0
+ case $1 in
+ am__make_rc_exp=FAIL
+ shift
+ shift
+ test 3 -gt 0
+ case $1 in
+ shift
+ break
+ using_gmake
+ case $am__using_gmake in
+ return 0
+ :
+ test x '!=' x
+ : exec make TEST_LOGS=foo.log check
+ set +x
make  check-TESTS
make[1]: Entering directory '/sources/automake-1.16.1/t/check-concurrency-bug9245.dir'
make[2]: Entering directory '/sources/automake-1.16.1/t/check-concurrency-bug9245.dir'
FAIL: foo.test
============================================================================
Testsuite summary for check-concurrency-bug9245 1.0
============================================================================
# TOTAL: 1
# PASS:  0
# SKIP:  0
# XFAIL: 0
# FAIL:  1
# XPASS: 0
# ERROR: 0
============================================================================
See ./test-suite.log
============================================================================
make[2]: *** [Makefile:474: test-suite.log] Error 1
make[2]: Leaving directory '/sources/automake-1.16.1/t/check-concurrency-bug9245.dir'
make[1]: *** [Makefile:582: check-TESTS] Error 2
make[1]: Leaving directory '/sources/automake-1.16.1/t/check-concurrency-bug9245.dir'
make: *** [Makefile:774: check-am] Error 2
+ am_make_rc=2
+ test 2 -eq 253
+ test no = yes
+ test no = yes
+ test no = yes
+ case $am__make_rc_exp in
+ test 2 -gt 0
+ rm -f test-suite.log
+ run_make -e FAIL test-suite.log
+ am__make_redirect_stdout=no
+ am__make_redirect_stderr=no
+ am__make_redirect_stdall=no
+ am__make_flags=
+ am__make_rc_exp=0
+ am_make_rc=0
+ test 3 -gt 0
+ case $1 in
+ am__make_rc_exp=FAIL
+ shift
+ shift
+ test 1 -gt 0
+ case $1 in
+ break
+ using_gmake
+ case $am__using_gmake in
+ return 0
+ :
+ test x '!=' x
+ : exec make test-suite.log
+ set +x
============================================================================
Testsuite summary for check-concurrency-bug9245 1.0
============================================================================
# TOTAL: 2
# PASS:  0
# SKIP:  0
# XFAIL: 0
# FAIL:  2
# XPASS: 0
# ERROR: 0
============================================================================
See ./test-suite.log
============================================================================
make: *** [Makefile:474: test-suite.log] Error 1
+ am_make_rc=2
+ test 2 -eq 253
+ test no = yes
+ test no = yes
+ test no = yes
+ case $am__make_rc_exp in
+ test 2 -gt 0
+ test -f test-suite.log
+ for j in '' -j1 -j2
+ make -j1 check
make  check-TESTS
make[1]: Entering directory '/sources/automake-1.16.1/t/check-concurrency-bug9245.dir'
make[2]: Entering directory '/sources/automake-1.16.1/t/check-concurrency-bug9245.dir'
FAIL: foo.test
FAIL: bar.test
============================================================================
Testsuite summary for check-concurrency-bug9245 1.0
============================================================================
# TOTAL: 2
# PASS:  0
# SKIP:  0
# XFAIL: 0
# FAIL:  2
# XPASS: 0
# ERROR: 0
============================================================================
See ./test-suite.log
============================================================================
make[2]: *** [Makefile:474: test-suite.log] Error 1
make[2]: Leaving directory '/sources/automake-1.16.1/t/check-concurrency-bug9245.dir'
make[1]: *** [Makefile:582: check-TESTS] Error 2
make[1]: Leaving directory '/sources/automake-1.16.1/t/check-concurrency-bug9245.dir'
make: *** [Makefile:774: check-am] Error 2
+ run_make -e FAIL -- -j1 TESTS=foo.test check
+ am__make_redirect_stdout=no
+ am__make_redirect_stderr=no
+ am__make_redirect_stdall=no
+ am__make_flags=
+ am__make_rc_exp=0
+ am_make_rc=0
+ test 6 -gt 0
+ case $1 in
+ am__make_rc_exp=FAIL
+ shift
+ shift
+ test 4 -gt 0
+ case $1 in
+ shift
+ break
+ using_gmake
+ case $am__using_gmake in
+ return 0
+ :
+ test x '!=' x
+ : exec make -j1 TESTS=foo.test check
+ set +x
make  check-TESTS
make[1]: Entering directory '/sources/automake-1.16.1/t/check-concurrency-bug9245.dir'
make[2]: Entering directory '/sources/automake-1.16.1/t/check-concurrency-bug9245.dir'
FAIL: foo.test
============================================================================
Testsuite summary for check-concurrency-bug9245 1.0
============================================================================
# TOTAL: 1
# PASS:  0
# SKIP:  0
# XFAIL: 0
# FAIL:  1
# XPASS: 0
# ERROR: 0
============================================================================
See ./test-suite.log
============================================================================
make[2]: *** [Makefile:474: test-suite.log] Error 1
make[2]: Leaving directory '/sources/automake-1.16.1/t/check-concurrency-bug9245.dir'
make[1]: *** [Makefile:582: check-TESTS] Error 2
make[1]: Leaving directory '/sources/automake-1.16.1/t/check-concurrency-bug9245.dir'
make: *** [Makefile:774: check-am] Error 2
+ am_make_rc=2
+ test 2 -eq 253
+ test no = yes
+ test no = yes
+ test no = yes
+ case $am__make_rc_exp in
+ test 2 -gt 0
+ make -j1 recheck
make[1]: Entering directory '/sources/automake-1.16.1/t/check-concurrency-bug9245.dir'
FAIL: foo.test
FAIL: bar.test
============================================================================
Testsuite summary for check-concurrency-bug9245 1.0
============================================================================
# TOTAL: 2
# PASS:  0
# SKIP:  0
# XFAIL: 0
# FAIL:  2
# XPASS: 0
# ERROR: 0
============================================================================
See ./test-suite.log
============================================================================
make[1]: *** [Makefile:474: test-suite.log] Error 1
make[1]: Leaving directory '/sources/automake-1.16.1/t/check-concurrency-bug9245.dir'
make: *** [Makefile:590: recheck] Error 2
+ run_make -e FAIL -- -j1 TEST_LOGS=foo.log check
+ am__make_redirect_stdout=no
+ am__make_redirect_stderr=no
+ am__make_redirect_stdall=no
+ am__make_flags=
+ am__make_rc_exp=0
+ am_make_rc=0
+ test 6 -gt 0
+ case $1 in
+ am__make_rc_exp=FAIL
+ shift
+ shift
+ test 4 -gt 0
+ case $1 in
+ shift
+ break
+ using_gmake
+ case $am__using_gmake in
+ return 0
+ :
+ test x '!=' x
+ : exec make -j1 TEST_LOGS=foo.log check
+ set +x
make  check-TESTS
make[1]: Entering directory '/sources/automake-1.16.1/t/check-concurrency-bug9245.dir'
make[2]: Entering directory '/sources/automake-1.16.1/t/check-concurrency-bug9245.dir'
FAIL: foo.test
============================================================================
Testsuite summary for check-concurrency-bug9245 1.0
============================================================================
# TOTAL: 1
# PASS:  0
# SKIP:  0
# XFAIL: 0
# FAIL:  1
# XPASS: 0
# ERROR: 0
============================================================================
See ./test-suite.log
============================================================================
make[2]: *** [Makefile:474: test-suite.log] Error 1
make[2]: Leaving directory '/sources/automake-1.16.1/t/check-concurrency-bug9245.dir'
make[1]: *** [Makefile:582: check-TESTS] Error 2
make[1]: Leaving directory '/sources/automake-1.16.1/t/check-concurrency-bug9245.dir'
make: *** [Makefile:774: check-am] Error 2
+ am_make_rc=2
+ test 2 -eq 253
+ test no = yes
+ test no = yes
+ test no = yes
+ case $am__make_rc_exp in
+ test 2 -gt 0
+ rm -f test-suite.log
+ run_make -e FAIL -j1 test-suite.log
+ am__make_redirect_stdout=no
+ am__make_redirect_stderr=no
+ am__make_redirect_stdall=no
+ am__make_flags=
+ am__make_rc_exp=0
+ am_make_rc=0
+ test 4 -gt 0
+ case $1 in
+ am__make_rc_exp=FAIL
+ shift
+ shift
+ test 2 -gt 0
+ case $1 in
+ break
+ using_gmake
+ case $am__using_gmake in
+ return 0
+ :
+ test x '!=' x
+ : exec make -j1 test-suite.log
+ set +x
============================================================================
Testsuite summary for check-concurrency-bug9245 1.0
============================================================================
# TOTAL: 2
# PASS:  0
# SKIP:  0
# XFAIL: 0
# FAIL:  2
# XPASS: 0
# ERROR: 0
============================================================================
See ./test-suite.log
============================================================================
make: *** [Makefile:474: test-suite.log] Error 1
+ am_make_rc=2
+ test 2 -eq 253
+ test no = yes
+ test no = yes
+ test no = yes
+ case $am__make_rc_exp in
+ test 2 -gt 0
+ test -f test-suite.log
+ for j in '' -j1 -j2
+ make -j2 check
make  check-TESTS
make[1]: Entering directory '/sources/automake-1.16.1/t/check-concurrency-bug9245.dir'
make[2]: Entering directory '/sources/automake-1.16.1/t/check-concurrency-bug9245.dir'
FAIL: foo.test
FAIL: bar.test
============================================================================
Testsuite summary for check-concurrency-bug9245 1.0
============================================================================
# TOTAL: 2
# PASS:  0
# SKIP:  0
# XFAIL: 0
# FAIL:  2
# XPASS: 0
# ERROR: 0
============================================================================
See ./test-suite.log
============================================================================
make[2]: *** [Makefile:474: test-suite.log] Error 1
make[2]: Leaving directory '/sources/automake-1.16.1/t/check-concurrency-bug9245.dir'
make[1]: *** [Makefile:582: check-TESTS] Error 2
make[1]: Leaving directory '/sources/automake-1.16.1/t/check-concurrency-bug9245.dir'
make: *** [Makefile:774: check-am] Error 2
+ run_make -e FAIL -- -j2 TESTS=foo.test check
+ am__make_redirect_stdout=no
+ am__make_redirect_stderr=no
+ am__make_redirect_stdall=no
+ am__make_flags=
+ am__make_rc_exp=0
+ am_make_rc=0
+ test 6 -gt 0
+ case $1 in
+ am__make_rc_exp=FAIL
+ shift
+ shift
+ test 4 -gt 0
+ case $1 in
+ shift
+ break
+ using_gmake
+ case $am__using_gmake in
+ return 0
+ :
+ test x '!=' x
+ : exec make -j2 TESTS=foo.test check
+ set +x
make  check-TESTS
make[1]: Entering directory '/sources/automake-1.16.1/t/check-concurrency-bug9245.dir'
make[2]: Entering directory '/sources/automake-1.16.1/t/check-concurrency-bug9245.dir'
FAIL: foo.test
============================================================================
Testsuite summary for check-concurrency-bug9245 1.0
============================================================================
# TOTAL: 1
# PASS:  0
# SKIP:  0
# XFAIL: 0
# FAIL:  1
# XPASS: 0
# ERROR: 0
============================================================================
See ./test-suite.log
============================================================================
make[2]: *** [Makefile:474: test-suite.log] Error 1
make[2]: Leaving directory '/sources/automake-1.16.1/t/check-concurrency-bug9245.dir'
make[1]: *** [Makefile:582: check-TESTS] Error 2
make[1]: Leaving directory '/sources/automake-1.16.1/t/check-concurrency-bug9245.dir'
make: *** [Makefile:774: check-am] Error 2
+ am_make_rc=2
+ test 2 -eq 253
+ test no = yes
+ test no = yes
+ test no = yes
+ case $am__make_rc_exp in
+ test 2 -gt 0
+ make -j2 recheck
make[1]: Entering directory '/sources/automake-1.16.1/t/check-concurrency-bug9245.dir'
FAIL: foo.test
FAIL: bar.test
============================================================================
Testsuite summary for check-concurrency-bug9245 1.0
============================================================================
# TOTAL: 2
# PASS:  0
# SKIP:  0
# XFAIL: 0
# FAIL:  2
# XPASS: 0
# ERROR: 0
============================================================================
See ./test-suite.log
============================================================================
make[1]: *** [Makefile:474: test-suite.log] Error 1
make[1]: Leaving directory '/sources/automake-1.16.1/t/check-concurrency-bug9245.dir'
make: *** [Makefile:590: recheck] Error 2
+ run_make -e FAIL -- -j2 TEST_LOGS=foo.log check
+ am__make_redirect_stdout=no
+ am__make_redirect_stderr=no
+ am__make_redirect_stdall=no
+ am__make_flags=
+ am__make_rc_exp=0
+ am_make_rc=0
+ test 6 -gt 0
+ case $1 in
+ am__make_rc_exp=FAIL
+ shift
+ shift
+ test 4 -gt 0
+ case $1 in
+ shift
+ break
+ using_gmake
+ case $am__using_gmake in
+ return 0
+ :
+ test x '!=' x
+ : exec make -j2 TEST_LOGS=foo.log check
+ set +x
make  check-TESTS
make[1]: Entering directory '/sources/automake-1.16.1/t/check-concurrency-bug9245.dir'
make[2]: Entering directory '/sources/automake-1.16.1/t/check-concurrency-bug9245.dir'
FAIL: foo.test
============================================================================
Testsuite summary for check-concurrency-bug9245 1.0
============================================================================
# TOTAL: 1
# PASS:  0
# SKIP:  0
# XFAIL: 0
# FAIL:  1
# XPASS: 0
# ERROR: 0
============================================================================
See ./test-suite.log
============================================================================
make[2]: *** [Makefile:474: test-suite.log] Error 1
make[2]: Leaving directory '/sources/automake-1.16.1/t/check-concurrency-bug9245.dir'
make[1]: *** [Makefile:582: check-TESTS] Error 2
make[1]: Leaving directory '/sources/automake-1.16.1/t/check-concurrency-bug9245.dir'
make: *** [Makefile:774: check-am] Error 2
+ am_make_rc=2
+ test 2 -eq 253
+ test no = yes
+ test no = yes
+ test no = yes
+ case $am__make_rc_exp in
+ test 2 -gt 0
+ rm -f test-suite.log
+ run_make -e FAIL -j2 test-suite.log
+ am__make_redirect_stdout=no
+ am__make_redirect_stderr=no
+ am__make_redirect_stdall=no
+ am__make_flags=
+ am__make_rc_exp=0
+ am_make_rc=0
+ test 4 -gt 0
+ case $1 in
+ am__make_rc_exp=FAIL
+ shift
+ shift
+ test 2 -gt 0
+ case $1 in
+ break
+ using_gmake
+ case $am__using_gmake in
+ return 0
+ :
+ test x '!=' x
+ : exec make -j2 test-suite.log
+ set +x
============================================================================
Testsuite summary for check-concurrency-bug9245 1.0
============================================================================
# TOTAL: 2
# PASS:  0
# SKIP:  0
# XFAIL: 0
# FAIL:  2
# XPASS: 0
# ERROR: 0
============================================================================
See ./test-suite.log
============================================================================
make: *** [Makefile:474: test-suite.log] Error 1
+ am_make_rc=2
+ test 2 -eq 253
+ test no = yes
+ test no = yes
+ test no = yes
+ case $am__make_rc_exp in
+ test 2 -gt 0
+ test -f test-suite.log
+ :
+ am_exit_trap 0
+ exit_status=0
+ set +e
+ cd /sources/automake-1.16.1
+ test none = tap
+ case $am_explicit_skips in
+ test 0 -eq 0
+ am_keeping_testdirs
+ case $keep_testdirs in
+ return 1
+ rm_rf_ t/check-concurrency-bug9245.dir
+ test 1 -gt 0
+ /usr/bin/perl /sources/automake-1.16.1/t/ax/deltree.pl t/check-concurrency-bug9245.dir
+ set +x
PASS t/check-concurrency-bug9245.sh (exit status: 0)
