Running from installcheck: no
Test Protocol: none
PATH = /sources/automake-1.16.1/bin:/sources/automake-1.16.1/t/ax:/bin:/usr/bin:/sbin:/usr/sbin:/tools/bin
++ pwd
/sources/automake-1.16.1/t/color-tests2.dir
+ red='\[0;31m'
+ grn='\[0;32m'
+ lgn='\[1;32m'
+ blu='\[1;34m'
+ mgn='\[0;35m'
+ std='\[m'
+ set +e
+ expect -c 'exit 77'
+ test 77 -eq 77
+ cat
+ cat
+ MAKE=make
+ expect -f expect-check
spawn make
stdout is a tty
+ rm -f expect-check Makefile
+ cat
+ cat
+ cat
+ cat
+ cat
+ cat
+ cp fail xfail
+ cp pass xpass
+ chmod +x pass fail skip xpass xfail error
+ aclocal-1.16 -Werror
+ autoconf
+ automake-1.16 --foreign -Werror -Wall --add-missing
parallel-tests: installing './test-driver'
+ cat
+ for vpath in false :
+ false
+ srcdir=.
+ ./configure
checking for a BSD-compatible install... /usr/bin/install -c
checking whether build environment is sane... yes
checking for a thread-safe mkdir -p... /tools/bin/mkdir -p
checking for gawk... gawk
checking whether make sets $(MAKE)... yes
checking whether make supports nested variables... yes
checking that generated files are newer than configure... done
configure: creating ./config.status
config.status: creating Makefile
+ our_make TERM=ansi
+ set MAKE=make TERM=ansi
+ env MAKE=make TERM=ansi expect -f ./expect-make
+ cat stdout
spawn make -e check
make  pass fail skip xpass xfail error
make[1]: Entering directory '/sources/automake-1.16.1/t/color-tests2.dir'
make[1]: Nothing to be done for 'pass'.
make[1]: Nothing to be done for 'fail'.
make[1]: Nothing to be done for 'skip'.
make[1]: Nothing to be done for 'xpass'.
make[1]: Nothing to be done for 'xfail'.
make[1]: Nothing to be done for 'error'.
make[1]: Leaving directory '/sources/automake-1.16.1/t/color-tests2.dir'
make  check-TESTS
make[1]: Entering directory '/sources/automake-1.16.1/t/color-tests2.dir'
make[2]: Entering directory '/sources/automake-1.16.1/t/color-tests2.dir'
[0;32mPASS[m: pass
[0;31mFAIL[m: fail
[1;34mSKIP[m: skip
[0;31mXPASS[m: xpass
[1;32mXFAIL[m: xfail
[0;35mERROR[m: error
[0;31m============================================================================[m
[0;31mTestsuite summary for color-tests2 1.0[m
[0;31m============================================================================[m
[1m# TOTAL: 6[m
[0;32m# PASS:  1[m
[1;34m# SKIP:  1[m
[1;32m# XFAIL: 1[m
[0;31m# FAIL:  1[m
[0;31m# XPASS: 1[m
[0;35m# ERROR: 1[m
[0;31m============================================================================[m
[0;31mSee ./test-suite.log[m
[0;31m============================================================================[m
make[2]: *** [Makefile:479: test-suite.log] Error 1
make[2]: Leaving directory '/sources/automake-1.16.1/t/color-tests2.dir'
make[1]: *** [Makefile:587: check-TESTS] Error 2
make[1]: Leaving directory '/sources/automake-1.16.1/t/color-tests2.dir'
make: *** [Makefile:822: check-am] Error 2
+ test_color
+ cat stdout
+ grep '^\[0;32mPASS\[m: .*pass'
[0;32mPASS[m: pass
+ cat stdout
+ grep '^\[0;31mFAIL\[m: .*fail'
[0;31mFAIL[m: fail
+ cat stdout
+ grep '^\[1;34mSKIP\[m: .*skip'
[1;34mSKIP[m: skip
+ cat stdout
+ grep '^\[1;32mXFAIL\[m: .*xfail'
[1;32mXFAIL[m: xfail
+ cat stdout
+ grep '^\[0;31mXPASS\[m: .*xpass'
[0;31mXPASS[m: xpass
+ test x = xyes
+ cat stdout
+ grep '^\[0;35mERROR\[m: .*error'
[0;35mERROR[m: error
+ :
+ our_make TERM=dumb
+ set MAKE=make TERM=dumb
+ env MAKE=make TERM=dumb expect -f ./expect-make
+ cat stdout
spawn make -e check
make  pass fail skip xpass xfail error
make[1]: Entering directory '/sources/automake-1.16.1/t/color-tests2.dir'
make[1]: Nothing to be done for 'pass'.
make[1]: Nothing to be done for 'fail'.
make[1]: Nothing to be done for 'skip'.
make[1]: Nothing to be done for 'xpass'.
make[1]: Nothing to be done for 'xfail'.
make[1]: Nothing to be done for 'error'.
make[1]: Leaving directory '/sources/automake-1.16.1/t/color-tests2.dir'
make  check-TESTS
make[1]: Entering directory '/sources/automake-1.16.1/t/color-tests2.dir'
make[2]: Entering directory '/sources/automake-1.16.1/t/color-tests2.dir'
PASS: pass
FAIL: fail
SKIP: skip
XPASS: xpass
XFAIL: xfail
ERROR: error
============================================================================
Testsuite summary for color-tests2 1.0
============================================================================
# TOTAL: 6
# PASS:  1
# SKIP:  1
# XFAIL: 1
# FAIL:  1
# XPASS: 1
# ERROR: 1
============================================================================
See ./test-suite.log
============================================================================
make[2]: *** [Makefile:479: test-suite.log] Error 1
make[2]: Leaving directory '/sources/automake-1.16.1/t/color-tests2.dir'
make[1]: *** [Makefile:587: check-TESTS] Error 2
make[1]: Leaving directory '/sources/automake-1.16.1/t/color-tests2.dir'
make: *** [Makefile:822: check-am] Error 2
+ test_no_color
+ /bin/grep -F '= Xalways; then' stdout
+ cat stdout
+ grep $'\E'
+ : For shells with broken 'set -e'
+ our_make AM_COLOR_TESTS=no
+ set MAKE=make AM_COLOR_TESTS=no
+ env MAKE=make AM_COLOR_TESTS=no expect -f ./expect-make
+ cat stdout
spawn make -e check
make  pass fail skip xpass xfail error
make[1]: Entering directory '/sources/automake-1.16.1/t/color-tests2.dir'
make[1]: Nothing to be done for 'pass'.
make[1]: Nothing to be done for 'fail'.
make[1]: Nothing to be done for 'skip'.
make[1]: Nothing to be done for 'xpass'.
make[1]: Nothing to be done for 'xfail'.
make[1]: Nothing to be done for 'error'.
make[1]: Leaving directory '/sources/automake-1.16.1/t/color-tests2.dir'
make  check-TESTS
make[1]: Entering directory '/sources/automake-1.16.1/t/color-tests2.dir'
make[2]: Entering directory '/sources/automake-1.16.1/t/color-tests2.dir'
PASS: pass
FAIL: fail
SKIP: skip
XPASS: xpass
XFAIL: xfail
ERROR: error
============================================================================
Testsuite summary for color-tests2 1.0
============================================================================
# TOTAL: 6
# PASS:  1
# SKIP:  1
# XFAIL: 1
# FAIL:  1
# XPASS: 1
# ERROR: 1
============================================================================
See ./test-suite.log
============================================================================
make[2]: *** [Makefile:479: test-suite.log] Error 1
make[2]: Leaving directory '/sources/automake-1.16.1/t/color-tests2.dir'
make[1]: *** [Makefile:587: check-TESTS] Error 2
make[1]: Leaving directory '/sources/automake-1.16.1/t/color-tests2.dir'
make: *** [Makefile:822: check-am] Error 2
+ test_no_color
+ /bin/grep -F '= Xalways; then' stdout
+ cat stdout
+ grep $'\E'
+ : For shells with broken 'set -e'
+ ./configure testsuite_colorized=false
checking for a BSD-compatible install... /usr/bin/install -c
checking whether build environment is sane... yes
checking for a thread-safe mkdir -p... /tools/bin/mkdir -p
checking for gawk... gawk
checking whether make sets $(MAKE)... yes
checking whether make supports nested variables... yes
checking that generated files are newer than configure... done
configure: creating ./config.status
config.status: creating Makefile
+ our_make TERM=ansi
+ set MAKE=make TERM=ansi
+ env MAKE=make TERM=ansi expect -f ./expect-make
+ cat stdout
spawn make -e check
make  pass fail skip xpass xfail error
make[1]: Entering directory '/sources/automake-1.16.1/t/color-tests2.dir'
make[1]: Nothing to be done for 'pass'.
make[1]: Nothing to be done for 'fail'.
make[1]: Nothing to be done for 'skip'.
make[1]: Nothing to be done for 'xpass'.
make[1]: Nothing to be done for 'xfail'.
make[1]: Nothing to be done for 'error'.
make[1]: Leaving directory '/sources/automake-1.16.1/t/color-tests2.dir'
make  check-TESTS
make[1]: Entering directory '/sources/automake-1.16.1/t/color-tests2.dir'
make[2]: Entering directory '/sources/automake-1.16.1/t/color-tests2.dir'
PASS: pass
FAIL: fail
SKIP: skip
XPASS: xpass
XFAIL: xfail
ERROR: error
============================================================================
Testsuite summary for color-tests2 1.0
============================================================================
# TOTAL: 6
# PASS:  1
# SKIP:  1
# XFAIL: 1
# FAIL:  1
# XPASS: 1
# ERROR: 1
============================================================================
See ./test-suite.log
============================================================================
make[2]: *** [Makefile:479: test-suite.log] Error 1
make[2]: Leaving directory '/sources/automake-1.16.1/t/color-tests2.dir'
make[1]: *** [Makefile:587: check-TESTS] Error 2
make[1]: Leaving directory '/sources/automake-1.16.1/t/color-tests2.dir'
make: *** [Makefile:822: check-am] Error 2
+ test_no_color
+ /bin/grep -F '= Xalways; then' stdout
+ cat stdout
+ grep $'\E'
+ : For shells with broken 'set -e'
+ our_make TERM=ansi 'MAKE=env AM_COLOR_TESTS=always make'
+ set MAKE=make TERM=ansi 'MAKE=env AM_COLOR_TESTS=always make'
+ env MAKE=make TERM=ansi 'MAKE=env AM_COLOR_TESTS=always make' expect -f ./expect-make
+ cat stdout
spawn env AM_COLOR_TESTS=always make -e check
env AM_COLOR_TESTS=always make  pass fail skip xpass xfail error
make[1]: Entering directory '/sources/automake-1.16.1/t/color-tests2.dir'
make[1]: Nothing to be done for 'pass'.
make[1]: Nothing to be done for 'fail'.
make[1]: Nothing to be done for 'skip'.
make[1]: Nothing to be done for 'xpass'.
make[1]: Nothing to be done for 'xfail'.
make[1]: Nothing to be done for 'error'.
make[1]: Leaving directory '/sources/automake-1.16.1/t/color-tests2.dir'
env AM_COLOR_TESTS=always make  check-TESTS
make[1]: Entering directory '/sources/automake-1.16.1/t/color-tests2.dir'
make[2]: Entering directory '/sources/automake-1.16.1/t/color-tests2.dir'
[0;32mPASS[m: pass
[0;31mFAIL[m: fail
[1;34mSKIP[m: skip
[0;31mXPASS[m: xpass
[1;32mXFAIL[m: xfail
[0;35mERROR[m: error
[0;31m============================================================================[m
[0;31mTestsuite summary for color-tests2 1.0[m
[0;31m============================================================================[m
[1m# TOTAL: 6[m
[0;32m# PASS:  1[m
[1;34m# SKIP:  1[m
[1;32m# XFAIL: 1[m
[0;31m# FAIL:  1[m
[0;31m# XPASS: 1[m
[0;35m# ERROR: 1[m
[0;31m============================================================================[m
[0;31mSee ./test-suite.log[m
[0;31m============================================================================[m
make[2]: *** [Makefile:479: test-suite.log] Error 1
make[2]: Leaving directory '/sources/automake-1.16.1/t/color-tests2.dir'
make[1]: *** [Makefile:587: check-TESTS] Error 2
make[1]: Leaving directory '/sources/automake-1.16.1/t/color-tests2.dir'
make: *** [Makefile:822: check-am] Error 2
+ test_color
+ cat stdout
+ grep '^\[0;32mPASS\[m: .*pass'
[0;32mPASS[m: pass
+ cat stdout
+ grep '^\[0;31mFAIL\[m: .*fail'
[0;31mFAIL[m: fail
+ cat stdout
+ grep '^\[1;34mSKIP\[m: .*skip'
[1;34mSKIP[m: skip
+ cat stdout
+ grep '^\[1;32mXFAIL\[m: .*xfail'
[1;32mXFAIL[m: xfail
+ cat stdout
+ grep '^\[0;31mXPASS\[m: .*xpass'
[0;31mXPASS[m: xpass
+ test x = xyes
+ cat stdout
+ grep '^\[0;35mERROR\[m: .*error'
[0;35mERROR[m: error
+ :
+ make distclean
test -z "pass.log fail.log skip.log xpass.log xfail.log error.log" || rm -f pass.log fail.log skip.log xpass.log xfail.log error.log
test -z "pass.trs fail.trs skip.trs xpass.trs xfail.trs error.trs" || rm -f pass.trs fail.trs skip.trs xpass.trs xfail.trs error.trs
test -z "test-suite.log" || rm -f test-suite.log
test -z "" || rm -f 
test . = "." || test -z "" || rm -f 
rm -f config.status config.cache config.log configure.lineno config.status.lineno
rm -f Makefile
+ cd .
+ for vpath in false :
+ :
+ mkdir build
+ cd build
+ srcdir=..
+ ../configure
checking for a BSD-compatible install... /usr/bin/install -c
checking whether build environment is sane... yes
checking for a thread-safe mkdir -p... /tools/bin/mkdir -p
checking for gawk... gawk
checking whether make sets $(MAKE)... yes
checking whether make supports nested variables... yes
checking that generated files are newer than configure... done
configure: creating ./config.status
config.status: creating Makefile
+ our_make TERM=ansi
+ set MAKE=make TERM=ansi
+ env MAKE=make TERM=ansi expect -f ../expect-make
+ cat stdout
spawn make -e check
make  pass fail skip xpass xfail error
make[1]: Entering directory '/sources/automake-1.16.1/t/color-tests2.dir/build'
make[1]: Nothing to be done for '../pass'.
make[1]: Nothing to be done for '../fail'.
make[1]: Nothing to be done for '../skip'.
make[1]: Nothing to be done for '../xpass'.
make[1]: Nothing to be done for '../xfail'.
make[1]: Nothing to be done for '../error'.
make[1]: Leaving directory '/sources/automake-1.16.1/t/color-tests2.dir/build'
make  check-TESTS
make[1]: Entering directory '/sources/automake-1.16.1/t/color-tests2.dir/build'
make[2]: Entering directory '/sources/automake-1.16.1/t/color-tests2.dir/build'
[0;32mPASS[m: pass
[0;31mFAIL[m: fail
[1;34mSKIP[m: skip
[0;31mXPASS[m: xpass
[1;32mXFAIL[m: xfail
[0;35mERROR[m: error
[0;31m============================================================================[m
[0;31mTestsuite summary for color-tests2 1.0[m
[0;31m============================================================================[m
[1m# TOTAL: 6[m
[0;32m# PASS:  1[m
[1;34m# SKIP:  1[m
[1;32m# XFAIL: 1[m
[0;31m# FAIL:  1[m
[0;31m# XPASS: 1[m
[0;35m# ERROR: 1[m
[0;31m============================================================================[m
[0;31mSee ./test-suite.log[m
[0;31m============================================================================[m
make[2]: *** [Makefile:479: test-suite.log] Error 1
make[2]: Leaving directory '/sources/automake-1.16.1/t/color-tests2.dir/build'
make[1]: *** [Makefile:587: check-TESTS] Error 2
make[1]: Leaving directory '/sources/automake-1.16.1/t/color-tests2.dir/build'
make: *** [Makefile:822: check-am] Error 2
+ test_color
+ cat stdout
+ grep '^\[0;32mPASS\[m: .*pass'
[0;32mPASS[m: pass
+ cat stdout
+ grep '^\[0;31mFAIL\[m: .*fail'
[0;31mFAIL[m: fail
+ cat stdout
+ grep '^\[1;34mSKIP\[m: .*skip'
[1;34mSKIP[m: skip
+ cat stdout
+ grep '^\[1;32mXFAIL\[m: .*xfail'
[1;32mXFAIL[m: xfail
+ cat stdout
+ grep '^\[0;31mXPASS\[m: .*xpass'
[0;31mXPASS[m: xpass
+ test x = xyes
+ cat stdout
+ grep '^\[0;35mERROR\[m: .*error'
[0;35mERROR[m: error
+ :
+ our_make TERM=dumb
+ set MAKE=make TERM=dumb
+ env MAKE=make TERM=dumb expect -f ../expect-make
+ cat stdout
spawn make -e check
make  pass fail skip xpass xfail error
make[1]: Entering directory '/sources/automake-1.16.1/t/color-tests2.dir/build'
make[1]: Nothing to be done for '../pass'.
make[1]: Nothing to be done for '../fail'.
make[1]: Nothing to be done for '../skip'.
make[1]: Nothing to be done for '../xpass'.
make[1]: Nothing to be done for '../xfail'.
make[1]: Nothing to be done for '../error'.
make[1]: Leaving directory '/sources/automake-1.16.1/t/color-tests2.dir/build'
make  check-TESTS
make[1]: Entering directory '/sources/automake-1.16.1/t/color-tests2.dir/build'
make[2]: Entering directory '/sources/automake-1.16.1/t/color-tests2.dir/build'
PASS: pass
FAIL: fail
SKIP: skip
XPASS: xpass
XFAIL: xfail
ERROR: error
============================================================================
Testsuite summary for color-tests2 1.0
============================================================================
# TOTAL: 6
# PASS:  1
# SKIP:  1
# XFAIL: 1
# FAIL:  1
# XPASS: 1
# ERROR: 1
============================================================================
See ./test-suite.log
============================================================================
make[2]: *** [Makefile:479: test-suite.log] Error 1
make[2]: Leaving directory '/sources/automake-1.16.1/t/color-tests2.dir/build'
make[1]: *** [Makefile:587: check-TESTS] Error 2
make[1]: Leaving directory '/sources/automake-1.16.1/t/color-tests2.dir/build'
make: *** [Makefile:822: check-am] Error 2
+ test_no_color
+ /bin/grep -F '= Xalways; then' stdout
+ cat stdout
+ grep $'\E'
+ : For shells with broken 'set -e'
+ our_make AM_COLOR_TESTS=no
+ set MAKE=make AM_COLOR_TESTS=no
+ env MAKE=make AM_COLOR_TESTS=no expect -f ../expect-make
+ cat stdout
spawn make -e check
make  pass fail skip xpass xfail error
make[1]: Entering directory '/sources/automake-1.16.1/t/color-tests2.dir/build'
make[1]: Nothing to be done for '../pass'.
make[1]: Nothing to be done for '../fail'.
make[1]: Nothing to be done for '../skip'.
make[1]: Nothing to be done for '../xpass'.
make[1]: Nothing to be done for '../xfail'.
make[1]: Nothing to be done for '../error'.
make[1]: Leaving directory '/sources/automake-1.16.1/t/color-tests2.dir/build'
make  check-TESTS
make[1]: Entering directory '/sources/automake-1.16.1/t/color-tests2.dir/build'
make[2]: Entering directory '/sources/automake-1.16.1/t/color-tests2.dir/build'
PASS: pass
FAIL: fail
SKIP: skip
XPASS: xpass
XFAIL: xfail
ERROR: error
============================================================================
Testsuite summary for color-tests2 1.0
============================================================================
# TOTAL: 6
# PASS:  1
# SKIP:  1
# XFAIL: 1
# FAIL:  1
# XPASS: 1
# ERROR: 1
============================================================================
See ./test-suite.log
============================================================================
make[2]: *** [Makefile:479: test-suite.log] Error 1
make[2]: Leaving directory '/sources/automake-1.16.1/t/color-tests2.dir/build'
make[1]: *** [Makefile:587: check-TESTS] Error 2
make[1]: Leaving directory '/sources/automake-1.16.1/t/color-tests2.dir/build'
make: *** [Makefile:822: check-am] Error 2
+ test_no_color
+ /bin/grep -F '= Xalways; then' stdout
+ cat stdout
+ grep $'\E'
+ : For shells with broken 'set -e'
+ ../configure testsuite_colorized=false
checking for a BSD-compatible install... /usr/bin/install -c
checking whether build environment is sane... yes
checking for a thread-safe mkdir -p... /tools/bin/mkdir -p
checking for gawk... gawk
checking whether make sets $(MAKE)... yes
checking whether make supports nested variables... yes
checking that generated files are newer than configure... done
configure: creating ./config.status
config.status: creating Makefile
+ our_make TERM=ansi
+ set MAKE=make TERM=ansi
+ env MAKE=make TERM=ansi expect -f ../expect-make
+ cat stdout
spawn make -e check
make  pass fail skip xpass xfail error
make[1]: Entering directory '/sources/automake-1.16.1/t/color-tests2.dir/build'
make[1]: Nothing to be done for '../pass'.
make[1]: Nothing to be done for '../fail'.
make[1]: Nothing to be done for '../skip'.
make[1]: Nothing to be done for '../xpass'.
make[1]: Nothing to be done for '../xfail'.
make[1]: Nothing to be done for '../error'.
make[1]: Leaving directory '/sources/automake-1.16.1/t/color-tests2.dir/build'
make  check-TESTS
make[1]: Entering directory '/sources/automake-1.16.1/t/color-tests2.dir/build'
make[2]: Entering directory '/sources/automake-1.16.1/t/color-tests2.dir/build'
PASS: pass
FAIL: fail
SKIP: skip
XPASS: xpass
XFAIL: xfail
ERROR: error
============================================================================
Testsuite summary for color-tests2 1.0
============================================================================
# TOTAL: 6
# PASS:  1
# SKIP:  1
# XFAIL: 1
# FAIL:  1
# XPASS: 1
# ERROR: 1
============================================================================
See ./test-suite.log
============================================================================
make[2]: *** [Makefile:479: test-suite.log] Error 1
make[2]: Leaving directory '/sources/automake-1.16.1/t/color-tests2.dir/build'
make[1]: *** [Makefile:587: check-TESTS] Error 2
make[1]: Leaving directory '/sources/automake-1.16.1/t/color-tests2.dir/build'
make: *** [Makefile:822: check-am] Error 2
+ test_no_color
+ /bin/grep -F '= Xalways; then' stdout
+ cat stdout
+ grep $'\E'
+ : For shells with broken 'set -e'
+ our_make TERM=ansi 'MAKE=env AM_COLOR_TESTS=always make'
+ set MAKE=make TERM=ansi 'MAKE=env AM_COLOR_TESTS=always make'
+ env MAKE=make TERM=ansi 'MAKE=env AM_COLOR_TESTS=always make' expect -f ../expect-make
+ cat stdout
spawn env AM_COLOR_TESTS=always make -e check
env AM_COLOR_TESTS=always make  pass fail skip xpass xfail error
make[1]: Entering directory '/sources/automake-1.16.1/t/color-tests2.dir/build'
make[1]: Nothing to be done for '../pass'.
make[1]: Nothing to be done for '../fail'.
make[1]: Nothing to be done for '../skip'.
make[1]: Nothing to be done for '../xpass'.
make[1]: Nothing to be done for '../xfail'.
make[1]: Nothing to be done for '../error'.
make[1]: Leaving directory '/sources/automake-1.16.1/t/color-tests2.dir/build'
env AM_COLOR_TESTS=always make  check-TESTS
make[1]: Entering directory '/sources/automake-1.16.1/t/color-tests2.dir/build'
make[2]: Entering directory '/sources/automake-1.16.1/t/color-tests2.dir/build'
[0;32mPASS[m: pass
[0;31mFAIL[m: fail
[1;34mSKIP[m: skip
[0;31mXPASS[m: xpass
[1;32mXFAIL[m: xfail
[0;35mERROR[m: error
[0;31m============================================================================[m
[0;31mTestsuite summary for color-tests2 1.0[m
[0;31m============================================================================[m
[1m# TOTAL: 6[m
[0;32m# PASS:  1[m
[1;34m# SKIP:  1[m
[1;32m# XFAIL: 1[m
[0;31m# FAIL:  1[m
[0;31m# XPASS: 1[m
[0;35m# ERROR: 1[m
[0;31m============================================================================[m
[0;31mSee ./test-suite.log[m
[0;31m============================================================================[m
make[2]: *** [Makefile:479: test-suite.log] Error 1
make[2]: Leaving directory '/sources/automake-1.16.1/t/color-tests2.dir/build'
make[1]: *** [Makefile:587: check-TESTS] Error 2
make[1]: Leaving directory '/sources/automake-1.16.1/t/color-tests2.dir/build'
make: *** [Makefile:822: check-am] Error 2
+ test_color
+ cat stdout
+ grep '^\[0;32mPASS\[m: .*pass'
[0;32mPASS[m: pass
+ cat stdout
+ grep '^\[0;31mFAIL\[m: .*fail'
[0;31mFAIL[m: fail
+ cat stdout
+ grep '^\[1;34mSKIP\[m: .*skip'
[1;34mSKIP[m: skip
+ cat stdout
+ grep '^\[1;32mXFAIL\[m: .*xfail'
[1;32mXFAIL[m: xfail
+ cat stdout
+ grep '^\[0;31mXPASS\[m: .*xpass'
[0;31mXPASS[m: xpass
+ test x = xyes
+ cat stdout
+ grep '^\[0;35mERROR\[m: .*error'
[0;35mERROR[m: error
+ :
+ make distclean
test -z "pass.log fail.log skip.log xpass.log xfail.log error.log" || rm -f pass.log fail.log skip.log xpass.log xfail.log error.log
test -z "pass.trs fail.trs skip.trs xpass.trs xfail.trs error.trs" || rm -f pass.trs fail.trs skip.trs xpass.trs xfail.trs error.trs
test -z "test-suite.log" || rm -f test-suite.log
test -z "" || rm -f 
test . = ".." || test -z "" || rm -f 
rm -f config.status config.cache config.log configure.lineno config.status.lineno
rm -f Makefile
+ cd ..
+ :
+ am_exit_trap 0
+ exit_status=0
+ set +e
+ cd /sources/automake-1.16.1
+ test none = tap
+ case $am_explicit_skips in
+ test 0 -eq 0
+ am_keeping_testdirs
+ case $keep_testdirs in
+ return 1
+ rm_rf_ t/color-tests2.dir
+ test 1 -gt 0
+ /usr/bin/perl /sources/automake-1.16.1/t/ax/deltree.pl t/color-tests2.dir
+ set +x
PASS t/color-tests2.sh (exit status: 0)
