Running from installcheck: no
Test Protocol: none
PATH = /sources/automake-1.16.1/bin:/sources/automake-1.16.1/t/ax:/bin:/usr/bin:/sbin:/usr/sbin:/tools/bin
++ pwd
/sources/automake-1.16.1/t/condinc2.dir
+ cat
+ cat
+ cat
+ aclocal-1.16 -Werror
+ AUTOMAKE_fails
+ AUTOMAKE_run -e 1
+ am__desc=
+ am__exp_rc=0
+ test 2 -gt 0
+ case $1 in
+ am__exp_rc=1
+ shift
+ shift
+ test 0 -gt 0
+ am__got_rc=0
+ automake-1.16 --foreign -Werror -Wall
+ am__got_rc=1
+ cat stderr
adjunct:3: error: too many conditionals closed in include file
Makefile.am:2:   'adjunct' included from here
Makefile.am:3: error: endif without if
+ cat stdout
+ test none = none
+ test 1 -eq 1
+ return
+ grep 'adjunct:3: error: too many conditionals closed' stderr
adjunct:3: error: too many conditionals closed in include file
+ cat
+ AUTOMAKE_fails
+ AUTOMAKE_run -e 1
+ am__desc=
+ am__exp_rc=0
+ test 2 -gt 0
+ case $1 in
+ am__exp_rc=1
+ shift
+ shift
+ test 0 -gt 0
+ am__got_rc=0
+ automake-1.16 --foreign -Werror -Wall
+ am__got_rc=1
+ cat stderr
adjunct:3: error: unterminated conditionals: TOBE_TRUE TOBE_TRUE
Makefile.am:2:   'adjunct' included from here
Makefile.am:3: error: unterminated conditionals: TOBE_TRUE
+ cat stdout
+ test none = none
+ test 1 -eq 1
+ return
+ grep 'unterminated conditionals' stderr
adjunct:3: error: unterminated conditionals: TOBE_TRUE TOBE_TRUE
Makefile.am:3: error: unterminated conditionals: TOBE_TRUE
+ cat
+ automake-1.16 --foreign -Werror -Wall
+ :
+ am_exit_trap 0
+ exit_status=0
+ set +e
+ cd /sources/automake-1.16.1
+ test none = tap
+ case $am_explicit_skips in
+ test 0 -eq 0
+ am_keeping_testdirs
+ case $keep_testdirs in
+ return 1
+ rm_rf_ t/condinc2.dir
+ test 1 -gt 0
+ /usr/bin/perl /sources/automake-1.16.1/t/ax/deltree.pl t/condinc2.dir
+ set +x
PASS t/condinc2.sh (exit status: 0)
