Running from installcheck: no
Test Protocol: none
PATH = /sources/automake-1.16.1/bin:/sources/automake-1.16.1/t/ax:/bin:/usr/bin:/sbin:/usr/sbin:/tools/bin
++ pwd
/sources/automake-1.16.1/t/cond5.dir
+ cat
+ cat
+ aclocal-1.16 -Werror
+ pid=42786
+ sleep 2
+ automake-1.16 --foreign -Werror -Wall
+ try=1
+ test 1 -le 30
+ kill -0 42786
./t/cond5.sh: line 55: kill: (42786) - No such process
+ cat stderr
Makefile.am:4: error: variable 'OPT_SRC' recursively defined
+ grep 'variable.*OPT_SRC.*recursively defined' stderr
Makefile.am:4: error: variable 'OPT_SRC' recursively defined
+ _am_exit 0
+ set +e
+ test 77 = 0
+ exit 0
+ exit 0
+ am_exit_trap 0
+ exit_status=0
+ set +e
+ cd /sources/automake-1.16.1
+ test none = tap
+ case $am_explicit_skips in
+ test 0 -eq 0
+ am_keeping_testdirs
+ case $keep_testdirs in
+ return 1
+ rm_rf_ t/cond5.dir
+ test 1 -gt 0
+ /usr/bin/perl /sources/automake-1.16.1/t/ax/deltree.pl t/cond5.dir
+ set +x
PASS t/cond5.sh (exit status: 0)
