Running from installcheck: no
Test Protocol: none
PATH = /sources/automake-1.16.1/bin:/sources/automake-1.16.1/t/ax:/bin:/usr/bin:/sbin:/usr/sbin:/tools/bin
++ pwd
/sources/automake-1.16.1/t/parallel-tests-extra-programs.dir
+ cat
+ cat
+ cat
+ cat
+ cat
+ cat
+ cat
+ chmod a+x baz.test
+ cat
+ cat
+ aclocal-1.16 -Werror
+ autoconf
+ automake-1.16 --foreign -Werror -Wall -a
parallel-tests: installing './test-driver'
+ ./configure
checking for a BSD-compatible install... /usr/bin/install -c
checking whether build environment is sane... yes
checking for a thread-safe mkdir -p... /tools/bin/mkdir -p
checking for gawk... gawk
checking whether make sets $(MAKE)... yes
checking whether make supports nested variables... yes
checking for gcc... cc
checking whether the C compiler works... yes
checking for C compiler default output file name... a.out
checking for suffix of executables... 
checking whether we are cross compiling... no
checking for suffix of object files... o
checking whether we are using the GNU C compiler... yes
checking whether cc accepts -g... yes
checking for cc option to accept ISO C89... none needed
checking whether cc understands -c and -o together... yes
checking whether make supports the include directive... yes (GNU style)
checking dependency style of cc... gcc3
checking that generated files are newer than configure... done
configure: creating ./config.status
config.status: creating Makefile
config.status: executing depfiles commands
+ run_make -E -O -e IGNORE -- -k check
+ am__make_redirect_stdout=no
+ am__make_redirect_stderr=no
+ am__make_redirect_stdall=no
+ am__make_flags=
+ am__make_rc_exp=0
+ am_make_rc=0
+ test 7 -gt 0
+ case $1 in
+ am__make_redirect_stderr=yes
+ shift
+ test 6 -gt 0
+ case $1 in
+ am__make_redirect_stdout=yes
+ shift
+ test 5 -gt 0
+ case $1 in
+ am__make_rc_exp=IGNORE
+ shift
+ shift
+ test 3 -gt 0
+ case $1 in
+ shift
+ break
+ using_gmake
+ case $am__using_gmake in
+ make --version -v
+ grep GNU
GNU Make 4.2.1
License GPLv3+: GNU GPL version 3 or later <http://gnu.org/licenses/gpl.html>
+ am__using_gmake=yes
+ return 0
+ :
+ test x '!=' x
+ : exec make -k check
+ set +x
+ am_make_rc=2
+ test 2 -eq 253
+ test no = yes
+ test yes = yes
+ cat stdout
make  check-TESTS
make[1]: Entering directory '/sources/automake-1.16.1/t/parallel-tests-extra-programs.dir'
make[2]: Entering directory '/sources/automake-1.16.1/t/parallel-tests-extra-programs.dir'
cc -DPACKAGE_NAME=\"parallel-tests-extra-programs\" -DPACKAGE_TARNAME=\"parallel-tests-extra-programs\" -DPACKAGE_VERSION=\"1.0\" -DPACKAGE_STRING=\"parallel-tests-extra-programs\ 1.0\" -DPACKAGE_BUGREPORT=\"\" -DPACKAGE_URL=\"\" -DPACKAGE=\"parallel-tests-extra-programs\" -DVERSION=\"1.0\" -I.     -g -O2 -MT foo.o -MD -MP -MF .deps/foo.Tpo -c -o foo.o foo.c
mv -f .deps/foo.Tpo .deps/foo.Po
cc  -g -O2   -o foo.bin foo.o  
PASS: foo.bin
sed -e 's/foofoofoo/barbarbar/' foo.c > bar.c
cc -DPACKAGE_NAME=\"parallel-tests-extra-programs\" -DPACKAGE_TARNAME=\"parallel-tests-extra-programs\" -DPACKAGE_VERSION=\"1.0\" -DPACKAGE_STRING=\"parallel-tests-extra-programs\ 1.0\" -DPACKAGE_BUGREPORT=\"\" -DPACKAGE_URL=\"\" -DPACKAGE=\"parallel-tests-extra-programs\" -DVERSION=\"1.0\" -I.     -g -O2 -MT bar.o -MD -MP -MF .deps/bar.Tpo -c -o bar.o bar.c
mv -f .deps/bar.Tpo .deps/bar.Po
cc  -g -O2   -o bar.bin bar.o  
PASS: bar.bin
cc -DPACKAGE_NAME=\"parallel-tests-extra-programs\" -DPACKAGE_TARNAME=\"parallel-tests-extra-programs\" -DPACKAGE_VERSION=\"1.0\" -DPACKAGE_STRING=\"parallel-tests-extra-programs\ 1.0\" -DPACKAGE_BUGREPORT=\"\" -DPACKAGE_URL=\"\" -DPACKAGE=\"parallel-tests-extra-programs\" -DVERSION=\"1.0\" -I.     -g -O2 -MT y.o -MD -MP -MF .deps/y.Tpo -c -o y.o y.c
mv -f .deps/y.Tpo .deps/y.Po
cc  -g -O2   -o y y.o  
PASS: baz.test
make[2]: Leaving directory '/sources/automake-1.16.1/t/parallel-tests-extra-programs.dir'
make[1]: Leaving directory '/sources/automake-1.16.1/t/parallel-tests-extra-programs.dir'
+ test yes = yes
+ cat stderr
make[2]: *** No rule to make target 'none.c', needed by 'none.o'.
make[2]: Target 'test-suite.log' not remade because of errors.
make[1]: *** [Makefile:754: check-TESTS] Error 2
make: *** [Makefile:967: check-am] Error 2
make: Target 'check' not remade because of errors.
+ case $am__make_rc_exp in
+ : Ignore exit status
+ ls -l
total 520
-rw-r--r-- 1 root root  37663 Nov 27 06:44 Makefile
-rw-r--r-- 1 root root    374 Nov 27 06:44 Makefile.am
-rw-r--r-- 1 root root  37497 Nov 27 06:44 Makefile.in
-rw-r--r-- 1 root root  41888 Nov 27 06:44 aclocal.m4
drwxr-xr-x 2 root root   4096 Nov 27 06:44 autom4te.cache
-rwxr-xr-x 1 root root  22328 Nov 27 06:44 bar.bin
-rw-r--r-- 1 root root     77 Nov 27 06:44 bar.c
-rw-r--r-- 1 root root     40 Nov 27 06:44 bar.log
-rw-r--r-- 1 root root   5400 Nov 27 06:44 bar.o
-rw-r--r-- 1 root root     82 Nov 27 06:44 bar.trs
-rw-r--r-- 1 root root     41 Nov 27 06:44 baz.log
-rwxr-xr-x 1 root root     49 Nov 27 06:44 baz.test
-rw-r--r-- 1 root root     82 Nov 27 06:44 baz.trs
-rwxr-xr-x 1 root root   7383 Nov 27 06:44 compile
-rw-r--r-- 1 root root   9058 Nov 27 06:44 config.log
-rwxr-xr-x 1 root root  29469 Nov 27 06:44 config.status
-rwxr-xr-x 1 root root 141346 Nov 27 06:44 configure
-rw-r--r-- 1 root root    114 Nov 27 06:44 configure.ac
-rwxr-xr-x 1 root root  23568 Nov 27 06:44 depcomp
-rwxr-xr-x 1 root root  22328 Nov 27 06:44 foo.bin
-rw-r--r-- 1 root root     77 Nov 27 06:44 foo.c
-rw-r--r-- 1 root root     40 Nov 27 06:44 foo.log
-rw-r--r-- 1 root root   5408 Nov 27 06:44 foo.o
-rw-r--r-- 1 root root     82 Nov 27 06:44 foo.trs
-rwxr-xr-x 1 root root  15368 Nov 27 06:44 install-sh
-rwxr-xr-x 1 root root   6878 Nov 27 06:44 missing
-rw-r--r-- 1 root root    272 Nov 27 06:44 stderr
-rw-r--r-- 1 root root   1727 Nov 27 06:44 stdout
lrwxrwxrwx 1 root root     40 Nov 27 06:44 test-driver -> /sources/automake-1.16.1/lib/test-driver
-rwxr-xr-x 1 root root  22320 Nov 27 06:44 y
-rw-r--r-- 1 root root     69 Nov 27 06:44 y.c
-rw-r--r-- 1 root root   5368 Nov 27 06:44 y.o
+ using_gmake
+ case $am__using_gmake in
+ return 0
+ test 2 -gt 0
+ cat bar.c
#include <stdio.h>
int main (void)
{
  printf ("barbarbar\n");
  return 0;
}
+ grep foofoofoo foo.log
foofoofoo
+ grep barbarbar bar.log
barbarbar
+ grep yepyepyep baz.log
yepyepyep
+ test '!' -e none.log
+ test '!' -e test-suite.log
+ grep '^PASS: baz\.test$' stdout
PASS: baz.test
+ grep '^PASS: foo\.bin' stdout
PASS: foo.bin
+ grep '^PASS: bar\.bin' stdout
PASS: bar.bin
+ /bin/grep -E 'none\.(bin|o|c)' stderr stdout
stderr:make[2]: *** No rule to make target 'none.c', needed by 'none.o'.
+ :
+ sleep 2
+ echo 'int main (void) { return 0; }'
+ run_make -O -e IGNORE check RECHECK_LOGS=
+ am__make_redirect_stdout=no
+ am__make_redirect_stderr=no
+ am__make_redirect_stdall=no
+ am__make_flags=
+ am__make_rc_exp=0
+ am_make_rc=0
+ test 5 -gt 0
+ case $1 in
+ am__make_redirect_stdout=yes
+ shift
+ test 4 -gt 0
+ case $1 in
+ am__make_rc_exp=IGNORE
+ shift
+ shift
+ test 2 -gt 0
+ case $1 in
+ break
+ using_gmake
+ case $am__using_gmake in
+ return 0
+ :
+ test x '!=' x
+ : exec make check RECHECK_LOGS=
+ set +x
+ test 0 -eq 253
+ test no = yes
+ test yes = yes
+ cat stdout
make  check-TESTS
make[1]: Entering directory '/sources/automake-1.16.1/t/parallel-tests-extra-programs.dir'
make[2]: Entering directory '/sources/automake-1.16.1/t/parallel-tests-extra-programs.dir'
cc -DPACKAGE_NAME=\"parallel-tests-extra-programs\" -DPACKAGE_TARNAME=\"parallel-tests-extra-programs\" -DPACKAGE_VERSION=\"1.0\" -DPACKAGE_STRING=\"parallel-tests-extra-programs\ 1.0\" -DPACKAGE_BUGREPORT=\"\" -DPACKAGE_URL=\"\" -DPACKAGE=\"parallel-tests-extra-programs\" -DVERSION=\"1.0\" -I.     -g -O2 -MT none.o -MD -MP -MF .deps/none.Tpo -c -o none.o none.c
mv -f .deps/none.Tpo .deps/none.Po
cc  -g -O2   -o none.bin none.o  
PASS: none.bin
============================================================================
Testsuite summary for parallel-tests-extra-programs 1.0
============================================================================
# TOTAL: 4
# PASS:  4
# SKIP:  0
# XFAIL: 0
# FAIL:  0
# XPASS: 0
# ERROR: 0
============================================================================
make[2]: Leaving directory '/sources/automake-1.16.1/t/parallel-tests-extra-programs.dir'
make[1]: Leaving directory '/sources/automake-1.16.1/t/parallel-tests-extra-programs.dir'
+ test no = yes
+ case $am__make_rc_exp in
+ : Ignore exit status
+ ls -l
total 564
-rw-r--r-- 1 root root  37663 Nov 27 06:44 Makefile
-rw-r--r-- 1 root root    374 Nov 27 06:44 Makefile.am
-rw-r--r-- 1 root root  37497 Nov 27 06:44 Makefile.in
-rw-r--r-- 1 root root  41888 Nov 27 06:44 aclocal.m4
drwxr-xr-x 2 root root   4096 Nov 27 06:44 autom4te.cache
-rwxr-xr-x 1 root root  22328 Nov 27 06:44 bar.bin
-rw-r--r-- 1 root root     77 Nov 27 06:44 bar.c
-rw-r--r-- 1 root root     40 Nov 27 06:44 bar.log
-rw-r--r-- 1 root root   5400 Nov 27 06:44 bar.o
-rw-r--r-- 1 root root     82 Nov 27 06:44 bar.trs
-rw-r--r-- 1 root root     41 Nov 27 06:44 baz.log
-rwxr-xr-x 1 root root     49 Nov 27 06:44 baz.test
-rw-r--r-- 1 root root     82 Nov 27 06:44 baz.trs
-rwxr-xr-x 1 root root   7383 Nov 27 06:44 compile
-rw-r--r-- 1 root root   9058 Nov 27 06:44 config.log
-rwxr-xr-x 1 root root  29469 Nov 27 06:44 config.status
-rwxr-xr-x 1 root root 141346 Nov 27 06:44 configure
-rw-r--r-- 1 root root    114 Nov 27 06:44 configure.ac
-rwxr-xr-x 1 root root  23568 Nov 27 06:44 depcomp
-rwxr-xr-x 1 root root  22328 Nov 27 06:44 foo.bin
-rw-r--r-- 1 root root     77 Nov 27 06:44 foo.c
-rw-r--r-- 1 root root     40 Nov 27 06:44 foo.log
-rw-r--r-- 1 root root   5408 Nov 27 06:44 foo.o
-rw-r--r-- 1 root root     82 Nov 27 06:44 foo.trs
-rwxr-xr-x 1 root root  15368 Nov 27 06:44 install-sh
-rwxr-xr-x 1 root root   6878 Nov 27 06:44 missing
-rwxr-xr-x 1 root root  20496 Nov 27 06:44 none.bin
-rw-r--r-- 1 root root     30 Nov 27 06:44 none.c
-rw-r--r-- 1 root root     31 Nov 27 06:44 none.log
-rw-r--r-- 1 root root   2872 Nov 27 06:44 none.o
-rw-r--r-- 1 root root     82 Nov 27 06:44 none.trs
-rw-r--r-- 1 root root      0 Nov 27 06:44 stamp
-rw-r--r-- 1 root root    272 Nov 27 06:44 stderr
-rw-r--r-- 1 root root   1193 Nov 27 06:44 stdout
lrwxrwxrwx 1 root root     40 Nov 27 06:44 test-driver -> /sources/automake-1.16.1/lib/test-driver
-rw-r--r-- 1 root root    275 Nov 27 06:44 test-suite.log
-rwxr-xr-x 1 root root  22320 Nov 27 06:44 y
-rw-r--r-- 1 root root     69 Nov 27 06:44 y.c
-rw-r--r-- 1 root root   5368 Nov 27 06:44 y.o
+ test 0 -eq 0
+ stat stamp foo.log bar.log baz.log
  File: stamp
  Size: 0         	Blocks: 0          IO Block: 4096   regular empty file
Device: 705h/1797d	Inode: 7345497     Links: 1
Access: (0644/-rw-r--r--)  Uid: (    0/    root)   Gid: (    0/    root)
Access: 2018-11-27 06:44:23.467535484 +0000
Modify: 2018-11-27 06:44:23.467535484 +0000
Change: 2018-11-27 06:44:23.467535484 +0000
 Birth: -
  File: foo.log
  Size: 40        	Blocks: 8          IO Block: 4096   regular file
Device: 705h/1797d	Inode: 7345482     Links: 1
Access: (0644/-rw-r--r--)  Uid: (    0/    root)   Gid: (    0/    root)
Access: 2018-11-27 06:44:23.459535361 +0000
Modify: 2018-11-27 06:44:23.367533947 +0000
Change: 2018-11-27 06:44:23.367533947 +0000
 Birth: -
  File: bar.log
  Size: 40        	Blocks: 8          IO Block: 4096   regular file
Device: 705h/1797d	Inode: 7345490     Links: 1
Access: (0644/-rw-r--r--)  Uid: (    0/    root)   Gid: (    0/    root)
Access: 2018-11-27 06:44:23.463535422 +0000
Modify: 2018-11-27 06:44:23.411534623 +0000
Change: 2018-11-27 06:44:23.411534623 +0000
 Birth: -
  File: baz.log
  Size: 41        	Blocks: 8          IO Block: 4096   regular file
Device: 705h/1797d	Inode: 7345403     Links: 1
Access: (0644/-rw-r--r--)  Uid: (    0/    root)   Gid: (    0/    root)
Access: 2018-11-27 06:44:23.463535422 +0000
Modify: 2018-11-27 06:44:23.455535300 +0000
Change: 2018-11-27 06:44:23.455535300 +0000
 Birth: -
+ is_newest stamp foo.log bar.log baz.log
+ test -f none.log
+ test -f test-suite.log
+ /bin/grep -E '(foo|bar)\.bin|baz\.test$' stdout
+ grep '^PASS: none\.bin' stdout
PASS: none.bin
+ :
+ am_exit_trap 0
+ exit_status=0
+ set +e
+ cd /sources/automake-1.16.1
+ test none = tap
+ case $am_explicit_skips in
+ test 0 -eq 0
+ am_keeping_testdirs
+ case $keep_testdirs in
+ return 1
+ rm_rf_ t/parallel-tests-extra-programs.dir
+ test 1 -gt 0
+ /usr/bin/perl /sources/automake-1.16.1/t/ax/deltree.pl t/parallel-tests-extra-programs.dir
+ set +x
PASS t/parallel-tests-extra-programs.sh (exit status: 0)
