Running from installcheck: no
Test Protocol: none
PATH = /sources/automake-1.16.1/bin:/sources/automake-1.16.1/t/ax:/bin:/usr/bin:/sbin:/usr/sbin:/tools/bin
++ pwd
/sources/automake-1.16.1/t/parallel-tests-no-color-in-log.dir
+ TERM=ansi
+ export TERM
+ cat
+ cat
+ echo 'exit 0'
+ echo 'exit 0'
+ echo 'exit 1'
+ echo 'exit 1'
+ echo 'exit 77'
+ echo 'exit 99'
+ aclocal-1.16 -Werror
+ autoconf
+ automake-1.16 --foreign -Werror -Wall --add-missing
parallel-tests: installing './test-driver'
+ ./configure
checking for a BSD-compatible install... /usr/bin/install -c
checking whether build environment is sane... yes
checking for a thread-safe mkdir -p... /tools/bin/mkdir -p
checking for gawk... gawk
checking whether make sets $(MAKE)... yes
checking whether make supports nested variables... yes
checking that generated files are newer than configure... done
configure: creating ./config.status
config.status: creating Makefile
+ mv config.log config-log
+ run_make -e FAIL AM_COLOR_TESTS=always check
+ am__make_redirect_stdout=no
+ am__make_redirect_stderr=no
+ am__make_redirect_stdall=no
+ am__make_flags=
+ am__make_rc_exp=0
+ am_make_rc=0
+ test 4 -gt 0
+ case $1 in
+ am__make_rc_exp=FAIL
+ shift
+ shift
+ test 2 -gt 0
+ case $1 in
+ break
+ using_gmake
+ case $am__using_gmake in
+ make --version -v
+ grep GNU
GNU Make 4.2.1
License GPLv3+: GNU GPL version 3 or later <http://gnu.org/licenses/gpl.html>
+ am__using_gmake=yes
+ return 0
+ :
+ test x '!=' x
+ : exec make AM_COLOR_TESTS=always check
+ set +x
make  check-TESTS
make[1]: Entering directory '/sources/automake-1.16.1/t/parallel-tests-no-color-in-log.dir'
make[2]: Entering directory '/sources/automake-1.16.1/t/parallel-tests-no-color-in-log.dir'
[0;32mPASS[m: pass
[0;31mFAIL[m: fail
[1;34mSKIP[m: skip
[0;31mXPASS[m: xpass
[1;32mXFAIL[m: xfail
[0;35mERROR[m: error
[0;31m============================================================================[m
[0;31mTestsuite summary for parallel-tests-no-color-in-log 1.0[m
[0;31m============================================================================[m
[1m# TOTAL: 6[m
[0;32m# PASS:  1[m
[1;34m# SKIP:  1[m
[1;32m# XFAIL: 1[m
[0;31m# FAIL:  1[m
[0;31m# XPASS: 1[m
[0;35m# ERROR: 1[m
[0;31m============================================================================[m
[0;31mSee ./test-suite.log[m
[0;31m============================================================================[m
make[2]: *** [Makefile:479: test-suite.log] Error 1
make[2]: Leaving directory '/sources/automake-1.16.1/t/parallel-tests-no-color-in-log.dir'
make[1]: *** [Makefile:587: check-TESTS] Error 2
make[1]: Leaving directory '/sources/automake-1.16.1/t/parallel-tests-no-color-in-log.dir'
make: *** [Makefile:821: check-am] Error 2
+ am_make_rc=2
+ test 2 -eq 253
+ test no = yes
+ test no = yes
+ test no = yes
+ case $am__make_rc_exp in
+ test 2 -gt 0
+ grep $'\E'
+ cat error.log fail.log pass.log skip.log test-suite.log xfail.log xpass.log
+ :
+ am_exit_trap 0
+ exit_status=0
+ set +e
+ cd /sources/automake-1.16.1
+ test none = tap
+ case $am_explicit_skips in
+ test 0 -eq 0
+ am_keeping_testdirs
+ case $keep_testdirs in
+ return 1
+ rm_rf_ t/parallel-tests-no-color-in-log.dir
+ test 1 -gt 0
+ /usr/bin/perl /sources/automake-1.16.1/t/ax/deltree.pl t/parallel-tests-no-color-in-log.dir
+ set +x
PASS t/parallel-tests-no-color-in-log.sh (exit status: 0)
