Running from installcheck: no
Test Protocol: none
PATH = /sources/automake-1.16.1/bin:/sources/automake-1.16.1/t/ax:/bin:/usr/bin:/sbin:/usr/sbin:/tools/bin
++ pwd
/sources/automake-1.16.1/t/parallel-tests-basics.dir
+ cat
+ cat
+ cat
+ cat
+ cat
+ chmod a+x foo.test bar.test baz.test
+ aclocal-1.16 -Werror
+ autoconf
+ automake-1.16 --foreign -Werror -Wall -a
parallel-tests: installing './test-driver'
+ ./configure
checking for a BSD-compatible install... /usr/bin/install -c
checking whether build environment is sane... yes
checking for a thread-safe mkdir -p... /tools/bin/mkdir -p
checking for gawk... gawk
checking whether make sets $(MAKE)... yes
checking whether make supports nested variables... yes
checking that generated files are newer than configure... done
configure: creating ./config.status
config.status: creating Makefile
+ run_make -O -e FAIL check
+ am__make_redirect_stdout=no
+ am__make_redirect_stderr=no
+ am__make_redirect_stdall=no
+ am__make_flags=
+ am__make_rc_exp=0
+ am_make_rc=0
+ test 4 -gt 0
+ case $1 in
+ am__make_redirect_stdout=yes
+ shift
+ test 3 -gt 0
+ case $1 in
+ am__make_rc_exp=FAIL
+ shift
+ shift
+ test 1 -gt 0
+ case $1 in
+ break
+ using_gmake
+ case $am__using_gmake in
+ make --version -v
+ grep GNU
GNU Make 4.2.1
License GPLv3+: GNU GPL version 3 or later <http://gnu.org/licenses/gpl.html>
+ am__using_gmake=yes
+ return 0
+ :
+ test x '!=' x
+ : exec make check
+ set +x
make[2]: *** [Makefile:475: test-suite.log] Error 1
make[1]: *** [Makefile:583: check-TESTS] Error 2
make: *** [Makefile:775: check-am] Error 2
+ am_make_rc=2
+ test 2 -eq 253
+ test no = yes
+ test yes = yes
+ cat stdout
make  check-TESTS
make[1]: Entering directory '/sources/automake-1.16.1/t/parallel-tests-basics.dir'
make[2]: Entering directory '/sources/automake-1.16.1/t/parallel-tests-basics.dir'
FAIL: baz.test
ERROR: bar.test
PASS: foo.test
============================================================================
Testsuite summary for parallel-tests-basics 1.0
============================================================================
# TOTAL: 3
# PASS:  1
# SKIP:  0
# XFAIL: 0
# FAIL:  1
# XPASS: 0
# ERROR: 1
============================================================================
See ./test-suite.log
============================================================================
make[2]: Leaving directory '/sources/automake-1.16.1/t/parallel-tests-basics.dir'
make[1]: Leaving directory '/sources/automake-1.16.1/t/parallel-tests-basics.dir'
+ test no = yes
+ case $am__make_rc_exp in
+ test 2 -gt 0
+ count_test_results total=3 pass=1 fail=1 skip=0 xfail=0 xpass=0 error=1
+ total=ERR
+ pass=ERR
+ fail=ERR
+ xpass=ERR
+ xfail=ERR
+ skip=ERR
+ error=ERR
+ eval total=3 pass=1 fail=1 skip=0 xfail=0 xpass=0 error=1
++ total=3
++ pass=1
++ fail=1
++ skip=0
++ xfail=0
++ xpass=0
++ error=1
+ /bin/grep -E -i '(total|x?pass|x?fail|skip|error)' stdout
FAIL: baz.test
ERROR: bar.test
PASS: foo.test
# TOTAL: 3
# PASS:  1
# SKIP:  0
# XFAIL: 0
# FAIL:  1
# XPASS: 0
# ERROR: 1
+ rc=0
+ set +e
++ grep -c '^PASS:' stdout
+ test 1 -eq 1
++ grep -c '^XFAIL:' stdout
+ test 0 -eq 0
++ grep -c '^SKIP:' stdout
+ test 0 -eq 0
++ grep -c '^FAIL:' stdout
+ test 1 -eq 1
++ grep -c '^XPASS:' stdout
+ test 0 -eq 0
++ grep -c '^ERROR:' stdout
+ test 1 -eq 1
+ grep '^# TOTAL:  *3$' stdout
# TOTAL: 3
+ grep '^# PASS:  *1$' stdout
# PASS:  1
+ grep '^# XFAIL:  *0$' stdout
# XFAIL: 0
+ grep '^# SKIP:  *0$' stdout
# SKIP:  0
+ grep '^# FAIL:  *1$' stdout
# FAIL:  1
+ grep '^# XPASS:  *0$' stdout
# XPASS: 0
+ grep '^# ERROR:  *1$' stdout
# ERROR: 1
+ test 0 -eq 0
+ test -f test-suite.log
+ cat test-suite.log
=================================================
   parallel-tests-basics 1.0: ./test-suite.log
=================================================

# TOTAL: 3
# PASS:  1
# SKIP:  0
# XFAIL: 0
# FAIL:  1
# XPASS: 0
# ERROR: 1

.. contents:: :depth: 2

ERROR: bar
==========

this is ./bar.test
ERROR bar.test (exit status: 99)

FAIL: baz
=========

this is ./baz.test
FAIL baz.test (exit status: 1)

++ grep -c '^FAIL:' test-suite.log
+ test 1 -eq 1
++ grep -c '^ERROR:' test-suite.log
+ test 1 -eq 1
+ /bin/grep -E '^(X?PASS|XFAIL|SKIP)' test-suite.log
+ test -f baz.log
+ test -f bar.log
+ test -f foo.log
+ make clean
test -z "foo.log bar.log baz.log" || rm -f foo.log bar.log baz.log
test -z "foo.trs bar.trs baz.trs" || rm -f foo.trs bar.trs baz.trs
test -z "test-suite.log" || rm -f test-suite.log
+ test '!' -e baz.log
+ test '!' -e bar.log
+ test '!' -e foo.log
+ test '!' -e test-suite.log
+ run_make -O -e FAIL TESTS=bar.test check
+ am__make_redirect_stdout=no
+ am__make_redirect_stderr=no
+ am__make_redirect_stdall=no
+ am__make_flags=
+ am__make_rc_exp=0
+ am_make_rc=0
+ test 5 -gt 0
+ case $1 in
+ am__make_redirect_stdout=yes
+ shift
+ test 4 -gt 0
+ case $1 in
+ am__make_rc_exp=FAIL
+ shift
+ shift
+ test 2 -gt 0
+ case $1 in
+ break
+ using_gmake
+ case $am__using_gmake in
+ return 0
+ :
+ test x '!=' x
+ : exec make TESTS=bar.test check
+ set +x
make[2]: *** [Makefile:475: test-suite.log] Error 1
make[1]: *** [Makefile:583: check-TESTS] Error 2
make: *** [Makefile:775: check-am] Error 2
+ am_make_rc=2
+ test 2 -eq 253
+ test no = yes
+ test yes = yes
+ cat stdout
make  check-TESTS
make[1]: Entering directory '/sources/automake-1.16.1/t/parallel-tests-basics.dir'
make[2]: Entering directory '/sources/automake-1.16.1/t/parallel-tests-basics.dir'
FAIL: baz.test
ERROR: bar.test
============================================================================
Testsuite summary for parallel-tests-basics 1.0
============================================================================
# TOTAL: 1
# PASS:  0
# SKIP:  0
# XFAIL: 0
# FAIL:  0
# XPASS: 0
# ERROR: 1
============================================================================
See ./test-suite.log
============================================================================
make[2]: Leaving directory '/sources/automake-1.16.1/t/parallel-tests-basics.dir'
make[1]: Leaving directory '/sources/automake-1.16.1/t/parallel-tests-basics.dir'
+ test no = yes
+ case $am__make_rc_exp in
+ test 2 -gt 0
+ grep '^FAIL: baz\.test$' stdout
FAIL: baz.test
+ grep '^ERROR: bar\.test$' stdout
ERROR: bar.test
+ test -f baz.log
+ test -f bar.log
+ test '!' -e foo.log
+ test -f test-suite.log
+ run_make -O -e FAIL check RECHECK_LOGS=
+ am__make_redirect_stdout=no
+ am__make_redirect_stderr=no
+ am__make_redirect_stdall=no
+ am__make_flags=
+ am__make_rc_exp=0
+ am_make_rc=0
+ test 5 -gt 0
+ case $1 in
+ am__make_redirect_stdout=yes
+ shift
+ test 4 -gt 0
+ case $1 in
+ am__make_rc_exp=FAIL
+ shift
+ shift
+ test 2 -gt 0
+ case $1 in
+ break
+ using_gmake
+ case $am__using_gmake in
+ return 0
+ :
+ test x '!=' x
+ : exec make check RECHECK_LOGS=
+ set +x
make[2]: *** [Makefile:475: test-suite.log] Error 1
make[1]: *** [Makefile:583: check-TESTS] Error 2
make: *** [Makefile:775: check-am] Error 2
+ am_make_rc=2
+ test 2 -eq 253
+ test no = yes
+ test yes = yes
+ cat stdout
make  check-TESTS
make[1]: Entering directory '/sources/automake-1.16.1/t/parallel-tests-basics.dir'
make[2]: Entering directory '/sources/automake-1.16.1/t/parallel-tests-basics.dir'
PASS: foo.test
============================================================================
Testsuite summary for parallel-tests-basics 1.0
============================================================================
# TOTAL: 3
# PASS:  1
# SKIP:  0
# XFAIL: 0
# FAIL:  1
# XPASS: 0
# ERROR: 1
============================================================================
See ./test-suite.log
============================================================================
make[2]: Leaving directory '/sources/automake-1.16.1/t/parallel-tests-basics.dir'
make[1]: Leaving directory '/sources/automake-1.16.1/t/parallel-tests-basics.dir'
+ test no = yes
+ case $am__make_rc_exp in
+ test 2 -gt 0
+ test -f foo.log
+ grep '^PASS: foo\.test$' stdout
PASS: foo.test
+ grep bar.test stdout
+ grep baz.test stdout
+ grep '^# PASS: *1$' stdout
# PASS:  1
+ grep '^# FAIL: *1$' stdout
# FAIL:  1
+ grep '^# ERROR: *1$' stdout
# ERROR: 1
+ run_make -O -e FAIL check RECHECK_LOGS=
+ am__make_redirect_stdout=no
+ am__make_redirect_stderr=no
+ am__make_redirect_stdall=no
+ am__make_flags=
+ am__make_rc_exp=0
+ am_make_rc=0
+ test 5 -gt 0
+ case $1 in
+ am__make_redirect_stdout=yes
+ shift
+ test 4 -gt 0
+ case $1 in
+ am__make_rc_exp=FAIL
+ shift
+ shift
+ test 2 -gt 0
+ case $1 in
+ break
+ using_gmake
+ case $am__using_gmake in
+ return 0
+ :
+ test x '!=' x
+ : exec make check RECHECK_LOGS=
+ set +x
make[2]: *** [Makefile:475: test-suite.log] Error 1
make[1]: *** [Makefile:583: check-TESTS] Error 2
make: *** [Makefile:775: check-am] Error 2
+ am_make_rc=2
+ test 2 -eq 253
+ test no = yes
+ test yes = yes
+ cat stdout
make  check-TESTS
make[1]: Entering directory '/sources/automake-1.16.1/t/parallel-tests-basics.dir'
make[2]: Entering directory '/sources/automake-1.16.1/t/parallel-tests-basics.dir'
============================================================================
Testsuite summary for parallel-tests-basics 1.0
============================================================================
# TOTAL: 3
# PASS:  1
# SKIP:  0
# XFAIL: 0
# FAIL:  1
# XPASS: 0
# ERROR: 1
============================================================================
See ./test-suite.log
============================================================================
make[2]: Leaving directory '/sources/automake-1.16.1/t/parallel-tests-basics.dir'
make[1]: Leaving directory '/sources/automake-1.16.1/t/parallel-tests-basics.dir'
+ test no = yes
+ case $am__make_rc_exp in
+ test 2 -gt 0
+ grep foo.test stdout
+ grep bar.test stdout
+ grep baz.test stdout
+ grep '^# PASS: *1$' stdout
# PASS:  1
+ grep '^# FAIL: *1$' stdout
# FAIL:  1
+ grep '^# ERROR: *1$' stdout
# ERROR: 1
+ run_make -O -e FAIL check RECHECK_LOGS=foo.log
+ am__make_redirect_stdout=no
+ am__make_redirect_stderr=no
+ am__make_redirect_stdall=no
+ am__make_flags=
+ am__make_rc_exp=0
+ am_make_rc=0
+ test 5 -gt 0
+ case $1 in
+ am__make_redirect_stdout=yes
+ shift
+ test 4 -gt 0
+ case $1 in
+ am__make_rc_exp=FAIL
+ shift
+ shift
+ test 2 -gt 0
+ case $1 in
+ break
+ using_gmake
+ case $am__using_gmake in
+ return 0
+ :
+ test x '!=' x
+ : exec make check RECHECK_LOGS=foo.log
+ set +x
make[2]: *** [Makefile:475: test-suite.log] Error 1
make[1]: *** [Makefile:583: check-TESTS] Error 2
make: *** [Makefile:775: check-am] Error 2
+ am_make_rc=2
+ test 2 -eq 253
+ test no = yes
+ test yes = yes
+ cat stdout
make  check-TESTS
make[1]: Entering directory '/sources/automake-1.16.1/t/parallel-tests-basics.dir'
make[2]: Entering directory '/sources/automake-1.16.1/t/parallel-tests-basics.dir'
PASS: foo.test
============================================================================
Testsuite summary for parallel-tests-basics 1.0
============================================================================
# TOTAL: 3
# PASS:  1
# SKIP:  0
# XFAIL: 0
# FAIL:  1
# XPASS: 0
# ERROR: 1
============================================================================
See ./test-suite.log
============================================================================
make[2]: Leaving directory '/sources/automake-1.16.1/t/parallel-tests-basics.dir'
make[1]: Leaving directory '/sources/automake-1.16.1/t/parallel-tests-basics.dir'
+ test no = yes
+ case $am__make_rc_exp in
+ test 2 -gt 0
+ grep foo.test stdout
PASS: foo.test
+ grep bar.test stdout
+ grep baz.test stdout
+ grep '^# PASS: *1$' stdout
# PASS:  1
+ grep '^# FAIL: *1$' stdout
# FAIL:  1
+ grep '^# ERROR: *1$' stdout
# ERROR: 1
+ make clean
test -z "foo.log bar.log baz.log" || rm -f foo.log bar.log baz.log
test -z "foo.trs bar.trs baz.trs" || rm -f foo.trs bar.trs baz.trs
test -z "test-suite.log" || rm -f test-suite.log
+ run_make -O -e FAIL TEST_LOGS=baz.log check
+ am__make_redirect_stdout=no
+ am__make_redirect_stderr=no
+ am__make_redirect_stdall=no
+ am__make_flags=
+ am__make_rc_exp=0
+ am_make_rc=0
+ test 5 -gt 0
+ case $1 in
+ am__make_redirect_stdout=yes
+ shift
+ test 4 -gt 0
+ case $1 in
+ am__make_rc_exp=FAIL
+ shift
+ shift
+ test 2 -gt 0
+ case $1 in
+ break
+ using_gmake
+ case $am__using_gmake in
+ return 0
+ :
+ test x '!=' x
+ : exec make TEST_LOGS=baz.log check
+ set +x
make[2]: *** [Makefile:475: test-suite.log] Error 1
make[1]: *** [Makefile:583: check-TESTS] Error 2
make: *** [Makefile:775: check-am] Error 2
+ am_make_rc=2
+ test 2 -eq 253
+ test no = yes
+ test yes = yes
+ cat stdout
make  check-TESTS
make[1]: Entering directory '/sources/automake-1.16.1/t/parallel-tests-basics.dir'
make[2]: Entering directory '/sources/automake-1.16.1/t/parallel-tests-basics.dir'
FAIL: baz.test
============================================================================
Testsuite summary for parallel-tests-basics 1.0
============================================================================
# TOTAL: 1
# PASS:  0
# SKIP:  0
# XFAIL: 0
# FAIL:  1
# XPASS: 0
# ERROR: 0
============================================================================
See ./test-suite.log
============================================================================
make[2]: Leaving directory '/sources/automake-1.16.1/t/parallel-tests-basics.dir'
make[1]: Leaving directory '/sources/automake-1.16.1/t/parallel-tests-basics.dir'
+ test no = yes
+ case $am__make_rc_exp in
+ test 2 -gt 0
+ grep foo.test stdout
+ grep bar.test stdout
+ grep baz.test stdout
FAIL: baz.test
+ make clean
test -z "foo.log bar.log baz.log" || rm -f foo.log bar.log baz.log
test -z "foo.trs bar.trs baz.trs" || rm -f foo.trs bar.trs baz.trs
test -z "test-suite.log" || rm -f test-suite.log
+ run_make -O -e FAIL TESTS=baz.test check
+ am__make_redirect_stdout=no
+ am__make_redirect_stderr=no
+ am__make_redirect_stdall=no
+ am__make_flags=
+ am__make_rc_exp=0
+ am_make_rc=0
+ test 5 -gt 0
+ case $1 in
+ am__make_redirect_stdout=yes
+ shift
+ test 4 -gt 0
+ case $1 in
+ am__make_rc_exp=FAIL
+ shift
+ shift
+ test 2 -gt 0
+ case $1 in
+ break
+ using_gmake
+ case $am__using_gmake in
+ return 0
+ :
+ test x '!=' x
+ : exec make TESTS=baz.test check
+ set +x
make[2]: *** [Makefile:475: test-suite.log] Error 1
make[1]: *** [Makefile:583: check-TESTS] Error 2
make: *** [Makefile:775: check-am] Error 2
+ am_make_rc=2
+ test 2 -eq 253
+ test no = yes
+ test yes = yes
+ cat stdout
make  check-TESTS
make[1]: Entering directory '/sources/automake-1.16.1/t/parallel-tests-basics.dir'
make[2]: Entering directory '/sources/automake-1.16.1/t/parallel-tests-basics.dir'
FAIL: baz.test
============================================================================
Testsuite summary for parallel-tests-basics 1.0
============================================================================
# TOTAL: 1
# PASS:  0
# SKIP:  0
# XFAIL: 0
# FAIL:  1
# XPASS: 0
# ERROR: 0
============================================================================
See ./test-suite.log
============================================================================
make[2]: Leaving directory '/sources/automake-1.16.1/t/parallel-tests-basics.dir'
make[1]: Leaving directory '/sources/automake-1.16.1/t/parallel-tests-basics.dir'
+ test no = yes
+ case $am__make_rc_exp in
+ test 2 -gt 0
+ grep foo.test stdout
+ grep bar.test stdout
+ grep baz.test stdout
FAIL: baz.test
+ :
+ am_exit_trap 0
+ exit_status=0
+ set +e
+ cd /sources/automake-1.16.1
+ test none = tap
+ case $am_explicit_skips in
+ test 0 -eq 0
+ am_keeping_testdirs
+ case $keep_testdirs in
+ return 1
+ rm_rf_ t/parallel-tests-basics.dir
+ test 1 -gt 0
+ /usr/bin/perl /sources/automake-1.16.1/t/ax/deltree.pl t/parallel-tests-basics.dir
+ set +x
PASS t/parallel-tests-basics.sh (exit status: 0)
