Running from installcheck: no
Test Protocol: none
PATH = /sources/automake-1.16.1/bin:/sources/automake-1.16.1/t/ax:/bin:/usr/bin:/sbin:/usr/sbin:/tools/bin
++ pwd
/sources/automake-1.16.1/t/parallel-tests-log-override-recheck.dir
+ cat
+ cat
+ cat
+ cat
+ cat
+ chmod a+x barbar.test bazbaz.test foofoo.test
+ unset BAZ_EXIT_STATUS
+ aclocal-1.16 -Werror
+ autoconf
+ automake-1.16 --foreign -Werror -Wall -a
parallel-tests: installing './test-driver'
+ ./configure
checking for a BSD-compatible install... /usr/bin/install -c
checking whether build environment is sane... yes
checking for a thread-safe mkdir -p... /tools/bin/mkdir -p
checking for gawk... gawk
checking whether make sets $(MAKE)... yes
checking whether make supports nested variables... yes
checking that generated files are newer than configure... done
configure: creating ./config.status
config.status: creating Makefile
+ run_make -O -e FAIL check
+ am__make_redirect_stdout=no
+ am__make_redirect_stderr=no
+ am__make_redirect_stdall=no
+ am__make_flags=
+ am__make_rc_exp=0
+ am_make_rc=0
+ test 4 -gt 0
+ case $1 in
+ am__make_redirect_stdout=yes
+ shift
+ test 3 -gt 0
+ case $1 in
+ am__make_rc_exp=FAIL
+ shift
+ shift
+ test 1 -gt 0
+ case $1 in
+ break
+ using_gmake
+ case $am__using_gmake in
+ make --version -v
+ grep GNU
GNU Make 4.2.1
License GPLv3+: GNU GPL version 3 or later <http://gnu.org/licenses/gpl.html>
+ am__using_gmake=yes
+ return 0
+ :
+ test x '!=' x
+ : exec make check
+ set +x
make[2]: *** [Makefile:474: test-suite.log] Error 1
make[1]: *** [Makefile:582: check-TESTS] Error 2
make: *** [Makefile:774: check-am] Error 2
+ am_make_rc=2
+ test 2 -eq 253
+ test no = yes
+ test yes = yes
+ cat stdout
make  check-TESTS
make[1]: Entering directory '/sources/automake-1.16.1/t/parallel-tests-log-override-recheck.dir'
make[2]: Entering directory '/sources/automake-1.16.1/t/parallel-tests-log-override-recheck.dir'
PASS: foofoo.test
ERROR: barbar.test
FAIL: bazbaz.test
============================================================================
Testsuite summary for parallel-tests-log-override-recheck 1.0
============================================================================
# TOTAL: 3
# PASS:  1
# SKIP:  0
# XFAIL: 0
# FAIL:  1
# XPASS: 0
# ERROR: 1
============================================================================
See ./test-suite.log
============================================================================
make[2]: Leaving directory '/sources/automake-1.16.1/t/parallel-tests-log-override-recheck.dir'
make[1]: Leaving directory '/sources/automake-1.16.1/t/parallel-tests-log-override-recheck.dir'
+ test no = yes
+ case $am__make_rc_exp in
+ test 2 -gt 0
+ using_gmake
+ case $am__using_gmake in
+ return 0
+ chmod a-rw test-suite.log
+ run_make -O -e FAIL TEST_SUITE_LOG=my.log recheck
+ am__make_redirect_stdout=no
+ am__make_redirect_stderr=no
+ am__make_redirect_stdall=no
+ am__make_flags=
+ am__make_rc_exp=0
+ am_make_rc=0
+ test 5 -gt 0
+ case $1 in
+ am__make_redirect_stdout=yes
+ shift
+ test 4 -gt 0
+ case $1 in
+ am__make_rc_exp=FAIL
+ shift
+ shift
+ test 2 -gt 0
+ case $1 in
+ break
+ using_gmake
+ case $am__using_gmake in
+ return 0
+ :
+ test x '!=' x
+ : exec make TEST_SUITE_LOG=my.log recheck
+ set +x
make[1]: *** [Makefile:474: my.log] Error 1
make: *** [Makefile:590: recheck] Error 2
+ am_make_rc=2
+ test 2 -eq 253
+ test no = yes
+ test yes = yes
+ cat stdout
make[1]: Entering directory '/sources/automake-1.16.1/t/parallel-tests-log-override-recheck.dir'
ERROR: barbar.test
FAIL: bazbaz.test
============================================================================
Testsuite summary for parallel-tests-log-override-recheck 1.0
============================================================================
# TOTAL: 2
# PASS:  0
# SKIP:  0
# XFAIL: 0
# FAIL:  1
# XPASS: 0
# ERROR: 1
============================================================================
See ./my.log
============================================================================
make[1]: Leaving directory '/sources/automake-1.16.1/t/parallel-tests-log-override-recheck.dir'
+ test no = yes
+ case $am__make_rc_exp in
+ test 2 -gt 0
+ ls -l
total 348
-rw-r--r-- 1 root root  30761 Nov 27 06:44 Makefile
-rw-r--r-- 1 root root     44 Nov 27 06:44 Makefile.am
-rw-r--r-- 1 root root  29686 Nov 27 06:44 Makefile.in
-rw-r--r-- 1 root root  27316 Nov 27 06:44 aclocal.m4
drwxr-xr-x 2 root root   4096 Nov 27 06:44 autom4te.cache
-rw-r--r-- 1 root root     58 Nov 27 06:44 barbar.log
-rwxr-xr-x 1 root root     37 Nov 27 06:44 barbar.test
-rw-r--r-- 1 root root     86 Nov 27 06:44 barbar.trs
-rw-r--r-- 1 root root     56 Nov 27 06:44 bazbaz.log
-rwxr-xr-x 1 root root     55 Nov 27 06:44 bazbaz.test
-rw-r--r-- 1 root root     84 Nov 27 06:44 bazbaz.trs
-rwxr-xr-x 1 root root   7383 Nov 27 06:44 compile
-rw-r--r-- 1 root root   5424 Nov 27 06:44 config.log
-rwxr-xr-x 1 root root  25814 Nov 27 06:44 config.status
-rwxr-xr-x 1 root root 104424 Nov 27 06:44 configure
-rw-r--r-- 1 root root    109 Nov 27 06:44 configure.ac
-rwxr-xr-x 1 root root  23568 Nov 27 06:44 depcomp
-rw-r--r-- 1 root root     56 Nov 27 06:44 foofoo.log
-rwxr-xr-x 1 root root     36 Nov 27 06:44 foofoo.test
-rw-r--r-- 1 root root     82 Nov 27 06:44 foofoo.trs
-rwxr-xr-x 1 root root  15368 Nov 27 06:44 install-sh
-rwxr-xr-x 1 root root   6878 Nov 27 06:44 missing
-rw-r--r-- 1 root root    441 Nov 27 06:44 my.log
-rw-r--r-- 1 root root    690 Nov 27 06:44 stdout
lrwxrwxrwx 1 root root     40 Nov 27 06:44 test-driver -> /sources/automake-1.16.1/lib/test-driver
---------- 1 root root    465 Nov 27 06:44 test-suite.log
+ filter_stdout
+ grep -v 'bases=.*;' stdout
+ mv -f t stdout
+ count_test_results total=2 pass=0 fail=1 skip=0 xfail=0 xpass=0 error=1
+ total=ERR
+ pass=ERR
+ fail=ERR
+ xpass=ERR
+ xfail=ERR
+ skip=ERR
+ error=ERR
+ eval total=2 pass=0 fail=1 skip=0 xfail=0 xpass=0 error=1
++ total=2
++ pass=0
++ fail=1
++ skip=0
++ xfail=0
++ xpass=0
++ error=1
+ /bin/grep -E -i '(total|x?pass|x?fail|skip|error)' stdout
ERROR: barbar.test
FAIL: bazbaz.test
# TOTAL: 2
# PASS:  0
# SKIP:  0
# XFAIL: 0
# FAIL:  1
# XPASS: 0
# ERROR: 1
+ rc=0
+ set +e
++ grep -c '^PASS:' stdout
+ test 0 -eq 0
++ grep -c '^XFAIL:' stdout
+ test 0 -eq 0
++ grep -c '^SKIP:' stdout
+ test 0 -eq 0
++ grep -c '^FAIL:' stdout
+ test 1 -eq 1
++ grep -c '^XPASS:' stdout
+ test 0 -eq 0
++ grep -c '^ERROR:' stdout
+ test 1 -eq 1
+ grep '^# TOTAL:  *2$' stdout
# TOTAL: 2
+ grep '^# PASS:  *0$' stdout
# PASS:  0
+ grep '^# XFAIL:  *0$' stdout
# XFAIL: 0
+ grep '^# SKIP:  *0$' stdout
# SKIP:  0
+ grep '^# FAIL:  *1$' stdout
# FAIL:  1
+ grep '^# XPASS:  *0$' stdout
# XPASS: 0
+ grep '^# ERROR:  *1$' stdout
# ERROR: 1
+ test 0 -eq 0
+ for x in stdout my.log
+ /bin/grep -F foofoo stdout
+ /bin/grep -F barbar stdout
ERROR: barbar.test
+ /bin/grep -F bazbaz stdout
FAIL: bazbaz.test
+ for x in stdout my.log
+ /bin/grep -F foofoo my.log
+ /bin/grep -F barbar my.log
ERROR: barbar
this is ./barbar.test
ERROR barbar.test (exit status: 99)
+ /bin/grep -F bazbaz my.log
FAIL: bazbaz
this is ./bazbaz.test
FAIL bazbaz.test (exit status: 1)
+ using_gmake
+ case $am__using_gmake in
+ return 0
+ chmod a-rw my.log
+ run_make -O -e FAIL BAZ_EXIT_STATUS=0 TEST_SUITE_LOG=my2.log recheck
+ am__make_redirect_stdout=no
+ am__make_redirect_stderr=no
+ am__make_redirect_stdall=no
+ am__make_flags=
+ am__make_rc_exp=0
+ am_make_rc=0
+ test 6 -gt 0
+ case $1 in
+ am__make_redirect_stdout=yes
+ shift
+ test 5 -gt 0
+ case $1 in
+ am__make_rc_exp=FAIL
+ shift
+ shift
+ test 3 -gt 0
+ case $1 in
+ break
+ using_gmake
+ case $am__using_gmake in
+ return 0
+ :
+ test x '!=' x
+ : exec make BAZ_EXIT_STATUS=0 TEST_SUITE_LOG=my2.log recheck
+ set +x
make[1]: *** [Makefile:474: my2.log] Error 1
make: *** [Makefile:590: recheck] Error 2
+ am_make_rc=2
+ test 2 -eq 253
+ test no = yes
+ test yes = yes
+ cat stdout
make[1]: Entering directory '/sources/automake-1.16.1/t/parallel-tests-log-override-recheck.dir'
ERROR: barbar.test
PASS: bazbaz.test
============================================================================
Testsuite summary for parallel-tests-log-override-recheck 1.0
============================================================================
# TOTAL: 2
# PASS:  1
# SKIP:  0
# XFAIL: 0
# FAIL:  0
# XPASS: 0
# ERROR: 1
============================================================================
See ./my2.log
============================================================================
make[1]: Leaving directory '/sources/automake-1.16.1/t/parallel-tests-log-override-recheck.dir'
+ test no = yes
+ case $am__make_rc_exp in
+ test 2 -gt 0
+ ls -l
total 352
-rw-r--r-- 1 root root  30761 Nov 27 06:44 Makefile
-rw-r--r-- 1 root root     44 Nov 27 06:44 Makefile.am
-rw-r--r-- 1 root root  29686 Nov 27 06:44 Makefile.in
-rw-r--r-- 1 root root  27316 Nov 27 06:44 aclocal.m4
drwxr-xr-x 2 root root   4096 Nov 27 06:44 autom4te.cache
-rw-r--r-- 1 root root     58 Nov 27 06:44 barbar.log
-rwxr-xr-x 1 root root     37 Nov 27 06:44 barbar.test
-rw-r--r-- 1 root root     86 Nov 27 06:44 barbar.trs
-rw-r--r-- 1 root root     56 Nov 27 06:44 bazbaz.log
-rwxr-xr-x 1 root root     55 Nov 27 06:44 bazbaz.test
-rw-r--r-- 1 root root     82 Nov 27 06:44 bazbaz.trs
-rwxr-xr-x 1 root root   7383 Nov 27 06:44 compile
-rw-r--r-- 1 root root   5424 Nov 27 06:44 config.log
-rwxr-xr-x 1 root root  25814 Nov 27 06:44 config.status
-rwxr-xr-x 1 root root 104424 Nov 27 06:44 configure
-rw-r--r-- 1 root root    109 Nov 27 06:44 configure.ac
-rwxr-xr-x 1 root root  23568 Nov 27 06:44 depcomp
-rw-r--r-- 1 root root     56 Nov 27 06:44 foofoo.log
-rwxr-xr-x 1 root root     36 Nov 27 06:44 foofoo.test
-rw-r--r-- 1 root root     82 Nov 27 06:44 foofoo.trs
-rwxr-xr-x 1 root root  15368 Nov 27 06:44 install-sh
-rwxr-xr-x 1 root root   6878 Nov 27 06:44 missing
---------- 1 root root    441 Nov 27 06:44 my.log
-rw-r--r-- 1 root root    360 Nov 27 06:44 my2.log
-rw-r--r-- 1 root root    691 Nov 27 06:44 stdout
lrwxrwxrwx 1 root root     40 Nov 27 06:44 test-driver -> /sources/automake-1.16.1/lib/test-driver
---------- 1 root root    465 Nov 27 06:44 test-suite.log
+ count_test_results total=2 pass=1 fail=0 skip=0 xfail=0 xpass=0 error=1
+ total=ERR
+ pass=ERR
+ fail=ERR
+ xpass=ERR
+ xfail=ERR
+ skip=ERR
+ error=ERR
+ eval total=2 pass=1 fail=0 skip=0 xfail=0 xpass=0 error=1
++ total=2
++ pass=1
++ fail=0
++ skip=0
++ xfail=0
++ xpass=0
++ error=1
+ /bin/grep -E -i '(total|x?pass|x?fail|skip|error)' stdout
ERROR: barbar.test
PASS: bazbaz.test
# TOTAL: 2
# PASS:  1
# SKIP:  0
# XFAIL: 0
# FAIL:  0
# XPASS: 0
# ERROR: 1
+ rc=0
+ set +e
++ grep -c '^PASS:' stdout
+ test 1 -eq 1
++ grep -c '^XFAIL:' stdout
+ test 0 -eq 0
++ grep -c '^SKIP:' stdout
+ test 0 -eq 0
++ grep -c '^FAIL:' stdout
+ test 0 -eq 0
++ grep -c '^XPASS:' stdout
+ test 0 -eq 0
++ grep -c '^ERROR:' stdout
+ test 1 -eq 1
+ grep '^# TOTAL:  *2$' stdout
# TOTAL: 2
+ grep '^# PASS:  *1$' stdout
# PASS:  1
+ grep '^# XFAIL:  *0$' stdout
# XFAIL: 0
+ grep '^# SKIP:  *0$' stdout
# SKIP:  0
+ grep '^# FAIL:  *0$' stdout
# FAIL:  0
+ grep '^# XPASS:  *0$' stdout
# XPASS: 0
+ grep '^# ERROR:  *1$' stdout
# ERROR: 1
+ test 0 -eq 0
+ filter_stdout
+ grep -v 'bases=.*;' stdout
+ mv -f t stdout
+ /bin/grep -F foofoo stdout
+ /bin/grep -F barbar stdout
ERROR: barbar.test
+ /bin/grep -F bazbaz stdout
PASS: bazbaz.test
+ /bin/grep -F foofoo my2.log
+ /bin/grep -F barbar my2.log
ERROR: barbar
this is ./barbar.test
ERROR barbar.test (exit status: 99)
+ /bin/grep -F bazbaz my2.log
+ chmod u+r test-suite.log my.log
+ /bin/grep -F bazbaz test-suite.log
FAIL: bazbaz
this is ./bazbaz.test
FAIL bazbaz.test (exit status: 1)
+ /bin/grep -F bazbaz my.log
FAIL: bazbaz
this is ./bazbaz.test
FAIL bazbaz.test (exit status: 1)
+ :
+ am_exit_trap 0
+ exit_status=0
+ set +e
+ cd /sources/automake-1.16.1
+ test none = tap
+ case $am_explicit_skips in
+ test 0 -eq 0
+ am_keeping_testdirs
+ case $keep_testdirs in
+ return 1
+ rm_rf_ t/parallel-tests-log-override-recheck.dir
+ test 1 -gt 0
+ /usr/bin/perl /sources/automake-1.16.1/t/ax/deltree.pl t/parallel-tests-log-override-recheck.dir
+ set +x
PASS t/parallel-tests-log-override-recheck.sh (exit status: 0)
