Running from installcheck: no
Test Protocol: none
PATH = /sources/automake-1.16.1/bin:/sources/automake-1.16.1/t/ax:/bin:/usr/bin:/sbin:/usr/sbin:/tools/bin
++ pwd
/sources/automake-1.16.1/t/parallel-tests-recheck-pr11791.dir
+ cat
+ cat
+ echo 'int main (void) { return 1; }'
+ aclocal-1.16 -Werror
+ autoconf
+ automake-1.16 --foreign -Werror -Wall -a
parallel-tests: installing './test-driver'
+ ./configure
checking for a BSD-compatible install... /usr/bin/install -c
checking whether build environment is sane... yes
checking for a thread-safe mkdir -p... /tools/bin/mkdir -p
checking for gawk... gawk
checking whether make sets $(MAKE)... yes
checking whether make supports nested variables... yes
checking for gcc... cc
checking whether the C compiler works... yes
checking for C compiler default output file name... a.out
checking for suffix of executables... 
checking whether we are cross compiling... no
checking for suffix of object files... o
checking whether we are using the GNU C compiler... yes
checking whether cc accepts -g... yes
checking for cc option to accept ISO C89... none needed
checking whether cc understands -c and -o together... yes
checking whether make supports the include directive... yes (GNU style)
checking dependency style of cc... gcc3
checking that generated files are newer than configure... done
configure: creating ./config.status
config.status: creating Makefile
config.status: executing depfiles commands
+ run_make -O -e FAIL check
+ am__make_redirect_stdout=no
+ am__make_redirect_stderr=no
+ am__make_redirect_stdall=no
+ am__make_flags=
+ am__make_rc_exp=0
+ am_make_rc=0
+ test 4 -gt 0
+ case $1 in
+ am__make_redirect_stdout=yes
+ shift
+ test 3 -gt 0
+ case $1 in
+ am__make_rc_exp=FAIL
+ shift
+ shift
+ test 1 -gt 0
+ case $1 in
+ break
+ using_gmake
+ case $am__using_gmake in
+ make --version -v
+ grep GNU
GNU Make 4.2.1
License GPLv3+: GNU GPL version 3 or later <http://gnu.org/licenses/gpl.html>
+ am__using_gmake=yes
+ return 0
+ :
+ test x '!=' x
+ : exec make check
+ set +x
make[2]: *** [Makefile:613: test-suite.log] Error 1
make[1]: *** [Makefile:721: check-TESTS] Error 2
make: *** [Makefile:927: check-am] Error 2
+ am_make_rc=2
+ test 2 -eq 253
+ test no = yes
+ test yes = yes
+ cat stdout
make  check-TESTS
make[1]: Entering directory '/sources/automake-1.16.1/t/parallel-tests-recheck-pr11791.dir'
make[2]: Entering directory '/sources/automake-1.16.1/t/parallel-tests-recheck-pr11791.dir'
cc -DPACKAGE_NAME=\"parallel-tests-recheck-pr11791\" -DPACKAGE_TARNAME=\"parallel-tests-recheck-pr11791\" -DPACKAGE_VERSION=\"1.0\" -DPACKAGE_STRING=\"parallel-tests-recheck-pr11791\ 1.0\" -DPACKAGE_BUGREPORT=\"\" -DPACKAGE_URL=\"\" -DPACKAGE=\"parallel-tests-recheck-pr11791\" -DVERSION=\"1.0\" -I.     -g -O2 -MT foo.o -MD -MP -MF .deps/foo.Tpo -c -o foo.o foo.c
mv -f .deps/foo.Tpo .deps/foo.Po
cc  -g -O2   -o foo foo.o  
FAIL: foo
============================================================================
Testsuite summary for parallel-tests-recheck-pr11791 1.0
============================================================================
# TOTAL: 1
# PASS:  0
# SKIP:  0
# XFAIL: 0
# FAIL:  1
# XPASS: 0
# ERROR: 0
============================================================================
See ./test-suite.log
============================================================================
make[2]: Leaving directory '/sources/automake-1.16.1/t/parallel-tests-recheck-pr11791.dir'
make[1]: Leaving directory '/sources/automake-1.16.1/t/parallel-tests-recheck-pr11791.dir'
+ test no = yes
+ case $am__make_rc_exp in
+ test 2 -gt 0
+ count_test_results total=1 pass=0 fail=1 xpass=0 xfail=0 skip=0 error=0
+ total=ERR
+ pass=ERR
+ fail=ERR
+ xpass=ERR
+ xfail=ERR
+ skip=ERR
+ error=ERR
+ eval total=1 pass=0 fail=1 xpass=0 xfail=0 skip=0 error=0
++ total=1
++ pass=0
++ fail=1
++ xpass=0
++ xfail=0
++ skip=0
++ error=0
+ /bin/grep -E -i '(total|x?pass|x?fail|skip|error)' stdout
FAIL: foo
# TOTAL: 1
# PASS:  0
# SKIP:  0
# XFAIL: 0
# FAIL:  1
# XPASS: 0
# ERROR: 0
+ rc=0
+ set +e
++ grep -c '^PASS:' stdout
+ test 0 -eq 0
++ grep -c '^XFAIL:' stdout
+ test 0 -eq 0
++ grep -c '^SKIP:' stdout
+ test 0 -eq 0
++ grep -c '^FAIL:' stdout
+ test 1 -eq 1
++ grep -c '^XPASS:' stdout
+ test 0 -eq 0
++ grep -c '^ERROR:' stdout
+ test 0 -eq 0
+ grep '^# TOTAL:  *1$' stdout
# TOTAL: 1
+ grep '^# PASS:  *0$' stdout
# PASS:  0
+ grep '^# XFAIL:  *0$' stdout
# XFAIL: 0
+ grep '^# SKIP:  *0$' stdout
# SKIP:  0
+ grep '^# FAIL:  *1$' stdout
# FAIL:  1
+ grep '^# XPASS:  *0$' stdout
# XPASS: 0
+ grep '^# ERROR:  *0$' stdout
# ERROR: 0
+ test 0 -eq 0
+ using_gmake
+ case $am__using_gmake in
+ return 0
+ run_make -O -e IGNORE -- -k recheck
+ am__make_redirect_stdout=no
+ am__make_redirect_stderr=no
+ am__make_redirect_stdall=no
+ am__make_flags=
+ am__make_rc_exp=0
+ am_make_rc=0
+ test 6 -gt 0
+ case $1 in
+ am__make_redirect_stdout=yes
+ shift
+ test 5 -gt 0
+ case $1 in
+ am__make_rc_exp=IGNORE
+ shift
+ shift
+ test 3 -gt 0
+ case $1 in
+ shift
+ break
+ using_gmake
+ case $am__using_gmake in
+ return 0
+ :
+ test x '!=' x
+ : exec make -k recheck
+ set +x
make[1]: *** [Makefile:613: test-suite.log] Error 1
make: *** [Makefile:729: recheck] Error 2
+ am_make_rc=2
+ test 2 -eq 253
+ test no = yes
+ test yes = yes
+ cat stdout
make[1]: Entering directory '/sources/automake-1.16.1/t/parallel-tests-recheck-pr11791.dir'
FAIL: foo
============================================================================
Testsuite summary for parallel-tests-recheck-pr11791 1.0
============================================================================
# TOTAL: 1
# PASS:  0
# SKIP:  0
# XFAIL: 0
# FAIL:  1
# XPASS: 0
# ERROR: 0
============================================================================
See ./test-suite.log
============================================================================
make[1]: Leaving directory '/sources/automake-1.16.1/t/parallel-tests-recheck-pr11791.dir'
+ test no = yes
+ case $am__make_rc_exp in
+ : Ignore exit status
+ using_gmake
+ case $am__using_gmake in
+ return 0
+ test 2 -gt 0
+ count_test_results total=1 pass=0 fail=1 xpass=0 xfail=0 skip=0 error=0
+ total=ERR
+ pass=ERR
+ fail=ERR
+ xpass=ERR
+ xfail=ERR
+ skip=ERR
+ error=ERR
+ eval total=1 pass=0 fail=1 xpass=0 xfail=0 skip=0 error=0
++ total=1
++ pass=0
++ fail=1
++ xpass=0
++ xfail=0
++ skip=0
++ error=0
+ /bin/grep -E -i '(total|x?pass|x?fail|skip|error)' stdout
FAIL: foo
# TOTAL: 1
# PASS:  0
# SKIP:  0
# XFAIL: 0
# FAIL:  1
# XPASS: 0
# ERROR: 0
+ rc=0
+ set +e
++ grep -c '^PASS:' stdout
+ test 0 -eq 0
++ grep -c '^XFAIL:' stdout
+ test 0 -eq 0
++ grep -c '^SKIP:' stdout
+ test 0 -eq 0
++ grep -c '^FAIL:' stdout
+ test 1 -eq 1
++ grep -c '^XPASS:' stdout
+ test 0 -eq 0
++ grep -c '^ERROR:' stdout
+ test 0 -eq 0
+ grep '^# TOTAL:  *1$' stdout
# TOTAL: 1
+ grep '^# PASS:  *0$' stdout
# PASS:  0
+ grep '^# XFAIL:  *0$' stdout
# XFAIL: 0
+ grep '^# SKIP:  *0$' stdout
# SKIP:  0
+ grep '^# FAIL:  *1$' stdout
# FAIL:  1
+ grep '^# XPASS:  *0$' stdout
# XPASS: 0
+ grep '^# ERROR:  *0$' stdout
# ERROR: 0
+ test 0 -eq 0
+ sleep 2
+ echo choke me
+ run_make -O -e FAIL recheck
+ am__make_redirect_stdout=no
+ am__make_redirect_stderr=no
+ am__make_redirect_stdall=no
+ am__make_flags=
+ am__make_rc_exp=0
+ am_make_rc=0
+ test 4 -gt 0
+ case $1 in
+ am__make_redirect_stdout=yes
+ shift
+ test 3 -gt 0
+ case $1 in
+ am__make_rc_exp=FAIL
+ shift
+ shift
+ test 1 -gt 0
+ case $1 in
+ break
+ using_gmake
+ case $am__using_gmake in
+ return 0
+ :
+ test x '!=' x
+ : exec make recheck
+ set +x
foo.c:2:1: error: unknown type name 'choke'
 choke me
 ^~~~~
foo.c:2:1: error: expected '=', ',', ';', 'asm' or '__attribute__' at end of input
make[1]: *** [Makefile:525: foo.o] Error 1
make: *** [Makefile:729: recheck] Error 2
+ am_make_rc=2
+ test 2 -eq 253
+ test no = yes
+ test yes = yes
+ cat stdout
make[1]: Entering directory '/sources/automake-1.16.1/t/parallel-tests-recheck-pr11791.dir'
cc -DPACKAGE_NAME=\"parallel-tests-recheck-pr11791\" -DPACKAGE_TARNAME=\"parallel-tests-recheck-pr11791\" -DPACKAGE_VERSION=\"1.0\" -DPACKAGE_STRING=\"parallel-tests-recheck-pr11791\ 1.0\" -DPACKAGE_BUGREPORT=\"\" -DPACKAGE_URL=\"\" -DPACKAGE=\"parallel-tests-recheck-pr11791\" -DVERSION=\"1.0\" -I.     -g -O2 -MT foo.o -MD -MP -MF .deps/foo.Tpo -c -o foo.o foo.c
make[1]: Leaving directory '/sources/automake-1.16.1/t/parallel-tests-recheck-pr11791.dir'
+ test no = yes
+ case $am__make_rc_exp in
+ test 2 -gt 0
+ /bin/grep -E '(X?PASS|X?FAIL|SKIP|ERROR):' stdout
+ test -f foo.log
+ test -f foo.trs
+ using_gmake
+ case $am__using_gmake in
+ return 0
+ run_make -O -e IGNORE -- -k recheck
+ am__make_redirect_stdout=no
+ am__make_redirect_stderr=no
+ am__make_redirect_stdall=no
+ am__make_flags=
+ am__make_rc_exp=0
+ am_make_rc=0
+ test 6 -gt 0
+ case $1 in
+ am__make_redirect_stdout=yes
+ shift
+ test 5 -gt 0
+ case $1 in
+ am__make_rc_exp=IGNORE
+ shift
+ shift
+ test 3 -gt 0
+ case $1 in
+ shift
+ break
+ using_gmake
+ case $am__using_gmake in
+ return 0
+ :
+ test x '!=' x
+ : exec make -k recheck
+ set +x
foo.c:2:1: error: unknown type name 'choke'
 choke me
 ^~~~~
foo.c:2:1: error: expected '=', ',', ';', 'asm' or '__attribute__' at end of input
make[1]: *** [Makefile:525: foo.o] Error 1
make[1]: Target 'test-suite.log' not remade because of errors.
make: *** [Makefile:729: recheck] Error 2
+ am_make_rc=2
+ test 2 -eq 253
+ test no = yes
+ test yes = yes
+ cat stdout
make[1]: Entering directory '/sources/automake-1.16.1/t/parallel-tests-recheck-pr11791.dir'
cc -DPACKAGE_NAME=\"parallel-tests-recheck-pr11791\" -DPACKAGE_TARNAME=\"parallel-tests-recheck-pr11791\" -DPACKAGE_VERSION=\"1.0\" -DPACKAGE_STRING=\"parallel-tests-recheck-pr11791\ 1.0\" -DPACKAGE_BUGREPORT=\"\" -DPACKAGE_URL=\"\" -DPACKAGE=\"parallel-tests-recheck-pr11791\" -DVERSION=\"1.0\" -I.     -g -O2 -MT foo.o -MD -MP -MF .deps/foo.Tpo -c -o foo.o foo.c
make[1]: Leaving directory '/sources/automake-1.16.1/t/parallel-tests-recheck-pr11791.dir'
+ test no = yes
+ case $am__make_rc_exp in
+ : Ignore exit status
+ using_gmake
+ case $am__using_gmake in
+ return 0
+ test 2 -gt 0
+ /bin/grep -E '(X?PASS|X?FAIL|SKIP|ERROR):' stdout
+ test -f foo.log
+ test -f foo.trs
+ sleep 2
+ echo 'int main (void) { return 0; }'
+ run_make -O recheck
+ am__make_redirect_stdout=no
+ am__make_redirect_stderr=no
+ am__make_redirect_stdall=no
+ am__make_flags=
+ am__make_rc_exp=0
+ am_make_rc=0
+ test 2 -gt 0
+ case $1 in
+ am__make_redirect_stdout=yes
+ shift
+ test 1 -gt 0
+ case $1 in
+ break
+ using_gmake
+ case $am__using_gmake in
+ return 0
+ :
+ test x '!=' x
+ : exec make recheck
+ set +x
+ test 0 -eq 253
+ test no = yes
+ test yes = yes
+ cat stdout
make[1]: Entering directory '/sources/automake-1.16.1/t/parallel-tests-recheck-pr11791.dir'
cc -DPACKAGE_NAME=\"parallel-tests-recheck-pr11791\" -DPACKAGE_TARNAME=\"parallel-tests-recheck-pr11791\" -DPACKAGE_VERSION=\"1.0\" -DPACKAGE_STRING=\"parallel-tests-recheck-pr11791\ 1.0\" -DPACKAGE_BUGREPORT=\"\" -DPACKAGE_URL=\"\" -DPACKAGE=\"parallel-tests-recheck-pr11791\" -DVERSION=\"1.0\" -I.     -g -O2 -MT foo.o -MD -MP -MF .deps/foo.Tpo -c -o foo.o foo.c
mv -f .deps/foo.Tpo .deps/foo.Po
cc  -g -O2   -o foo foo.o  
PASS: foo
============================================================================
Testsuite summary for parallel-tests-recheck-pr11791 1.0
============================================================================
# TOTAL: 1
# PASS:  1
# SKIP:  0
# XFAIL: 0
# FAIL:  0
# XPASS: 0
# ERROR: 0
============================================================================
make[1]: Leaving directory '/sources/automake-1.16.1/t/parallel-tests-recheck-pr11791.dir'
+ test no = yes
+ case $am__make_rc_exp in
+ test 0 -ge 0
+ test 0 -le 255
+ test 0 -eq 0
+ count_test_results total=1 pass=1 fail=0 xpass=0 xfail=0 skip=0 error=0
+ total=ERR
+ pass=ERR
+ fail=ERR
+ xpass=ERR
+ xfail=ERR
+ skip=ERR
+ error=ERR
+ eval total=1 pass=1 fail=0 xpass=0 xfail=0 skip=0 error=0
++ total=1
++ pass=1
++ fail=0
++ xpass=0
++ xfail=0
++ skip=0
++ error=0
+ /bin/grep -E -i '(total|x?pass|x?fail|skip|error)' stdout
PASS: foo
# TOTAL: 1
# PASS:  1
# SKIP:  0
# XFAIL: 0
# FAIL:  0
# XPASS: 0
# ERROR: 0
+ rc=0
+ set +e
++ grep -c '^PASS:' stdout
+ test 1 -eq 1
++ grep -c '^XFAIL:' stdout
+ test 0 -eq 0
++ grep -c '^SKIP:' stdout
+ test 0 -eq 0
++ grep -c '^FAIL:' stdout
+ test 0 -eq 0
++ grep -c '^XPASS:' stdout
+ test 0 -eq 0
++ grep -c '^ERROR:' stdout
+ test 0 -eq 0
+ grep '^# TOTAL:  *1$' stdout
# TOTAL: 1
+ grep '^# PASS:  *1$' stdout
# PASS:  1
+ grep '^# XFAIL:  *0$' stdout
# XFAIL: 0
+ grep '^# SKIP:  *0$' stdout
# SKIP:  0
+ grep '^# FAIL:  *0$' stdout
# FAIL:  0
+ grep '^# XPASS:  *0$' stdout
# XPASS: 0
+ grep '^# ERROR:  *0$' stdout
# ERROR: 0
+ test 0 -eq 0
+ test -f foo.log
+ test -f foo.trs
+ run_make -O recheck
+ am__make_redirect_stdout=no
+ am__make_redirect_stderr=no
+ am__make_redirect_stdall=no
+ am__make_flags=
+ am__make_rc_exp=0
+ am_make_rc=0
+ test 2 -gt 0
+ case $1 in
+ am__make_redirect_stdout=yes
+ shift
+ test 1 -gt 0
+ case $1 in
+ break
+ using_gmake
+ case $am__using_gmake in
+ return 0
+ :
+ test x '!=' x
+ : exec make recheck
+ set +x
+ test 0 -eq 253
+ test no = yes
+ test yes = yes
+ cat stdout
make[1]: Entering directory '/sources/automake-1.16.1/t/parallel-tests-recheck-pr11791.dir'
============================================================================
Testsuite summary for parallel-tests-recheck-pr11791 1.0
============================================================================
# TOTAL: 0
# PASS:  0
# SKIP:  0
# XFAIL: 0
# FAIL:  0
# XPASS: 0
# ERROR: 0
============================================================================
make[1]: Leaving directory '/sources/automake-1.16.1/t/parallel-tests-recheck-pr11791.dir'
+ test no = yes
+ case $am__make_rc_exp in
+ test 0 -ge 0
+ test 0 -le 255
+ test 0 -eq 0
+ count_test_results total=0 pass=0 fail=0 xpass=0 xfail=0 skip=0 error=0
+ total=ERR
+ pass=ERR
+ fail=ERR
+ xpass=ERR
+ xfail=ERR
+ skip=ERR
+ error=ERR
+ eval total=0 pass=0 fail=0 xpass=0 xfail=0 skip=0 error=0
++ total=0
++ pass=0
++ fail=0
++ xpass=0
++ xfail=0
++ skip=0
++ error=0
+ /bin/grep -E -i '(total|x?pass|x?fail|skip|error)' stdout
# TOTAL: 0
# PASS:  0
# SKIP:  0
# XFAIL: 0
# FAIL:  0
# XPASS: 0
# ERROR: 0
+ rc=0
+ set +e
++ grep -c '^PASS:' stdout
+ test 0 -eq 0
++ grep -c '^XFAIL:' stdout
+ test 0 -eq 0
++ grep -c '^SKIP:' stdout
+ test 0 -eq 0
++ grep -c '^FAIL:' stdout
+ test 0 -eq 0
++ grep -c '^XPASS:' stdout
+ test 0 -eq 0
++ grep -c '^ERROR:' stdout
+ test 0 -eq 0
+ grep '^# TOTAL:  *0$' stdout
# TOTAL: 0
+ grep '^# PASS:  *0$' stdout
# PASS:  0
+ grep '^# XFAIL:  *0$' stdout
# XFAIL: 0
+ grep '^# SKIP:  *0$' stdout
# SKIP:  0
+ grep '^# FAIL:  *0$' stdout
# FAIL:  0
+ grep '^# XPASS:  *0$' stdout
# XPASS: 0
+ grep '^# ERROR:  *0$' stdout
# ERROR: 0
+ test 0 -eq 0
+ test -f foo.log
+ test -f foo.trs
+ :
+ am_exit_trap 0
+ exit_status=0
+ set +e
+ cd /sources/automake-1.16.1
+ test none = tap
+ case $am_explicit_skips in
+ test 0 -eq 0
+ am_keeping_testdirs
+ case $keep_testdirs in
+ return 1
+ rm_rf_ t/parallel-tests-recheck-pr11791.dir
+ test 1 -gt 0
+ /usr/bin/perl /sources/automake-1.16.1/t/ax/deltree.pl t/parallel-tests-recheck-pr11791.dir
+ set +x
PASS t/parallel-tests-recheck-pr11791.sh (exit status: 0)
