Running from installcheck: no
Test Protocol: none
PATH = /sources/automake-1.16.1/bin:/sources/automake-1.16.1/t/ax:/bin:/usr/bin:/sbin:/usr/sbin:/tools/bin
++ pwd
/sources/automake-1.16.1/t/parallel-tests-exit-status-reported.dir
+ echo AC_OUTPUT
+ echo XFAIL_TESTS = t3.test t00.test
+ echo TESTS = t00.test
+ for s in 0 1 2 3 5 77 78 99 100 126 127
+ echo 'TESTS += t0.test'
+ cat
+ for s in 0 1 2 3 5 77 78 99 100 126 127
+ echo 'TESTS += t1.test'
+ cat
+ for s in 0 1 2 3 5 77 78 99 100 126 127
+ echo 'TESTS += t2.test'
+ cat
+ for s in 0 1 2 3 5 77 78 99 100 126 127
+ echo 'TESTS += t3.test'
+ cat
+ for s in 0 1 2 3 5 77 78 99 100 126 127
+ echo 'TESTS += t5.test'
+ cat
+ for s in 0 1 2 3 5 77 78 99 100 126 127
+ echo 'TESTS += t77.test'
+ cat
+ for s in 0 1 2 3 5 77 78 99 100 126 127
+ echo 'TESTS += t78.test'
+ cat
+ for s in 0 1 2 3 5 77 78 99 100 126 127
+ echo 'TESTS += t99.test'
+ cat
+ for s in 0 1 2 3 5 77 78 99 100 126 127
+ echo 'TESTS += t100.test'
+ cat
+ for s in 0 1 2 3 5 77 78 99 100 126 127
+ echo 'TESTS += t126.test'
+ cat
+ for s in 0 1 2 3 5 77 78 99 100 126 127
+ echo 'TESTS += t127.test'
+ cat
+ cp t0.test t00.test
+ chmod a+x t0.test t00.test t1.test t100.test t126.test t127.test t2.test t3.test t5.test t77.test t78.test t99.test
+ aclocal-1.16 -Werror
+ autoconf
+ automake-1.16 --foreign -Werror -Wall -a
parallel-tests: installing './test-driver'
+ ./configure
checking for a BSD-compatible install... /usr/bin/install -c
checking whether build environment is sane... yes
checking for a thread-safe mkdir -p... /tools/bin/mkdir -p
checking for gawk... gawk
checking whether make sets $(MAKE)... yes
checking whether make supports nested variables... yes
checking that generated files are newer than configure... done
configure: creating ./config.status
config.status: creating Makefile
+ run_make -e FAIL check
+ am__make_redirect_stdout=no
+ am__make_redirect_stderr=no
+ am__make_redirect_stdall=no
+ am__make_flags=
+ am__make_rc_exp=0
+ am_make_rc=0
+ test 3 -gt 0
+ case $1 in
+ am__make_rc_exp=FAIL
+ shift
+ shift
+ test 1 -gt 0
+ case $1 in
+ break
+ using_gmake
+ case $am__using_gmake in
+ make --version -v
+ grep GNU
GNU Make 4.2.1
License GPLv3+: GNU GPL version 3 or later <http://gnu.org/licenses/gpl.html>
+ am__using_gmake=yes
+ return 0
+ :
+ test x '!=' x
+ : exec make check
+ set +x
make  check-TESTS
make[1]: Entering directory '/sources/automake-1.16.1/t/parallel-tests-exit-status-reported.dir'
make[2]: Entering directory '/sources/automake-1.16.1/t/parallel-tests-exit-status-reported.dir'
XPASS: t00.test
PASS: t0.test
FAIL: t1.test
FAIL: t2.test
XFAIL: t3.test
FAIL: t5.test
SKIP: t77.test
FAIL: t78.test
ERROR: t99.test
FAIL: t100.test
FAIL: t126.test
FAIL: t127.test
============================================================================
Testsuite summary for parallel-tests-exit-status-reported 1.0
============================================================================
# TOTAL: 12
# PASS:  1
# SKIP:  1
# XFAIL: 1
# FAIL:  7
# XPASS: 1
# ERROR: 1
============================================================================
See ./test-suite.log
============================================================================
make[2]: *** [Makefile:476: test-suite.log] Error 1
make[2]: Leaving directory '/sources/automake-1.16.1/t/parallel-tests-exit-status-reported.dir'
make[1]: *** [Makefile:584: check-TESTS] Error 2
make[1]: Leaving directory '/sources/automake-1.16.1/t/parallel-tests-exit-status-reported.dir'
make: *** [Makefile:776: check-am] Error 2
+ am_make_rc=2
+ test 2 -eq 253
+ test no = yes
+ test no = yes
+ test no = yes
+ case $am__make_rc_exp in
+ test 2 -gt 0
+ ls -l
total 448
-rw-r--r-- 1 root root  30865 Nov 27 06:44 Makefile
-rw-r--r-- 1 root root    244 Nov 27 06:44 Makefile.am
-rw-r--r-- 1 root root  29790 Nov 27 06:44 Makefile.in
-rw-r--r-- 1 root root  27316 Nov 27 06:44 aclocal.m4
drwxr-xr-x 2 root root   4096 Nov 27 06:44 autom4te.cache
-rwxr-xr-x 1 root root   7383 Nov 27 06:44 compile
-rw-r--r-- 1 root root   5424 Nov 27 06:44 config.log
-rwxr-xr-x 1 root root  25814 Nov 27 06:44 config.status
-rwxr-xr-x 1 root root 104424 Nov 27 06:44 configure
-rw-r--r-- 1 root root    109 Nov 27 06:44 configure.ac
-rwxr-xr-x 1 root root  23568 Nov 27 06:44 depcomp
-rwxr-xr-x 1 root root  15368 Nov 27 06:44 install-sh
-rwxr-xr-x 1 root root   6878 Nov 27 06:44 missing
-rw-r--r-- 1 root root     61 Nov 27 06:44 t0.log
-rwxr-xr-x 1 root root     70 Nov 27 06:44 t0.test
-rw-r--r-- 1 root root     82 Nov 27 06:44 t0.trs
-rw-r--r-- 1 root root     63 Nov 27 06:44 t00.log
-rwxr-xr-x 1 root root     70 Nov 27 06:44 t00.test
-rw-r--r-- 1 root root     86 Nov 27 06:44 t00.trs
-rw-r--r-- 1 root root     61 Nov 27 06:44 t1.log
-rwxr-xr-x 1 root root     70 Nov 27 06:44 t1.test
-rw-r--r-- 1 root root     84 Nov 27 06:44 t1.trs
-rw-r--r-- 1 root root     67 Nov 27 06:44 t100.log
-rwxr-xr-x 1 root root     74 Nov 27 06:44 t100.test
-rw-r--r-- 1 root root     84 Nov 27 06:44 t100.trs
-rw-r--r-- 1 root root     67 Nov 27 06:44 t126.log
-rwxr-xr-x 1 root root     74 Nov 27 06:44 t126.test
-rw-r--r-- 1 root root     84 Nov 27 06:44 t126.trs
-rw-r--r-- 1 root root     67 Nov 27 06:44 t127.log
-rwxr-xr-x 1 root root     74 Nov 27 06:44 t127.test
-rw-r--r-- 1 root root     84 Nov 27 06:44 t127.trs
-rw-r--r-- 1 root root     61 Nov 27 06:44 t2.log
-rwxr-xr-x 1 root root     70 Nov 27 06:44 t2.test
-rw-r--r-- 1 root root     84 Nov 27 06:44 t2.trs
-rw-r--r-- 1 root root     62 Nov 27 06:44 t3.log
-rwxr-xr-x 1 root root     70 Nov 27 06:44 t3.test
-rw-r--r-- 1 root root     85 Nov 27 06:44 t3.trs
-rw-r--r-- 1 root root     61 Nov 27 06:44 t5.log
-rwxr-xr-x 1 root root     70 Nov 27 06:44 t5.test
-rw-r--r-- 1 root root     84 Nov 27 06:44 t5.trs
-rw-r--r-- 1 root root     64 Nov 27 06:44 t77.log
-rwxr-xr-x 1 root root     72 Nov 27 06:44 t77.test
-rw-r--r-- 1 root root     83 Nov 27 06:44 t77.trs
-rw-r--r-- 1 root root     64 Nov 27 06:44 t78.log
-rwxr-xr-x 1 root root     72 Nov 27 06:44 t78.test
-rw-r--r-- 1 root root     84 Nov 27 06:44 t78.trs
-rw-r--r-- 1 root root     65 Nov 27 06:44 t99.log
-rwxr-xr-x 1 root root     72 Nov 27 06:44 t99.test
-rw-r--r-- 1 root root     86 Nov 27 06:44 t99.trs
lrwxrwxrwx 1 root root     40 Nov 27 06:44 test-driver -> /sources/automake-1.16.1/lib/test-driver
-rw-r--r-- 1 root root   1242 Nov 27 06:44 test-suite.log
+ match_result t0 PASS 0
+ cat t0.log
random
will exit with status 0
PASS t0.test (exit status: 0)
++ wc -l
+ test 3 -eq 3
+ sed -n '$p' t0.log
+ grep '^PASS t0\.test (exit status: 0)$'
PASS t0.test (exit status: 0)
+ match_result t00 XPASS 0
+ cat t00.log
random
will exit with status 0
XPASS t00.test (exit status: 0)
++ wc -l
+ test 3 -eq 3
+ sed -n '$p' t00.log
+ grep '^XPASS t00\.test (exit status: 0)$'
XPASS t00.test (exit status: 0)
+ match_result t1 FAIL 1
+ cat t1.log
random
will exit with status 1
FAIL t1.test (exit status: 1)
++ wc -l
+ test 3 -eq 3
+ sed -n '$p' t1.log
+ grep '^FAIL t1\.test (exit status: 1)$'
FAIL t1.test (exit status: 1)
+ match_result t2 FAIL 2
+ cat t2.log
random
will exit with status 2
FAIL t2.test (exit status: 2)
++ wc -l
+ test 3 -eq 3
+ sed -n '$p' t2.log
+ grep '^FAIL t2\.test (exit status: 2)$'
FAIL t2.test (exit status: 2)
+ match_result t3 XFAIL 3
+ cat t3.log
random
will exit with status 3
XFAIL t3.test (exit status: 3)
++ wc -l
+ test 3 -eq 3
+ sed -n '$p' t3.log
+ grep '^XFAIL t3\.test (exit status: 3)$'
XFAIL t3.test (exit status: 3)
+ match_result t5 FAIL 5
+ cat t5.log
random
will exit with status 5
FAIL t5.test (exit status: 5)
++ wc -l
+ test 3 -eq 3
+ sed -n '$p' t5.log
+ grep '^FAIL t5\.test (exit status: 5)$'
FAIL t5.test (exit status: 5)
+ match_result t77 SKIP 77
+ cat t77.log
random
will exit with status 77
SKIP t77.test (exit status: 77)
++ wc -l
+ test 3 -eq 3
+ grep '^SKIP t77\.test (exit status: 77)$'
+ sed -n '$p' t77.log
SKIP t77.test (exit status: 77)
+ match_result t78 FAIL 78
+ cat t78.log
random
will exit with status 78
FAIL t78.test (exit status: 78)
++ wc -l
+ test 3 -eq 3
+ sed -n '$p' t78.log
+ grep '^FAIL t78\.test (exit status: 78)$'
FAIL t78.test (exit status: 78)
+ match_result t99 ERROR 99
+ cat t99.log
random
will exit with status 99
ERROR t99.test (exit status: 99)
++ wc -l
+ test 3 -eq 3
+ sed -n '$p' t99.log
+ grep '^ERROR t99\.test (exit status: 99)$'
ERROR t99.test (exit status: 99)
+ match_result t100 FAIL 100
+ cat t100.log
random
will exit with status 100
FAIL t100.test (exit status: 100)
++ wc -l
+ test 3 -eq 3
+ sed -n '$p' t100.log
+ grep '^FAIL t100\.test (exit status: 100)$'
FAIL t100.test (exit status: 100)
+ match_result t126 FAIL 126
+ cat t126.log
random
will exit with status 126
FAIL t126.test (exit status: 126)
++ wc -l
+ test 3 -eq 3
+ sed -n '$p' t126.log
+ grep '^FAIL t126\.test (exit status: 126)$'
FAIL t126.test (exit status: 126)
+ match_result t127 FAIL 127
+ cat t127.log
random
will exit with status 127
FAIL t127.test (exit status: 127)
++ wc -l
+ test 3 -eq 3
+ sed -n '$p' t127.log
+ grep '^FAIL t127\.test (exit status: 127)$'
FAIL t127.test (exit status: 127)
+ :
+ am_exit_trap 0
+ exit_status=0
+ set +e
+ cd /sources/automake-1.16.1
+ test none = tap
+ case $am_explicit_skips in
+ test 0 -eq 0
+ am_keeping_testdirs
+ case $keep_testdirs in
+ return 1
+ rm_rf_ t/parallel-tests-exit-status-reported.dir
+ test 1 -gt 0
+ /usr/bin/perl /sources/automake-1.16.1/t/ax/deltree.pl t/parallel-tests-exit-status-reported.dir
+ set +x
PASS t/parallel-tests-exit-status-reported.sh (exit status: 0)
