Running from installcheck: no
Test Protocol: none
PATH = /sources/automake-1.16.1/bin:/sources/automake-1.16.1/t/ax:/bin:/usr/bin:/sbin:/usr/sbin:/tools/bin
++ pwd
/sources/automake-1.16.1/t/pluseq7.dir
+ cat
+ cat
+ aclocal-1.16 -Werror
+ AUTOMAKE_fails -Wno-portability
+ AUTOMAKE_run -e 1 -Wno-portability
+ am__desc=
+ am__exp_rc=0
+ test 3 -gt 0
+ case $1 in
+ am__exp_rc=1
+ shift
+ shift
+ test 1 -gt 0
+ case $1 in
+ break
+ am__got_rc=0
+ automake-1.16 --foreign -Werror -Wall -Wno-portability
+ am__got_rc=1
+ cat stderr
Makefile.am:3: error: AR must be set with '=' before using '+='
+ cat stdout
+ test none = none
+ test 1 -eq 1
+ return
+ grep '^Makefile\.am:3:.* AR .* with '\''='\'' before .*'\''+='\''' stderr
Makefile.am:3: error: AR must be set with '=' before using '+='
+ :
+ am_exit_trap 0
+ exit_status=0
+ set +e
+ cd /sources/automake-1.16.1
+ test none = tap
+ case $am_explicit_skips in
+ test 0 -eq 0
+ am_keeping_testdirs
+ case $keep_testdirs in
+ return 1
+ rm_rf_ t/pluseq7.dir
+ test 1 -gt 0
+ /usr/bin/perl /sources/automake-1.16.1/t/ax/deltree.pl t/pluseq7.dir
+ set +x
PASS t/pluseq7.sh (exit status: 0)
