Running from installcheck: no
Test Protocol: none
PATH = /sources/automake-1.16.1/bin:/sources/automake-1.16.1/t/ax:/bin:/usr/bin:/sbin:/usr/sbin:/tools/bin
++ pwd
/sources/automake-1.16.1/t/tags2.dir
+ cat
+ cat
+ aclocal-1.16 -Werror
+ AUTOMAKE_fails
+ AUTOMAKE_run -e 1
+ am__desc=
+ am__exp_rc=0
+ test 2 -gt 0
+ case $1 in
+ am__exp_rc=1
+ shift
+ shift
+ test 0 -gt 0
+ am__got_rc=0
+ automake-1.16 --foreign -Werror -Wall
+ am__got_rc=1
+ cat stderr
Makefile.am:1: error: it doesn't make sense to define 'TAGS_DEPENDENCIES' without
Makefile.am:1: sources or 'ETAGS_ARGS'
automake-1.16: warnings are treated as errors
Makefile.am:1: warning: variable 'TAGS_DEPENDENCIES' is defined but no program or
Makefile.am:1: library has 'TAGS' as canonical name (possible typo)
+ cat stdout
+ test none = none
+ test 1 -eq 1
+ return
+ grep 'define.*TAGS_DEPENDENCIES.*without' stderr
Makefile.am:1: error: it doesn't make sense to define 'TAGS_DEPENDENCIES' without
+ cat
+ AUTOMAKE_run
+ am__desc=
+ am__exp_rc=0
+ test 0 -gt 0
+ am__got_rc=0
+ automake-1.16 --foreign -Werror -Wall
+ cat stderr
+ cat stdout
+ test none = none
+ test 0 -eq 0
+ return
+ grep 'define.*TAGS_DEPENDENCIES.*without' stderr
+ :
+ am_exit_trap 0
+ exit_status=0
+ set +e
+ cd /sources/automake-1.16.1
+ test none = tap
+ case $am_explicit_skips in
+ test 0 -eq 0
+ am_keeping_testdirs
+ case $keep_testdirs in
+ return 1
+ rm_rf_ t/tags2.dir
+ test 1 -gt 0
+ /usr/bin/perl /sources/automake-1.16.1/t/ax/deltree.pl t/tags2.dir
+ set +x
PASS t/tags2.sh (exit status: 0)
