Running from installcheck: no
Test Protocol: none
PATH = /sources/automake-1.16.1/bin:/sources/automake-1.16.1/t/ax:/bin:/usr/bin:/sbin:/usr/sbin:/tools/bin
++ pwd
/sources/automake-1.16.1/t/tap-global-log.dir
+ . tap-setup.sh
++ test -f ../../bin/automake
++ test -f ../../runtest
++ test -d ../../t
++ test '!' -f Makefile.am
++ test -d ../tap-common-setup.dir
++ cp -fpR ../tap-common-setup.dir/Makefile ../tap-common-setup.dir/Makefile.am ../tap-common-setup.dir/Makefile.in ../tap-common-setup.dir/aclocal.m4 ../tap-common-setup.dir/compile ../tap-common-setup.dir/config.log ../tap-common-setup.dir/config.status ../tap-common-setup.dir/configure ../tap-common-setup.dir/configure.ac ../tap-common-setup.dir/depcomp ../tap-common-setup.dir/install-sh ../tap-common-setup.dir/missing .
++ fetch_tap_driver
++ AM_TAP_AWK=gawk
++ export AM_TAP_AWK
++ get_shell_script tap-driver.sh tap-driver
++ am_source=tap-driver.sh
++ am_target=tap-driver
++ test '!' -f tap-driver
++ test x = xyes
++ cp -f /sources/automake-1.16.1/lib/tap-driver.sh tap-driver
++ sed 10q tap-driver
#! /bin/sh
# Copyright (C) 2011-2018 Free Software Foundation, Inc.
#
# This program is free software; you can redistribute it and/or modify
# it under the terms of the GNU General Public License as published by
# the Free Software Foundation; either version 2, or (at your option)
# any later version.
#
# This program is distributed in the hope that it will be useful,
# but WITHOUT ANY WARRANTY; without even the implied warranty of
++ unset am_target am_source
++ test -f Makefile.am~
++ :
+ cat
+ cat
+ cat
+ cat top - bot
+ cat top - bot
+ cat top - bot
+ cat top - bot
+ cat top - bot
+ cat top - bot
+ cat
+ exec
+ echo 'ok # SKIP'
+ cat hodgepodge
+ echo 'not ok # TODO'
+ echo ok
+ exec
+ cat
++ echo bail.test error.test fail.test misc.test ok.test skip.test skipall.test todo.test xpass.test
+ run_make -e IGNORE 'TESTS=bail.test error.test fail.test misc.test ok.test skip.test skipall.test todo.test xpass.test' check
+ am__make_redirect_stdout=no
+ am__make_redirect_stderr=no
+ am__make_redirect_stdall=no
+ am__make_flags=
+ am__make_rc_exp=0
+ am_make_rc=0
+ test 4 -gt 0
+ case $1 in
+ am__make_rc_exp=IGNORE
+ shift
+ shift
+ test 2 -gt 0
+ case $1 in
+ break
+ using_gmake
+ case $am__using_gmake in
+ make --version -v
+ grep GNU
GNU Make 4.2.1
License GPLv3+: GNU GPL version 3 or later <http://gnu.org/licenses/gpl.html>
+ am__using_gmake=yes
+ return 0
+ :
+ test x '!=' x
+ : exec make 'TESTS=bail.test error.test fail.test misc.test ok.test skip.test skipall.test todo.test xpass.test' check
+ set +x
make  check-TESTS
make[1]: Entering directory '/sources/automake-1.16.1/t/tap-global-log.dir'
make[2]: Entering directory '/sources/automake-1.16.1/t/tap-global-log.dir'
PASS: bail.test 1
PASS: bail.test 2
PASS: bail.test 3
ERROR: bail.test - Bail out!
PASS: error.test 1
PASS: error.test 2
PASS: error.test 3
ERROR: error.test - multiple test plans
ERROR: error.test 5 # OUT-OF-ORDER (expecting 4)
ERROR: error.test 6 # OUT-OF-ORDER (expecting 5)
ERROR: error.test - too few tests run (expected 6, got 5)
PASS: fail.test 1
PASS: fail.test 2
PASS: fail.test 3
FAIL: fail.test 4
PASS: fail.test 5
PASS: fail.test 6
SKIP: misc.test 1 # SKIP
XFAIL: misc.test 2 # TODO
PASS: misc.test 3
ERROR: misc.test - missing test plan
PASS: ok.test 1
PASS: ok.test 2
PASS: ok.test 3
PASS: ok.test 4
PASS: ok.test 5
PASS: skip.test 1
PASS: skip.test 2
PASS: skip.test 3
SKIP: skip.test 4 # SKIP
PASS: skip.test 5
PASS: skip.test 6
SKIP: skipall.test - all
PASS: todo.test 1
PASS: todo.test 2
PASS: todo.test 3
XFAIL: todo.test 4 # TODO
PASS: todo.test 5
PASS: todo.test 6
PASS: xpass.test 1
PASS: xpass.test 2
PASS: xpass.test 3
XPASS: xpass.test 4 # TODO
PASS: xpass.test 5
PASS: xpass.test 6
============================================================================
Testsuite summary for tap-common-setup 1.0
============================================================================
# TOTAL: 45
# PASS:  32
# SKIP:  3
# XFAIL: 2
# FAIL:  1
# XPASS: 1
# ERROR: 6
============================================================================
See ./test-suite.log
============================================================================
make[2]: *** [Makefile:475: test-suite.log] Error 1
make[2]: Leaving directory '/sources/automake-1.16.1/t/tap-global-log.dir'
make[1]: *** [Makefile:583: check-TESTS] Error 2
make[1]: Leaving directory '/sources/automake-1.16.1/t/tap-global-log.dir'
make: *** [Makefile:775: check-am] Error 2
+ am_make_rc=2
+ test 2 -eq 253
+ test no = yes
+ test no = yes
+ test no = yes
+ case $am__make_rc_exp in
+ : Ignore exit status
+ cat test-suite.log
============================================
   tap-common-setup 1.0: ./test-suite.log
============================================

# TOTAL: 45
# PASS:  32
# SKIP:  3
# XFAIL: 2
# FAIL:  1
# XPASS: 1
# ERROR: 6

.. contents:: :depth: 2

ERROR: bail
===========

1..6
ok 1
PASS: bail.test 1
ok 2
PASS: bail.test 2
ok 3
PASS: bail.test 3
::bail::
Bail out!
ERROR: bail.test - Bail out!
ok 5
ok 6

ERROR: error
============

1..6
ok 1
PASS: error.test 1
ok 2
PASS: error.test 2
ok 3
PASS: error.test 3
::error::
1..7
ERROR: error.test - multiple test plans
ok 5
ERROR: error.test 5 # OUT-OF-ORDER (expecting 4)
ok 6
ERROR: error.test 6 # OUT-OF-ORDER (expecting 5)
ERROR: error.test - too few tests run (expected 6, got 5)

FAIL: fail
==========

1..6
ok 1
PASS: fail.test 1
ok 2
PASS: fail.test 2
ok 3
PASS: fail.test 3
not ok
FAIL: fail.test 4
::fail::
ok 5
PASS: fail.test 5
ok 6
PASS: fail.test 6

ERROR: misc
===========

ok # SKIP
SKIP: misc.test 1 # SKIP
1+0 records in
1+0 records out
512 bytes (512 B) copied, 0.000241092 s, 2.1 MB/s
gdivnV4VhL4DOzhE3zULJuun3PwqqQqMdATVcZbIQkNgyRvNBoqqHMBQEs7QsjDbp2nK+Szz
EcelGyvXmHrW7yImaom6Yrg95k31VCmp/pGDRnTDwDrcOPJiv9jDReEmTAQkPuqLO+mFNly+
DDHM9fNbzGumstsQ3wq3DOXz1pCV3JXwhjeaHSboeEbmr55bX0XHLSKaecctA0rXDXEyZWZ/
ODlawSrAXzw0H7a+xBwjnNXZ3zYiwk3x+WQrPqNjb+qXiLLTxAKzx2/KnaFhxkPlte5jPRNB
FciDolL+H/10LsCdSzLOrGnY2zH6vL2JMZfxjnb73zWFcdWWE01LTD7wpN5O1MP3+N47lcVe
lWbkD04cJvhwxLElYSO24B743GG5EyGYt9SeZRE6xbgwq3fVOS8KqjwGxwi4adSBTtw0CV8W
S/6n8dck1vBvjA+qpk0zMSYSqc3+jzW9UiGTmTEIwfw80p/lGNsfjcNBJ86nFkWUnHmrsi8k
Dv57sK70mTg239g08f5Uvdga/5UreMBSgB0hUj5sbq57r7B1fsVr0Kag468la8zKy3ZEZ0gX
++sbaJ9WGHhnKvjooeH+4Y6HwAFsdINde++FlCmp4EuNKKEEuXbSKLaOTy3+6pJ2DYdvRCL+
frZwxH4hcrw8qh+8IakB02viewZS/qT57v4=
not ok # TODO
XFAIL: misc.test 2 # TODO
ok
PASS: misc.test 3
ERROR: misc.test - missing test plan

PASS: skip
==========

1..6
ok 1
PASS: skip.test 1
ok 2
PASS: skip.test 2
ok 3
PASS: skip.test 3
ok # SKIP
SKIP: skip.test 4 # SKIP
::skip::
ok 5
PASS: skip.test 5
ok 6
PASS: skip.test 6

SKIP: skipall
=============

1..0 # SKIP all
SKIP: skipall.test - all

PASS: todo
==========

1..6
ok 1
PASS: todo.test 1
ok 2
PASS: todo.test 2
ok 3
PASS: todo.test 3
not ok # TODO
XFAIL: todo.test 4 # TODO
::todo::
ok 5
PASS: todo.test 5
ok 6
PASS: todo.test 6

FAIL: xpass
===========

1..6
ok 1
PASS: xpass.test 1
ok 2
PASS: xpass.test 2
ok 3
PASS: xpass.test 3
ok # TODO
XPASS: xpass.test 4 # TODO
::xpass::
ok 5
PASS: xpass.test 5
ok 6
PASS: xpass.test 6

+ grep ':.*ok|not seen' test-suite.log
+ for s in skip todo fail xpass bail error
+ /bin/grep -F ::skip:: test-suite.log
::skip::
+ for s in skip todo fail xpass bail error
+ /bin/grep -F ::todo:: test-suite.log
::todo::
+ for s in skip todo fail xpass bail error
+ /bin/grep -F ::fail:: test-suite.log
::fail::
+ for s in skip todo fail xpass bail error
+ /bin/grep -F ::xpass:: test-suite.log
::xpass::
+ for s in skip todo fail xpass bail error
+ /bin/grep -F ::bail:: test-suite.log
::bail::
+ for s in skip todo fail xpass bail error
+ /bin/grep -F ::error:: test-suite.log
::error::
+ grep '^1\.\.0 # SKIP all$' test-suite.log
1..0 # SKIP all
++ cat test-suite.log
+ test_suite_contents='============================================
   tap-common-setup 1.0: ./test-suite.log
============================================

# TOTAL: 45
# PASS:  32
# SKIP:  3
# XFAIL: 2
# FAIL:  1
# XPASS: 1
# ERROR: 6

.. contents:: :depth: 2

ERROR: bail
===========

1..6
ok 1
PASS: bail.test 1
ok 2
PASS: bail.test 2
ok 3
PASS: bail.test 3
::bail::
Bail out!
ERROR: bail.test - Bail out!
ok 5
ok 6

ERROR: error
============

1..6
ok 1
PASS: error.test 1
ok 2
PASS: error.test 2
ok 3
PASS: error.test 3
::error::
1..7
ERROR: error.test - multiple test plans
ok 5
ERROR: error.test 5 # OUT-OF-ORDER (expecting 4)
ok 6
ERROR: error.test 6 # OUT-OF-ORDER (expecting 5)
ERROR: error.test - too few tests run (expected 6, got 5)

FAIL: fail
==========

1..6
ok 1
PASS: fail.test 1
ok 2
PASS: fail.test 2
ok 3
PASS: fail.test 3
not ok
FAIL: fail.test 4
::fail::
ok 5
PASS: fail.test 5
ok 6
PASS: fail.test 6

ERROR: misc
===========

ok # SKIP
SKIP: misc.test 1 # SKIP
1+0 records in
1+0 records out
512 bytes (512 B) copied, 0.000241092 s, 2.1 MB/s
gdivnV4VhL4DOzhE3zULJuun3PwqqQqMdATVcZbIQkNgyRvNBoqqHMBQEs7QsjDbp2nK+Szz
EcelGyvXmHrW7yImaom6Yrg95k31VCmp/pGDRnTDwDrcOPJiv9jDReEmTAQkPuqLO+mFNly+
DDHM9fNbzGumstsQ3wq3DOXz1pCV3JXwhjeaHSboeEbmr55bX0XHLSKaecctA0rXDXEyZWZ/
ODlawSrAXzw0H7a+xBwjnNXZ3zYiwk3x+WQrPqNjb+qXiLLTxAKzx2/KnaFhxkPlte5jPRNB
FciDolL+H/10LsCdSzLOrGnY2zH6vL2JMZfxjnb73zWFcdWWE01LTD7wpN5O1MP3+N47lcVe
lWbkD04cJvhwxLElYSO24B743GG5EyGYt9SeZRE6xbgwq3fVOS8KqjwGxwi4adSBTtw0CV8W
S/6n8dck1vBvjA+qpk0zMSYSqc3+jzW9UiGTmTEIwfw80p/lGNsfjcNBJ86nFkWUnHmrsi8k
Dv57sK70mTg239g08f5Uvdga/5UreMBSgB0hUj5sbq57r7B1fsVr0Kag468la8zKy3ZEZ0gX
++sbaJ9WGHhnKvjooeH+4Y6HwAFsdINde++FlCmp4EuNKKEEuXbSKLaOTy3+6pJ2DYdvRCL+
frZwxH4hcrw8qh+8IakB02viewZS/qT57v4=
not ok # TODO
XFAIL: misc.test 2 # TODO
ok
PASS: misc.test 3
ERROR: misc.test - missing test plan

PASS: skip
==========

1..6
ok 1
PASS: skip.test 1
ok 2
PASS: skip.test 2
ok 3
PASS: skip.test 3
ok # SKIP
SKIP: skip.test 4 # SKIP
::skip::
ok 5
PASS: skip.test 5
ok 6
PASS: skip.test 6

SKIP: skipall
=============

1..0 # SKIP all
SKIP: skipall.test - all

PASS: todo
==========

1..6
ok 1
PASS: todo.test 1
ok 2
PASS: todo.test 2
ok 3
PASS: todo.test 3
not ok # TODO
XFAIL: todo.test 4 # TODO
::todo::
ok 5
PASS: todo.test 5
ok 6
PASS: todo.test 6

FAIL: xpass
===========

1..6
ok 1
PASS: xpass.test 1
ok 2
PASS: xpass.test 2
ok 3
PASS: xpass.test 3
ok # TODO
XPASS: xpass.test 4 # TODO
::xpass::
ok 5
PASS: xpass.test 5
ok 6
PASS: xpass.test 6'
++ cat hodgepodge
+ hodgepodge_contents='1+0 records in
1+0 records out
512 bytes (512 B) copied, 0.000241092 s, 2.1 MB/s
gdivnV4VhL4DOzhE3zULJuun3PwqqQqMdATVcZbIQkNgyRvNBoqqHMBQEs7QsjDbp2nK+Szz
EcelGyvXmHrW7yImaom6Yrg95k31VCmp/pGDRnTDwDrcOPJiv9jDReEmTAQkPuqLO+mFNly+
DDHM9fNbzGumstsQ3wq3DOXz1pCV3JXwhjeaHSboeEbmr55bX0XHLSKaecctA0rXDXEyZWZ/
ODlawSrAXzw0H7a+xBwjnNXZ3zYiwk3x+WQrPqNjb+qXiLLTxAKzx2/KnaFhxkPlte5jPRNB
FciDolL+H/10LsCdSzLOrGnY2zH6vL2JMZfxjnb73zWFcdWWE01LTD7wpN5O1MP3+N47lcVe
lWbkD04cJvhwxLElYSO24B743GG5EyGYt9SeZRE6xbgwq3fVOS8KqjwGxwi4adSBTtw0CV8W
S/6n8dck1vBvjA+qpk0zMSYSqc3+jzW9UiGTmTEIwfw80p/lGNsfjcNBJ86nFkWUnHmrsi8k
Dv57sK70mTg239g08f5Uvdga/5UreMBSgB0hUj5sbq57r7B1fsVr0Kag468la8zKy3ZEZ0gX
++sbaJ9WGHhnKvjooeH+4Y6HwAFsdINde++FlCmp4EuNKKEEuXbSKLaOTy3+6pJ2DYdvRCL+
frZwxH4hcrw8qh+8IakB02viewZS/qT57v4='
+ case $test_suite_contents in
+ :
+ am_exit_trap 0
+ exit_status=0
+ set +e
+ cd /sources/automake-1.16.1
+ test none = tap
+ case $am_explicit_skips in
+ test 0 -eq 0
+ am_keeping_testdirs
+ case $keep_testdirs in
+ return 1
+ rm_rf_ t/tap-global-log.dir
+ test 1 -gt 0
+ /usr/bin/perl /sources/automake-1.16.1/t/ax/deltree.pl t/tap-global-log.dir
+ set +x
PASS t/tap-global-log.sh (exit status: 0)
