Running from installcheck: no
Test Protocol: none
PATH = /sources/automake-1.16.1/bin:/sources/automake-1.16.1/t/ax:/bin:/usr/bin:/sbin:/usr/sbin:/tools/bin
++ pwd
/sources/automake-1.16.1/t/test-extensions-cond.dir
+ cat
+ aclocal-1.16 -Werror
+ cat
+ cat
+ cat
+ :
+ for i in 1 2 3
+ AUTOMAKE_fails 1
+ AUTOMAKE_run -e 1 1
+ am__desc=
+ am__exp_rc=0
+ test 3 -gt 0
+ case $1 in
+ am__exp_rc=1
+ shift
+ shift
+ test 1 -gt 0
+ case $1 in
+ break
+ am__got_rc=0
+ automake-1.16 --foreign -Werror -Wall 1
+ am__got_rc=1
+ cat stderr
configure.ac:3: error: required file 'Makefile.in' not found
automake-1.16: warnings are treated as errors
1.am:4: warning: 'TEST_EXTENSIONS' cannot have conditional contents
+ cat stdout
+ test none = none
+ test 1 -eq 1
+ return
++ sed -n 's/^## lineno //p' 1.am
+ lineno=4
+ test 0 -lt 4
+ grep '^1\.am:4:.*TEST_EXTENSIONS.*conditional content' stderr
1.am:4: warning: 'TEST_EXTENSIONS' cannot have conditional contents
+ for i in 1 2 3
+ AUTOMAKE_fails 2
+ AUTOMAKE_run -e 1 2
+ am__desc=
+ am__exp_rc=0
+ test 3 -gt 0
+ case $1 in
+ am__exp_rc=1
+ shift
+ shift
+ test 1 -gt 0
+ case $1 in
+ break
+ am__got_rc=0
+ automake-1.16 --foreign -Werror -Wall 2
+ am__got_rc=1
+ cat stderr
configure.ac:3: error: required file 'Makefile.in' not found
automake-1.16: warnings are treated as errors
2.am:3: warning: 'TEST_EXTENSIONS' cannot have conditional contents
+ cat stdout
+ test none = none
+ test 1 -eq 1
+ return
++ sed -n 's/^## lineno //p' 2.am
+ lineno=3
+ test 0 -lt 3
+ grep '^2\.am:3:.*TEST_EXTENSIONS.*conditional content' stderr
2.am:3: warning: 'TEST_EXTENSIONS' cannot have conditional contents
+ for i in 1 2 3
+ AUTOMAKE_fails 3
+ AUTOMAKE_run -e 1 3
+ am__desc=
+ am__exp_rc=0
+ test 3 -gt 0
+ case $1 in
+ am__exp_rc=1
+ shift
+ shift
+ test 1 -gt 0
+ case $1 in
+ break
+ am__got_rc=0
+ automake-1.16 --foreign -Werror -Wall 3
+ am__got_rc=1
+ cat stderr
automake-1.16: warnings are treated as errors
3.am:4: warning: TESTS was already defined in condition TRUE, which includes condition !COND2 and COND ...
3.am:1: ... 'TESTS' previously defined here
configure.ac:3: error: required file 'Makefile.in' not found
3.am:7: warning: 'TEST_EXTENSIONS' cannot have conditional contents
+ cat stdout
+ test none = none
+ test 1 -eq 1
+ return
++ sed -n 's/^## lineno //p' 3.am
+ lineno=7
+ test 0 -lt 7
+ grep '^3\.am:7:.*TEST_EXTENSIONS.*conditional content' stderr
3.am:7: warning: 'TEST_EXTENSIONS' cannot have conditional contents
+ :
+ am_exit_trap 0
+ exit_status=0
+ set +e
+ cd /sources/automake-1.16.1
+ test none = tap
+ case $am_explicit_skips in
+ test 0 -eq 0
+ am_keeping_testdirs
+ case $keep_testdirs in
+ return 1
+ rm_rf_ t/test-extensions-cond.dir
+ test 1 -gt 0
+ /usr/bin/perl /sources/automake-1.16.1/t/ax/deltree.pl t/test-extensions-cond.dir
+ set +x
PASS t/test-extensions-cond.sh (exit status: 0)
