Running from installcheck: no
Test Protocol: none
PATH = /sources/automake-1.16.1/bin:/sources/automake-1.16.1/t/ax:/bin:/usr/bin:/sbin:/usr/sbin:/tools/bin
++ pwd
/sources/automake-1.16.1/t/test-missing.dir
+ cat
+ cat
+ :
+ aclocal-1.16 -Werror
+ autoconf
+ automake-1.16 --foreign -Werror -Wall -a
parallel-tests: installing './test-driver'
+ ./configure
checking for a BSD-compatible install... /usr/bin/install -c
checking whether build environment is sane... yes
checking for a thread-safe mkdir -p... /tools/bin/mkdir -p
checking for gawk... gawk
checking whether make sets $(MAKE)... yes
checking whether make supports nested variables... yes
checking that generated files are newer than configure... done
configure: creating ./config.status
config.status: creating Makefile
+ run_make -e FAIL -M check
+ am__make_redirect_stdout=no
+ am__make_redirect_stderr=no
+ am__make_redirect_stdall=no
+ am__make_flags=
+ am__make_rc_exp=0
+ am_make_rc=0
+ test 4 -gt 0
+ case $1 in
+ am__make_rc_exp=FAIL
+ shift
+ shift
+ test 2 -gt 0
+ case $1 in
+ am__make_redirect_stdall=yes
+ shift
+ test 1 -gt 0
+ case $1 in
+ break
+ using_gmake
+ case $am__using_gmake in
+ make --version -v
+ grep GNU
GNU Make 4.2.1
License GPLv3+: GNU GPL version 3 or later <http://gnu.org/licenses/gpl.html>
+ am__using_gmake=yes
+ return 0
+ :
+ test x '!=' x
+ : exec make check
+ set +x
+ am_make_rc=2
+ test 2 -eq 253
+ test yes = yes
+ cat output
make  check-TESTS
make[1]: Entering directory '/sources/automake-1.16.1/t/test-missing.dir'
make[2]: Entering directory '/sources/automake-1.16.1/t/test-missing.dir'
PASS: ok.test
make[3]: Entering directory '/sources/automake-1.16.1/t/test-missing.dir'
make[3]: Nothing to be done for 'zardoz.log'.
make[3]: Leaving directory '/sources/automake-1.16.1/t/test-missing.dir'
fatal: making test-suite.log: failed to create zardoz.trs
fatal: making test-suite.log: failed to create zardoz.log
make[2]: *** [Makefile:474: test-suite.log] Error 1
make[2]: Leaving directory '/sources/automake-1.16.1/t/test-missing.dir'
make[1]: *** [Makefile:583: check-TESTS] Error 2
make[1]: Leaving directory '/sources/automake-1.16.1/t/test-missing.dir'
make: *** [Makefile:775: check-am] Error 2
+ case $am__make_rc_exp in
+ test 2 -gt 0
+ test -f ok.log
+ grep '^PASS: ok\.test' output
PASS: ok.test
+ /bin/grep -F zardoz.log output
make[3]: Nothing to be done for 'zardoz.log'.
fatal: making test-suite.log: failed to create zardoz.log
+ test '!' -e test-suite.log
+ run_make -M -e FAIL TESTS=zardoz2.test check
+ am__make_redirect_stdout=no
+ am__make_redirect_stderr=no
+ am__make_redirect_stdall=no
+ am__make_flags=
+ am__make_rc_exp=0
+ am_make_rc=0
+ test 5 -gt 0
+ case $1 in
+ am__make_redirect_stdall=yes
+ shift
+ test 4 -gt 0
+ case $1 in
+ am__make_rc_exp=FAIL
+ shift
+ shift
+ test 2 -gt 0
+ case $1 in
+ break
+ using_gmake
+ case $am__using_gmake in
+ return 0
+ :
+ test x '!=' x
+ : exec make TESTS=zardoz2.test check
+ set +x
+ am_make_rc=2
+ test 2 -eq 253
+ test yes = yes
+ cat output
make  check-TESTS
make[1]: Entering directory '/sources/automake-1.16.1/t/test-missing.dir'
make[2]: Entering directory '/sources/automake-1.16.1/t/test-missing.dir'
make[3]: Entering directory '/sources/automake-1.16.1/t/test-missing.dir'
make[3]: Nothing to be done for 'zardoz2.log'.
make[3]: Leaving directory '/sources/automake-1.16.1/t/test-missing.dir'
fatal: making test-suite.log: failed to create zardoz2.trs
fatal: making test-suite.log: failed to create zardoz2.log
make[2]: *** [Makefile:474: test-suite.log] Error 1
make[2]: Leaving directory '/sources/automake-1.16.1/t/test-missing.dir'
make[1]: *** [Makefile:583: check-TESTS] Error 2
make[1]: Leaving directory '/sources/automake-1.16.1/t/test-missing.dir'
make: *** [Makefile:775: check-am] Error 2
+ case $am__make_rc_exp in
+ test 2 -gt 0
+ /bin/grep -F zardoz2.log output
make[3]: Nothing to be done for 'zardoz2.log'.
fatal: making test-suite.log: failed to create zardoz2.log
+ test '!' -e test-suite.log
+ run_make -M -e FAIL TEST_LOGS=zardoz3.log check
+ am__make_redirect_stdout=no
+ am__make_redirect_stderr=no
+ am__make_redirect_stdall=no
+ am__make_flags=
+ am__make_rc_exp=0
+ am_make_rc=0
+ test 5 -gt 0
+ case $1 in
+ am__make_redirect_stdall=yes
+ shift
+ test 4 -gt 0
+ case $1 in
+ am__make_rc_exp=FAIL
+ shift
+ shift
+ test 2 -gt 0
+ case $1 in
+ break
+ using_gmake
+ case $am__using_gmake in
+ return 0
+ :
+ test x '!=' x
+ : exec make TEST_LOGS=zardoz3.log check
+ set +x
+ am_make_rc=2
+ test 2 -eq 253
+ test yes = yes
+ cat output
make  check-TESTS
make[1]: Entering directory '/sources/automake-1.16.1/t/test-missing.dir'
make[2]: Entering directory '/sources/automake-1.16.1/t/test-missing.dir'
make[3]: Entering directory '/sources/automake-1.16.1/t/test-missing.dir'
make[3]: Nothing to be done for 'zardoz3.log'.
make[3]: Leaving directory '/sources/automake-1.16.1/t/test-missing.dir'
fatal: making test-suite.log: failed to create zardoz3.trs
fatal: making test-suite.log: failed to create zardoz3.log
make[2]: *** [Makefile:474: test-suite.log] Error 1
make[2]: Leaving directory '/sources/automake-1.16.1/t/test-missing.dir'
make[1]: *** [Makefile:583: check-TESTS] Error 2
make[1]: Leaving directory '/sources/automake-1.16.1/t/test-missing.dir'
make: *** [Makefile:775: check-am] Error 2
+ case $am__make_rc_exp in
+ test 2 -gt 0
+ /bin/grep -F zardoz3.log output
make[3]: Nothing to be done for 'zardoz3.log'.
fatal: making test-suite.log: failed to create zardoz3.log
+ test '!' -e test-suite.log
+ :
+ make check
make  check-TESTS
make[1]: Entering directory '/sources/automake-1.16.1/t/test-missing.dir'
make[2]: Entering directory '/sources/automake-1.16.1/t/test-missing.dir'
PASS: ok.test
PASS: zardoz.test
============================================================================
Testsuite summary for test-missing 1.0
============================================================================
# TOTAL: 2
# PASS:  2
# SKIP:  0
# XFAIL: 0
# FAIL:  0
# XPASS: 0
# ERROR: 0
============================================================================
make[2]: Leaving directory '/sources/automake-1.16.1/t/test-missing.dir'
make[1]: Leaving directory '/sources/automake-1.16.1/t/test-missing.dir'
+ rm -f zardoz.test
+ run_make -M -e FAIL check
+ am__make_redirect_stdout=no
+ am__make_redirect_stderr=no
+ am__make_redirect_stdall=no
+ am__make_flags=
+ am__make_rc_exp=0
+ am_make_rc=0
+ test 4 -gt 0
+ case $1 in
+ am__make_redirect_stdall=yes
+ shift
+ test 3 -gt 0
+ case $1 in
+ am__make_rc_exp=FAIL
+ shift
+ shift
+ test 1 -gt 0
+ case $1 in
+ break
+ using_gmake
+ case $am__using_gmake in
+ return 0
+ :
+ test x '!=' x
+ : exec make check
+ set +x
+ am_make_rc=2
+ test 2 -eq 253
+ test yes = yes
+ cat output
make  check-TESTS
make[1]: Entering directory '/sources/automake-1.16.1/t/test-missing.dir'
make[2]: Entering directory '/sources/automake-1.16.1/t/test-missing.dir'
PASS: ok.test
make[3]: Entering directory '/sources/automake-1.16.1/t/test-missing.dir'
make[3]: Nothing to be done for 'zardoz.log'.
make[3]: Leaving directory '/sources/automake-1.16.1/t/test-missing.dir'
fatal: making test-suite.log: failed to create zardoz.trs
fatal: making test-suite.log: failed to create zardoz.log
make[2]: *** [Makefile:474: test-suite.log] Error 1
make[2]: Leaving directory '/sources/automake-1.16.1/t/test-missing.dir'
make[1]: *** [Makefile:583: check-TESTS] Error 2
make[1]: Leaving directory '/sources/automake-1.16.1/t/test-missing.dir'
make: *** [Makefile:775: check-am] Error 2
+ case $am__make_rc_exp in
+ test 2 -gt 0
+ /bin/grep -F zardoz.log output
make[3]: Nothing to be done for 'zardoz.log'.
fatal: making test-suite.log: failed to create zardoz.log
+ test '!' -e test-suite.log
+ :
+ am_exit_trap 0
+ exit_status=0
+ set +e
+ cd /sources/automake-1.16.1
+ test none = tap
+ case $am_explicit_skips in
+ test 0 -eq 0
+ am_keeping_testdirs
+ case $keep_testdirs in
+ return 1
+ rm_rf_ t/test-missing.dir
+ test 1 -gt 0
+ /usr/bin/perl /sources/automake-1.16.1/t/ax/deltree.pl t/test-missing.dir
+ set +x
PASS t/test-missing.sh (exit status: 0)
