Running from installcheck: no
Test Protocol: none
PATH = /sources/automake-1.16.1/bin:/sources/automake-1.16.1/t/ax:/bin:/usr/bin:/sbin:/usr/sbin:/tools/bin
++ pwd
/sources/automake-1.16.1/t/testsuite-summary-reference-log.dir
+ mv configure.ac configure.stub
+ cat
+ chmod a+x fail
+ cat configure.stub -
+ cat
+ aclocal-1.16 -Werror
+ autoconf
+ automake-1.16 --foreign -Werror -Wall -a
parallel-tests: installing './test-driver'
+ mkdir build
+ cd build
+ ../configure
checking for a BSD-compatible install... /usr/bin/install -c
checking whether build environment is sane... yes
checking for a thread-safe mkdir -p... /tools/bin/mkdir -p
checking for gawk... gawk
checking whether make sets $(MAKE)... yes
checking whether make supports nested variables... yes
checking that generated files are newer than configure... done
configure: creating ./config.status
config.status: creating Makefile
+ run_make -O -e FAIL check
+ am__make_redirect_stdout=no
+ am__make_redirect_stderr=no
+ am__make_redirect_stdall=no
+ am__make_flags=
+ am__make_rc_exp=0
+ am_make_rc=0
+ test 4 -gt 0
+ case $1 in
+ am__make_redirect_stdout=yes
+ shift
+ test 3 -gt 0
+ case $1 in
+ am__make_rc_exp=FAIL
+ shift
+ shift
+ test 1 -gt 0
+ case $1 in
+ break
+ using_gmake
+ case $am__using_gmake in
+ make --version -v
+ grep GNU
GNU Make 4.2.1
License GPLv3+: GNU GPL version 3 or later <http://gnu.org/licenses/gpl.html>
+ am__using_gmake=yes
+ return 0
+ :
+ test x '!=' x
+ : exec make check
+ set +x
make[2]: *** [Makefile:476: my_test_suite.log] Error 1
make[1]: *** [Makefile:584: check-TESTS] Error 2
make: *** [Makefile:783: check-am] Error 2
+ am_make_rc=2
+ test 2 -eq 253
+ test no = yes
+ test yes = yes
+ cat stdout
make  check-TESTS
make[1]: Entering directory '/sources/automake-1.16.1/t/testsuite-summary-reference-log.dir/build'
make[2]: Entering directory '/sources/automake-1.16.1/t/testsuite-summary-reference-log.dir/build'
FAIL: fail
============================================================================
Testsuite summary for testsuite-summary-reference-log 1.0
============================================================================
# TOTAL: 1
# PASS:  0
# SKIP:  0
# XFAIL: 0
# FAIL:  1
# XPASS: 0
# ERROR: 0
============================================================================
See ./my_test_suite.log
============================================================================
make[2]: Leaving directory '/sources/automake-1.16.1/t/testsuite-summary-reference-log.dir/build'
make[1]: Leaving directory '/sources/automake-1.16.1/t/testsuite-summary-reference-log.dir/build'
+ test no = yes
+ case $am__make_rc_exp in
+ test 2 -gt 0
+ grep '^See \./my_test_suite\.log$' stdout
See ./my_test_suite.log
+ mkdir bar
+ run_make -O -e FAIL TEST_SUITE_LOG=bar/bar.log check
+ am__make_redirect_stdout=no
+ am__make_redirect_stderr=no
+ am__make_redirect_stdall=no
+ am__make_flags=
+ am__make_rc_exp=0
+ am_make_rc=0
+ test 5 -gt 0
+ case $1 in
+ am__make_redirect_stdout=yes
+ shift
+ test 4 -gt 0
+ case $1 in
+ am__make_rc_exp=FAIL
+ shift
+ shift
+ test 2 -gt 0
+ case $1 in
+ break
+ using_gmake
+ case $am__using_gmake in
+ return 0
+ :
+ test x '!=' x
+ : exec make TEST_SUITE_LOG=bar/bar.log check
+ set +x
make[2]: *** [Makefile:476: bar/bar.log] Error 1
make[1]: *** [Makefile:584: check-TESTS] Error 2
make: *** [Makefile:783: check-am] Error 2
+ am_make_rc=2
+ test 2 -eq 253
+ test no = yes
+ test yes = yes
+ cat stdout
make  check-TESTS
make[1]: Entering directory '/sources/automake-1.16.1/t/testsuite-summary-reference-log.dir/build'
make[2]: Entering directory '/sources/automake-1.16.1/t/testsuite-summary-reference-log.dir/build'
FAIL: fail
============================================================================
Testsuite summary for testsuite-summary-reference-log 1.0
============================================================================
# TOTAL: 1
# PASS:  0
# SKIP:  0
# XFAIL: 0
# FAIL:  1
# XPASS: 0
# ERROR: 0
============================================================================
See ./bar/bar.log
============================================================================
make[2]: Leaving directory '/sources/automake-1.16.1/t/testsuite-summary-reference-log.dir/build'
make[1]: Leaving directory '/sources/automake-1.16.1/t/testsuite-summary-reference-log.dir/build'
+ test no = yes
+ case $am__make_rc_exp in
+ test 2 -gt 0
+ grep '^See \./bar/bar\.log$' stdout
See ./bar/bar.log
+ cd ..
+ echo SUBDIRS = sub
+ mkdir sub
+ echo TESTS = fail
+ mv fail sub
+ cat configure.stub -
+ aclocal-1.16 -Werror --force
+ autoconf --force
+ automake-1.16 --foreign -Werror -Wall
+ ./configure
checking for a BSD-compatible install... /usr/bin/install -c
checking whether build environment is sane... yes
checking for a thread-safe mkdir -p... /tools/bin/mkdir -p
checking for gawk... gawk
checking whether make sets $(MAKE)... yes
checking whether make supports nested variables... yes
checking that generated files are newer than configure... done
configure: creating ./config.status
config.status: creating Makefile
config.status: creating sub/Makefile
+ run_make -O -e FAIL check
+ am__make_redirect_stdout=no
+ am__make_redirect_stderr=no
+ am__make_redirect_stdall=no
+ am__make_flags=
+ am__make_rc_exp=0
+ am_make_rc=0
+ test 4 -gt 0
+ case $1 in
+ am__make_redirect_stdout=yes
+ shift
+ test 3 -gt 0
+ case $1 in
+ am__make_rc_exp=FAIL
+ shift
+ shift
+ test 1 -gt 0
+ case $1 in
+ break
+ using_gmake
+ case $am__using_gmake in
+ return 0
+ :
+ test x '!=' x
+ : exec make check
+ set +x
make[3]: *** [Makefile:452: test-suite.log] Error 1
make[2]: *** [Makefile:560: check-TESTS] Error 2
make[1]: *** [Makefile:626: check-am] Error 2
make: *** [Makefile:318: check-recursive] Error 1
+ am_make_rc=2
+ test 2 -eq 253
+ test no = yes
+ test yes = yes
+ cat stdout
Making check in sub
make[1]: Entering directory '/sources/automake-1.16.1/t/testsuite-summary-reference-log.dir/sub'
make  check-TESTS
make[2]: Entering directory '/sources/automake-1.16.1/t/testsuite-summary-reference-log.dir/sub'
make[3]: Entering directory '/sources/automake-1.16.1/t/testsuite-summary-reference-log.dir/sub'
FAIL: fail
============================================================================
Testsuite summary for testsuite-summary-reference-log 1.0
============================================================================
# TOTAL: 1
# PASS:  0
# SKIP:  0
# XFAIL: 0
# FAIL:  1
# XPASS: 0
# ERROR: 0
============================================================================
See sub/test-suite.log
============================================================================
make[3]: Leaving directory '/sources/automake-1.16.1/t/testsuite-summary-reference-log.dir/sub'
make[2]: Leaving directory '/sources/automake-1.16.1/t/testsuite-summary-reference-log.dir/sub'
make[1]: Leaving directory '/sources/automake-1.16.1/t/testsuite-summary-reference-log.dir/sub'
+ test no = yes
+ case $am__make_rc_exp in
+ test 2 -gt 0
+ grep '^See sub/test-suite\.log$' stdout
See sub/test-suite.log
+ cd sub
+ run_make -O -e FAIL check
+ am__make_redirect_stdout=no
+ am__make_redirect_stderr=no
+ am__make_redirect_stdall=no
+ am__make_flags=
+ am__make_rc_exp=0
+ am_make_rc=0
+ test 4 -gt 0
+ case $1 in
+ am__make_redirect_stdout=yes
+ shift
+ test 3 -gt 0
+ case $1 in
+ am__make_rc_exp=FAIL
+ shift
+ shift
+ test 1 -gt 0
+ case $1 in
+ break
+ using_gmake
+ case $am__using_gmake in
+ return 0
+ :
+ test x '!=' x
+ : exec make check
+ set +x
make[2]: *** [Makefile:452: test-suite.log] Error 1
make[1]: *** [Makefile:560: check-TESTS] Error 2
make: *** [Makefile:626: check-am] Error 2
+ am_make_rc=2
+ test 2 -eq 253
+ test no = yes
+ test yes = yes
+ cat stdout
make  check-TESTS
make[1]: Entering directory '/sources/automake-1.16.1/t/testsuite-summary-reference-log.dir/sub'
make[2]: Entering directory '/sources/automake-1.16.1/t/testsuite-summary-reference-log.dir/sub'
FAIL: fail
============================================================================
Testsuite summary for testsuite-summary-reference-log 1.0
============================================================================
# TOTAL: 1
# PASS:  0
# SKIP:  0
# XFAIL: 0
# FAIL:  1
# XPASS: 0
# ERROR: 0
============================================================================
See sub/test-suite.log
============================================================================
make[2]: Leaving directory '/sources/automake-1.16.1/t/testsuite-summary-reference-log.dir/sub'
make[1]: Leaving directory '/sources/automake-1.16.1/t/testsuite-summary-reference-log.dir/sub'
+ test no = yes
+ case $am__make_rc_exp in
+ test 2 -gt 0
+ grep '^See sub/test-suite\.log$' stdout
See sub/test-suite.log
+ cd ..
+ run_make -O -e FAIL TEST_SUITE_LOG=foo.log check
+ am__make_redirect_stdout=no
+ am__make_redirect_stderr=no
+ am__make_redirect_stdall=no
+ am__make_flags=
+ am__make_rc_exp=0
+ am_make_rc=0
+ test 5 -gt 0
+ case $1 in
+ am__make_redirect_stdout=yes
+ shift
+ test 4 -gt 0
+ case $1 in
+ am__make_rc_exp=FAIL
+ shift
+ shift
+ test 2 -gt 0
+ case $1 in
+ break
+ using_gmake
+ case $am__using_gmake in
+ return 0
+ :
+ test x '!=' x
+ : exec make TEST_SUITE_LOG=foo.log check
+ set +x
make[3]: *** [Makefile:452: foo.log] Error 1
make[2]: *** [Makefile:560: check-TESTS] Error 2
make[1]: *** [Makefile:626: check-am] Error 2
make: *** [Makefile:318: check-recursive] Error 1
+ am_make_rc=2
+ test 2 -eq 253
+ test no = yes
+ test yes = yes
+ cat stdout
Making check in sub
make[1]: Entering directory '/sources/automake-1.16.1/t/testsuite-summary-reference-log.dir/sub'
make  check-TESTS
make[2]: Entering directory '/sources/automake-1.16.1/t/testsuite-summary-reference-log.dir/sub'
make[3]: Entering directory '/sources/automake-1.16.1/t/testsuite-summary-reference-log.dir/sub'
FAIL: fail
============================================================================
Testsuite summary for testsuite-summary-reference-log 1.0
============================================================================
# TOTAL: 1
# PASS:  0
# SKIP:  0
# XFAIL: 0
# FAIL:  1
# XPASS: 0
# ERROR: 0
============================================================================
See sub/foo.log
============================================================================
make[3]: Leaving directory '/sources/automake-1.16.1/t/testsuite-summary-reference-log.dir/sub'
make[2]: Leaving directory '/sources/automake-1.16.1/t/testsuite-summary-reference-log.dir/sub'
make[1]: Leaving directory '/sources/automake-1.16.1/t/testsuite-summary-reference-log.dir/sub'
+ test no = yes
+ case $am__make_rc_exp in
+ test 2 -gt 0
+ grep '^See sub/foo\.log$' stdout
See sub/foo.log
+ :
+ am_exit_trap 0
+ exit_status=0
+ set +e
+ cd /sources/automake-1.16.1
+ test none = tap
+ case $am_explicit_skips in
+ test 0 -eq 0
+ am_keeping_testdirs
+ case $keep_testdirs in
+ return 1
+ rm_rf_ t/testsuite-summary-reference-log.dir
+ test 1 -gt 0
+ /usr/bin/perl /sources/automake-1.16.1/t/ax/deltree.pl t/testsuite-summary-reference-log.dir
+ set +x
PASS t/testsuite-summary-reference-log.sh (exit status: 0)
