Running from installcheck: no
Test Protocol: none
PATH = /sources/automake-1.16.1/bin:/sources/automake-1.16.1/t/ax:/bin:/usr/bin:/sbin:/usr/sbin:/tools/bin
++ pwd
/sources/automake-1.16.1/t/test-driver-fail.dir
+ cat
+ cat
+ cat
+ aclocal-1.16 -Werror
+ autoconf
+ automake-1.16 --foreign -Werror -Wall
+ ./configure
checking for a BSD-compatible install... /usr/bin/install -c
checking whether build environment is sane... yes
checking for a thread-safe mkdir -p... /tools/bin/mkdir -p
checking for gawk... gawk
checking whether make sets $(MAKE)... yes
checking whether make supports nested variables... yes
checking that generated files are newer than configure... done
configure: creating ./config.status
config.status: creating Makefile
+ make check
make  check-TESTS
make[1]: Entering directory '/sources/automake-1.16.1/t/test-driver-fail.dir'
make[2]: Entering directory '/sources/automake-1.16.1/t/test-driver-fail.dir'
/bin/sh: line 2: ./oops: No such file or directory
make[2]: *** [Makefile:600: foo.log] Error 127
make[2]: Leaving directory '/sources/automake-1.16.1/t/test-driver-fail.dir'
make[1]: *** [Makefile:582: check-TESTS] Error 2
make[1]: Leaving directory '/sources/automake-1.16.1/t/test-driver-fail.dir'
make: *** [Makefile:774: check-am] Error 2
+ test '!' -e test-suite.log
+ cat
+ chmod a+x oops
+ make check
make  check-TESTS
make[1]: Entering directory '/sources/automake-1.16.1/t/test-driver-fail.dir'
make[2]: Entering directory '/sources/automake-1.16.1/t/test-driver-fail.dir'
Oops, I fail!
make[2]: *** [Makefile:600: foo.log] Error 1
make[2]: Leaving directory '/sources/automake-1.16.1/t/test-driver-fail.dir'
make[1]: *** [Makefile:582: check-TESTS] Error 2
make[1]: Leaving directory '/sources/automake-1.16.1/t/test-driver-fail.dir'
make: *** [Makefile:774: check-am] Error 2
+ test '!' -e test-suite.log
+ :
+ am_exit_trap 0
+ exit_status=0
+ set +e
+ cd /sources/automake-1.16.1
+ test none = tap
+ case $am_explicit_skips in
+ test 0 -eq 0
+ am_keeping_testdirs
+ case $keep_testdirs in
+ return 1
+ rm_rf_ t/test-driver-fail.dir
+ test 1 -gt 0
+ /usr/bin/perl /sources/automake-1.16.1/t/ax/deltree.pl t/test-driver-fail.dir
+ set +x
PASS t/test-driver-fail.sh (exit status: 0)
