Running from installcheck: no
Test Protocol: none
PATH = /sources/automake-1.16.1/bin:/sources/automake-1.16.1/t/ax:/bin:/usr/bin:/sbin:/usr/sbin:/tools/bin
++ pwd
/sources/automake-1.16.1/t/test-driver-custom-multitest.dir
+ cp /sources/automake-1.16.1/t/ax/trivial-test-driver .
+ cat
+ cat
+ cat
+ cat
+ cat
+ cat
+ cat
+ cat
+ cat
+ chmod a+x fail.t fail2.t pass-fail.t pass-xpass-fail-xfail-skip-error.t pass.t pass3-skip2-xfail.t pass4-skip.t
+ aclocal-1.16 -Werror
+ autoconf
+ automake-1.16 --foreign -Werror -Wall
+ for vpath in : false
+ :
+ mkdir build
+ cd build
+ srcdir=..
+ ../configure
checking for a BSD-compatible install... /usr/bin/install -c
checking whether build environment is sane... yes
checking for a thread-safe mkdir -p... /tools/bin/mkdir -p
checking for gawk... gawk
checking whether make sets $(MAKE)... yes
checking whether make supports nested variables... yes
checking that generated files are newer than configure... done
configure: creating ./config.status
config.status: creating Makefile
+ run_make -O -e FAIL check
+ am__make_redirect_stdout=no
+ am__make_redirect_stderr=no
+ am__make_redirect_stdall=no
+ am__make_flags=
+ am__make_rc_exp=0
+ am_make_rc=0
+ test 4 -gt 0
+ case $1 in
+ am__make_redirect_stdout=yes
+ shift
+ test 3 -gt 0
+ case $1 in
+ am__make_rc_exp=FAIL
+ shift
+ shift
+ test 1 -gt 0
+ case $1 in
+ break
+ using_gmake
+ case $am__using_gmake in
+ make --version -v
+ grep GNU
GNU Make 4.2.1
License GPLv3+: GNU GPL version 3 or later <http://gnu.org/licenses/gpl.html>
+ am__using_gmake=yes
+ return 0
+ :
+ test x '!=' x
+ : exec make check
+ set +x
make[2]: *** [Makefile:481: test-suite.log] Error 1
make[1]: *** [Makefile:589: check-TESTS] Error 2
make: *** [Makefile:781: check-am] Error 2
+ am_make_rc=2
+ test 2 -eq 253
+ test no = yes
+ test yes = yes
+ cat stdout
make  check-TESTS
make[1]: Entering directory '/sources/automake-1.16.1/t/test-driver-custom-multitest.dir/build'
make[2]: Entering directory '/sources/automake-1.16.1/t/test-driver-custom-multitest.dir/build'
PASS: pass.t, testcase 1
FAIL: fail.t, testcase 1
FAIL: fail2.t, testcase 1
FAIL: fail2.t, testcase 2
FAIL: pass-fail.t, testcase 1
PASS: pass-fail.t, testcase 2
PASS: pass4-skip.t, testcase 1
PASS: pass4-skip.t, testcase 2
PASS: pass4-skip.t, testcase 3
PASS: pass4-skip.t, testcase 4
SKIP: pass4-skip.t, testcase 5
PASS: pass3-skip2-xfail.t, testcase 1
PASS: pass3-skip2-xfail.t, testcase 2
SKIP: pass3-skip2-xfail.t, testcase 3
PASS: pass3-skip2-xfail.t, testcase 4
SKIP: pass3-skip2-xfail.t, testcase 5
XFAIL: pass3-skip2-xfail.t, testcase 6
PASS: pass-xpass-fail-xfail-skip-error.t, testcase 1
FAIL: pass-xpass-fail-xfail-skip-error.t, testcase 2
XFAIL: pass-xpass-fail-xfail-skip-error.t, testcase 3
XPASS: pass-xpass-fail-xfail-skip-error.t, testcase 4
SKIP: pass-xpass-fail-xfail-skip-error.t, testcase 5
ERROR: pass-xpass-fail-xfail-skip-error.t, testcase 6
============================================================================
Testsuite summary for test-driver-custom-multitest 1.0
============================================================================
# TOTAL: 23
# PASS:  10
# SKIP:  4
# XFAIL: 2
# FAIL:  5
# XPASS: 1
# ERROR: 1
============================================================================
See ./test-suite.log
============================================================================
make[2]: Leaving directory '/sources/automake-1.16.1/t/test-driver-custom-multitest.dir/build'
make[1]: Leaving directory '/sources/automake-1.16.1/t/test-driver-custom-multitest.dir/build'
+ test no = yes
+ case $am__make_rc_exp in
+ test 2 -gt 0
+ cat test-suite.log
========================================================
   test-driver-custom-multitest 1.0: ./test-suite.log
========================================================

# TOTAL: 23
# PASS:  10
# SKIP:  4
# XFAIL: 2
# FAIL:  5
# XPASS: 1
# ERROR: 1

.. contents:: :depth: 2

RUN: fail
=========

RUN: fail.t
===========

%% fail %%
FAIL: fail

RUN: fail2
==========

RUN: fail2.t
============

%% fail2 %%
FAIL: stdout
FAIL: stderr
:PASS: this should be ignored

RUN: pass-fail
==============

RUN: pass-fail.t
================

%% pass-fail %%
FAIL: this fails :-(
some randome message
some randome warning
PASS: this passes :-)
INFO: blah
WARNING: blah blah

RUN: pass-xpass-fail-xfail-skip-error
=====================================

RUN: pass-xpass-fail-xfail-skip-error.t
=======================================

PASS:
FAIL:
XFAIL:
XPASS:
SKIP:
ERROR:
%% pass-xpass-fail-xfail-skip-error %%

+ /bin/grep -F INVALID.NAME stdout test-suite.log
+ test -f BAD.LOG
+ test -f BAD.TRS
+ cat pass.log
RUN: pass.t
===========

%% pass %%
PASS: pass
+ cat fail.log
RUN: fail.t
===========

%% fail %%
FAIL: fail
+ cat fail2.log
RUN: fail2.t
============

%% fail2 %%
FAIL: stdout
FAIL: stderr
:PASS: this should be ignored
+ cat pass-fail.log
RUN: pass-fail.t
================

%% pass-fail %%
FAIL: this fails :-(
some randome message
some randome warning
PASS: this passes :-)
INFO: blah
WARNING: blah blah
+ cat pass4-skip.log
RUN: pass4-skip.t
=================

%% pass4-skip %%
PASS: on stdout
PASS: on stderr
PASS: 3
PASS: 4
SKIP: 1
this FAIL: should be ignored
FAIL as should this
+ cat pass3-skip2-xfail.log
RUN: pass3-skip2-xfail.t
========================

%% pass4-skip2-xfail %%
PASS: -v
PASS: --verbose
SKIP: Oops, unsupported system.
PASS: -#-#-#-
cp: missing file operand
Try 'cp --help' for more information.
SKIP: cp cannot read users' mind
mv: missing file operand
Try 'mv --help' for more information.
XFAIL: mv cannot read users' mind yet
+ cat pass-xpass-fail-xfail-skip-error.log
RUN: pass-xpass-fail-xfail-skip-error.t
=======================================

PASS:
FAIL:
XFAIL:
XPASS:
SKIP:
ERROR:
%% pass-xpass-fail-xfail-skip-error %%
+ count_test_results total=23 pass=10 fail=5 skip=4 xfail=2 xpass=1 error=1
+ total=ERR
+ pass=ERR
+ fail=ERR
+ xpass=ERR
+ xfail=ERR
+ skip=ERR
+ error=ERR
+ eval total=23 pass=10 fail=5 skip=4 xfail=2 xpass=1 error=1
++ total=23
++ pass=10
++ fail=5
++ skip=4
++ xfail=2
++ xpass=1
++ error=1
+ /bin/grep -E -i '(total|x?pass|x?fail|skip|error)' stdout
PASS: pass.t, testcase 1
FAIL: fail.t, testcase 1
FAIL: fail2.t, testcase 1
FAIL: fail2.t, testcase 2
FAIL: pass-fail.t, testcase 1
PASS: pass-fail.t, testcase 2
PASS: pass4-skip.t, testcase 1
PASS: pass4-skip.t, testcase 2
PASS: pass4-skip.t, testcase 3
PASS: pass4-skip.t, testcase 4
SKIP: pass4-skip.t, testcase 5
PASS: pass3-skip2-xfail.t, testcase 1
PASS: pass3-skip2-xfail.t, testcase 2
SKIP: pass3-skip2-xfail.t, testcase 3
PASS: pass3-skip2-xfail.t, testcase 4
SKIP: pass3-skip2-xfail.t, testcase 5
XFAIL: pass3-skip2-xfail.t, testcase 6
PASS: pass-xpass-fail-xfail-skip-error.t, testcase 1
FAIL: pass-xpass-fail-xfail-skip-error.t, testcase 2
XFAIL: pass-xpass-fail-xfail-skip-error.t, testcase 3
XPASS: pass-xpass-fail-xfail-skip-error.t, testcase 4
SKIP: pass-xpass-fail-xfail-skip-error.t, testcase 5
ERROR: pass-xpass-fail-xfail-skip-error.t, testcase 6
# TOTAL: 23
# PASS:  10
# SKIP:  4
# XFAIL: 2
# FAIL:  5
# XPASS: 1
# ERROR: 1
+ rc=0
+ set +e
++ grep -c '^PASS:' stdout
+ test 10 -eq 10
++ grep -c '^XFAIL:' stdout
+ test 2 -eq 2
++ grep -c '^SKIP:' stdout
+ test 4 -eq 4
++ grep -c '^FAIL:' stdout
+ test 5 -eq 5
++ grep -c '^XPASS:' stdout
+ test 1 -eq 1
++ grep -c '^ERROR:' stdout
+ test 1 -eq 1
+ grep '^# TOTAL:  *23$' stdout
# TOTAL: 23
+ grep '^# PASS:  *10$' stdout
# PASS:  10
+ grep '^# XFAIL:  *2$' stdout
# XFAIL: 2
+ grep '^# SKIP:  *4$' stdout
# SKIP:  4
+ grep '^# FAIL:  *5$' stdout
# FAIL:  5
+ grep '^# XPASS:  *1$' stdout
# XPASS: 1
+ grep '^# ERROR:  *1$' stdout
# ERROR: 1
+ test 0 -eq 0
+ tst=pass-xpass-fail-xfail-skip-error
+ grep '^PASS: pass-xpass-fail-xfail-skip-error\.t, testcase 1' stdout
PASS: pass-xpass-fail-xfail-skip-error.t, testcase 1
+ grep '^FAIL: pass-xpass-fail-xfail-skip-error\.t, testcase 2' stdout
FAIL: pass-xpass-fail-xfail-skip-error.t, testcase 2
+ grep '^XFAIL: pass-xpass-fail-xfail-skip-error\.t, testcase 3' stdout
XFAIL: pass-xpass-fail-xfail-skip-error.t, testcase 3
+ grep '^XPASS: pass-xpass-fail-xfail-skip-error\.t, testcase 4' stdout
XPASS: pass-xpass-fail-xfail-skip-error.t, testcase 4
+ grep '^SKIP: pass-xpass-fail-xfail-skip-error\.t, testcase 5' stdout
SKIP: pass-xpass-fail-xfail-skip-error.t, testcase 5
+ grep '^ERROR: pass-xpass-fail-xfail-skip-error\.t, testcase 6' stdout
ERROR: pass-xpass-fail-xfail-skip-error.t, testcase 6
+ grep %% test-suite.log
%% fail %%
%% fail2 %%
%% pass-fail %%
%% pass-xpass-fail-xfail-skip-error %%
+ grep '%% fail %%' test-suite.log
%% fail %%
+ grep '%% fail2 %%' test-suite.log
%% fail2 %%
+ grep '%% pass-fail %%' test-suite.log
%% pass-fail %%
+ grep '%% pass-xpass-fail-xfail-skip-error %%' test-suite.log
%% pass-xpass-fail-xfail-skip-error %%
++ grep -c '%% ' test-suite.log
+ test 4 -eq 4
+ run_make -O 'TESTS=pass.t pass3-skip2-xfail.t' check
+ am__make_redirect_stdout=no
+ am__make_redirect_stderr=no
+ am__make_redirect_stdall=no
+ am__make_flags=
+ am__make_rc_exp=0
+ am_make_rc=0
+ test 3 -gt 0
+ case $1 in
+ am__make_redirect_stdout=yes
+ shift
+ test 2 -gt 0
+ case $1 in
+ break
+ using_gmake
+ case $am__using_gmake in
+ return 0
+ :
+ test x '!=' x
+ : exec make 'TESTS=pass.t pass3-skip2-xfail.t' check
+ set +x
+ test 0 -eq 253
+ test no = yes
+ test yes = yes
+ cat stdout
make  check-TESTS
make[1]: Entering directory '/sources/automake-1.16.1/t/test-driver-custom-multitest.dir/build'
make[2]: Entering directory '/sources/automake-1.16.1/t/test-driver-custom-multitest.dir/build'
PASS: pass.t, testcase 1
PASS: pass3-skip2-xfail.t, testcase 1
PASS: pass3-skip2-xfail.t, testcase 2
SKIP: pass3-skip2-xfail.t, testcase 3
PASS: pass3-skip2-xfail.t, testcase 4
SKIP: pass3-skip2-xfail.t, testcase 5
XFAIL: pass3-skip2-xfail.t, testcase 6
============================================================================
Testsuite summary for test-driver-custom-multitest 1.0
============================================================================
# TOTAL: 7
# PASS:  4
# SKIP:  2
# XFAIL: 1
# FAIL:  0
# XPASS: 0
# ERROR: 0
============================================================================
make[2]: Leaving directory '/sources/automake-1.16.1/t/test-driver-custom-multitest.dir/build'
make[1]: Leaving directory '/sources/automake-1.16.1/t/test-driver-custom-multitest.dir/build'
+ test no = yes
+ case $am__make_rc_exp in
+ test 0 -ge 0
+ test 0 -le 255
+ test 0 -eq 0
+ cat test-suite.log
========================================================
   test-driver-custom-multitest 1.0: ./test-suite.log
========================================================

# TOTAL: 7
# PASS:  4
# SKIP:  2
# XFAIL: 1
# FAIL:  0
# XPASS: 0
# ERROR: 0

.. contents:: :depth: 2

+ count_test_results total=7 pass=4 fail=0 skip=2 xfail=1 xpass=0 error=0
+ total=ERR
+ pass=ERR
+ fail=ERR
+ xpass=ERR
+ xfail=ERR
+ skip=ERR
+ error=ERR
+ eval total=7 pass=4 fail=0 skip=2 xfail=1 xpass=0 error=0
++ total=7
++ pass=4
++ fail=0
++ skip=2
++ xfail=1
++ xpass=0
++ error=0
+ /bin/grep -E -i '(total|x?pass|x?fail|skip|error)' stdout
PASS: pass.t, testcase 1
PASS: pass3-skip2-xfail.t, testcase 1
PASS: pass3-skip2-xfail.t, testcase 2
SKIP: pass3-skip2-xfail.t, testcase 3
PASS: pass3-skip2-xfail.t, testcase 4
SKIP: pass3-skip2-xfail.t, testcase 5
XFAIL: pass3-skip2-xfail.t, testcase 6
# TOTAL: 7
# PASS:  4
# SKIP:  2
# XFAIL: 1
# FAIL:  0
# XPASS: 0
# ERROR: 0
+ rc=0
+ set +e
++ grep -c '^PASS:' stdout
+ test 4 -eq 4
++ grep -c '^XFAIL:' stdout
+ test 1 -eq 1
++ grep -c '^SKIP:' stdout
+ test 2 -eq 2
++ grep -c '^FAIL:' stdout
+ test 0 -eq 0
++ grep -c '^XPASS:' stdout
+ test 0 -eq 0
++ grep -c '^ERROR:' stdout
+ test 0 -eq 0
+ grep '^# TOTAL:  *7$' stdout
# TOTAL: 7
+ grep '^# PASS:  *4$' stdout
# PASS:  4
+ grep '^# XFAIL:  *1$' stdout
# XFAIL: 1
+ grep '^# SKIP:  *2$' stdout
# SKIP:  2
+ grep '^# FAIL:  *0$' stdout
# FAIL:  0
+ grep '^# XPASS:  *0$' stdout
# XPASS: 0
+ grep '^# ERROR:  *0$' stdout
# ERROR: 0
+ test 0 -eq 0
+ cd ..
+ for vpath in : false
+ false
+ srcdir=.
+ ./configure
checking for a BSD-compatible install... /usr/bin/install -c
checking whether build environment is sane... yes
checking for a thread-safe mkdir -p... /tools/bin/mkdir -p
checking for gawk... gawk
checking whether make sets $(MAKE)... yes
checking whether make supports nested variables... yes
checking that generated files are newer than configure... done
configure: creating ./config.status
config.status: creating Makefile
+ run_make -O -e FAIL check
+ am__make_redirect_stdout=no
+ am__make_redirect_stderr=no
+ am__make_redirect_stdall=no
+ am__make_flags=
+ am__make_rc_exp=0
+ am_make_rc=0
+ test 4 -gt 0
+ case $1 in
+ am__make_redirect_stdout=yes
+ shift
+ test 3 -gt 0
+ case $1 in
+ am__make_rc_exp=FAIL
+ shift
+ shift
+ test 1 -gt 0
+ case $1 in
+ break
+ using_gmake
+ case $am__using_gmake in
+ return 0
+ :
+ test x '!=' x
+ : exec make check
+ set +x
make[2]: *** [Makefile:481: test-suite.log] Error 1
make[1]: *** [Makefile:589: check-TESTS] Error 2
make: *** [Makefile:781: check-am] Error 2
+ am_make_rc=2
+ test 2 -eq 253
+ test no = yes
+ test yes = yes
+ cat stdout
make  check-TESTS
make[1]: Entering directory '/sources/automake-1.16.1/t/test-driver-custom-multitest.dir'
make[2]: Entering directory '/sources/automake-1.16.1/t/test-driver-custom-multitest.dir'
PASS: pass.t, testcase 1
FAIL: fail.t, testcase 1
FAIL: fail2.t, testcase 1
FAIL: fail2.t, testcase 2
FAIL: pass-fail.t, testcase 1
PASS: pass-fail.t, testcase 2
PASS: pass4-skip.t, testcase 1
PASS: pass4-skip.t, testcase 2
PASS: pass4-skip.t, testcase 3
PASS: pass4-skip.t, testcase 4
SKIP: pass4-skip.t, testcase 5
PASS: pass3-skip2-xfail.t, testcase 1
PASS: pass3-skip2-xfail.t, testcase 2
SKIP: pass3-skip2-xfail.t, testcase 3
PASS: pass3-skip2-xfail.t, testcase 4
SKIP: pass3-skip2-xfail.t, testcase 5
XFAIL: pass3-skip2-xfail.t, testcase 6
PASS: pass-xpass-fail-xfail-skip-error.t, testcase 1
FAIL: pass-xpass-fail-xfail-skip-error.t, testcase 2
XFAIL: pass-xpass-fail-xfail-skip-error.t, testcase 3
XPASS: pass-xpass-fail-xfail-skip-error.t, testcase 4
SKIP: pass-xpass-fail-xfail-skip-error.t, testcase 5
ERROR: pass-xpass-fail-xfail-skip-error.t, testcase 6
============================================================================
Testsuite summary for test-driver-custom-multitest 1.0
============================================================================
# TOTAL: 23
# PASS:  10
# SKIP:  4
# XFAIL: 2
# FAIL:  5
# XPASS: 1
# ERROR: 1
============================================================================
See ./test-suite.log
============================================================================
make[2]: Leaving directory '/sources/automake-1.16.1/t/test-driver-custom-multitest.dir'
make[1]: Leaving directory '/sources/automake-1.16.1/t/test-driver-custom-multitest.dir'
+ test no = yes
+ case $am__make_rc_exp in
+ test 2 -gt 0
+ cat test-suite.log
========================================================
   test-driver-custom-multitest 1.0: ./test-suite.log
========================================================

# TOTAL: 23
# PASS:  10
# SKIP:  4
# XFAIL: 2
# FAIL:  5
# XPASS: 1
# ERROR: 1

.. contents:: :depth: 2

RUN: fail
=========

RUN: fail.t
===========

%% fail %%
FAIL: fail

RUN: fail2
==========

RUN: fail2.t
============

%% fail2 %%
FAIL: stdout
FAIL: stderr
:PASS: this should be ignored

RUN: pass-fail
==============

RUN: pass-fail.t
================

%% pass-fail %%
FAIL: this fails :-(
some randome message
some randome warning
PASS: this passes :-)
INFO: blah
WARNING: blah blah

RUN: pass-xpass-fail-xfail-skip-error
=====================================

RUN: pass-xpass-fail-xfail-skip-error.t
=======================================

PASS:
FAIL:
XFAIL:
XPASS:
SKIP:
ERROR:
%% pass-xpass-fail-xfail-skip-error %%

+ /bin/grep -F INVALID.NAME stdout test-suite.log
+ test -f BAD.LOG
+ test -f BAD.TRS
+ cat pass.log
RUN: pass.t
===========

%% pass %%
PASS: pass
+ cat fail.log
RUN: fail.t
===========

%% fail %%
FAIL: fail
+ cat fail2.log
RUN: fail2.t
============

%% fail2 %%
FAIL: stdout
FAIL: stderr
:PASS: this should be ignored
+ cat pass-fail.log
RUN: pass-fail.t
================

%% pass-fail %%
FAIL: this fails :-(
some randome message
some randome warning
PASS: this passes :-)
INFO: blah
WARNING: blah blah
+ cat pass4-skip.log
RUN: pass4-skip.t
=================

%% pass4-skip %%
PASS: on stdout
PASS: on stderr
PASS: 3
PASS: 4
SKIP: 1
this FAIL: should be ignored
FAIL as should this
+ cat pass3-skip2-xfail.log
RUN: pass3-skip2-xfail.t
========================

%% pass4-skip2-xfail %%
PASS: -v
PASS: --verbose
SKIP: Oops, unsupported system.
PASS: -#-#-#-
cp: missing file operand
Try 'cp --help' for more information.
SKIP: cp cannot read users' mind
mv: missing file operand
Try 'mv --help' for more information.
XFAIL: mv cannot read users' mind yet
+ cat pass-xpass-fail-xfail-skip-error.log
RUN: pass-xpass-fail-xfail-skip-error.t
=======================================

PASS:
FAIL:
XFAIL:
XPASS:
SKIP:
ERROR:
%% pass-xpass-fail-xfail-skip-error %%
+ count_test_results total=23 pass=10 fail=5 skip=4 xfail=2 xpass=1 error=1
+ total=ERR
+ pass=ERR
+ fail=ERR
+ xpass=ERR
+ xfail=ERR
+ skip=ERR
+ error=ERR
+ eval total=23 pass=10 fail=5 skip=4 xfail=2 xpass=1 error=1
++ total=23
++ pass=10
++ fail=5
++ skip=4
++ xfail=2
++ xpass=1
++ error=1
+ /bin/grep -E -i '(total|x?pass|x?fail|skip|error)' stdout
PASS: pass.t, testcase 1
FAIL: fail.t, testcase 1
FAIL: fail2.t, testcase 1
FAIL: fail2.t, testcase 2
FAIL: pass-fail.t, testcase 1
PASS: pass-fail.t, testcase 2
PASS: pass4-skip.t, testcase 1
PASS: pass4-skip.t, testcase 2
PASS: pass4-skip.t, testcase 3
PASS: pass4-skip.t, testcase 4
SKIP: pass4-skip.t, testcase 5
PASS: pass3-skip2-xfail.t, testcase 1
PASS: pass3-skip2-xfail.t, testcase 2
SKIP: pass3-skip2-xfail.t, testcase 3
PASS: pass3-skip2-xfail.t, testcase 4
SKIP: pass3-skip2-xfail.t, testcase 5
XFAIL: pass3-skip2-xfail.t, testcase 6
PASS: pass-xpass-fail-xfail-skip-error.t, testcase 1
FAIL: pass-xpass-fail-xfail-skip-error.t, testcase 2
XFAIL: pass-xpass-fail-xfail-skip-error.t, testcase 3
XPASS: pass-xpass-fail-xfail-skip-error.t, testcase 4
SKIP: pass-xpass-fail-xfail-skip-error.t, testcase 5
ERROR: pass-xpass-fail-xfail-skip-error.t, testcase 6
# TOTAL: 23
# PASS:  10
# SKIP:  4
# XFAIL: 2
# FAIL:  5
# XPASS: 1
# ERROR: 1
+ rc=0
+ set +e
++ grep -c '^PASS:' stdout
+ test 10 -eq 10
++ grep -c '^XFAIL:' stdout
+ test 2 -eq 2
++ grep -c '^SKIP:' stdout
+ test 4 -eq 4
++ grep -c '^FAIL:' stdout
+ test 5 -eq 5
++ grep -c '^XPASS:' stdout
+ test 1 -eq 1
++ grep -c '^ERROR:' stdout
+ test 1 -eq 1
+ grep '^# TOTAL:  *23$' stdout
# TOTAL: 23
+ grep '^# PASS:  *10$' stdout
# PASS:  10
+ grep '^# XFAIL:  *2$' stdout
# XFAIL: 2
+ grep '^# SKIP:  *4$' stdout
# SKIP:  4
+ grep '^# FAIL:  *5$' stdout
# FAIL:  5
+ grep '^# XPASS:  *1$' stdout
# XPASS: 1
+ grep '^# ERROR:  *1$' stdout
# ERROR: 1
+ test 0 -eq 0
+ tst=pass-xpass-fail-xfail-skip-error
+ grep '^PASS: pass-xpass-fail-xfail-skip-error\.t, testcase 1' stdout
PASS: pass-xpass-fail-xfail-skip-error.t, testcase 1
+ grep '^FAIL: pass-xpass-fail-xfail-skip-error\.t, testcase 2' stdout
FAIL: pass-xpass-fail-xfail-skip-error.t, testcase 2
+ grep '^XFAIL: pass-xpass-fail-xfail-skip-error\.t, testcase 3' stdout
XFAIL: pass-xpass-fail-xfail-skip-error.t, testcase 3
+ grep '^XPASS: pass-xpass-fail-xfail-skip-error\.t, testcase 4' stdout
XPASS: pass-xpass-fail-xfail-skip-error.t, testcase 4
+ grep '^SKIP: pass-xpass-fail-xfail-skip-error\.t, testcase 5' stdout
SKIP: pass-xpass-fail-xfail-skip-error.t, testcase 5
+ grep '^ERROR: pass-xpass-fail-xfail-skip-error\.t, testcase 6' stdout
ERROR: pass-xpass-fail-xfail-skip-error.t, testcase 6
+ grep %% test-suite.log
%% fail %%
%% fail2 %%
%% pass-fail %%
%% pass-xpass-fail-xfail-skip-error %%
+ grep '%% fail %%' test-suite.log
%% fail %%
+ grep '%% fail2 %%' test-suite.log
%% fail2 %%
+ grep '%% pass-fail %%' test-suite.log
%% pass-fail %%
+ grep '%% pass-xpass-fail-xfail-skip-error %%' test-suite.log
%% pass-xpass-fail-xfail-skip-error %%
++ grep -c '%% ' test-suite.log
+ test 4 -eq 4
+ run_make -O 'TESTS=pass.t pass3-skip2-xfail.t' check
+ am__make_redirect_stdout=no
+ am__make_redirect_stderr=no
+ am__make_redirect_stdall=no
+ am__make_flags=
+ am__make_rc_exp=0
+ am_make_rc=0
+ test 3 -gt 0
+ case $1 in
+ am__make_redirect_stdout=yes
+ shift
+ test 2 -gt 0
+ case $1 in
+ break
+ using_gmake
+ case $am__using_gmake in
+ return 0
+ :
+ test x '!=' x
+ : exec make 'TESTS=pass.t pass3-skip2-xfail.t' check
+ set +x
+ test 0 -eq 253
+ test no = yes
+ test yes = yes
+ cat stdout
make  check-TESTS
make[1]: Entering directory '/sources/automake-1.16.1/t/test-driver-custom-multitest.dir'
make[2]: Entering directory '/sources/automake-1.16.1/t/test-driver-custom-multitest.dir'
PASS: pass.t, testcase 1
PASS: pass3-skip2-xfail.t, testcase 1
PASS: pass3-skip2-xfail.t, testcase 2
SKIP: pass3-skip2-xfail.t, testcase 3
PASS: pass3-skip2-xfail.t, testcase 4
SKIP: pass3-skip2-xfail.t, testcase 5
XFAIL: pass3-skip2-xfail.t, testcase 6
============================================================================
Testsuite summary for test-driver-custom-multitest 1.0
============================================================================
# TOTAL: 7
# PASS:  4
# SKIP:  2
# XFAIL: 1
# FAIL:  0
# XPASS: 0
# ERROR: 0
============================================================================
make[2]: Leaving directory '/sources/automake-1.16.1/t/test-driver-custom-multitest.dir'
make[1]: Leaving directory '/sources/automake-1.16.1/t/test-driver-custom-multitest.dir'
+ test no = yes
+ case $am__make_rc_exp in
+ test 0 -ge 0
+ test 0 -le 255
+ test 0 -eq 0
+ cat test-suite.log
========================================================
   test-driver-custom-multitest 1.0: ./test-suite.log
========================================================

# TOTAL: 7
# PASS:  4
# SKIP:  2
# XFAIL: 1
# FAIL:  0
# XPASS: 0
# ERROR: 0

.. contents:: :depth: 2

+ count_test_results total=7 pass=4 fail=0 skip=2 xfail=1 xpass=0 error=0
+ total=ERR
+ pass=ERR
+ fail=ERR
+ xpass=ERR
+ xfail=ERR
+ skip=ERR
+ error=ERR
+ eval total=7 pass=4 fail=0 skip=2 xfail=1 xpass=0 error=0
++ total=7
++ pass=4
++ fail=0
++ skip=2
++ xfail=1
++ xpass=0
++ error=0
+ /bin/grep -E -i '(total|x?pass|x?fail|skip|error)' stdout
PASS: pass.t, testcase 1
PASS: pass3-skip2-xfail.t, testcase 1
PASS: pass3-skip2-xfail.t, testcase 2
SKIP: pass3-skip2-xfail.t, testcase 3
PASS: pass3-skip2-xfail.t, testcase 4
SKIP: pass3-skip2-xfail.t, testcase 5
XFAIL: pass3-skip2-xfail.t, testcase 6
# TOTAL: 7
# PASS:  4
# SKIP:  2
# XFAIL: 1
# FAIL:  0
# XPASS: 0
# ERROR: 0
+ rc=0
+ set +e
++ grep -c '^PASS:' stdout
+ test 4 -eq 4
++ grep -c '^XFAIL:' stdout
+ test 1 -eq 1
++ grep -c '^SKIP:' stdout
+ test 2 -eq 2
++ grep -c '^FAIL:' stdout
+ test 0 -eq 0
++ grep -c '^XPASS:' stdout
+ test 0 -eq 0
++ grep -c '^ERROR:' stdout
+ test 0 -eq 0
+ grep '^# TOTAL:  *7$' stdout
# TOTAL: 7
+ grep '^# PASS:  *4$' stdout
# PASS:  4
+ grep '^# XFAIL:  *1$' stdout
# XFAIL: 1
+ grep '^# SKIP:  *2$' stdout
# SKIP:  2
+ grep '^# FAIL:  *0$' stdout
# FAIL:  0
+ grep '^# XPASS:  *0$' stdout
# XPASS: 0
+ grep '^# ERROR:  *0$' stdout
# ERROR: 0
+ test 0 -eq 0
+ cd .
+ :
+ am_exit_trap 0
+ exit_status=0
+ set +e
+ cd /sources/automake-1.16.1
+ test none = tap
+ case $am_explicit_skips in
+ test 0 -eq 0
+ am_keeping_testdirs
+ case $keep_testdirs in
+ return 1
+ rm_rf_ t/test-driver-custom-multitest.dir
+ test 1 -gt 0
+ /usr/bin/perl /sources/automake-1.16.1/t/ax/deltree.pl t/test-driver-custom-multitest.dir
+ set +x
PASS t/test-driver-custom-multitest.sh (exit status: 0)
