Running from installcheck: no
Test Protocol: none
PATH = /sources/automake-1.16.1/bin:/sources/automake-1.16.1/t/ax:/bin:/usr/bin:/sbin:/usr/sbin:/tools/bin
+++ pwd
/sources/automake-1.16.1/t/testsuite-summary-color.dir
++ case $use_colors in
++ AM_COLOR_TESTS=always
++ export AM_COLOR_TESTS
++ TERM=dumb
++ export TERM
++ cat
++ cat
++ cat
++ br=============================================================================
++ aclocal-1.16 -Werror
++ autoconf
++ automake-1.16 --foreign -Werror -Wall --add-missing
parallel-tests: installing './test-driver'
++ :
+ ./configure
checking for a BSD-compatible install... /usr/bin/install -c
checking whether build environment is sane... yes
checking for a thread-safe mkdir -p... /tools/bin/mkdir -p
checking for gawk... gawk
checking whether make sets $(MAKE)... yes
checking whether make supports nested variables... yes
checking that generated files are newer than configure... done
configure: creating ./config.status
config.status: creating Makefile
+ red='[0;31m'
+ grn='[0;32m'
+ lgn='[1;32m'
+ blu='[1;34m'
+ mgn='[0;35m'
+ brg='[1m'
+ std='[m'
+ success_header='[0;32m============================================================================[m
[0;32mTestsuite summary for GNU AutoFoo 7.1[m
[0;32m============================================================================[m'
+ success_footer='[0;32m============================================================================[m'
+ failure_header='[0;31m============================================================================[m
[0;31mTestsuite summary for GNU AutoFoo 7.1[m
[0;31m============================================================================[m'
+ failure_footer='[0;31m============================================================================[m
[0;31mSee ./test-suite.log[m
[0;31mPlease report to bug-automake@gnu.org[m
[0;31m============================================================================[m'
+ do_check ''
+ cat
+ expect_failure=false
+ xfail_tests=
+ tests=
+ run_make -O -e IGNORE check TESTS= XFAIL_TESTS=
+ am__make_redirect_stdout=no
+ am__make_redirect_stderr=no
+ am__make_redirect_stdall=no
+ am__make_flags=
+ am__make_rc_exp=0
+ am_make_rc=0
+ test 6 -gt 0
+ case $1 in
+ am__make_redirect_stdout=yes
+ shift
+ test 5 -gt 0
+ case $1 in
+ am__make_rc_exp=IGNORE
+ shift
+ shift
+ test 3 -gt 0
+ case $1 in
+ break
+ using_gmake
+ case $am__using_gmake in
+ make --version -v
+ grep GNU
GNU Make 4.2.1
License GPLv3+: GNU GPL version 3 or later <http://gnu.org/licenses/gpl.html>
+ am__using_gmake=yes
+ return 0
+ :
+ test x '!=' x
+ : exec make check TESTS= XFAIL_TESTS=
+ set +x
+ test 0 -eq 253
+ test no = yes
+ test yes = yes
+ cat stdout
make  check-TESTS
make[1]: Entering directory '/sources/automake-1.16.1/t/testsuite-summary-color.dir'
make[2]: Entering directory '/sources/automake-1.16.1/t/testsuite-summary-color.dir'
[0;32m============================================================================[m
[0;32mTestsuite summary for GNU AutoFoo 7.1[m
[0;32m============================================================================[m
# TOTAL: 0
# PASS:  0
# SKIP:  0
# XFAIL: 0
# FAIL:  0
# XPASS: 0
# ERROR: 0
[0;32m============================================================================[m
make[2]: Leaving directory '/sources/automake-1.16.1/t/testsuite-summary-color.dir'
make[1]: Leaving directory '/sources/automake-1.16.1/t/testsuite-summary-color.dir'
+ test no = yes
+ case $am__make_rc_exp in
+ : Ignore exit status
+ false
+ test 0 -eq 0
+ /usr/bin/perl /sources/automake-1.16.1/t/ax/extract-testsuite-summary.pl stdout
+ cat summary.exp
[0;32m============================================================================[m
[0;32mTestsuite summary for GNU AutoFoo 7.1[m
[0;32m============================================================================[m
# TOTAL: 0
# PASS:  0
# SKIP:  0
# XFAIL: 0
# FAIL:  0
# XPASS: 0
# ERROR: 0
[0;32m============================================================================[m
+ cat summary.got
[0;32m============================================================================[m
[0;32mTestsuite summary for GNU AutoFoo 7.1[m
[0;32m============================================================================[m
# TOTAL: 0
# PASS:  0
# SKIP:  0
# XFAIL: 0
# FAIL:  0
# XPASS: 0
# ERROR: 0
[0;32m============================================================================[m
+ test yes = yes
+ compare=cmp
+ cmp summary.exp summary.got
+ do_check pass.t
+ cat
+ expect_failure=false
+ xfail_tests=
+ tests=pass.t
+ for t in $*
+ case $t in
+ case $t in
+ run_make -O -e IGNORE check TESTS=pass.t XFAIL_TESTS=
+ am__make_redirect_stdout=no
+ am__make_redirect_stderr=no
+ am__make_redirect_stdall=no
+ am__make_flags=
+ am__make_rc_exp=0
+ am_make_rc=0
+ test 6 -gt 0
+ case $1 in
+ am__make_redirect_stdout=yes
+ shift
+ test 5 -gt 0
+ case $1 in
+ am__make_rc_exp=IGNORE
+ shift
+ shift
+ test 3 -gt 0
+ case $1 in
+ break
+ using_gmake
+ case $am__using_gmake in
+ return 0
+ :
+ test x '!=' x
+ : exec make check TESTS=pass.t XFAIL_TESTS=
+ set +x
+ test 0 -eq 253
+ test no = yes
+ test yes = yes
+ cat stdout
make  check-TESTS
make[1]: Entering directory '/sources/automake-1.16.1/t/testsuite-summary-color.dir'
make[2]: Entering directory '/sources/automake-1.16.1/t/testsuite-summary-color.dir'
[0;32mPASS[m: pass.t
[0;32m============================================================================[m
[0;32mTestsuite summary for GNU AutoFoo 7.1[m
[0;32m============================================================================[m
[1m# TOTAL: 1[m
[0;32m# PASS:  1[m
# SKIP:  0
# XFAIL: 0
# FAIL:  0
# XPASS: 0
# ERROR: 0
[0;32m============================================================================[m
make[2]: Leaving directory '/sources/automake-1.16.1/t/testsuite-summary-color.dir'
make[1]: Leaving directory '/sources/automake-1.16.1/t/testsuite-summary-color.dir'
+ test no = yes
+ case $am__make_rc_exp in
+ : Ignore exit status
+ false
+ test 0 -eq 0
+ /usr/bin/perl /sources/automake-1.16.1/t/ax/extract-testsuite-summary.pl stdout
+ cat summary.exp
[0;32m============================================================================[m
[0;32mTestsuite summary for GNU AutoFoo 7.1[m
[0;32m============================================================================[m
[1m# TOTAL: 1[m
[0;32m# PASS:  1[m
# SKIP:  0
# XFAIL: 0
# FAIL:  0
# XPASS: 0
# ERROR: 0
[0;32m============================================================================[m
+ cat summary.got
[0;32m============================================================================[m
[0;32mTestsuite summary for GNU AutoFoo 7.1[m
[0;32m============================================================================[m
[1m# TOTAL: 1[m
[0;32m# PASS:  1[m
# SKIP:  0
# XFAIL: 0
# FAIL:  0
# XPASS: 0
# ERROR: 0
[0;32m============================================================================[m
+ test yes = yes
+ compare=cmp
+ cmp summary.exp summary.got
+ do_check skip.t
+ cat
+ expect_failure=false
+ xfail_tests=
+ tests=skip.t
+ for t in $*
+ case $t in
+ case $t in
+ run_make -O -e IGNORE check TESTS=skip.t XFAIL_TESTS=
+ am__make_redirect_stdout=no
+ am__make_redirect_stderr=no
+ am__make_redirect_stdall=no
+ am__make_flags=
+ am__make_rc_exp=0
+ am_make_rc=0
+ test 6 -gt 0
+ case $1 in
+ am__make_redirect_stdout=yes
+ shift
+ test 5 -gt 0
+ case $1 in
+ am__make_rc_exp=IGNORE
+ shift
+ shift
+ test 3 -gt 0
+ case $1 in
+ break
+ using_gmake
+ case $am__using_gmake in
+ return 0
+ :
+ test x '!=' x
+ : exec make check TESTS=skip.t XFAIL_TESTS=
+ set +x
+ test 0 -eq 253
+ test no = yes
+ test yes = yes
+ cat stdout
make  check-TESTS
make[1]: Entering directory '/sources/automake-1.16.1/t/testsuite-summary-color.dir'
make[2]: Entering directory '/sources/automake-1.16.1/t/testsuite-summary-color.dir'
[1;34mSKIP[m: skip.t
[0;32m============================================================================[m
[0;32mTestsuite summary for GNU AutoFoo 7.1[m
[0;32m============================================================================[m
[1m# TOTAL: 1[m
# PASS:  0
[1;34m# SKIP:  1[m
# XFAIL: 0
# FAIL:  0
# XPASS: 0
# ERROR: 0
[0;32m============================================================================[m
make[2]: Leaving directory '/sources/automake-1.16.1/t/testsuite-summary-color.dir'
make[1]: Leaving directory '/sources/automake-1.16.1/t/testsuite-summary-color.dir'
+ test no = yes
+ case $am__make_rc_exp in
+ : Ignore exit status
+ false
+ test 0 -eq 0
+ /usr/bin/perl /sources/automake-1.16.1/t/ax/extract-testsuite-summary.pl stdout
+ cat summary.exp
[0;32m============================================================================[m
[0;32mTestsuite summary for GNU AutoFoo 7.1[m
[0;32m============================================================================[m
[1m# TOTAL: 1[m
# PASS:  0
[1;34m# SKIP:  1[m
# XFAIL: 0
# FAIL:  0
# XPASS: 0
# ERROR: 0
[0;32m============================================================================[m
+ cat summary.got
[0;32m============================================================================[m
[0;32mTestsuite summary for GNU AutoFoo 7.1[m
[0;32m============================================================================[m
[1m# TOTAL: 1[m
# PASS:  0
[1;34m# SKIP:  1[m
# XFAIL: 0
# FAIL:  0
# XPASS: 0
# ERROR: 0
[0;32m============================================================================[m
+ test yes = yes
+ compare=cmp
+ cmp summary.exp summary.got
+ do_check xfail.t
+ cat
+ expect_failure=false
+ xfail_tests=
+ tests=xfail.t
+ for t in $*
+ case $t in
+ case $t in
+ xfail_tests=' xfail.t'
+ run_make -O -e IGNORE check TESTS=xfail.t 'XFAIL_TESTS= xfail.t'
+ am__make_redirect_stdout=no
+ am__make_redirect_stderr=no
+ am__make_redirect_stdall=no
+ am__make_flags=
+ am__make_rc_exp=0
+ am_make_rc=0
+ test 6 -gt 0
+ case $1 in
+ am__make_redirect_stdout=yes
+ shift
+ test 5 -gt 0
+ case $1 in
+ am__make_rc_exp=IGNORE
+ shift
+ shift
+ test 3 -gt 0
+ case $1 in
+ break
+ using_gmake
+ case $am__using_gmake in
+ return 0
+ :
+ test x '!=' x
+ : exec make check TESTS=xfail.t 'XFAIL_TESTS= xfail.t'
+ set +x
+ test 0 -eq 253
+ test no = yes
+ test yes = yes
+ cat stdout
make  check-TESTS
make[1]: Entering directory '/sources/automake-1.16.1/t/testsuite-summary-color.dir'
make[2]: Entering directory '/sources/automake-1.16.1/t/testsuite-summary-color.dir'
[1;32mXFAIL[m: xfail.t
[0;32m============================================================================[m
[0;32mTestsuite summary for GNU AutoFoo 7.1[m
[0;32m============================================================================[m
[1m# TOTAL: 1[m
# PASS:  0
# SKIP:  0
[1;32m# XFAIL: 1[m
# FAIL:  0
# XPASS: 0
# ERROR: 0
[0;32m============================================================================[m
make[2]: Leaving directory '/sources/automake-1.16.1/t/testsuite-summary-color.dir'
make[1]: Leaving directory '/sources/automake-1.16.1/t/testsuite-summary-color.dir'
+ test no = yes
+ case $am__make_rc_exp in
+ : Ignore exit status
+ false
+ test 0 -eq 0
+ /usr/bin/perl /sources/automake-1.16.1/t/ax/extract-testsuite-summary.pl stdout
+ cat summary.exp
[0;32m============================================================================[m
[0;32mTestsuite summary for GNU AutoFoo 7.1[m
[0;32m============================================================================[m
[1m# TOTAL: 1[m
# PASS:  0
# SKIP:  0
[1;32m# XFAIL: 1[m
# FAIL:  0
# XPASS: 0
# ERROR: 0
[0;32m============================================================================[m
+ cat summary.got
[0;32m============================================================================[m
[0;32mTestsuite summary for GNU AutoFoo 7.1[m
[0;32m============================================================================[m
[1m# TOTAL: 1[m
# PASS:  0
# SKIP:  0
[1;32m# XFAIL: 1[m
# FAIL:  0
# XPASS: 0
# ERROR: 0
[0;32m============================================================================[m
+ test yes = yes
+ compare=cmp
+ cmp summary.exp summary.got
+ do_check fail.t
+ cat
+ expect_failure=false
+ xfail_tests=
+ tests=fail.t
+ for t in $*
+ case $t in
+ expect_failure=:
+ case $t in
+ run_make -O -e IGNORE check TESTS=fail.t XFAIL_TESTS=
+ am__make_redirect_stdout=no
+ am__make_redirect_stderr=no
+ am__make_redirect_stdall=no
+ am__make_flags=
+ am__make_rc_exp=0
+ am_make_rc=0
+ test 6 -gt 0
+ case $1 in
+ am__make_redirect_stdout=yes
+ shift
+ test 5 -gt 0
+ case $1 in
+ am__make_rc_exp=IGNORE
+ shift
+ shift
+ test 3 -gt 0
+ case $1 in
+ break
+ using_gmake
+ case $am__using_gmake in
+ return 0
+ :
+ test x '!=' x
+ : exec make check TESTS=fail.t XFAIL_TESTS=
+ set +x
make[2]: *** [Makefile:474: test-suite.log] Error 1
make[1]: *** [Makefile:582: check-TESTS] Error 2
make: *** [Makefile:774: check-am] Error 2
+ am_make_rc=2
+ test 2 -eq 253
+ test no = yes
+ test yes = yes
+ cat stdout
make  check-TESTS
make[1]: Entering directory '/sources/automake-1.16.1/t/testsuite-summary-color.dir'
make[2]: Entering directory '/sources/automake-1.16.1/t/testsuite-summary-color.dir'
[0;31mFAIL[m: fail.t
[0;31m============================================================================[m
[0;31mTestsuite summary for GNU AutoFoo 7.1[m
[0;31m============================================================================[m
[1m# TOTAL: 1[m
# PASS:  0
# SKIP:  0
# XFAIL: 0
[0;31m# FAIL:  1[m
# XPASS: 0
# ERROR: 0
[0;31m============================================================================[m
[0;31mSee ./test-suite.log[m
[0;31mPlease report to bug-automake@gnu.org[m
[0;31m============================================================================[m
make[2]: Leaving directory '/sources/automake-1.16.1/t/testsuite-summary-color.dir'
make[1]: Leaving directory '/sources/automake-1.16.1/t/testsuite-summary-color.dir'
+ test no = yes
+ case $am__make_rc_exp in
+ : Ignore exit status
+ :
+ test 2 -gt 0
+ /usr/bin/perl /sources/automake-1.16.1/t/ax/extract-testsuite-summary.pl stdout
+ cat summary.exp
[0;31m============================================================================[m
[0;31mTestsuite summary for GNU AutoFoo 7.1[m
[0;31m============================================================================[m
[1m# TOTAL: 1[m
# PASS:  0
# SKIP:  0
# XFAIL: 0
[0;31m# FAIL:  1[m
# XPASS: 0
# ERROR: 0
[0;31m============================================================================[m
[0;31mSee ./test-suite.log[m
[0;31mPlease report to bug-automake@gnu.org[m
[0;31m============================================================================[m
+ cat summary.got
[0;31m============================================================================[m
[0;31mTestsuite summary for GNU AutoFoo 7.1[m
[0;31m============================================================================[m
[1m# TOTAL: 1[m
# PASS:  0
# SKIP:  0
# XFAIL: 0
[0;31m# FAIL:  1[m
# XPASS: 0
# ERROR: 0
[0;31m============================================================================[m
[0;31mSee ./test-suite.log[m
[0;31mPlease report to bug-automake@gnu.org[m
[0;31m============================================================================[m
+ test yes = yes
+ compare=cmp
+ cmp summary.exp summary.got
+ do_check xpass.t
+ cat
+ expect_failure=false
+ xfail_tests=
+ tests=xpass.t
+ for t in $*
+ case $t in
+ expect_failure=:
+ case $t in
+ xfail_tests=' xpass.t'
+ run_make -O -e IGNORE check TESTS=xpass.t 'XFAIL_TESTS= xpass.t'
+ am__make_redirect_stdout=no
+ am__make_redirect_stderr=no
+ am__make_redirect_stdall=no
+ am__make_flags=
+ am__make_rc_exp=0
+ am_make_rc=0
+ test 6 -gt 0
+ case $1 in
+ am__make_redirect_stdout=yes
+ shift
+ test 5 -gt 0
+ case $1 in
+ am__make_rc_exp=IGNORE
+ shift
+ shift
+ test 3 -gt 0
+ case $1 in
+ break
+ using_gmake
+ case $am__using_gmake in
+ return 0
+ :
+ test x '!=' x
+ : exec make check TESTS=xpass.t 'XFAIL_TESTS= xpass.t'
+ set +x
make[2]: *** [Makefile:474: test-suite.log] Error 1
make[1]: *** [Makefile:582: check-TESTS] Error 2
make: *** [Makefile:774: check-am] Error 2
+ am_make_rc=2
+ test 2 -eq 253
+ test no = yes
+ test yes = yes
+ cat stdout
make  check-TESTS
make[1]: Entering directory '/sources/automake-1.16.1/t/testsuite-summary-color.dir'
make[2]: Entering directory '/sources/automake-1.16.1/t/testsuite-summary-color.dir'
[0;31mXPASS[m: xpass.t
[0;31m============================================================================[m
[0;31mTestsuite summary for GNU AutoFoo 7.1[m
[0;31m============================================================================[m
[1m# TOTAL: 1[m
# PASS:  0
# SKIP:  0
# XFAIL: 0
# FAIL:  0
[0;31m# XPASS: 1[m
# ERROR: 0
[0;31m============================================================================[m
[0;31mSee ./test-suite.log[m
[0;31mPlease report to bug-automake@gnu.org[m
[0;31m============================================================================[m
make[2]: Leaving directory '/sources/automake-1.16.1/t/testsuite-summary-color.dir'
make[1]: Leaving directory '/sources/automake-1.16.1/t/testsuite-summary-color.dir'
+ test no = yes
+ case $am__make_rc_exp in
+ : Ignore exit status
+ :
+ test 2 -gt 0
+ /usr/bin/perl /sources/automake-1.16.1/t/ax/extract-testsuite-summary.pl stdout
+ cat summary.exp
[0;31m============================================================================[m
[0;31mTestsuite summary for GNU AutoFoo 7.1[m
[0;31m============================================================================[m
[1m# TOTAL: 1[m
# PASS:  0
# SKIP:  0
# XFAIL: 0
# FAIL:  0
[0;31m# XPASS: 1[m
# ERROR: 0
[0;31m============================================================================[m
[0;31mSee ./test-suite.log[m
[0;31mPlease report to bug-automake@gnu.org[m
[0;31m============================================================================[m
+ cat summary.got
[0;31m============================================================================[m
[0;31mTestsuite summary for GNU AutoFoo 7.1[m
[0;31m============================================================================[m
[1m# TOTAL: 1[m
# PASS:  0
# SKIP:  0
# XFAIL: 0
# FAIL:  0
[0;31m# XPASS: 1[m
# ERROR: 0
[0;31m============================================================================[m
[0;31mSee ./test-suite.log[m
[0;31mPlease report to bug-automake@gnu.org[m
[0;31m============================================================================[m
+ test yes = yes
+ compare=cmp
+ cmp summary.exp summary.got
+ do_check error.t
+ cat
+ expect_failure=false
+ xfail_tests=
+ tests=error.t
+ for t in $*
+ case $t in
+ expect_failure=:
+ case $t in
+ run_make -O -e IGNORE check TESTS=error.t XFAIL_TESTS=
+ am__make_redirect_stdout=no
+ am__make_redirect_stderr=no
+ am__make_redirect_stdall=no
+ am__make_flags=
+ am__make_rc_exp=0
+ am_make_rc=0
+ test 6 -gt 0
+ case $1 in
+ am__make_redirect_stdout=yes
+ shift
+ test 5 -gt 0
+ case $1 in
+ am__make_rc_exp=IGNORE
+ shift
+ shift
+ test 3 -gt 0
+ case $1 in
+ break
+ using_gmake
+ case $am__using_gmake in
+ return 0
+ :
+ test x '!=' x
+ : exec make check TESTS=error.t XFAIL_TESTS=
+ set +x
make[2]: *** [Makefile:474: test-suite.log] Error 1
make[1]: *** [Makefile:582: check-TESTS] Error 2
make: *** [Makefile:774: check-am] Error 2
+ am_make_rc=2
+ test 2 -eq 253
+ test no = yes
+ test yes = yes
+ cat stdout
make  check-TESTS
make[1]: Entering directory '/sources/automake-1.16.1/t/testsuite-summary-color.dir'
make[2]: Entering directory '/sources/automake-1.16.1/t/testsuite-summary-color.dir'
[0;35mERROR[m: error.t
[0;31m============================================================================[m
[0;31mTestsuite summary for GNU AutoFoo 7.1[m
[0;31m============================================================================[m
[1m# TOTAL: 1[m
# PASS:  0
# SKIP:  0
# XFAIL: 0
# FAIL:  0
# XPASS: 0
[0;35m# ERROR: 1[m
[0;31m============================================================================[m
[0;31mSee ./test-suite.log[m
[0;31mPlease report to bug-automake@gnu.org[m
[0;31m============================================================================[m
make[2]: Leaving directory '/sources/automake-1.16.1/t/testsuite-summary-color.dir'
make[1]: Leaving directory '/sources/automake-1.16.1/t/testsuite-summary-color.dir'
+ test no = yes
+ case $am__make_rc_exp in
+ : Ignore exit status
+ :
+ test 2 -gt 0
+ /usr/bin/perl /sources/automake-1.16.1/t/ax/extract-testsuite-summary.pl stdout
+ cat summary.exp
[0;31m============================================================================[m
[0;31mTestsuite summary for GNU AutoFoo 7.1[m
[0;31m============================================================================[m
[1m# TOTAL: 1[m
# PASS:  0
# SKIP:  0
# XFAIL: 0
# FAIL:  0
# XPASS: 0
[0;35m# ERROR: 1[m
[0;31m============================================================================[m
[0;31mSee ./test-suite.log[m
[0;31mPlease report to bug-automake@gnu.org[m
[0;31m============================================================================[m
+ cat summary.got
[0;31m============================================================================[m
[0;31mTestsuite summary for GNU AutoFoo 7.1[m
[0;31m============================================================================[m
[1m# TOTAL: 1[m
# PASS:  0
# SKIP:  0
# XFAIL: 0
# FAIL:  0
# XPASS: 0
[0;35m# ERROR: 1[m
[0;31m============================================================================[m
[0;31mSee ./test-suite.log[m
[0;31mPlease report to bug-automake@gnu.org[m
[0;31m============================================================================[m
+ test yes = yes
+ compare=cmp
+ cmp summary.exp summary.got
+ do_check pass.t xfail.t skip.t
+ cat
+ expect_failure=false
+ xfail_tests=
+ tests='pass.t xfail.t skip.t'
+ for t in $*
+ case $t in
+ case $t in
+ for t in $*
+ case $t in
+ case $t in
+ xfail_tests=' xfail.t'
+ for t in $*
+ case $t in
+ case $t in
+ run_make -O -e IGNORE check 'TESTS=pass.t xfail.t skip.t' 'XFAIL_TESTS= xfail.t'
+ am__make_redirect_stdout=no
+ am__make_redirect_stderr=no
+ am__make_redirect_stdall=no
+ am__make_flags=
+ am__make_rc_exp=0
+ am_make_rc=0
+ test 6 -gt 0
+ case $1 in
+ am__make_redirect_stdout=yes
+ shift
+ test 5 -gt 0
+ case $1 in
+ am__make_rc_exp=IGNORE
+ shift
+ shift
+ test 3 -gt 0
+ case $1 in
+ break
+ using_gmake
+ case $am__using_gmake in
+ return 0
+ :
+ test x '!=' x
+ : exec make check 'TESTS=pass.t xfail.t skip.t' 'XFAIL_TESTS= xfail.t'
+ set +x
+ test 0 -eq 253
+ test no = yes
+ test yes = yes
+ cat stdout
make  check-TESTS
make[1]: Entering directory '/sources/automake-1.16.1/t/testsuite-summary-color.dir'
make[2]: Entering directory '/sources/automake-1.16.1/t/testsuite-summary-color.dir'
[0;32mPASS[m: pass.t
[1;32mXFAIL[m: xfail.t
[1;34mSKIP[m: skip.t
[0;32m============================================================================[m
[0;32mTestsuite summary for GNU AutoFoo 7.1[m
[0;32m============================================================================[m
[1m# TOTAL: 3[m
[0;32m# PASS:  1[m
[1;34m# SKIP:  1[m
[1;32m# XFAIL: 1[m
# FAIL:  0
# XPASS: 0
# ERROR: 0
[0;32m============================================================================[m
make[2]: Leaving directory '/sources/automake-1.16.1/t/testsuite-summary-color.dir'
make[1]: Leaving directory '/sources/automake-1.16.1/t/testsuite-summary-color.dir'
+ test no = yes
+ case $am__make_rc_exp in
+ : Ignore exit status
+ false
+ test 0 -eq 0
+ /usr/bin/perl /sources/automake-1.16.1/t/ax/extract-testsuite-summary.pl stdout
+ cat summary.exp
[0;32m============================================================================[m
[0;32mTestsuite summary for GNU AutoFoo 7.1[m
[0;32m============================================================================[m
[1m# TOTAL: 3[m
[0;32m# PASS:  1[m
[1;34m# SKIP:  1[m
[1;32m# XFAIL: 1[m
# FAIL:  0
# XPASS: 0
# ERROR: 0
[0;32m============================================================================[m
+ cat summary.got
[0;32m============================================================================[m
[0;32mTestsuite summary for GNU AutoFoo 7.1[m
[0;32m============================================================================[m
[1m# TOTAL: 3[m
[0;32m# PASS:  1[m
[1;34m# SKIP:  1[m
[1;32m# XFAIL: 1[m
# FAIL:  0
# XPASS: 0
# ERROR: 0
[0;32m============================================================================[m
+ test yes = yes
+ compare=cmp
+ cmp summary.exp summary.got
+ do_check pass.t fail.t skip.t
+ cat
+ expect_failure=false
+ xfail_tests=
+ tests='pass.t fail.t skip.t'
+ for t in $*
+ case $t in
+ case $t in
+ for t in $*
+ case $t in
+ expect_failure=:
+ case $t in
+ for t in $*
+ case $t in
+ case $t in
+ run_make -O -e IGNORE check 'TESTS=pass.t fail.t skip.t' XFAIL_TESTS=
+ am__make_redirect_stdout=no
+ am__make_redirect_stderr=no
+ am__make_redirect_stdall=no
+ am__make_flags=
+ am__make_rc_exp=0
+ am_make_rc=0
+ test 6 -gt 0
+ case $1 in
+ am__make_redirect_stdout=yes
+ shift
+ test 5 -gt 0
+ case $1 in
+ am__make_rc_exp=IGNORE
+ shift
+ shift
+ test 3 -gt 0
+ case $1 in
+ break
+ using_gmake
+ case $am__using_gmake in
+ return 0
+ :
+ test x '!=' x
+ : exec make check 'TESTS=pass.t fail.t skip.t' XFAIL_TESTS=
+ set +x
make[2]: *** [Makefile:474: test-suite.log] Error 1
make[1]: *** [Makefile:582: check-TESTS] Error 2
make: *** [Makefile:774: check-am] Error 2
+ am_make_rc=2
+ test 2 -eq 253
+ test no = yes
+ test yes = yes
+ cat stdout
make  check-TESTS
make[1]: Entering directory '/sources/automake-1.16.1/t/testsuite-summary-color.dir'
make[2]: Entering directory '/sources/automake-1.16.1/t/testsuite-summary-color.dir'
[0;32mPASS[m: pass.t
[0;31mFAIL[m: fail.t
[1;34mSKIP[m: skip.t
[0;31m============================================================================[m
[0;31mTestsuite summary for GNU AutoFoo 7.1[m
[0;31m============================================================================[m
[1m# TOTAL: 3[m
[0;32m# PASS:  1[m
[1;34m# SKIP:  1[m
# XFAIL: 0
[0;31m# FAIL:  1[m
# XPASS: 0
# ERROR: 0
[0;31m============================================================================[m
[0;31mSee ./test-suite.log[m
[0;31mPlease report to bug-automake@gnu.org[m
[0;31m============================================================================[m
make[2]: Leaving directory '/sources/automake-1.16.1/t/testsuite-summary-color.dir'
make[1]: Leaving directory '/sources/automake-1.16.1/t/testsuite-summary-color.dir'
+ test no = yes
+ case $am__make_rc_exp in
+ : Ignore exit status
+ :
+ test 2 -gt 0
+ /usr/bin/perl /sources/automake-1.16.1/t/ax/extract-testsuite-summary.pl stdout
+ cat summary.exp
[0;31m============================================================================[m
[0;31mTestsuite summary for GNU AutoFoo 7.1[m
[0;31m============================================================================[m
[1m# TOTAL: 3[m
[0;32m# PASS:  1[m
[1;34m# SKIP:  1[m
# XFAIL: 0
[0;31m# FAIL:  1[m
# XPASS: 0
# ERROR: 0
[0;31m============================================================================[m
[0;31mSee ./test-suite.log[m
[0;31mPlease report to bug-automake@gnu.org[m
[0;31m============================================================================[m
+ cat summary.got
[0;31m============================================================================[m
[0;31mTestsuite summary for GNU AutoFoo 7.1[m
[0;31m============================================================================[m
[1m# TOTAL: 3[m
[0;32m# PASS:  1[m
[1;34m# SKIP:  1[m
# XFAIL: 0
[0;31m# FAIL:  1[m
# XPASS: 0
# ERROR: 0
[0;31m============================================================================[m
[0;31mSee ./test-suite.log[m
[0;31mPlease report to bug-automake@gnu.org[m
[0;31m============================================================================[m
+ test yes = yes
+ compare=cmp
+ cmp summary.exp summary.got
+ do_check pass.t xfail.t xpass.t
+ cat
+ expect_failure=false
+ xfail_tests=
+ tests='pass.t xfail.t xpass.t'
+ for t in $*
+ case $t in
+ case $t in
+ for t in $*
+ case $t in
+ case $t in
+ xfail_tests=' xfail.t'
+ for t in $*
+ case $t in
+ expect_failure=:
+ case $t in
+ xfail_tests=' xfail.t xpass.t'
+ run_make -O -e IGNORE check 'TESTS=pass.t xfail.t xpass.t' 'XFAIL_TESTS= xfail.t xpass.t'
+ am__make_redirect_stdout=no
+ am__make_redirect_stderr=no
+ am__make_redirect_stdall=no
+ am__make_flags=
+ am__make_rc_exp=0
+ am_make_rc=0
+ test 6 -gt 0
+ case $1 in
+ am__make_redirect_stdout=yes
+ shift
+ test 5 -gt 0
+ case $1 in
+ am__make_rc_exp=IGNORE
+ shift
+ shift
+ test 3 -gt 0
+ case $1 in
+ break
+ using_gmake
+ case $am__using_gmake in
+ return 0
+ :
+ test x '!=' x
+ : exec make check 'TESTS=pass.t xfail.t xpass.t' 'XFAIL_TESTS= xfail.t xpass.t'
+ set +x
make[2]: *** [Makefile:474: test-suite.log] Error 1
make[1]: *** [Makefile:582: check-TESTS] Error 2
make: *** [Makefile:774: check-am] Error 2
+ am_make_rc=2
+ test 2 -eq 253
+ test no = yes
+ test yes = yes
+ cat stdout
make  check-TESTS
make[1]: Entering directory '/sources/automake-1.16.1/t/testsuite-summary-color.dir'
make[2]: Entering directory '/sources/automake-1.16.1/t/testsuite-summary-color.dir'
[0;32mPASS[m: pass.t
[1;32mXFAIL[m: xfail.t
[0;31mXPASS[m: xpass.t
[0;31m============================================================================[m
[0;31mTestsuite summary for GNU AutoFoo 7.1[m
[0;31m============================================================================[m
[1m# TOTAL: 3[m
[0;32m# PASS:  1[m
# SKIP:  0
[1;32m# XFAIL: 1[m
# FAIL:  0
[0;31m# XPASS: 1[m
# ERROR: 0
[0;31m============================================================================[m
[0;31mSee ./test-suite.log[m
[0;31mPlease report to bug-automake@gnu.org[m
[0;31m============================================================================[m
make[2]: Leaving directory '/sources/automake-1.16.1/t/testsuite-summary-color.dir'
make[1]: Leaving directory '/sources/automake-1.16.1/t/testsuite-summary-color.dir'
+ test no = yes
+ case $am__make_rc_exp in
+ : Ignore exit status
+ :
+ test 2 -gt 0
+ /usr/bin/perl /sources/automake-1.16.1/t/ax/extract-testsuite-summary.pl stdout
+ cat summary.exp
[0;31m============================================================================[m
[0;31mTestsuite summary for GNU AutoFoo 7.1[m
[0;31m============================================================================[m
[1m# TOTAL: 3[m
[0;32m# PASS:  1[m
# SKIP:  0
[1;32m# XFAIL: 1[m
# FAIL:  0
[0;31m# XPASS: 1[m
# ERROR: 0
[0;31m============================================================================[m
[0;31mSee ./test-suite.log[m
[0;31mPlease report to bug-automake@gnu.org[m
[0;31m============================================================================[m
+ cat summary.got
[0;31m============================================================================[m
[0;31mTestsuite summary for GNU AutoFoo 7.1[m
[0;31m============================================================================[m
[1m# TOTAL: 3[m
[0;32m# PASS:  1[m
# SKIP:  0
[1;32m# XFAIL: 1[m
# FAIL:  0
[0;31m# XPASS: 1[m
# ERROR: 0
[0;31m============================================================================[m
[0;31mSee ./test-suite.log[m
[0;31mPlease report to bug-automake@gnu.org[m
[0;31m============================================================================[m
+ test yes = yes
+ compare=cmp
+ cmp summary.exp summary.got
+ do_check skip.t xfail.t error.t
+ cat
+ expect_failure=false
+ xfail_tests=
+ tests='skip.t xfail.t error.t'
+ for t in $*
+ case $t in
+ case $t in
+ for t in $*
+ case $t in
+ case $t in
+ xfail_tests=' xfail.t'
+ for t in $*
+ case $t in
+ expect_failure=:
+ case $t in
+ run_make -O -e IGNORE check 'TESTS=skip.t xfail.t error.t' 'XFAIL_TESTS= xfail.t'
+ am__make_redirect_stdout=no
+ am__make_redirect_stderr=no
+ am__make_redirect_stdall=no
+ am__make_flags=
+ am__make_rc_exp=0
+ am_make_rc=0
+ test 6 -gt 0
+ case $1 in
+ am__make_redirect_stdout=yes
+ shift
+ test 5 -gt 0
+ case $1 in
+ am__make_rc_exp=IGNORE
+ shift
+ shift
+ test 3 -gt 0
+ case $1 in
+ break
+ using_gmake
+ case $am__using_gmake in
+ return 0
+ :
+ test x '!=' x
+ : exec make check 'TESTS=skip.t xfail.t error.t' 'XFAIL_TESTS= xfail.t'
+ set +x
make[2]: *** [Makefile:474: test-suite.log] Error 1
make[1]: *** [Makefile:582: check-TESTS] Error 2
make: *** [Makefile:774: check-am] Error 2
+ am_make_rc=2
+ test 2 -eq 253
+ test no = yes
+ test yes = yes
+ cat stdout
make  check-TESTS
make[1]: Entering directory '/sources/automake-1.16.1/t/testsuite-summary-color.dir'
make[2]: Entering directory '/sources/automake-1.16.1/t/testsuite-summary-color.dir'
[1;34mSKIP[m: skip.t
[1;32mXFAIL[m: xfail.t
[0;35mERROR[m: error.t
[0;31m============================================================================[m
[0;31mTestsuite summary for GNU AutoFoo 7.1[m
[0;31m============================================================================[m
[1m# TOTAL: 3[m
# PASS:  0
[1;34m# SKIP:  1[m
[1;32m# XFAIL: 1[m
# FAIL:  0
# XPASS: 0
[0;35m# ERROR: 1[m
[0;31m============================================================================[m
[0;31mSee ./test-suite.log[m
[0;31mPlease report to bug-automake@gnu.org[m
[0;31m============================================================================[m
make[2]: Leaving directory '/sources/automake-1.16.1/t/testsuite-summary-color.dir'
make[1]: Leaving directory '/sources/automake-1.16.1/t/testsuite-summary-color.dir'
+ test no = yes
+ case $am__make_rc_exp in
+ : Ignore exit status
+ :
+ test 2 -gt 0
+ /usr/bin/perl /sources/automake-1.16.1/t/ax/extract-testsuite-summary.pl stdout
+ cat summary.exp
[0;31m============================================================================[m
[0;31mTestsuite summary for GNU AutoFoo 7.1[m
[0;31m============================================================================[m
[1m# TOTAL: 3[m
# PASS:  0
[1;34m# SKIP:  1[m
[1;32m# XFAIL: 1[m
# FAIL:  0
# XPASS: 0
[0;35m# ERROR: 1[m
[0;31m============================================================================[m
[0;31mSee ./test-suite.log[m
[0;31mPlease report to bug-automake@gnu.org[m
[0;31m============================================================================[m
+ cat summary.got
[0;31m============================================================================[m
[0;31mTestsuite summary for GNU AutoFoo 7.1[m
[0;31m============================================================================[m
[1m# TOTAL: 3[m
# PASS:  0
[1;34m# SKIP:  1[m
[1;32m# XFAIL: 1[m
# FAIL:  0
# XPASS: 0
[0;35m# ERROR: 1[m
[0;31m============================================================================[m
[0;31mSee ./test-suite.log[m
[0;31mPlease report to bug-automake@gnu.org[m
[0;31m============================================================================[m
+ test yes = yes
+ compare=cmp
+ cmp summary.exp summary.got
+ do_check pass.t skip.t xfail.t fail.t xpass.t error.t
+ cat
+ expect_failure=false
+ xfail_tests=
+ tests='pass.t skip.t xfail.t fail.t xpass.t error.t'
+ for t in $*
+ case $t in
+ case $t in
+ for t in $*
+ case $t in
+ case $t in
+ for t in $*
+ case $t in
+ case $t in
+ xfail_tests=' xfail.t'
+ for t in $*
+ case $t in
+ expect_failure=:
+ case $t in
+ for t in $*
+ case $t in
+ expect_failure=:
+ case $t in
+ xfail_tests=' xfail.t xpass.t'
+ for t in $*
+ case $t in
+ expect_failure=:
+ case $t in
+ run_make -O -e IGNORE check 'TESTS=pass.t skip.t xfail.t fail.t xpass.t error.t' 'XFAIL_TESTS= xfail.t xpass.t'
+ am__make_redirect_stdout=no
+ am__make_redirect_stderr=no
+ am__make_redirect_stdall=no
+ am__make_flags=
+ am__make_rc_exp=0
+ am_make_rc=0
+ test 6 -gt 0
+ case $1 in
+ am__make_redirect_stdout=yes
+ shift
+ test 5 -gt 0
+ case $1 in
+ am__make_rc_exp=IGNORE
+ shift
+ shift
+ test 3 -gt 0
+ case $1 in
+ break
+ using_gmake
+ case $am__using_gmake in
+ return 0
+ :
+ test x '!=' x
+ : exec make check 'TESTS=pass.t skip.t xfail.t fail.t xpass.t error.t' 'XFAIL_TESTS= xfail.t xpass.t'
+ set +x
make[2]: *** [Makefile:474: test-suite.log] Error 1
make[1]: *** [Makefile:582: check-TESTS] Error 2
make: *** [Makefile:774: check-am] Error 2
+ am_make_rc=2
+ test 2 -eq 253
+ test no = yes
+ test yes = yes
+ cat stdout
make  check-TESTS
make[1]: Entering directory '/sources/automake-1.16.1/t/testsuite-summary-color.dir'
make[2]: Entering directory '/sources/automake-1.16.1/t/testsuite-summary-color.dir'
[0;32mPASS[m: pass.t
[1;34mSKIP[m: skip.t
[1;32mXFAIL[m: xfail.t
[0;31mFAIL[m: fail.t
[0;31mXPASS[m: xpass.t
[0;35mERROR[m: error.t
[0;31m============================================================================[m
[0;31mTestsuite summary for GNU AutoFoo 7.1[m
[0;31m============================================================================[m
[1m# TOTAL: 6[m
[0;32m# PASS:  1[m
[1;34m# SKIP:  1[m
[1;32m# XFAIL: 1[m
[0;31m# FAIL:  1[m
[0;31m# XPASS: 1[m
[0;35m# ERROR: 1[m
[0;31m============================================================================[m
[0;31mSee ./test-suite.log[m
[0;31mPlease report to bug-automake@gnu.org[m
[0;31m============================================================================[m
make[2]: Leaving directory '/sources/automake-1.16.1/t/testsuite-summary-color.dir'
make[1]: Leaving directory '/sources/automake-1.16.1/t/testsuite-summary-color.dir'
+ test no = yes
+ case $am__make_rc_exp in
+ : Ignore exit status
+ :
+ test 2 -gt 0
+ /usr/bin/perl /sources/automake-1.16.1/t/ax/extract-testsuite-summary.pl stdout
+ cat summary.exp
[0;31m============================================================================[m
[0;31mTestsuite summary for GNU AutoFoo 7.1[m
[0;31m============================================================================[m
[1m# TOTAL: 6[m
[0;32m# PASS:  1[m
[1;34m# SKIP:  1[m
[1;32m# XFAIL: 1[m
[0;31m# FAIL:  1[m
[0;31m# XPASS: 1[m
[0;35m# ERROR: 1[m
[0;31m============================================================================[m
[0;31mSee ./test-suite.log[m
[0;31mPlease report to bug-automake@gnu.org[m
[0;31m============================================================================[m
+ cat summary.got
[0;31m============================================================================[m
[0;31mTestsuite summary for GNU AutoFoo 7.1[m
[0;31m============================================================================[m
[1m# TOTAL: 6[m
[0;32m# PASS:  1[m
[1;34m# SKIP:  1[m
[1;32m# XFAIL: 1[m
[0;31m# FAIL:  1[m
[0;31m# XPASS: 1[m
[0;35m# ERROR: 1[m
[0;31m============================================================================[m
[0;31mSee ./test-suite.log[m
[0;31mPlease report to bug-automake@gnu.org[m
[0;31m============================================================================[m
+ test yes = yes
+ compare=cmp
+ cmp summary.exp summary.got
+ :
+ am_exit_trap 0
+ exit_status=0
+ set +e
+ cd /sources/automake-1.16.1
+ test none = tap
+ case $am_explicit_skips in
+ test 0 -eq 0
+ am_keeping_testdirs
+ case $keep_testdirs in
+ return 1
+ rm_rf_ t/testsuite-summary-color.dir
+ test 1 -gt 0
+ /usr/bin/perl /sources/automake-1.16.1/t/ax/deltree.pl t/testsuite-summary-color.dir
+ set +x
PASS t/testsuite-summary-color.sh (exit status: 0)
