Running from installcheck: no
Test Protocol: none
PATH = /sources/automake-1.16.1/bin:/sources/automake-1.16.1/t/ax:/bin:/usr/bin:/sbin:/usr/sbin:/tools/bin
++ pwd
/sources/automake-1.16.1/t/test-driver-custom-multitest-recheck.dir
+ cp /sources/automake-1.16.1/t/ax/trivial-test-driver .
+ cat
+ cat
+ cat
+ cat
+ cat
+ cat
+ chmod a+x a.test b.test c.test d.test
+ aclocal-1.16 -Werror
+ autoconf
+ automake-1.16 --foreign -Werror -Wall
+ for vpath in : false
+ :
+ mkdir build
+ cd build
+ srcdir=..
+ ../configure
checking for a BSD-compatible install... /usr/bin/install -c
checking whether build environment is sane... yes
checking for a thread-safe mkdir -p... /tools/bin/mkdir -p
checking for gawk... gawk
checking whether make sets $(MAKE)... yes
checking whether make supports nested variables... yes
checking that generated files are newer than configure... done
configure: creating ./config.status
config.status: creating Makefile
+ : A 'make recheck' in a clean tree should run no tests.
+ using_gmake
+ case $am__using_gmake in
+ make --version -v
+ grep GNU
GNU Make 4.2.1
License GPLv3+: GNU GPL version 3 or later <http://gnu.org/licenses/gpl.html>
+ am__using_gmake=yes
+ return 0
+ do_recheck --pass
+ case $* in
+ status=0
+ rm -f '*.run'
+ run_make -O -e 0 recheck
+ am__make_redirect_stdout=no
+ am__make_redirect_stderr=no
+ am__make_redirect_stdall=no
+ am__make_flags=
+ am__make_rc_exp=0
+ am_make_rc=0
+ test 4 -gt 0
+ case $1 in
+ am__make_redirect_stdout=yes
+ shift
+ test 3 -gt 0
+ case $1 in
+ am__make_rc_exp=0
+ shift
+ shift
+ test 1 -gt 0
+ case $1 in
+ break
+ using_gmake
+ case $am__using_gmake in
+ return 0
+ :
+ test x '!=' x
+ : exec make recheck
+ set +x
+ test 0 -eq 253
+ test no = yes
+ test yes = yes
+ cat stdout
make[1]: Entering directory '/sources/automake-1.16.1/t/test-driver-custom-multitest-recheck.dir/build'
============================================================================
Testsuite summary for test-driver-custom-multitest-recheck 1.0
============================================================================
# TOTAL: 0
# PASS:  0
# SKIP:  0
# XFAIL: 0
# FAIL:  0
# XPASS: 0
# ERROR: 0
============================================================================
make[1]: Leaving directory '/sources/automake-1.16.1/t/test-driver-custom-multitest-recheck.dir/build'
+ test no = yes
+ case $am__make_rc_exp in
+ test 0 -ge 0
+ test 0 -le 255
+ test 0 -eq 0
+ ls -l
total 76
-rw-r--r-- 1 root root 30809 Nov 27 06:44 Makefile
-rw-r--r-- 1 root root  5457 Nov 27 06:44 config.log
-rwxr-xr-x 1 root root 25680 Nov 27 06:44 config.status
-rw-r--r-- 1 root root   578 Nov 27 06:44 stdout
-rw-r--r-- 1 root root   296 Nov 27 06:44 test-suite.log
+ cat test-suite.log
================================================================
   test-driver-custom-multitest-recheck 1.0: ./test-suite.log
================================================================

# TOTAL: 0
# PASS:  0
# SKIP:  0
# XFAIL: 0
# FAIL:  0
# XPASS: 0
# ERROR: 0

.. contents:: :depth: 2

+ test '!' -e a.run
+ test '!' -e a.log
+ test '!' -e b.run
+ test '!' -e b.log
+ test '!' -e c.run
+ test '!' -e c.log
+ test '!' -e d.run
+ test '!' -e d.log
+ count_test_results total=0 pass=0 fail=0 xpass=0 xfail=0 skip=0 error=0
+ total=ERR
+ pass=ERR
+ fail=ERR
+ xpass=ERR
+ xfail=ERR
+ skip=ERR
+ error=ERR
+ eval total=0 pass=0 fail=0 xpass=0 xfail=0 skip=0 error=0
++ total=0
++ pass=0
++ fail=0
++ xpass=0
++ xfail=0
++ skip=0
++ error=0
+ /bin/grep -E -i '(total|x?pass|x?fail|skip|error)' stdout
# TOTAL: 0
# PASS:  0
# SKIP:  0
# XFAIL: 0
# FAIL:  0
# XPASS: 0
# ERROR: 0
+ rc=0
+ set +e
++ grep -c '^PASS:' stdout
+ test 0 -eq 0
++ grep -c '^XFAIL:' stdout
+ test 0 -eq 0
++ grep -c '^SKIP:' stdout
+ test 0 -eq 0
++ grep -c '^FAIL:' stdout
+ test 0 -eq 0
++ grep -c '^XPASS:' stdout
+ test 0 -eq 0
++ grep -c '^ERROR:' stdout
+ test 0 -eq 0
+ grep '^# TOTAL:  *0$' stdout
# TOTAL: 0
+ grep '^# PASS:  *0$' stdout
# PASS:  0
+ grep '^# XFAIL:  *0$' stdout
# XFAIL: 0
+ grep '^# SKIP:  *0$' stdout
# SKIP:  0
+ grep '^# FAIL:  *0$' stdout
# FAIL:  0
+ grep '^# XPASS:  *0$' stdout
# XPASS: 0
+ grep '^# ERROR:  *0$' stdout
# ERROR: 0
+ test 0 -eq 0
+ : Run the tests for the first time.
+ run_make -O -e FAIL check
+ am__make_redirect_stdout=no
+ am__make_redirect_stderr=no
+ am__make_redirect_stdall=no
+ am__make_flags=
+ am__make_rc_exp=0
+ am_make_rc=0
+ test 4 -gt 0
+ case $1 in
+ am__make_redirect_stdout=yes
+ shift
+ test 3 -gt 0
+ case $1 in
+ am__make_rc_exp=FAIL
+ shift
+ shift
+ test 1 -gt 0
+ case $1 in
+ break
+ using_gmake
+ case $am__using_gmake in
+ return 0
+ :
+ test x '!=' x
+ : exec make check
+ set +x
make[2]: *** [Makefile:474: test-suite.log] Error 1
make[1]: *** [Makefile:582: check-TESTS] Error 2
make: *** [Makefile:774: check-am] Error 2
+ am_make_rc=2
+ test 2 -eq 253
+ test no = yes
+ test yes = yes
+ cat stdout
make  check-TESTS
make[1]: Entering directory '/sources/automake-1.16.1/t/test-driver-custom-multitest-recheck.dir/build'
make[2]: Entering directory '/sources/automake-1.16.1/t/test-driver-custom-multitest-recheck.dir/build'
PASS: a.test, testcase 1
PASS: a.test, testcase 2
PASS: b.test, testcase 1
ERROR: b.test, testcase 2
FAIL: c.test, testcase 1
XPASS: c.test, testcase 2
XFAIL: c.test, testcase 3
SKIP: d.test, testcase 1
FAIL: d.test, testcase 2
============================================================================
Testsuite summary for test-driver-custom-multitest-recheck 1.0
============================================================================
# TOTAL: 9
# PASS:  3
# SKIP:  1
# XFAIL: 1
# FAIL:  2
# XPASS: 1
# ERROR: 1
============================================================================
See ./test-suite.log
============================================================================
make[2]: Leaving directory '/sources/automake-1.16.1/t/test-driver-custom-multitest-recheck.dir/build'
make[1]: Leaving directory '/sources/automake-1.16.1/t/test-driver-custom-multitest-recheck.dir/build'
+ test no = yes
+ case $am__make_rc_exp in
+ test 2 -gt 0
+ ls -l
total 108
-rw-r--r-- 1 root root 30809 Nov 27 06:44 Makefile
-rw-r--r-- 1 root root    43 Nov 27 06:44 a.log
-rw-r--r-- 1 root root     0 Nov 27 06:44 a.run
-rw-r--r-- 1 root root    85 Nov 27 06:44 a.trs
-rw-r--r-- 1 root root    38 Nov 27 06:44 b.log
-rw-r--r-- 1 root root     0 Nov 27 06:44 b.run
-rw-r--r-- 1 root root    82 Nov 27 06:44 b.trs
-rw-r--r-- 1 root root    54 Nov 27 06:44 c.log
-rw-r--r-- 1 root root     0 Nov 27 06:44 c.run
-rw-r--r-- 1 root root   113 Nov 27 06:44 c.trs
-rw-r--r-- 1 root root  5457 Nov 27 06:44 config.log
-rwxr-xr-x 1 root root 25680 Nov 27 06:44 config.status
-rw-r--r-- 1 root root   122 Nov 27 06:44 d.log
-rw-r--r-- 1 root root     0 Nov 27 06:44 d.run
-rw-r--r-- 1 root root   110 Nov 27 06:44 d.trs
-rw-r--r-- 1 root root  1129 Nov 27 06:44 stdout
-rw-r--r-- 1 root root   558 Nov 27 06:44 test-suite.log
+ test -f a.run
+ test -f b.run
+ test -f c.run
+ test -f d.run
+ count_test_results total=9 pass=3 fail=2 xpass=1 xfail=1 skip=1 error=1
+ total=ERR
+ pass=ERR
+ fail=ERR
+ xpass=ERR
+ xfail=ERR
+ skip=ERR
+ error=ERR
+ eval total=9 pass=3 fail=2 xpass=1 xfail=1 skip=1 error=1
++ total=9
++ pass=3
++ fail=2
++ xpass=1
++ xfail=1
++ skip=1
++ error=1
+ /bin/grep -E -i '(total|x?pass|x?fail|skip|error)' stdout
PASS: a.test, testcase 1
PASS: a.test, testcase 2
PASS: b.test, testcase 1
ERROR: b.test, testcase 2
FAIL: c.test, testcase 1
XPASS: c.test, testcase 2
XFAIL: c.test, testcase 3
SKIP: d.test, testcase 1
FAIL: d.test, testcase 2
# TOTAL: 9
# PASS:  3
# SKIP:  1
# XFAIL: 1
# FAIL:  2
# XPASS: 1
# ERROR: 1
+ rc=0
+ set +e
++ grep -c '^PASS:' stdout
+ test 3 -eq 3
++ grep -c '^XFAIL:' stdout
+ test 1 -eq 1
++ grep -c '^SKIP:' stdout
+ test 1 -eq 1
++ grep -c '^FAIL:' stdout
+ test 2 -eq 2
++ grep -c '^XPASS:' stdout
+ test 1 -eq 1
++ grep -c '^ERROR:' stdout
+ test 1 -eq 1
+ grep '^# TOTAL:  *9$' stdout
# TOTAL: 9
+ grep '^# PASS:  *3$' stdout
# PASS:  3
+ grep '^# XFAIL:  *1$' stdout
# XFAIL: 1
+ grep '^# SKIP:  *1$' stdout
# SKIP:  1
+ grep '^# FAIL:  *2$' stdout
# FAIL:  2
+ grep '^# XPASS:  *1$' stdout
# XPASS: 1
+ grep '^# ERROR:  *1$' stdout
# ERROR: 1
+ test 0 -eq 0
+ : Let us make b.test pass.
+ using_gmake
+ case $am__using_gmake in
+ return 0
+ echo OK
+ do_recheck --fail
+ case $* in
+ status=FAIL
+ rm -f a.run b.run c.run d.run
+ run_make -O -e FAIL recheck
+ am__make_redirect_stdout=no
+ am__make_redirect_stderr=no
+ am__make_redirect_stdall=no
+ am__make_flags=
+ am__make_rc_exp=0
+ am_make_rc=0
+ test 4 -gt 0
+ case $1 in
+ am__make_redirect_stdout=yes
+ shift
+ test 3 -gt 0
+ case $1 in
+ am__make_rc_exp=FAIL
+ shift
+ shift
+ test 1 -gt 0
+ case $1 in
+ break
+ using_gmake
+ case $am__using_gmake in
+ return 0
+ :
+ test x '!=' x
+ : exec make recheck
+ set +x
make[1]: *** [Makefile:474: test-suite.log] Error 1
make: *** [Makefile:590: recheck] Error 2
+ am_make_rc=2
+ test 2 -eq 253
+ test no = yes
+ test yes = yes
+ cat stdout
make[1]: Entering directory '/sources/automake-1.16.1/t/test-driver-custom-multitest-recheck.dir/build'
PASS: b.test, testcase 1
PASS: b.test, testcase 2
FAIL: c.test, testcase 1
XPASS: c.test, testcase 2
XFAIL: c.test, testcase 3
SKIP: d.test, testcase 1
FAIL: d.test, testcase 2
============================================================================
Testsuite summary for test-driver-custom-multitest-recheck 1.0
============================================================================
# TOTAL: 7
# PASS:  2
# SKIP:  1
# XFAIL: 1
# FAIL:  2
# XPASS: 1
# ERROR: 0
============================================================================
See ./test-suite.log
============================================================================
make[1]: Leaving directory '/sources/automake-1.16.1/t/test-driver-custom-multitest-recheck.dir/build'
+ test no = yes
+ case $am__make_rc_exp in
+ test 2 -gt 0
+ ls -l
total 112
-rw-r--r-- 1 root root 30809 Nov 27 06:44 Makefile
-rw-r--r-- 1 root root    43 Nov 27 06:44 a.log
-rw-r--r-- 1 root root    85 Nov 27 06:44 a.trs
-rw-r--r-- 1 root root    37 Nov 27 06:44 b.log
-rw-r--r-- 1 root root     3 Nov 27 06:44 b.ok
-rw-r--r-- 1 root root     0 Nov 27 06:44 b.run
-rw-r--r-- 1 root root    79 Nov 27 06:44 b.trs
-rw-r--r-- 1 root root    54 Nov 27 06:44 c.log
-rw-r--r-- 1 root root     0 Nov 27 06:44 c.run
-rw-r--r-- 1 root root   113 Nov 27 06:44 c.trs
-rw-r--r-- 1 root root  5457 Nov 27 06:44 config.log
-rwxr-xr-x 1 root root 25680 Nov 27 06:44 config.status
-rw-r--r-- 1 root root   122 Nov 27 06:44 d.log
-rw-r--r-- 1 root root     0 Nov 27 06:44 d.run
-rw-r--r-- 1 root root   110 Nov 27 06:44 d.trs
-rw-r--r-- 1 root root   853 Nov 27 06:44 stdout
-rw-r--r-- 1 root root   504 Nov 27 06:44 test-suite.log
+ test '!' -e a.run
+ test -f b.run
+ test -f c.run
+ test -f d.run
+ count_test_results total=7 pass=2 fail=2 xpass=1 xfail=1 skip=1 error=0
+ total=ERR
+ pass=ERR
+ fail=ERR
+ xpass=ERR
+ xfail=ERR
+ skip=ERR
+ error=ERR
+ eval total=7 pass=2 fail=2 xpass=1 xfail=1 skip=1 error=0
++ total=7
++ pass=2
++ fail=2
++ xpass=1
++ xfail=1
++ skip=1
++ error=0
+ /bin/grep -E -i '(total|x?pass|x?fail|skip|error)' stdout
PASS: b.test, testcase 1
PASS: b.test, testcase 2
FAIL: c.test, testcase 1
XPASS: c.test, testcase 2
XFAIL: c.test, testcase 3
SKIP: d.test, testcase 1
FAIL: d.test, testcase 2
# TOTAL: 7
# PASS:  2
# SKIP:  1
# XFAIL: 1
# FAIL:  2
# XPASS: 1
# ERROR: 0
+ rc=0
+ set +e
++ grep -c '^PASS:' stdout
+ test 2 -eq 2
++ grep -c '^XFAIL:' stdout
+ test 1 -eq 1
++ grep -c '^SKIP:' stdout
+ test 1 -eq 1
++ grep -c '^FAIL:' stdout
+ test 2 -eq 2
++ grep -c '^XPASS:' stdout
+ test 1 -eq 1
++ grep -c '^ERROR:' stdout
+ test 0 -eq 0
+ grep '^# TOTAL:  *7$' stdout
# TOTAL: 7
+ grep '^# PASS:  *2$' stdout
# PASS:  2
+ grep '^# XFAIL:  *1$' stdout
# XFAIL: 1
+ grep '^# SKIP:  *1$' stdout
# SKIP:  1
+ grep '^# FAIL:  *2$' stdout
# FAIL:  2
+ grep '^# XPASS:  *1$' stdout
# XPASS: 1
+ grep '^# ERROR:  *0$' stdout
# ERROR: 0
+ test 0 -eq 0
+ : Let us make the first part of c.test pass.
+ using_gmake
+ case $am__using_gmake in
+ return 0
+ echo OK
+ do_recheck --fail
+ case $* in
+ status=FAIL
+ rm -f b.run c.run d.run
+ run_make -O -e FAIL recheck
+ am__make_redirect_stdout=no
+ am__make_redirect_stderr=no
+ am__make_redirect_stdall=no
+ am__make_flags=
+ am__make_rc_exp=0
+ am_make_rc=0
+ test 4 -gt 0
+ case $1 in
+ am__make_redirect_stdout=yes
+ shift
+ test 3 -gt 0
+ case $1 in
+ am__make_rc_exp=FAIL
+ shift
+ shift
+ test 1 -gt 0
+ case $1 in
+ break
+ using_gmake
+ case $am__using_gmake in
+ return 0
+ :
+ test x '!=' x
+ : exec make recheck
+ set +x
make[1]: *** [Makefile:474: test-suite.log] Error 1
make: *** [Makefile:590: recheck] Error 2
+ am_make_rc=2
+ test 2 -eq 253
+ test no = yes
+ test yes = yes
+ cat stdout
make[1]: Entering directory '/sources/automake-1.16.1/t/test-driver-custom-multitest-recheck.dir/build'
PASS: c.test, testcase 1
XPASS: c.test, testcase 2
XFAIL: c.test, testcase 3
SKIP: d.test, testcase 1
FAIL: d.test, testcase 2
============================================================================
Testsuite summary for test-driver-custom-multitest-recheck 1.0
============================================================================
# TOTAL: 5
# PASS:  1
# SKIP:  1
# XFAIL: 1
# FAIL:  1
# XPASS: 1
# ERROR: 0
============================================================================
See ./test-suite.log
============================================================================
make[1]: Leaving directory '/sources/automake-1.16.1/t/test-driver-custom-multitest-recheck.dir/build'
+ test no = yes
+ case $am__make_rc_exp in
+ test 2 -gt 0
+ ls -l
total 116
-rw-r--r-- 1 root root 30809 Nov 27 06:44 Makefile
-rw-r--r-- 1 root root    43 Nov 27 06:44 a.log
-rw-r--r-- 1 root root    85 Nov 27 06:44 a.trs
-rw-r--r-- 1 root root    37 Nov 27 06:44 b.log
-rw-r--r-- 1 root root     3 Nov 27 06:44 b.ok
-rw-r--r-- 1 root root    79 Nov 27 06:44 b.trs
-rw-r--r-- 1 root root    54 Nov 27 06:44 c.log
-rw-r--r-- 1 root root     3 Nov 27 06:44 c.pass
-rw-r--r-- 1 root root     0 Nov 27 06:44 c.run
-rw-r--r-- 1 root root   113 Nov 27 06:44 c.trs
-rw-r--r-- 1 root root  5457 Nov 27 06:44 config.log
-rwxr-xr-x 1 root root 25680 Nov 27 06:44 config.status
-rw-r--r-- 1 root root   122 Nov 27 06:44 d.log
-rw-r--r-- 1 root root     0 Nov 27 06:44 d.run
-rw-r--r-- 1 root root   110 Nov 27 06:44 d.trs
-rw-r--r-- 1 root root   803 Nov 27 06:44 stdout
-rw-r--r-- 1 root root   504 Nov 27 06:44 test-suite.log
+ test '!' -e a.run
+ test '!' -e b.run
+ test -f c.run
+ test -f d.run
+ count_test_results total=5 pass=1 fail=1 xpass=1 xfail=1 skip=1 error=0
+ total=ERR
+ pass=ERR
+ fail=ERR
+ xpass=ERR
+ xfail=ERR
+ skip=ERR
+ error=ERR
+ eval total=5 pass=1 fail=1 xpass=1 xfail=1 skip=1 error=0
++ total=5
++ pass=1
++ fail=1
++ xpass=1
++ xfail=1
++ skip=1
++ error=0
+ /bin/grep -E -i '(total|x?pass|x?fail|skip|error)' stdout
PASS: c.test, testcase 1
XPASS: c.test, testcase 2
XFAIL: c.test, testcase 3
SKIP: d.test, testcase 1
FAIL: d.test, testcase 2
# TOTAL: 5
# PASS:  1
# SKIP:  1
# XFAIL: 1
# FAIL:  1
# XPASS: 1
# ERROR: 0
+ rc=0
+ set +e
++ grep -c '^PASS:' stdout
+ test 1 -eq 1
++ grep -c '^XFAIL:' stdout
+ test 1 -eq 1
++ grep -c '^SKIP:' stdout
+ test 1 -eq 1
++ grep -c '^FAIL:' stdout
+ test 1 -eq 1
++ grep -c '^XPASS:' stdout
+ test 1 -eq 1
++ grep -c '^ERROR:' stdout
+ test 0 -eq 0
+ grep '^# TOTAL:  *5$' stdout
# TOTAL: 5
+ grep '^# PASS:  *1$' stdout
# PASS:  1
+ grep '^# XFAIL:  *1$' stdout
# XFAIL: 1
+ grep '^# SKIP:  *1$' stdout
# SKIP:  1
+ grep '^# FAIL:  *1$' stdout
# FAIL:  1
+ grep '^# XPASS:  *1$' stdout
# XPASS: 1
+ grep '^# ERROR:  *0$' stdout
# ERROR: 0
+ test 0 -eq 0
+ : Let us make also the second part of c.test pass.
+ using_gmake
+ case $am__using_gmake in
+ return 0
+ echo KO
+ do_recheck --fail
+ case $* in
+ status=FAIL
+ rm -f c.run d.run
+ run_make -O -e FAIL recheck
+ am__make_redirect_stdout=no
+ am__make_redirect_stderr=no
+ am__make_redirect_stdall=no
+ am__make_flags=
+ am__make_rc_exp=0
+ am_make_rc=0
+ test 4 -gt 0
+ case $1 in
+ am__make_redirect_stdout=yes
+ shift
+ test 3 -gt 0
+ case $1 in
+ am__make_rc_exp=FAIL
+ shift
+ shift
+ test 1 -gt 0
+ case $1 in
+ break
+ using_gmake
+ case $am__using_gmake in
+ return 0
+ :
+ test x '!=' x
+ : exec make recheck
+ set +x
make[1]: *** [Makefile:474: test-suite.log] Error 1
make: *** [Makefile:590: recheck] Error 2
+ am_make_rc=2
+ test 2 -eq 253
+ test no = yes
+ test yes = yes
+ cat stdout
make[1]: Entering directory '/sources/automake-1.16.1/t/test-driver-custom-multitest-recheck.dir/build'
PASS: c.test, testcase 1
XFAIL: c.test, testcase 2
XFAIL: c.test, testcase 3
SKIP: d.test, testcase 1
FAIL: d.test, testcase 2
============================================================================
Testsuite summary for test-driver-custom-multitest-recheck 1.0
============================================================================
# TOTAL: 5
# PASS:  1
# SKIP:  1
# XFAIL: 2
# FAIL:  1
# XPASS: 0
# ERROR: 0
============================================================================
See ./test-suite.log
============================================================================
make[1]: Leaving directory '/sources/automake-1.16.1/t/test-driver-custom-multitest-recheck.dir/build'
+ test no = yes
+ case $am__make_rc_exp in
+ test 2 -gt 0
+ ls -l
total 120
-rw-r--r-- 1 root root 30809 Nov 27 06:44 Makefile
-rw-r--r-- 1 root root    43 Nov 27 06:44 a.log
-rw-r--r-- 1 root root    85 Nov 27 06:44 a.trs
-rw-r--r-- 1 root root    37 Nov 27 06:44 b.log
-rw-r--r-- 1 root root     3 Nov 27 06:44 b.ok
-rw-r--r-- 1 root root    79 Nov 27 06:44 b.trs
-rw-r--r-- 1 root root    54 Nov 27 06:44 c.log
-rw-r--r-- 1 root root     3 Nov 27 06:44 c.pass
-rw-r--r-- 1 root root     0 Nov 27 06:44 c.run
-rw-r--r-- 1 root root   111 Nov 27 06:44 c.trs
-rw-r--r-- 1 root root     3 Nov 27 06:44 c.xfail
-rw-r--r-- 1 root root  5457 Nov 27 06:44 config.log
-rwxr-xr-x 1 root root 25680 Nov 27 06:44 config.status
-rw-r--r-- 1 root root   122 Nov 27 06:44 d.log
-rw-r--r-- 1 root root     0 Nov 27 06:44 d.run
-rw-r--r-- 1 root root   110 Nov 27 06:44 d.trs
-rw-r--r-- 1 root root   803 Nov 27 06:44 stdout
-rw-r--r-- 1 root root   434 Nov 27 06:44 test-suite.log
+ test '!' -e a.run
+ test '!' -e b.run
+ test -f c.run
+ test -f d.run
+ count_test_results total=5 pass=1 fail=1 xpass=0 xfail=2 skip=1 error=0
+ total=ERR
+ pass=ERR
+ fail=ERR
+ xpass=ERR
+ xfail=ERR
+ skip=ERR
+ error=ERR
+ eval total=5 pass=1 fail=1 xpass=0 xfail=2 skip=1 error=0
++ total=5
++ pass=1
++ fail=1
++ xpass=0
++ xfail=2
++ skip=1
++ error=0
+ /bin/grep -E -i '(total|x?pass|x?fail|skip|error)' stdout
PASS: c.test, testcase 1
XFAIL: c.test, testcase 2
XFAIL: c.test, testcase 3
SKIP: d.test, testcase 1
FAIL: d.test, testcase 2
# TOTAL: 5
# PASS:  1
# SKIP:  1
# XFAIL: 2
# FAIL:  1
# XPASS: 0
# ERROR: 0
+ rc=0
+ set +e
++ grep -c '^PASS:' stdout
+ test 1 -eq 1
++ grep -c '^XFAIL:' stdout
+ test 2 -eq 2
++ grep -c '^SKIP:' stdout
+ test 1 -eq 1
++ grep -c '^FAIL:' stdout
+ test 1 -eq 1
++ grep -c '^XPASS:' stdout
+ test 0 -eq 0
++ grep -c '^ERROR:' stdout
+ test 0 -eq 0
+ grep '^# TOTAL:  *5$' stdout
# TOTAL: 5
+ grep '^# PASS:  *1$' stdout
# PASS:  1
+ grep '^# XFAIL:  *2$' stdout
# XFAIL: 2
+ grep '^# SKIP:  *1$' stdout
# SKIP:  1
+ grep '^# FAIL:  *1$' stdout
# FAIL:  1
+ grep '^# XPASS:  *0$' stdout
# XPASS: 0
+ grep '^# ERROR:  *0$' stdout
# ERROR: 0
+ test 0 -eq 0
+ : Nothing changed, so only d.test should be run.
+ for i in 1 2
+ using_gmake
+ case $am__using_gmake in
+ return 0
+ do_recheck --fail
+ case $* in
+ status=FAIL
+ rm -f c.run d.run
+ run_make -O -e FAIL recheck
+ am__make_redirect_stdout=no
+ am__make_redirect_stderr=no
+ am__make_redirect_stdall=no
+ am__make_flags=
+ am__make_rc_exp=0
+ am_make_rc=0
+ test 4 -gt 0
+ case $1 in
+ am__make_redirect_stdout=yes
+ shift
+ test 3 -gt 0
+ case $1 in
+ am__make_rc_exp=FAIL
+ shift
+ shift
+ test 1 -gt 0
+ case $1 in
+ break
+ using_gmake
+ case $am__using_gmake in
+ return 0
+ :
+ test x '!=' x
+ : exec make recheck
+ set +x
make[1]: *** [Makefile:474: test-suite.log] Error 1
make: *** [Makefile:590: recheck] Error 2
+ am_make_rc=2
+ test 2 -eq 253
+ test no = yes
+ test yes = yes
+ cat stdout
make[1]: Entering directory '/sources/automake-1.16.1/t/test-driver-custom-multitest-recheck.dir/build'
SKIP: d.test, testcase 1
FAIL: d.test, testcase 2
============================================================================
Testsuite summary for test-driver-custom-multitest-recheck 1.0
============================================================================
# TOTAL: 2
# PASS:  0
# SKIP:  1
# XFAIL: 0
# FAIL:  1
# XPASS: 0
# ERROR: 0
============================================================================
See ./test-suite.log
============================================================================
make[1]: Leaving directory '/sources/automake-1.16.1/t/test-driver-custom-multitest-recheck.dir/build'
+ test no = yes
+ case $am__make_rc_exp in
+ test 2 -gt 0
+ ls -l
total 120
-rw-r--r-- 1 root root 30809 Nov 27 06:44 Makefile
-rw-r--r-- 1 root root    43 Nov 27 06:44 a.log
-rw-r--r-- 1 root root    85 Nov 27 06:44 a.trs
-rw-r--r-- 1 root root    37 Nov 27 06:44 b.log
-rw-r--r-- 1 root root     3 Nov 27 06:44 b.ok
-rw-r--r-- 1 root root    79 Nov 27 06:44 b.trs
-rw-r--r-- 1 root root    54 Nov 27 06:44 c.log
-rw-r--r-- 1 root root     3 Nov 27 06:44 c.pass
-rw-r--r-- 1 root root   111 Nov 27 06:44 c.trs
-rw-r--r-- 1 root root     3 Nov 27 06:44 c.xfail
-rw-r--r-- 1 root root  5457 Nov 27 06:44 config.log
-rwxr-xr-x 1 root root 25680 Nov 27 06:44 config.status
-rw-r--r-- 1 root root   122 Nov 27 06:44 d.log
-rw-r--r-- 1 root root     0 Nov 27 06:44 d.run
-rw-r--r-- 1 root root   110 Nov 27 06:44 d.trs
-rw-r--r-- 1 root root   726 Nov 27 06:44 stdout
-rw-r--r-- 1 root root   434 Nov 27 06:44 test-suite.log
+ test '!' -e a.run
+ test '!' -e b.run
+ test '!' -e c.run
+ test -f d.run
+ count_test_results total=2 pass=0 fail=1 xpass=0 xfail=0 skip=1 error=0
+ total=ERR
+ pass=ERR
+ fail=ERR
+ xpass=ERR
+ xfail=ERR
+ skip=ERR
+ error=ERR
+ eval total=2 pass=0 fail=1 xpass=0 xfail=0 skip=1 error=0
++ total=2
++ pass=0
++ fail=1
++ xpass=0
++ xfail=0
++ skip=1
++ error=0
+ /bin/grep -E -i '(total|x?pass|x?fail|skip|error)' stdout
SKIP: d.test, testcase 1
FAIL: d.test, testcase 2
# TOTAL: 2
# PASS:  0
# SKIP:  1
# XFAIL: 0
# FAIL:  1
# XPASS: 0
# ERROR: 0
+ rc=0
+ set +e
++ grep -c '^PASS:' stdout
+ test 0 -eq 0
++ grep -c '^XFAIL:' stdout
+ test 0 -eq 0
++ grep -c '^SKIP:' stdout
+ test 1 -eq 1
++ grep -c '^FAIL:' stdout
+ test 1 -eq 1
++ grep -c '^XPASS:' stdout
+ test 0 -eq 0
++ grep -c '^ERROR:' stdout
+ test 0 -eq 0
+ grep '^# TOTAL:  *2$' stdout
# TOTAL: 2
+ grep '^# PASS:  *0$' stdout
# PASS:  0
+ grep '^# XFAIL:  *0$' stdout
# XFAIL: 0
+ grep '^# SKIP:  *1$' stdout
# SKIP:  1
+ grep '^# FAIL:  *1$' stdout
# FAIL:  1
+ grep '^# XPASS:  *0$' stdout
# XPASS: 0
+ grep '^# ERROR:  *0$' stdout
# ERROR: 0
+ test 0 -eq 0
+ for i in 1 2
+ using_gmake
+ case $am__using_gmake in
+ return 0
+ do_recheck --fail
+ case $* in
+ status=FAIL
+ rm -f d.run
+ run_make -O -e FAIL recheck
+ am__make_redirect_stdout=no
+ am__make_redirect_stderr=no
+ am__make_redirect_stdall=no
+ am__make_flags=
+ am__make_rc_exp=0
+ am_make_rc=0
+ test 4 -gt 0
+ case $1 in
+ am__make_redirect_stdout=yes
+ shift
+ test 3 -gt 0
+ case $1 in
+ am__make_rc_exp=FAIL
+ shift
+ shift
+ test 1 -gt 0
+ case $1 in
+ break
+ using_gmake
+ case $am__using_gmake in
+ return 0
+ :
+ test x '!=' x
+ : exec make recheck
+ set +x
make[1]: *** [Makefile:474: test-suite.log] Error 1
make: *** [Makefile:590: recheck] Error 2
+ am_make_rc=2
+ test 2 -eq 253
+ test no = yes
+ test yes = yes
+ cat stdout
make[1]: Entering directory '/sources/automake-1.16.1/t/test-driver-custom-multitest-recheck.dir/build'
SKIP: d.test, testcase 1
FAIL: d.test, testcase 2
============================================================================
Testsuite summary for test-driver-custom-multitest-recheck 1.0
============================================================================
# TOTAL: 2
# PASS:  0
# SKIP:  1
# XFAIL: 0
# FAIL:  1
# XPASS: 0
# ERROR: 0
============================================================================
See ./test-suite.log
============================================================================
make[1]: Leaving directory '/sources/automake-1.16.1/t/test-driver-custom-multitest-recheck.dir/build'
+ test no = yes
+ case $am__make_rc_exp in
+ test 2 -gt 0
+ ls -l
total 120
-rw-r--r-- 1 root root 30809 Nov 27 06:44 Makefile
-rw-r--r-- 1 root root    43 Nov 27 06:44 a.log
-rw-r--r-- 1 root root    85 Nov 27 06:44 a.trs
-rw-r--r-- 1 root root    37 Nov 27 06:44 b.log
-rw-r--r-- 1 root root     3 Nov 27 06:44 b.ok
-rw-r--r-- 1 root root    79 Nov 27 06:44 b.trs
-rw-r--r-- 1 root root    54 Nov 27 06:44 c.log
-rw-r--r-- 1 root root     3 Nov 27 06:44 c.pass
-rw-r--r-- 1 root root   111 Nov 27 06:44 c.trs
-rw-r--r-- 1 root root     3 Nov 27 06:44 c.xfail
-rw-r--r-- 1 root root  5457 Nov 27 06:44 config.log
-rwxr-xr-x 1 root root 25680 Nov 27 06:44 config.status
-rw-r--r-- 1 root root   122 Nov 27 06:44 d.log
-rw-r--r-- 1 root root     0 Nov 27 06:44 d.run
-rw-r--r-- 1 root root   110 Nov 27 06:44 d.trs
-rw-r--r-- 1 root root   726 Nov 27 06:44 stdout
-rw-r--r-- 1 root root   434 Nov 27 06:44 test-suite.log
+ test '!' -e a.run
+ test '!' -e b.run
+ test '!' -e c.run
+ test -f d.run
+ count_test_results total=2 pass=0 fail=1 xpass=0 xfail=0 skip=1 error=0
+ total=ERR
+ pass=ERR
+ fail=ERR
+ xpass=ERR
+ xfail=ERR
+ skip=ERR
+ error=ERR
+ eval total=2 pass=0 fail=1 xpass=0 xfail=0 skip=1 error=0
++ total=2
++ pass=0
++ fail=1
++ xpass=0
++ xfail=0
++ skip=1
++ error=0
+ /bin/grep -E -i '(total|x?pass|x?fail|skip|error)' stdout
SKIP: d.test, testcase 1
FAIL: d.test, testcase 2
# TOTAL: 2
# PASS:  0
# SKIP:  1
# XFAIL: 0
# FAIL:  1
# XPASS: 0
# ERROR: 0
+ rc=0
+ set +e
++ grep -c '^PASS:' stdout
+ test 0 -eq 0
++ grep -c '^XFAIL:' stdout
+ test 0 -eq 0
++ grep -c '^SKIP:' stdout
+ test 1 -eq 1
++ grep -c '^FAIL:' stdout
+ test 1 -eq 1
++ grep -c '^XPASS:' stdout
+ test 0 -eq 0
++ grep -c '^ERROR:' stdout
+ test 0 -eq 0
+ grep '^# TOTAL:  *2$' stdout
# TOTAL: 2
+ grep '^# PASS:  *0$' stdout
# PASS:  0
+ grep '^# XFAIL:  *0$' stdout
# XFAIL: 0
+ grep '^# SKIP:  *1$' stdout
# SKIP:  1
+ grep '^# FAIL:  *1$' stdout
# FAIL:  1
+ grep '^# XPASS:  *0$' stdout
# XPASS: 0
+ grep '^# ERROR:  *0$' stdout
# ERROR: 0
+ test 0 -eq 0
+ : Let us make d.test run more testcases, and experience _more_ failures.
+ using_gmake
+ case $am__using_gmake in
+ return 0
+ unindent
+ test x = x
++ printf '%s\n' '
  /^$/b                    # Nothing to do for empty lines.
  x                        # Get x<indent> into pattern space.
  /^$/{                    # No prior x<indent>, go prepare it.
    g                      # Copy this 1st non-blank line into pattern space.
    s/^\([	 ]*\).*/x\1/   # Prepare x<indent> in pattern space.
  }                        # Now: x<indent> in pattern and <line> in hold.
  G                        # Build x<indent>\n<line> in pattern space, and
  h                        # duplicate it into hold space.
  s/\n.*$//                # Restore x<indent> in pattern space, and
  x                        # exchange with the above duplicate in hold space.
  s/^x\(.*\)\n\1//         # Remove leading <indent> from <line>.
  s/^x.*\n//               # Restore <line> when there is no leading <indent>.
'
++ sed -e 's/  *# .*//'
+ sed_unindent_prog='
  /^$/b
  x
  /^$/{
    g
    s/^\([	 ]*\).*/x\1/
  }
  G
  h
  s/\n.*$//
  x
  s/^x\(.*\)\n\1//
  s/^x.*\n//'
+ sed '
  /^$/b
  x
  /^$/{
    g
    s/^\([	 ]*\).*/x\1/
  }
  G
  h
  s/\n.*$//
  x
  s/^x\(.*\)\n\1//
  s/^x.*\n//'
+ do_recheck --fail
+ case $* in
+ status=FAIL
+ rm -f d.run
+ run_make -O -e FAIL recheck
+ am__make_redirect_stdout=no
+ am__make_redirect_stderr=no
+ am__make_redirect_stdall=no
+ am__make_flags=
+ am__make_rc_exp=0
+ am_make_rc=0
+ test 4 -gt 0
+ case $1 in
+ am__make_redirect_stdout=yes
+ shift
+ test 3 -gt 0
+ case $1 in
+ am__make_rc_exp=FAIL
+ shift
+ shift
+ test 1 -gt 0
+ case $1 in
+ break
+ using_gmake
+ case $am__using_gmake in
+ return 0
+ :
+ test x '!=' x
+ : exec make recheck
+ set +x
make[1]: *** [Makefile:474: test-suite.log] Error 1
make: *** [Makefile:590: recheck] Error 2
+ am_make_rc=2
+ test 2 -eq 253
+ test no = yes
+ test yes = yes
+ cat stdout
make[1]: Entering directory '/sources/automake-1.16.1/t/test-driver-custom-multitest-recheck.dir/build'
SKIP: d.test, testcase 1
SKIP: d.test, testcase 2
FAIL: d.test, testcase 3
PASS: d.test, testcase 4
FAIL: d.test, testcase 5
XPASS: d.test, testcase 6
FAIL: d.test, testcase 7
FAIL: d.test, testcase 8
ERROR: d.test, testcase 9
PASS: d.test, testcase 10
ERROR: d.test, testcase 11
============================================================================
Testsuite summary for test-driver-custom-multitest-recheck 1.0
============================================================================
# TOTAL: 11
# PASS:  2
# SKIP:  2
# XFAIL: 0
# FAIL:  4
# XPASS: 1
# ERROR: 2
============================================================================
See ./test-suite.log
============================================================================
make[1]: Leaving directory '/sources/automake-1.16.1/t/test-driver-custom-multitest-recheck.dir/build'
+ test no = yes
+ case $am__make_rc_exp in
+ test 2 -gt 0
+ ls -l
total 124
-rw-r--r-- 1 root root 30809 Nov 27 06:44 Makefile
-rw-r--r-- 1 root root    43 Nov 27 06:44 a.log
-rw-r--r-- 1 root root    85 Nov 27 06:44 a.trs
-rw-r--r-- 1 root root    37 Nov 27 06:44 b.log
-rw-r--r-- 1 root root     3 Nov 27 06:44 b.ok
-rw-r--r-- 1 root root    79 Nov 27 06:44 b.trs
-rw-r--r-- 1 root root    54 Nov 27 06:44 c.log
-rw-r--r-- 1 root root     3 Nov 27 06:44 c.pass
-rw-r--r-- 1 root root   111 Nov 27 06:44 c.trs
-rw-r--r-- 1 root root     3 Nov 27 06:44 c.xfail
-rw-r--r-- 1 root root  5457 Nov 27 06:44 config.log
-rwxr-xr-x 1 root root 25680 Nov 27 06:44 config.status
-rw-r--r-- 1 root root   150 Nov 27 06:44 d.extra
-rw-r--r-- 1 root root   145 Nov 27 06:44 d.log
-rw-r--r-- 1 root root     0 Nov 27 06:44 d.run
-rw-r--r-- 1 root root   324 Nov 27 06:44 d.trs
-rw-r--r-- 1 root root   957 Nov 27 06:44 stdout
-rw-r--r-- 1 root root   458 Nov 27 06:44 test-suite.log
+ test '!' -e a.run
+ test '!' -e b.run
+ test '!' -e c.run
+ test -f d.run
+ count_test_results total=11 pass=2 fail=4 xpass=1 xfail=0 skip=2 error=2
+ total=ERR
+ pass=ERR
+ fail=ERR
+ xpass=ERR
+ xfail=ERR
+ skip=ERR
+ error=ERR
+ eval total=11 pass=2 fail=4 xpass=1 xfail=0 skip=2 error=2
++ total=11
++ pass=2
++ fail=4
++ xpass=1
++ xfail=0
++ skip=2
++ error=2
+ /bin/grep -E -i '(total|x?pass|x?fail|skip|error)' stdout
SKIP: d.test, testcase 1
SKIP: d.test, testcase 2
FAIL: d.test, testcase 3
PASS: d.test, testcase 4
FAIL: d.test, testcase 5
XPASS: d.test, testcase 6
FAIL: d.test, testcase 7
FAIL: d.test, testcase 8
ERROR: d.test, testcase 9
PASS: d.test, testcase 10
ERROR: d.test, testcase 11
# TOTAL: 11
# PASS:  2
# SKIP:  2
# XFAIL: 0
# FAIL:  4
# XPASS: 1
# ERROR: 2
+ rc=0
+ set +e
++ grep -c '^PASS:' stdout
+ test 2 -eq 2
++ grep -c '^XFAIL:' stdout
+ test 0 -eq 0
++ grep -c '^SKIP:' stdout
+ test 2 -eq 2
++ grep -c '^FAIL:' stdout
+ test 4 -eq 4
++ grep -c '^XPASS:' stdout
+ test 1 -eq 1
++ grep -c '^ERROR:' stdout
+ test 2 -eq 2
+ grep '^# TOTAL:  *11$' stdout
# TOTAL: 11
+ grep '^# PASS:  *2$' stdout
# PASS:  2
+ grep '^# XFAIL:  *0$' stdout
# XFAIL: 0
+ grep '^# SKIP:  *2$' stdout
# SKIP:  2
+ grep '^# FAIL:  *4$' stdout
# FAIL:  4
+ grep '^# XPASS:  *1$' stdout
# XPASS: 1
+ grep '^# ERROR:  *2$' stdout
# ERROR: 2
+ test 0 -eq 0
+ : Let us finally make d.test pass.
+ using_gmake
+ case $am__using_gmake in
+ return 0
+ echo :
+ do_recheck --pass
+ case $* in
+ status=0
+ rm -f d.run
+ run_make -O -e 0 recheck
+ am__make_redirect_stdout=no
+ am__make_redirect_stderr=no
+ am__make_redirect_stdall=no
+ am__make_flags=
+ am__make_rc_exp=0
+ am_make_rc=0
+ test 4 -gt 0
+ case $1 in
+ am__make_redirect_stdout=yes
+ shift
+ test 3 -gt 0
+ case $1 in
+ am__make_rc_exp=0
+ shift
+ shift
+ test 1 -gt 0
+ case $1 in
+ break
+ using_gmake
+ case $am__using_gmake in
+ return 0
+ :
+ test x '!=' x
+ : exec make recheck
+ set +x
+ test 0 -eq 253
+ test no = yes
+ test yes = yes
+ cat stdout
make[1]: Entering directory '/sources/automake-1.16.1/t/test-driver-custom-multitest-recheck.dir/build'
SKIP: d.test, testcase 1
============================================================================
Testsuite summary for test-driver-custom-multitest-recheck 1.0
============================================================================
# TOTAL: 1
# PASS:  0
# SKIP:  1
# XFAIL: 0
# FAIL:  0
# XPASS: 0
# ERROR: 0
============================================================================
make[1]: Leaving directory '/sources/automake-1.16.1/t/test-driver-custom-multitest-recheck.dir/build'
+ test no = yes
+ case $am__make_rc_exp in
+ test 0 -ge 0
+ test 0 -le 255
+ test 0 -eq 0
+ ls -l
total 124
-rw-r--r-- 1 root root 30809 Nov 27 06:44 Makefile
-rw-r--r-- 1 root root    43 Nov 27 06:44 a.log
-rw-r--r-- 1 root root    85 Nov 27 06:44 a.trs
-rw-r--r-- 1 root root    37 Nov 27 06:44 b.log
-rw-r--r-- 1 root root     3 Nov 27 06:44 b.ok
-rw-r--r-- 1 root root    79 Nov 27 06:44 b.trs
-rw-r--r-- 1 root root    54 Nov 27 06:44 c.log
-rw-r--r-- 1 root root     3 Nov 27 06:44 c.pass
-rw-r--r-- 1 root root   111 Nov 27 06:44 c.trs
-rw-r--r-- 1 root root     3 Nov 27 06:44 c.xfail
-rw-r--r-- 1 root root  5457 Nov 27 06:44 config.log
-rwxr-xr-x 1 root root 25680 Nov 27 06:44 config.status
-rw-r--r-- 1 root root     2 Nov 27 06:44 d.extra
-rw-r--r-- 1 root root    45 Nov 27 06:44 d.log
-rw-r--r-- 1 root root     0 Nov 27 06:44 d.run
-rw-r--r-- 1 root root    72 Nov 27 06:44 d.trs
-rw-r--r-- 1 root root   603 Nov 27 06:44 stdout
-rw-r--r-- 1 root root   296 Nov 27 06:44 test-suite.log
+ test '!' -e a.run
+ test '!' -e b.run
+ test '!' -e c.run
+ test -f d.run
+ count_test_results total=1 pass=0 fail=0 xpass=0 xfail=0 skip=1 error=0
+ total=ERR
+ pass=ERR
+ fail=ERR
+ xpass=ERR
+ xfail=ERR
+ skip=ERR
+ error=ERR
+ eval total=1 pass=0 fail=0 xpass=0 xfail=0 skip=1 error=0
++ total=1
++ pass=0
++ fail=0
++ xpass=0
++ xfail=0
++ skip=1
++ error=0
+ /bin/grep -E -i '(total|x?pass|x?fail|skip|error)' stdout
SKIP: d.test, testcase 1
# TOTAL: 1
# PASS:  0
# SKIP:  1
# XFAIL: 0
# FAIL:  0
# XPASS: 0
# ERROR: 0
+ rc=0
+ set +e
++ grep -c '^PASS:' stdout
+ test 0 -eq 0
++ grep -c '^XFAIL:' stdout
+ test 0 -eq 0
++ grep -c '^SKIP:' stdout
+ test 1 -eq 1
++ grep -c '^FAIL:' stdout
+ test 0 -eq 0
++ grep -c '^XPASS:' stdout
+ test 0 -eq 0
++ grep -c '^ERROR:' stdout
+ test 0 -eq 0
+ grep '^# TOTAL:  *1$' stdout
# TOTAL: 1
+ grep '^# PASS:  *0$' stdout
# PASS:  0
+ grep '^# XFAIL:  *0$' stdout
# XFAIL: 0
+ grep '^# SKIP:  *1$' stdout
# SKIP:  1
+ grep '^# FAIL:  *0$' stdout
# FAIL:  0
+ grep '^# XPASS:  *0$' stdout
# XPASS: 0
+ grep '^# ERROR:  *0$' stdout
# ERROR: 0
+ test 0 -eq 0
+ : All tests have been successful or skipped, nothing should be re-run.
+ using_gmake
+ case $am__using_gmake in
+ return 0
+ do_recheck --pass
+ case $* in
+ status=0
+ rm -f d.run
+ run_make -O -e 0 recheck
+ am__make_redirect_stdout=no
+ am__make_redirect_stderr=no
+ am__make_redirect_stdall=no
+ am__make_flags=
+ am__make_rc_exp=0
+ am_make_rc=0
+ test 4 -gt 0
+ case $1 in
+ am__make_redirect_stdout=yes
+ shift
+ test 3 -gt 0
+ case $1 in
+ am__make_rc_exp=0
+ shift
+ shift
+ test 1 -gt 0
+ case $1 in
+ break
+ using_gmake
+ case $am__using_gmake in
+ return 0
+ :
+ test x '!=' x
+ : exec make recheck
+ set +x
+ test 0 -eq 253
+ test no = yes
+ test yes = yes
+ cat stdout
make[1]: Entering directory '/sources/automake-1.16.1/t/test-driver-custom-multitest-recheck.dir/build'
============================================================================
Testsuite summary for test-driver-custom-multitest-recheck 1.0
============================================================================
# TOTAL: 0
# PASS:  0
# SKIP:  0
# XFAIL: 0
# FAIL:  0
# XPASS: 0
# ERROR: 0
============================================================================
make[1]: Leaving directory '/sources/automake-1.16.1/t/test-driver-custom-multitest-recheck.dir/build'
+ test no = yes
+ case $am__make_rc_exp in
+ test 0 -ge 0
+ test 0 -le 255
+ test 0 -eq 0
+ ls -l
total 124
-rw-r--r-- 1 root root 30809 Nov 27 06:44 Makefile
-rw-r--r-- 1 root root    43 Nov 27 06:44 a.log
-rw-r--r-- 1 root root    85 Nov 27 06:44 a.trs
-rw-r--r-- 1 root root    37 Nov 27 06:44 b.log
-rw-r--r-- 1 root root     3 Nov 27 06:44 b.ok
-rw-r--r-- 1 root root    79 Nov 27 06:44 b.trs
-rw-r--r-- 1 root root    54 Nov 27 06:44 c.log
-rw-r--r-- 1 root root     3 Nov 27 06:44 c.pass
-rw-r--r-- 1 root root   111 Nov 27 06:44 c.trs
-rw-r--r-- 1 root root     3 Nov 27 06:44 c.xfail
-rw-r--r-- 1 root root  5457 Nov 27 06:44 config.log
-rwxr-xr-x 1 root root 25680 Nov 27 06:44 config.status
-rw-r--r-- 1 root root     2 Nov 27 06:44 d.extra
-rw-r--r-- 1 root root    45 Nov 27 06:44 d.log
-rw-r--r-- 1 root root    72 Nov 27 06:44 d.trs
-rw-r--r-- 1 root root   578 Nov 27 06:44 stdout
-rw-r--r-- 1 root root   296 Nov 27 06:44 test-suite.log
+ test '!' -e a.run
+ test '!' -e b.run
+ test '!' -e c.run
+ test '!' -e d.run
+ count_test_results total=0 pass=0 fail=0 xpass=0 xfail=0 skip=0 error=0
+ total=ERR
+ pass=ERR
+ fail=ERR
+ xpass=ERR
+ xfail=ERR
+ skip=ERR
+ error=ERR
+ eval total=0 pass=0 fail=0 xpass=0 xfail=0 skip=0 error=0
++ total=0
++ pass=0
++ fail=0
++ xpass=0
++ xfail=0
++ skip=0
++ error=0
+ /bin/grep -E -i '(total|x?pass|x?fail|skip|error)' stdout
# TOTAL: 0
# PASS:  0
# SKIP:  0
# XFAIL: 0
# FAIL:  0
# XPASS: 0
# ERROR: 0
+ rc=0
+ set +e
++ grep -c '^PASS:' stdout
+ test 0 -eq 0
++ grep -c '^XFAIL:' stdout
+ test 0 -eq 0
++ grep -c '^SKIP:' stdout
+ test 0 -eq 0
++ grep -c '^FAIL:' stdout
+ test 0 -eq 0
++ grep -c '^XPASS:' stdout
+ test 0 -eq 0
++ grep -c '^ERROR:' stdout
+ test 0 -eq 0
+ grep '^# TOTAL:  *0$' stdout
# TOTAL: 0
+ grep '^# PASS:  *0$' stdout
# PASS:  0
+ grep '^# XFAIL:  *0$' stdout
# XFAIL: 0
+ grep '^# SKIP:  *0$' stdout
# SKIP:  0
+ grep '^# FAIL:  *0$' stdout
# FAIL:  0
+ grep '^# XPASS:  *0$' stdout
# XPASS: 0
+ grep '^# ERROR:  *0$' stdout
# ERROR: 0
+ test 0 -eq 0
+ cd ..
+ for vpath in : false
+ false
+ srcdir=.
+ ./configure
checking for a BSD-compatible install... /usr/bin/install -c
checking whether build environment is sane... yes
checking for a thread-safe mkdir -p... /tools/bin/mkdir -p
checking for gawk... gawk
checking whether make sets $(MAKE)... yes
checking whether make supports nested variables... yes
checking that generated files are newer than configure... done
configure: creating ./config.status
config.status: creating Makefile
+ : A 'make recheck' in a clean tree should run no tests.
+ using_gmake
+ case $am__using_gmake in
+ return 0
+ do_recheck --pass
+ case $* in
+ status=0
+ rm -f '*.run'
+ run_make -O -e 0 recheck
+ am__make_redirect_stdout=no
+ am__make_redirect_stderr=no
+ am__make_redirect_stdall=no
+ am__make_flags=
+ am__make_rc_exp=0
+ am_make_rc=0
+ test 4 -gt 0
+ case $1 in
+ am__make_redirect_stdout=yes
+ shift
+ test 3 -gt 0
+ case $1 in
+ am__make_rc_exp=0
+ shift
+ shift
+ test 1 -gt 0
+ case $1 in
+ break
+ using_gmake
+ case $am__using_gmake in
+ return 0
+ :
+ test x '!=' x
+ : exec make recheck
+ set +x
+ test 0 -eq 253
+ test no = yes
+ test yes = yes
+ cat stdout
make[1]: Entering directory '/sources/automake-1.16.1/t/test-driver-custom-multitest-recheck.dir'
============================================================================
Testsuite summary for test-driver-custom-multitest-recheck 1.0
============================================================================
# TOTAL: 0
# PASS:  0
# SKIP:  0
# XFAIL: 0
# FAIL:  0
# XPASS: 0
# ERROR: 0
============================================================================
make[1]: Leaving directory '/sources/automake-1.16.1/t/test-driver-custom-multitest-recheck.dir'
+ test no = yes
+ case $am__make_rc_exp in
+ test 0 -ge 0
+ test 0 -le 255
+ test 0 -eq 0
+ ls -l
total 332
-rw-r--r-- 1 root root  30767 Nov 27 06:44 Makefile
-rw-r--r-- 1 root root     93 Nov 27 06:44 Makefile.am
-rw-r--r-- 1 root root  29670 Nov 27 06:44 Makefile.in
-rwxr-xr-x 1 root root     49 Nov 27 06:44 a.test
-rw-r--r-- 1 root root  27316 Nov 27 06:44 aclocal.m4
drwxr-xr-x 2 root root   4096 Nov 27 06:44 autom4te.cache
-rwxr-xr-x 1 root root     89 Nov 27 06:44 b.test
drwxr-xr-x 2 root root   4096 Nov 27 06:44 build
-rwxr-xr-x 1 root root    167 Nov 27 06:44 c.test
-rwxr-xr-x 1 root root   7383 Nov 27 06:44 compile
-rw-r--r-- 1 root root   5444 Nov 27 06:44 config.log
-rwxr-xr-x 1 root root  25831 Nov 27 06:44 config.status
-rwxr-xr-x 1 root root 104436 Nov 27 06:44 configure
-rw-r--r-- 1 root root    110 Nov 27 06:44 configure.ac
-rwxr-xr-x 1 root root     89 Nov 27 06:44 d.test
-rwxr-xr-x 1 root root  23568 Nov 27 06:44 depcomp
-rwxr-xr-x 1 root root  15368 Nov 27 06:44 install-sh
-rwxr-xr-x 1 root root   6878 Nov 27 06:44 missing
-rw-r--r-- 1 root root    566 Nov 27 06:44 stdout
-rw-r--r-- 1 root root    296 Nov 27 06:44 test-suite.log
-rw-r--r-- 1 root root   2853 Nov 27 06:44 trivial-test-driver
+ cat test-suite.log
================================================================
   test-driver-custom-multitest-recheck 1.0: ./test-suite.log
================================================================

# TOTAL: 0
# PASS:  0
# SKIP:  0
# XFAIL: 0
# FAIL:  0
# XPASS: 0
# ERROR: 0

.. contents:: :depth: 2

+ test '!' -e a.run
+ test '!' -e a.log
+ test '!' -e b.run
+ test '!' -e b.log
+ test '!' -e c.run
+ test '!' -e c.log
+ test '!' -e d.run
+ test '!' -e d.log
+ count_test_results total=0 pass=0 fail=0 xpass=0 xfail=0 skip=0 error=0
+ total=ERR
+ pass=ERR
+ fail=ERR
+ xpass=ERR
+ xfail=ERR
+ skip=ERR
+ error=ERR
+ eval total=0 pass=0 fail=0 xpass=0 xfail=0 skip=0 error=0
++ total=0
++ pass=0
++ fail=0
++ xpass=0
++ xfail=0
++ skip=0
++ error=0
+ /bin/grep -E -i '(total|x?pass|x?fail|skip|error)' stdout
# TOTAL: 0
# PASS:  0
# SKIP:  0
# XFAIL: 0
# FAIL:  0
# XPASS: 0
# ERROR: 0
+ rc=0
+ set +e
++ grep -c '^PASS:' stdout
+ test 0 -eq 0
++ grep -c '^XFAIL:' stdout
+ test 0 -eq 0
++ grep -c '^SKIP:' stdout
+ test 0 -eq 0
++ grep -c '^FAIL:' stdout
+ test 0 -eq 0
++ grep -c '^XPASS:' stdout
+ test 0 -eq 0
++ grep -c '^ERROR:' stdout
+ test 0 -eq 0
+ grep '^# TOTAL:  *0$' stdout
# TOTAL: 0
+ grep '^# PASS:  *0$' stdout
# PASS:  0
+ grep '^# XFAIL:  *0$' stdout
# XFAIL: 0
+ grep '^# SKIP:  *0$' stdout
# SKIP:  0
+ grep '^# FAIL:  *0$' stdout
# FAIL:  0
+ grep '^# XPASS:  *0$' stdout
# XPASS: 0
+ grep '^# ERROR:  *0$' stdout
# ERROR: 0
+ test 0 -eq 0
+ : Run the tests for the first time.
+ run_make -O -e FAIL check
+ am__make_redirect_stdout=no
+ am__make_redirect_stderr=no
+ am__make_redirect_stdall=no
+ am__make_flags=
+ am__make_rc_exp=0
+ am_make_rc=0
+ test 4 -gt 0
+ case $1 in
+ am__make_redirect_stdout=yes
+ shift
+ test 3 -gt 0
+ case $1 in
+ am__make_rc_exp=FAIL
+ shift
+ shift
+ test 1 -gt 0
+ case $1 in
+ break
+ using_gmake
+ case $am__using_gmake in
+ return 0
+ :
+ test x '!=' x
+ : exec make check
+ set +x
make[2]: *** [Makefile:474: test-suite.log] Error 1
make[1]: *** [Makefile:582: check-TESTS] Error 2
make: *** [Makefile:774: check-am] Error 2
+ am_make_rc=2
+ test 2 -eq 253
+ test no = yes
+ test yes = yes
+ cat stdout
make  check-TESTS
make[1]: Entering directory '/sources/automake-1.16.1/t/test-driver-custom-multitest-recheck.dir'
make[2]: Entering directory '/sources/automake-1.16.1/t/test-driver-custom-multitest-recheck.dir'
PASS: a.test, testcase 1
PASS: a.test, testcase 2
PASS: b.test, testcase 1
ERROR: b.test, testcase 2
FAIL: c.test, testcase 1
XPASS: c.test, testcase 2
XFAIL: c.test, testcase 3
SKIP: d.test, testcase 1
FAIL: d.test, testcase 2
============================================================================
Testsuite summary for test-driver-custom-multitest-recheck 1.0
============================================================================
# TOTAL: 9
# PASS:  3
# SKIP:  1
# XFAIL: 1
# FAIL:  2
# XPASS: 1
# ERROR: 1
============================================================================
See ./test-suite.log
============================================================================
make[2]: Leaving directory '/sources/automake-1.16.1/t/test-driver-custom-multitest-recheck.dir'
make[1]: Leaving directory '/sources/automake-1.16.1/t/test-driver-custom-multitest-recheck.dir'
+ test no = yes
+ case $am__make_rc_exp in
+ test 2 -gt 0
+ ls -l
total 364
-rw-r--r-- 1 root root  30767 Nov 27 06:44 Makefile
-rw-r--r-- 1 root root     93 Nov 27 06:44 Makefile.am
-rw-r--r-- 1 root root  29670 Nov 27 06:44 Makefile.in
-rw-r--r-- 1 root root     43 Nov 27 06:44 a.log
-rw-r--r-- 1 root root      0 Nov 27 06:44 a.run
-rwxr-xr-x 1 root root     49 Nov 27 06:44 a.test
-rw-r--r-- 1 root root     85 Nov 27 06:44 a.trs
-rw-r--r-- 1 root root  27316 Nov 27 06:44 aclocal.m4
drwxr-xr-x 2 root root   4096 Nov 27 06:44 autom4te.cache
-rw-r--r-- 1 root root     38 Nov 27 06:44 b.log
-rw-r--r-- 1 root root      0 Nov 27 06:44 b.run
-rwxr-xr-x 1 root root     89 Nov 27 06:44 b.test
-rw-r--r-- 1 root root     82 Nov 27 06:44 b.trs
drwxr-xr-x 2 root root   4096 Nov 27 06:44 build
-rw-r--r-- 1 root root     54 Nov 27 06:44 c.log
-rw-r--r-- 1 root root      0 Nov 27 06:44 c.run
-rwxr-xr-x 1 root root    167 Nov 27 06:44 c.test
-rw-r--r-- 1 root root    113 Nov 27 06:44 c.trs
-rwxr-xr-x 1 root root   7383 Nov 27 06:44 compile
-rw-r--r-- 1 root root   5444 Nov 27 06:44 config.log
-rwxr-xr-x 1 root root  25831 Nov 27 06:44 config.status
-rwxr-xr-x 1 root root 104436 Nov 27 06:44 configure
-rw-r--r-- 1 root root    110 Nov 27 06:44 configure.ac
-rw-r--r-- 1 root root    121 Nov 27 06:44 d.log
-rw-r--r-- 1 root root      0 Nov 27 06:44 d.run
-rwxr-xr-x 1 root root     89 Nov 27 06:44 d.test
-rw-r--r-- 1 root root    110 Nov 27 06:44 d.trs
-rwxr-xr-x 1 root root  23568 Nov 27 06:44 depcomp
-rwxr-xr-x 1 root root  15368 Nov 27 06:44 install-sh
-rwxr-xr-x 1 root root   6878 Nov 27 06:44 missing
-rw-r--r-- 1 root root   1105 Nov 27 06:44 stdout
-rw-r--r-- 1 root root    557 Nov 27 06:44 test-suite.log
-rw-r--r-- 1 root root   2853 Nov 27 06:44 trivial-test-driver
+ test -f a.run
+ test -f b.run
+ test -f c.run
+ test -f d.run
+ count_test_results total=9 pass=3 fail=2 xpass=1 xfail=1 skip=1 error=1
+ total=ERR
+ pass=ERR
+ fail=ERR
+ xpass=ERR
+ xfail=ERR
+ skip=ERR
+ error=ERR
+ eval total=9 pass=3 fail=2 xpass=1 xfail=1 skip=1 error=1
++ total=9
++ pass=3
++ fail=2
++ xpass=1
++ xfail=1
++ skip=1
++ error=1
+ /bin/grep -E -i '(total|x?pass|x?fail|skip|error)' stdout
PASS: a.test, testcase 1
PASS: a.test, testcase 2
PASS: b.test, testcase 1
ERROR: b.test, testcase 2
FAIL: c.test, testcase 1
XPASS: c.test, testcase 2
XFAIL: c.test, testcase 3
SKIP: d.test, testcase 1
FAIL: d.test, testcase 2
# TOTAL: 9
# PASS:  3
# SKIP:  1
# XFAIL: 1
# FAIL:  2
# XPASS: 1
# ERROR: 1
+ rc=0
+ set +e
++ grep -c '^PASS:' stdout
+ test 3 -eq 3
++ grep -c '^XFAIL:' stdout
+ test 1 -eq 1
++ grep -c '^SKIP:' stdout
+ test 1 -eq 1
++ grep -c '^FAIL:' stdout
+ test 2 -eq 2
++ grep -c '^XPASS:' stdout
+ test 1 -eq 1
++ grep -c '^ERROR:' stdout
+ test 1 -eq 1
+ grep '^# TOTAL:  *9$' stdout
# TOTAL: 9
+ grep '^# PASS:  *3$' stdout
# PASS:  3
+ grep '^# XFAIL:  *1$' stdout
# XFAIL: 1
+ grep '^# SKIP:  *1$' stdout
# SKIP:  1
+ grep '^# FAIL:  *2$' stdout
# FAIL:  2
+ grep '^# XPASS:  *1$' stdout
# XPASS: 1
+ grep '^# ERROR:  *1$' stdout
# ERROR: 1
+ test 0 -eq 0
+ : Let us make b.test pass.
+ using_gmake
+ case $am__using_gmake in
+ return 0
+ echo OK
+ do_recheck --fail
+ case $* in
+ status=FAIL
+ rm -f a.run b.run c.run d.run
+ run_make -O -e FAIL recheck
+ am__make_redirect_stdout=no
+ am__make_redirect_stderr=no
+ am__make_redirect_stdall=no
+ am__make_flags=
+ am__make_rc_exp=0
+ am_make_rc=0
+ test 4 -gt 0
+ case $1 in
+ am__make_redirect_stdout=yes
+ shift
+ test 3 -gt 0
+ case $1 in
+ am__make_rc_exp=FAIL
+ shift
+ shift
+ test 1 -gt 0
+ case $1 in
+ break
+ using_gmake
+ case $am__using_gmake in
+ return 0
+ :
+ test x '!=' x
+ : exec make recheck
+ set +x
make[1]: *** [Makefile:474: test-suite.log] Error 1
make: *** [Makefile:590: recheck] Error 2
+ am_make_rc=2
+ test 2 -eq 253
+ test no = yes
+ test yes = yes
+ cat stdout
make[1]: Entering directory '/sources/automake-1.16.1/t/test-driver-custom-multitest-recheck.dir'
PASS: b.test, testcase 1
PASS: b.test, testcase 2
FAIL: c.test, testcase 1
XPASS: c.test, testcase 2
XFAIL: c.test, testcase 3
SKIP: d.test, testcase 1
FAIL: d.test, testcase 2
============================================================================
Testsuite summary for test-driver-custom-multitest-recheck 1.0
============================================================================
# TOTAL: 7
# PASS:  2
# SKIP:  1
# XFAIL: 1
# FAIL:  2
# XPASS: 1
# ERROR: 0
============================================================================
See ./test-suite.log
============================================================================
make[1]: Leaving directory '/sources/automake-1.16.1/t/test-driver-custom-multitest-recheck.dir'
+ test no = yes
+ case $am__make_rc_exp in
+ test 2 -gt 0
+ ls -l
total 368
-rw-r--r-- 1 root root  30767 Nov 27 06:44 Makefile
-rw-r--r-- 1 root root     93 Nov 27 06:44 Makefile.am
-rw-r--r-- 1 root root  29670 Nov 27 06:44 Makefile.in
-rw-r--r-- 1 root root     43 Nov 27 06:44 a.log
-rwxr-xr-x 1 root root     49 Nov 27 06:44 a.test
-rw-r--r-- 1 root root     85 Nov 27 06:44 a.trs
-rw-r--r-- 1 root root  27316 Nov 27 06:44 aclocal.m4
drwxr-xr-x 2 root root   4096 Nov 27 06:44 autom4te.cache
-rw-r--r-- 1 root root     37 Nov 27 06:44 b.log
-rw-r--r-- 1 root root      3 Nov 27 06:44 b.ok
-rw-r--r-- 1 root root      0 Nov 27 06:44 b.run
-rwxr-xr-x 1 root root     89 Nov 27 06:44 b.test
-rw-r--r-- 1 root root     79 Nov 27 06:44 b.trs
drwxr-xr-x 2 root root   4096 Nov 27 06:44 build
-rw-r--r-- 1 root root     54 Nov 27 06:44 c.log
-rw-r--r-- 1 root root      0 Nov 27 06:44 c.run
-rwxr-xr-x 1 root root    167 Nov 27 06:44 c.test
-rw-r--r-- 1 root root    113 Nov 27 06:44 c.trs
-rwxr-xr-x 1 root root   7383 Nov 27 06:44 compile
-rw-r--r-- 1 root root   5444 Nov 27 06:44 config.log
-rwxr-xr-x 1 root root  25831 Nov 27 06:44 config.status
-rwxr-xr-x 1 root root 104436 Nov 27 06:44 configure
-rw-r--r-- 1 root root    110 Nov 27 06:44 configure.ac
-rw-r--r-- 1 root root    121 Nov 27 06:44 d.log
-rw-r--r-- 1 root root      0 Nov 27 06:44 d.run
-rwxr-xr-x 1 root root     89 Nov 27 06:44 d.test
-rw-r--r-- 1 root root    110 Nov 27 06:44 d.trs
-rwxr-xr-x 1 root root  23568 Nov 27 06:44 depcomp
-rwxr-xr-x 1 root root  15368 Nov 27 06:44 install-sh
-rwxr-xr-x 1 root root   6878 Nov 27 06:44 missing
-rw-r--r-- 1 root root    841 Nov 27 06:44 stdout
-rw-r--r-- 1 root root    503 Nov 27 06:44 test-suite.log
-rw-r--r-- 1 root root   2853 Nov 27 06:44 trivial-test-driver
+ test '!' -e a.run
+ test -f b.run
+ test -f c.run
+ test -f d.run
+ count_test_results total=7 pass=2 fail=2 xpass=1 xfail=1 skip=1 error=0
+ total=ERR
+ pass=ERR
+ fail=ERR
+ xpass=ERR
+ xfail=ERR
+ skip=ERR
+ error=ERR
+ eval total=7 pass=2 fail=2 xpass=1 xfail=1 skip=1 error=0
++ total=7
++ pass=2
++ fail=2
++ xpass=1
++ xfail=1
++ skip=1
++ error=0
+ /bin/grep -E -i '(total|x?pass|x?fail|skip|error)' stdout
PASS: b.test, testcase 1
PASS: b.test, testcase 2
FAIL: c.test, testcase 1
XPASS: c.test, testcase 2
XFAIL: c.test, testcase 3
SKIP: d.test, testcase 1
FAIL: d.test, testcase 2
# TOTAL: 7
# PASS:  2
# SKIP:  1
# XFAIL: 1
# FAIL:  2
# XPASS: 1
# ERROR: 0
+ rc=0
+ set +e
++ grep -c '^PASS:' stdout
+ test 2 -eq 2
++ grep -c '^XFAIL:' stdout
+ test 1 -eq 1
++ grep -c '^SKIP:' stdout
+ test 1 -eq 1
++ grep -c '^FAIL:' stdout
+ test 2 -eq 2
++ grep -c '^XPASS:' stdout
+ test 1 -eq 1
++ grep -c '^ERROR:' stdout
+ test 0 -eq 0
+ grep '^# TOTAL:  *7$' stdout
# TOTAL: 7
+ grep '^# PASS:  *2$' stdout
# PASS:  2
+ grep '^# XFAIL:  *1$' stdout
# XFAIL: 1
+ grep '^# SKIP:  *1$' stdout
# SKIP:  1
+ grep '^# FAIL:  *2$' stdout
# FAIL:  2
+ grep '^# XPASS:  *1$' stdout
# XPASS: 1
+ grep '^# ERROR:  *0$' stdout
# ERROR: 0
+ test 0 -eq 0
+ : Let us make the first part of c.test pass.
+ using_gmake
+ case $am__using_gmake in
+ return 0
+ echo OK
+ do_recheck --fail
+ case $* in
+ status=FAIL
+ rm -f b.run c.run d.run
+ run_make -O -e FAIL recheck
+ am__make_redirect_stdout=no
+ am__make_redirect_stderr=no
+ am__make_redirect_stdall=no
+ am__make_flags=
+ am__make_rc_exp=0
+ am_make_rc=0
+ test 4 -gt 0
+ case $1 in
+ am__make_redirect_stdout=yes
+ shift
+ test 3 -gt 0
+ case $1 in
+ am__make_rc_exp=FAIL
+ shift
+ shift
+ test 1 -gt 0
+ case $1 in
+ break
+ using_gmake
+ case $am__using_gmake in
+ return 0
+ :
+ test x '!=' x
+ : exec make recheck
+ set +x
make[1]: *** [Makefile:474: test-suite.log] Error 1
make: *** [Makefile:590: recheck] Error 2
+ am_make_rc=2
+ test 2 -eq 253
+ test no = yes
+ test yes = yes
+ cat stdout
make[1]: Entering directory '/sources/automake-1.16.1/t/test-driver-custom-multitest-recheck.dir'
PASS: c.test, testcase 1
XPASS: c.test, testcase 2
XFAIL: c.test, testcase 3
SKIP: d.test, testcase 1
FAIL: d.test, testcase 2
============================================================================
Testsuite summary for test-driver-custom-multitest-recheck 1.0
============================================================================
# TOTAL: 5
# PASS:  1
# SKIP:  1
# XFAIL: 1
# FAIL:  1
# XPASS: 1
# ERROR: 0
============================================================================
See ./test-suite.log
============================================================================
make[1]: Leaving directory '/sources/automake-1.16.1/t/test-driver-custom-multitest-recheck.dir'
+ test no = yes
+ case $am__make_rc_exp in
+ test 2 -gt 0
+ ls -l
total 372
-rw-r--r-- 1 root root  30767 Nov 27 06:44 Makefile
-rw-r--r-- 1 root root     93 Nov 27 06:44 Makefile.am
-rw-r--r-- 1 root root  29670 Nov 27 06:44 Makefile.in
-rw-r--r-- 1 root root     43 Nov 27 06:44 a.log
-rwxr-xr-x 1 root root     49 Nov 27 06:44 a.test
-rw-r--r-- 1 root root     85 Nov 27 06:44 a.trs
-rw-r--r-- 1 root root  27316 Nov 27 06:44 aclocal.m4
drwxr-xr-x 2 root root   4096 Nov 27 06:44 autom4te.cache
-rw-r--r-- 1 root root     37 Nov 27 06:44 b.log
-rw-r--r-- 1 root root      3 Nov 27 06:44 b.ok
-rwxr-xr-x 1 root root     89 Nov 27 06:44 b.test
-rw-r--r-- 1 root root     79 Nov 27 06:44 b.trs
drwxr-xr-x 2 root root   4096 Nov 27 06:44 build
-rw-r--r-- 1 root root     54 Nov 27 06:44 c.log
-rw-r--r-- 1 root root      3 Nov 27 06:44 c.pass
-rw-r--r-- 1 root root      0 Nov 27 06:44 c.run
-rwxr-xr-x 1 root root    167 Nov 27 06:44 c.test
-rw-r--r-- 1 root root    113 Nov 27 06:44 c.trs
-rwxr-xr-x 1 root root   7383 Nov 27 06:44 compile
-rw-r--r-- 1 root root   5444 Nov 27 06:44 config.log
-rwxr-xr-x 1 root root  25831 Nov 27 06:44 config.status
-rwxr-xr-x 1 root root 104436 Nov 27 06:44 configure
-rw-r--r-- 1 root root    110 Nov 27 06:44 configure.ac
-rw-r--r-- 1 root root    121 Nov 27 06:44 d.log
-rw-r--r-- 1 root root      0 Nov 27 06:44 d.run
-rwxr-xr-x 1 root root     89 Nov 27 06:44 d.test
-rw-r--r-- 1 root root    110 Nov 27 06:44 d.trs
-rwxr-xr-x 1 root root  23568 Nov 27 06:44 depcomp
-rwxr-xr-x 1 root root  15368 Nov 27 06:44 install-sh
-rwxr-xr-x 1 root root   6878 Nov 27 06:44 missing
-rw-r--r-- 1 root root    791 Nov 27 06:44 stdout
-rw-r--r-- 1 root root    503 Nov 27 06:44 test-suite.log
-rw-r--r-- 1 root root   2853 Nov 27 06:44 trivial-test-driver
+ test '!' -e a.run
+ test '!' -e b.run
+ test -f c.run
+ test -f d.run
+ count_test_results total=5 pass=1 fail=1 xpass=1 xfail=1 skip=1 error=0
+ total=ERR
+ pass=ERR
+ fail=ERR
+ xpass=ERR
+ xfail=ERR
+ skip=ERR
+ error=ERR
+ eval total=5 pass=1 fail=1 xpass=1 xfail=1 skip=1 error=0
++ total=5
++ pass=1
++ fail=1
++ xpass=1
++ xfail=1
++ skip=1
++ error=0
+ /bin/grep -E -i '(total|x?pass|x?fail|skip|error)' stdout
PASS: c.test, testcase 1
XPASS: c.test, testcase 2
XFAIL: c.test, testcase 3
SKIP: d.test, testcase 1
FAIL: d.test, testcase 2
# TOTAL: 5
# PASS:  1
# SKIP:  1
# XFAIL: 1
# FAIL:  1
# XPASS: 1
# ERROR: 0
+ rc=0
+ set +e
++ grep -c '^PASS:' stdout
+ test 1 -eq 1
++ grep -c '^XFAIL:' stdout
+ test 1 -eq 1
++ grep -c '^SKIP:' stdout
+ test 1 -eq 1
++ grep -c '^FAIL:' stdout
+ test 1 -eq 1
++ grep -c '^XPASS:' stdout
+ test 1 -eq 1
++ grep -c '^ERROR:' stdout
+ test 0 -eq 0
+ grep '^# TOTAL:  *5$' stdout
# TOTAL: 5
+ grep '^# PASS:  *1$' stdout
# PASS:  1
+ grep '^# XFAIL:  *1$' stdout
# XFAIL: 1
+ grep '^# SKIP:  *1$' stdout
# SKIP:  1
+ grep '^# FAIL:  *1$' stdout
# FAIL:  1
+ grep '^# XPASS:  *1$' stdout
# XPASS: 1
+ grep '^# ERROR:  *0$' stdout
# ERROR: 0
+ test 0 -eq 0
+ : Let us make also the second part of c.test pass.
+ using_gmake
+ case $am__using_gmake in
+ return 0
+ echo KO
+ do_recheck --fail
+ case $* in
+ status=FAIL
+ rm -f c.run d.run
+ run_make -O -e FAIL recheck
+ am__make_redirect_stdout=no
+ am__make_redirect_stderr=no
+ am__make_redirect_stdall=no
+ am__make_flags=
+ am__make_rc_exp=0
+ am_make_rc=0
+ test 4 -gt 0
+ case $1 in
+ am__make_redirect_stdout=yes
+ shift
+ test 3 -gt 0
+ case $1 in
+ am__make_rc_exp=FAIL
+ shift
+ shift
+ test 1 -gt 0
+ case $1 in
+ break
+ using_gmake
+ case $am__using_gmake in
+ return 0
+ :
+ test x '!=' x
+ : exec make recheck
+ set +x
make[1]: *** [Makefile:474: test-suite.log] Error 1
make: *** [Makefile:590: recheck] Error 2
+ am_make_rc=2
+ test 2 -eq 253
+ test no = yes
+ test yes = yes
+ cat stdout
make[1]: Entering directory '/sources/automake-1.16.1/t/test-driver-custom-multitest-recheck.dir'
PASS: c.test, testcase 1
XFAIL: c.test, testcase 2
XFAIL: c.test, testcase 3
SKIP: d.test, testcase 1
FAIL: d.test, testcase 2
============================================================================
Testsuite summary for test-driver-custom-multitest-recheck 1.0
============================================================================
# TOTAL: 5
# PASS:  1
# SKIP:  1
# XFAIL: 2
# FAIL:  1
# XPASS: 0
# ERROR: 0
============================================================================
See ./test-suite.log
============================================================================
make[1]: Leaving directory '/sources/automake-1.16.1/t/test-driver-custom-multitest-recheck.dir'
+ test no = yes
+ case $am__make_rc_exp in
+ test 2 -gt 0
+ ls -l
total 376
-rw-r--r-- 1 root root  30767 Nov 27 06:44 Makefile
-rw-r--r-- 1 root root     93 Nov 27 06:44 Makefile.am
-rw-r--r-- 1 root root  29670 Nov 27 06:44 Makefile.in
-rw-r--r-- 1 root root     43 Nov 27 06:44 a.log
-rwxr-xr-x 1 root root     49 Nov 27 06:44 a.test
-rw-r--r-- 1 root root     85 Nov 27 06:44 a.trs
-rw-r--r-- 1 root root  27316 Nov 27 06:44 aclocal.m4
drwxr-xr-x 2 root root   4096 Nov 27 06:44 autom4te.cache
-rw-r--r-- 1 root root     37 Nov 27 06:44 b.log
-rw-r--r-- 1 root root      3 Nov 27 06:44 b.ok
-rwxr-xr-x 1 root root     89 Nov 27 06:44 b.test
-rw-r--r-- 1 root root     79 Nov 27 06:44 b.trs
drwxr-xr-x 2 root root   4096 Nov 27 06:44 build
-rw-r--r-- 1 root root     54 Nov 27 06:44 c.log
-rw-r--r-- 1 root root      3 Nov 27 06:44 c.pass
-rw-r--r-- 1 root root      0 Nov 27 06:44 c.run
-rwxr-xr-x 1 root root    167 Nov 27 06:44 c.test
-rw-r--r-- 1 root root    111 Nov 27 06:44 c.trs
-rw-r--r-- 1 root root      3 Nov 27 06:44 c.xfail
-rwxr-xr-x 1 root root   7383 Nov 27 06:44 compile
-rw-r--r-- 1 root root   5444 Nov 27 06:44 config.log
-rwxr-xr-x 1 root root  25831 Nov 27 06:44 config.status
-rwxr-xr-x 1 root root 104436 Nov 27 06:44 configure
-rw-r--r-- 1 root root    110 Nov 27 06:44 configure.ac
-rw-r--r-- 1 root root    121 Nov 27 06:44 d.log
-rw-r--r-- 1 root root      0 Nov 27 06:44 d.run
-rwxr-xr-x 1 root root     89 Nov 27 06:44 d.test
-rw-r--r-- 1 root root    110 Nov 27 06:44 d.trs
-rwxr-xr-x 1 root root  23568 Nov 27 06:44 depcomp
-rwxr-xr-x 1 root root  15368 Nov 27 06:44 install-sh
-rwxr-xr-x 1 root root   6878 Nov 27 06:44 missing
-rw-r--r-- 1 root root    791 Nov 27 06:44 stdout
-rw-r--r-- 1 root root    433 Nov 27 06:44 test-suite.log
-rw-r--r-- 1 root root   2853 Nov 27 06:44 trivial-test-driver
+ test '!' -e a.run
+ test '!' -e b.run
+ test -f c.run
+ test -f d.run
+ count_test_results total=5 pass=1 fail=1 xpass=0 xfail=2 skip=1 error=0
+ total=ERR
+ pass=ERR
+ fail=ERR
+ xpass=ERR
+ xfail=ERR
+ skip=ERR
+ error=ERR
+ eval total=5 pass=1 fail=1 xpass=0 xfail=2 skip=1 error=0
++ total=5
++ pass=1
++ fail=1
++ xpass=0
++ xfail=2
++ skip=1
++ error=0
+ /bin/grep -E -i '(total|x?pass|x?fail|skip|error)' stdout
PASS: c.test, testcase 1
XFAIL: c.test, testcase 2
XFAIL: c.test, testcase 3
SKIP: d.test, testcase 1
FAIL: d.test, testcase 2
# TOTAL: 5
# PASS:  1
# SKIP:  1
# XFAIL: 2
# FAIL:  1
# XPASS: 0
# ERROR: 0
+ rc=0
+ set +e
++ grep -c '^PASS:' stdout
+ test 1 -eq 1
++ grep -c '^XFAIL:' stdout
+ test 2 -eq 2
++ grep -c '^SKIP:' stdout
+ test 1 -eq 1
++ grep -c '^FAIL:' stdout
+ test 1 -eq 1
++ grep -c '^XPASS:' stdout
+ test 0 -eq 0
++ grep -c '^ERROR:' stdout
+ test 0 -eq 0
+ grep '^# TOTAL:  *5$' stdout
# TOTAL: 5
+ grep '^# PASS:  *1$' stdout
# PASS:  1
+ grep '^# XFAIL:  *2$' stdout
# XFAIL: 2
+ grep '^# SKIP:  *1$' stdout
# SKIP:  1
+ grep '^# FAIL:  *1$' stdout
# FAIL:  1
+ grep '^# XPASS:  *0$' stdout
# XPASS: 0
+ grep '^# ERROR:  *0$' stdout
# ERROR: 0
+ test 0 -eq 0
+ : Nothing changed, so only d.test should be run.
+ for i in 1 2
+ using_gmake
+ case $am__using_gmake in
+ return 0
+ do_recheck --fail
+ case $* in
+ status=FAIL
+ rm -f c.run d.run
+ run_make -O -e FAIL recheck
+ am__make_redirect_stdout=no
+ am__make_redirect_stderr=no
+ am__make_redirect_stdall=no
+ am__make_flags=
+ am__make_rc_exp=0
+ am_make_rc=0
+ test 4 -gt 0
+ case $1 in
+ am__make_redirect_stdout=yes
+ shift
+ test 3 -gt 0
+ case $1 in
+ am__make_rc_exp=FAIL
+ shift
+ shift
+ test 1 -gt 0
+ case $1 in
+ break
+ using_gmake
+ case $am__using_gmake in
+ return 0
+ :
+ test x '!=' x
+ : exec make recheck
+ set +x
make[1]: *** [Makefile:474: test-suite.log] Error 1
make: *** [Makefile:590: recheck] Error 2
+ am_make_rc=2
+ test 2 -eq 253
+ test no = yes
+ test yes = yes
+ cat stdout
make[1]: Entering directory '/sources/automake-1.16.1/t/test-driver-custom-multitest-recheck.dir'
SKIP: d.test, testcase 1
FAIL: d.test, testcase 2
============================================================================
Testsuite summary for test-driver-custom-multitest-recheck 1.0
============================================================================
# TOTAL: 2
# PASS:  0
# SKIP:  1
# XFAIL: 0
# FAIL:  1
# XPASS: 0
# ERROR: 0
============================================================================
See ./test-suite.log
============================================================================
make[1]: Leaving directory '/sources/automake-1.16.1/t/test-driver-custom-multitest-recheck.dir'
+ test no = yes
+ case $am__make_rc_exp in
+ test 2 -gt 0
+ ls -l
total 376
-rw-r--r-- 1 root root  30767 Nov 27 06:44 Makefile
-rw-r--r-- 1 root root     93 Nov 27 06:44 Makefile.am
-rw-r--r-- 1 root root  29670 Nov 27 06:44 Makefile.in
-rw-r--r-- 1 root root     43 Nov 27 06:44 a.log
-rwxr-xr-x 1 root root     49 Nov 27 06:44 a.test
-rw-r--r-- 1 root root     85 Nov 27 06:44 a.trs
-rw-r--r-- 1 root root  27316 Nov 27 06:44 aclocal.m4
drwxr-xr-x 2 root root   4096 Nov 27 06:44 autom4te.cache
-rw-r--r-- 1 root root     37 Nov 27 06:44 b.log
-rw-r--r-- 1 root root      3 Nov 27 06:44 b.ok
-rwxr-xr-x 1 root root     89 Nov 27 06:44 b.test
-rw-r--r-- 1 root root     79 Nov 27 06:44 b.trs
drwxr-xr-x 2 root root   4096 Nov 27 06:44 build
-rw-r--r-- 1 root root     54 Nov 27 06:44 c.log
-rw-r--r-- 1 root root      3 Nov 27 06:44 c.pass
-rwxr-xr-x 1 root root    167 Nov 27 06:44 c.test
-rw-r--r-- 1 root root    111 Nov 27 06:44 c.trs
-rw-r--r-- 1 root root      3 Nov 27 06:44 c.xfail
-rwxr-xr-x 1 root root   7383 Nov 27 06:44 compile
-rw-r--r-- 1 root root   5444 Nov 27 06:44 config.log
-rwxr-xr-x 1 root root  25831 Nov 27 06:44 config.status
-rwxr-xr-x 1 root root 104436 Nov 27 06:44 configure
-rw-r--r-- 1 root root    110 Nov 27 06:44 configure.ac
-rw-r--r-- 1 root root    121 Nov 27 06:44 d.log
-rw-r--r-- 1 root root      0 Nov 27 06:44 d.run
-rwxr-xr-x 1 root root     89 Nov 27 06:44 d.test
-rw-r--r-- 1 root root    110 Nov 27 06:44 d.trs
-rwxr-xr-x 1 root root  23568 Nov 27 06:44 depcomp
-rwxr-xr-x 1 root root  15368 Nov 27 06:44 install-sh
-rwxr-xr-x 1 root root   6878 Nov 27 06:44 missing
-rw-r--r-- 1 root root    714 Nov 27 06:44 stdout
-rw-r--r-- 1 root root    433 Nov 27 06:44 test-suite.log
-rw-r--r-- 1 root root   2853 Nov 27 06:44 trivial-test-driver
+ test '!' -e a.run
+ test '!' -e b.run
+ test '!' -e c.run
+ test -f d.run
+ count_test_results total=2 pass=0 fail=1 xpass=0 xfail=0 skip=1 error=0
+ total=ERR
+ pass=ERR
+ fail=ERR
+ xpass=ERR
+ xfail=ERR
+ skip=ERR
+ error=ERR
+ eval total=2 pass=0 fail=1 xpass=0 xfail=0 skip=1 error=0
++ total=2
++ pass=0
++ fail=1
++ xpass=0
++ xfail=0
++ skip=1
++ error=0
+ /bin/grep -E -i '(total|x?pass|x?fail|skip|error)' stdout
SKIP: d.test, testcase 1
FAIL: d.test, testcase 2
# TOTAL: 2
# PASS:  0
# SKIP:  1
# XFAIL: 0
# FAIL:  1
# XPASS: 0
# ERROR: 0
+ rc=0
+ set +e
++ grep -c '^PASS:' stdout
+ test 0 -eq 0
++ grep -c '^XFAIL:' stdout
+ test 0 -eq 0
++ grep -c '^SKIP:' stdout
+ test 1 -eq 1
++ grep -c '^FAIL:' stdout
+ test 1 -eq 1
++ grep -c '^XPASS:' stdout
+ test 0 -eq 0
++ grep -c '^ERROR:' stdout
+ test 0 -eq 0
+ grep '^# TOTAL:  *2$' stdout
# TOTAL: 2
+ grep '^# PASS:  *0$' stdout
# PASS:  0
+ grep '^# XFAIL:  *0$' stdout
# XFAIL: 0
+ grep '^# SKIP:  *1$' stdout
# SKIP:  1
+ grep '^# FAIL:  *1$' stdout
# FAIL:  1
+ grep '^# XPASS:  *0$' stdout
# XPASS: 0
+ grep '^# ERROR:  *0$' stdout
# ERROR: 0
+ test 0 -eq 0
+ for i in 1 2
+ using_gmake
+ case $am__using_gmake in
+ return 0
+ do_recheck --fail
+ case $* in
+ status=FAIL
+ rm -f d.run
+ run_make -O -e FAIL recheck
+ am__make_redirect_stdout=no
+ am__make_redirect_stderr=no
+ am__make_redirect_stdall=no
+ am__make_flags=
+ am__make_rc_exp=0
+ am_make_rc=0
+ test 4 -gt 0
+ case $1 in
+ am__make_redirect_stdout=yes
+ shift
+ test 3 -gt 0
+ case $1 in
+ am__make_rc_exp=FAIL
+ shift
+ shift
+ test 1 -gt 0
+ case $1 in
+ break
+ using_gmake
+ case $am__using_gmake in
+ return 0
+ :
+ test x '!=' x
+ : exec make recheck
+ set +x
make[1]: *** [Makefile:474: test-suite.log] Error 1
make: *** [Makefile:590: recheck] Error 2
+ am_make_rc=2
+ test 2 -eq 253
+ test no = yes
+ test yes = yes
+ cat stdout
make[1]: Entering directory '/sources/automake-1.16.1/t/test-driver-custom-multitest-recheck.dir'
SKIP: d.test, testcase 1
FAIL: d.test, testcase 2
============================================================================
Testsuite summary for test-driver-custom-multitest-recheck 1.0
============================================================================
# TOTAL: 2
# PASS:  0
# SKIP:  1
# XFAIL: 0
# FAIL:  1
# XPASS: 0
# ERROR: 0
============================================================================
See ./test-suite.log
============================================================================
make[1]: Leaving directory '/sources/automake-1.16.1/t/test-driver-custom-multitest-recheck.dir'
+ test no = yes
+ case $am__make_rc_exp in
+ test 2 -gt 0
+ ls -l
total 376
-rw-r--r-- 1 root root  30767 Nov 27 06:44 Makefile
-rw-r--r-- 1 root root     93 Nov 27 06:44 Makefile.am
-rw-r--r-- 1 root root  29670 Nov 27 06:44 Makefile.in
-rw-r--r-- 1 root root     43 Nov 27 06:44 a.log
-rwxr-xr-x 1 root root     49 Nov 27 06:44 a.test
-rw-r--r-- 1 root root     85 Nov 27 06:44 a.trs
-rw-r--r-- 1 root root  27316 Nov 27 06:44 aclocal.m4
drwxr-xr-x 2 root root   4096 Nov 27 06:44 autom4te.cache
-rw-r--r-- 1 root root     37 Nov 27 06:44 b.log
-rw-r--r-- 1 root root      3 Nov 27 06:44 b.ok
-rwxr-xr-x 1 root root     89 Nov 27 06:44 b.test
-rw-r--r-- 1 root root     79 Nov 27 06:44 b.trs
drwxr-xr-x 2 root root   4096 Nov 27 06:44 build
-rw-r--r-- 1 root root     54 Nov 27 06:44 c.log
-rw-r--r-- 1 root root      3 Nov 27 06:44 c.pass
-rwxr-xr-x 1 root root    167 Nov 27 06:44 c.test
-rw-r--r-- 1 root root    111 Nov 27 06:44 c.trs
-rw-r--r-- 1 root root      3 Nov 27 06:44 c.xfail
-rwxr-xr-x 1 root root   7383 Nov 27 06:44 compile
-rw-r--r-- 1 root root   5444 Nov 27 06:44 config.log
-rwxr-xr-x 1 root root  25831 Nov 27 06:44 config.status
-rwxr-xr-x 1 root root 104436 Nov 27 06:44 configure
-rw-r--r-- 1 root root    110 Nov 27 06:44 configure.ac
-rw-r--r-- 1 root root    121 Nov 27 06:44 d.log
-rw-r--r-- 1 root root      0 Nov 27 06:44 d.run
-rwxr-xr-x 1 root root     89 Nov 27 06:44 d.test
-rw-r--r-- 1 root root    110 Nov 27 06:44 d.trs
-rwxr-xr-x 1 root root  23568 Nov 27 06:44 depcomp
-rwxr-xr-x 1 root root  15368 Nov 27 06:44 install-sh
-rwxr-xr-x 1 root root   6878 Nov 27 06:44 missing
-rw-r--r-- 1 root root    714 Nov 27 06:44 stdout
-rw-r--r-- 1 root root    433 Nov 27 06:44 test-suite.log
-rw-r--r-- 1 root root   2853 Nov 27 06:44 trivial-test-driver
+ test '!' -e a.run
+ test '!' -e b.run
+ test '!' -e c.run
+ test -f d.run
+ count_test_results total=2 pass=0 fail=1 xpass=0 xfail=0 skip=1 error=0
+ total=ERR
+ pass=ERR
+ fail=ERR
+ xpass=ERR
+ xfail=ERR
+ skip=ERR
+ error=ERR
+ eval total=2 pass=0 fail=1 xpass=0 xfail=0 skip=1 error=0
++ total=2
++ pass=0
++ fail=1
++ xpass=0
++ xfail=0
++ skip=1
++ error=0
+ /bin/grep -E -i '(total|x?pass|x?fail|skip|error)' stdout
SKIP: d.test, testcase 1
FAIL: d.test, testcase 2
# TOTAL: 2
# PASS:  0
# SKIP:  1
# XFAIL: 0
# FAIL:  1
# XPASS: 0
# ERROR: 0
+ rc=0
+ set +e
++ grep -c '^PASS:' stdout
+ test 0 -eq 0
++ grep -c '^XFAIL:' stdout
+ test 0 -eq 0
++ grep -c '^SKIP:' stdout
+ test 1 -eq 1
++ grep -c '^FAIL:' stdout
+ test 1 -eq 1
++ grep -c '^XPASS:' stdout
+ test 0 -eq 0
++ grep -c '^ERROR:' stdout
+ test 0 -eq 0
+ grep '^# TOTAL:  *2$' stdout
# TOTAL: 2
+ grep '^# PASS:  *0$' stdout
# PASS:  0
+ grep '^# XFAIL:  *0$' stdout
# XFAIL: 0
+ grep '^# SKIP:  *1$' stdout
# SKIP:  1
+ grep '^# FAIL:  *1$' stdout
# FAIL:  1
+ grep '^# XPASS:  *0$' stdout
# XPASS: 0
+ grep '^# ERROR:  *0$' stdout
# ERROR: 0
+ test 0 -eq 0
+ : Let us make d.test run more testcases, and experience _more_ failures.
+ using_gmake
+ case $am__using_gmake in
+ return 0
+ unindent
+ test 'x
  /^$/b
  x
  /^$/{
    g
    s/^\([	 ]*\).*/x\1/
  }
  G
  h
  s/\n.*$//
  x
  s/^x\(.*\)\n\1//
  s/^x.*\n//' = x
+ sed '
  /^$/b
  x
  /^$/{
    g
    s/^\([	 ]*\).*/x\1/
  }
  G
  h
  s/\n.*$//
  x
  s/^x\(.*\)\n\1//
  s/^x.*\n//'
+ do_recheck --fail
+ case $* in
+ status=FAIL
+ rm -f d.run
+ run_make -O -e FAIL recheck
+ am__make_redirect_stdout=no
+ am__make_redirect_stderr=no
+ am__make_redirect_stdall=no
+ am__make_flags=
+ am__make_rc_exp=0
+ am_make_rc=0
+ test 4 -gt 0
+ case $1 in
+ am__make_redirect_stdout=yes
+ shift
+ test 3 -gt 0
+ case $1 in
+ am__make_rc_exp=FAIL
+ shift
+ shift
+ test 1 -gt 0
+ case $1 in
+ break
+ using_gmake
+ case $am__using_gmake in
+ return 0
+ :
+ test x '!=' x
+ : exec make recheck
+ set +x
make[1]: *** [Makefile:474: test-suite.log] Error 1
make: *** [Makefile:590: recheck] Error 2
+ am_make_rc=2
+ test 2 -eq 253
+ test no = yes
+ test yes = yes
+ cat stdout
make[1]: Entering directory '/sources/automake-1.16.1/t/test-driver-custom-multitest-recheck.dir'
SKIP: d.test, testcase 1
SKIP: d.test, testcase 2
FAIL: d.test, testcase 3
PASS: d.test, testcase 4
FAIL: d.test, testcase 5
XPASS: d.test, testcase 6
FAIL: d.test, testcase 7
FAIL: d.test, testcase 8
ERROR: d.test, testcase 9
PASS: d.test, testcase 10
ERROR: d.test, testcase 11
============================================================================
Testsuite summary for test-driver-custom-multitest-recheck 1.0
============================================================================
# TOTAL: 11
# PASS:  2
# SKIP:  2
# XFAIL: 0
# FAIL:  4
# XPASS: 1
# ERROR: 2
============================================================================
See ./test-suite.log
============================================================================
make[1]: Leaving directory '/sources/automake-1.16.1/t/test-driver-custom-multitest-recheck.dir'
+ test no = yes
+ case $am__make_rc_exp in
+ test 2 -gt 0
+ ls -l
total 380
-rw-r--r-- 1 root root  30767 Nov 27 06:44 Makefile
-rw-r--r-- 1 root root     93 Nov 27 06:44 Makefile.am
-rw-r--r-- 1 root root  29670 Nov 27 06:44 Makefile.in
-rw-r--r-- 1 root root     43 Nov 27 06:44 a.log
-rwxr-xr-x 1 root root     49 Nov 27 06:44 a.test
-rw-r--r-- 1 root root     85 Nov 27 06:44 a.trs
-rw-r--r-- 1 root root  27316 Nov 27 06:44 aclocal.m4
drwxr-xr-x 2 root root   4096 Nov 27 06:44 autom4te.cache
-rw-r--r-- 1 root root     37 Nov 27 06:44 b.log
-rw-r--r-- 1 root root      3 Nov 27 06:44 b.ok
-rwxr-xr-x 1 root root     89 Nov 27 06:44 b.test
-rw-r--r-- 1 root root     79 Nov 27 06:44 b.trs
drwxr-xr-x 2 root root   4096 Nov 27 06:44 build
-rw-r--r-- 1 root root     54 Nov 27 06:44 c.log
-rw-r--r-- 1 root root      3 Nov 27 06:44 c.pass
-rwxr-xr-x 1 root root    167 Nov 27 06:44 c.test
-rw-r--r-- 1 root root    111 Nov 27 06:44 c.trs
-rw-r--r-- 1 root root      3 Nov 27 06:44 c.xfail
-rwxr-xr-x 1 root root   7383 Nov 27 06:44 compile
-rw-r--r-- 1 root root   5444 Nov 27 06:44 config.log
-rwxr-xr-x 1 root root  25831 Nov 27 06:44 config.status
-rwxr-xr-x 1 root root 104436 Nov 27 06:44 configure
-rw-r--r-- 1 root root    110 Nov 27 06:44 configure.ac
-rw-r--r-- 1 root root    150 Nov 27 06:44 d.extra
-rw-r--r-- 1 root root    145 Nov 27 06:44 d.log
-rw-r--r-- 1 root root      0 Nov 27 06:44 d.run
-rwxr-xr-x 1 root root     89 Nov 27 06:44 d.test
-rw-r--r-- 1 root root    324 Nov 27 06:44 d.trs
-rwxr-xr-x 1 root root  23568 Nov 27 06:44 depcomp
-rwxr-xr-x 1 root root  15368 Nov 27 06:44 install-sh
-rwxr-xr-x 1 root root   6878 Nov 27 06:44 missing
-rw-r--r-- 1 root root    945 Nov 27 06:44 stdout
-rw-r--r-- 1 root root    458 Nov 27 06:44 test-suite.log
-rw-r--r-- 1 root root   2853 Nov 27 06:44 trivial-test-driver
+ test '!' -e a.run
+ test '!' -e b.run
+ test '!' -e c.run
+ test -f d.run
+ count_test_results total=11 pass=2 fail=4 xpass=1 xfail=0 skip=2 error=2
+ total=ERR
+ pass=ERR
+ fail=ERR
+ xpass=ERR
+ xfail=ERR
+ skip=ERR
+ error=ERR
+ eval total=11 pass=2 fail=4 xpass=1 xfail=0 skip=2 error=2
++ total=11
++ pass=2
++ fail=4
++ xpass=1
++ xfail=0
++ skip=2
++ error=2
+ /bin/grep -E -i '(total|x?pass|x?fail|skip|error)' stdout
SKIP: d.test, testcase 1
SKIP: d.test, testcase 2
FAIL: d.test, testcase 3
PASS: d.test, testcase 4
FAIL: d.test, testcase 5
XPASS: d.test, testcase 6
FAIL: d.test, testcase 7
FAIL: d.test, testcase 8
ERROR: d.test, testcase 9
PASS: d.test, testcase 10
ERROR: d.test, testcase 11
# TOTAL: 11
# PASS:  2
# SKIP:  2
# XFAIL: 0
# FAIL:  4
# XPASS: 1
# ERROR: 2
+ rc=0
+ set +e
++ grep -c '^PASS:' stdout
+ test 2 -eq 2
++ grep -c '^XFAIL:' stdout
+ test 0 -eq 0
++ grep -c '^SKIP:' stdout
+ test 2 -eq 2
++ grep -c '^FAIL:' stdout
+ test 4 -eq 4
++ grep -c '^XPASS:' stdout
+ test 1 -eq 1
++ grep -c '^ERROR:' stdout
+ test 2 -eq 2
+ grep '^# TOTAL:  *11$' stdout
# TOTAL: 11
+ grep '^# PASS:  *2$' stdout
# PASS:  2
+ grep '^# XFAIL:  *0$' stdout
# XFAIL: 0
+ grep '^# SKIP:  *2$' stdout
# SKIP:  2
+ grep '^# FAIL:  *4$' stdout
# FAIL:  4
+ grep '^# XPASS:  *1$' stdout
# XPASS: 1
+ grep '^# ERROR:  *2$' stdout
# ERROR: 2
+ test 0 -eq 0
+ : Let us finally make d.test pass.
+ using_gmake
+ case $am__using_gmake in
+ return 0
+ echo :
+ do_recheck --pass
+ case $* in
+ status=0
+ rm -f d.run
+ run_make -O -e 0 recheck
+ am__make_redirect_stdout=no
+ am__make_redirect_stderr=no
+ am__make_redirect_stdall=no
+ am__make_flags=
+ am__make_rc_exp=0
+ am_make_rc=0
+ test 4 -gt 0
+ case $1 in
+ am__make_redirect_stdout=yes
+ shift
+ test 3 -gt 0
+ case $1 in
+ am__make_rc_exp=0
+ shift
+ shift
+ test 1 -gt 0
+ case $1 in
+ break
+ using_gmake
+ case $am__using_gmake in
+ return 0
+ :
+ test x '!=' x
+ : exec make recheck
+ set +x
+ test 0 -eq 253
+ test no = yes
+ test yes = yes
+ cat stdout
make[1]: Entering directory '/sources/automake-1.16.1/t/test-driver-custom-multitest-recheck.dir'
SKIP: d.test, testcase 1
============================================================================
Testsuite summary for test-driver-custom-multitest-recheck 1.0
============================================================================
# TOTAL: 1
# PASS:  0
# SKIP:  1
# XFAIL: 0
# FAIL:  0
# XPASS: 0
# ERROR: 0
============================================================================
make[1]: Leaving directory '/sources/automake-1.16.1/t/test-driver-custom-multitest-recheck.dir'
+ test no = yes
+ case $am__make_rc_exp in
+ test 0 -ge 0
+ test 0 -le 255
+ test 0 -eq 0
+ ls -l
total 380
-rw-r--r-- 1 root root  30767 Nov 27 06:44 Makefile
-rw-r--r-- 1 root root     93 Nov 27 06:44 Makefile.am
-rw-r--r-- 1 root root  29670 Nov 27 06:44 Makefile.in
-rw-r--r-- 1 root root     43 Nov 27 06:44 a.log
-rwxr-xr-x 1 root root     49 Nov 27 06:44 a.test
-rw-r--r-- 1 root root     85 Nov 27 06:44 a.trs
-rw-r--r-- 1 root root  27316 Nov 27 06:44 aclocal.m4
drwxr-xr-x 2 root root   4096 Nov 27 06:44 autom4te.cache
-rw-r--r-- 1 root root     37 Nov 27 06:44 b.log
-rw-r--r-- 1 root root      3 Nov 27 06:44 b.ok
-rwxr-xr-x 1 root root     89 Nov 27 06:44 b.test
-rw-r--r-- 1 root root     79 Nov 27 06:44 b.trs
drwxr-xr-x 2 root root   4096 Nov 27 06:44 build
-rw-r--r-- 1 root root     54 Nov 27 06:44 c.log
-rw-r--r-- 1 root root      3 Nov 27 06:44 c.pass
-rwxr-xr-x 1 root root    167 Nov 27 06:44 c.test
-rw-r--r-- 1 root root    111 Nov 27 06:44 c.trs
-rw-r--r-- 1 root root      3 Nov 27 06:44 c.xfail
-rwxr-xr-x 1 root root   7383 Nov 27 06:44 compile
-rw-r--r-- 1 root root   5444 Nov 27 06:44 config.log
-rwxr-xr-x 1 root root  25831 Nov 27 06:44 config.status
-rwxr-xr-x 1 root root 104436 Nov 27 06:44 configure
-rw-r--r-- 1 root root    110 Nov 27 06:44 configure.ac
-rw-r--r-- 1 root root      2 Nov 27 06:44 d.extra
-rw-r--r-- 1 root root     45 Nov 27 06:44 d.log
-rw-r--r-- 1 root root      0 Nov 27 06:44 d.run
-rwxr-xr-x 1 root root     89 Nov 27 06:44 d.test
-rw-r--r-- 1 root root     72 Nov 27 06:44 d.trs
-rwxr-xr-x 1 root root  23568 Nov 27 06:44 depcomp
-rwxr-xr-x 1 root root  15368 Nov 27 06:44 install-sh
-rwxr-xr-x 1 root root   6878 Nov 27 06:44 missing
-rw-r--r-- 1 root root    591 Nov 27 06:44 stdout
-rw-r--r-- 1 root root    296 Nov 27 06:44 test-suite.log
-rw-r--r-- 1 root root   2853 Nov 27 06:44 trivial-test-driver
+ test '!' -e a.run
+ test '!' -e b.run
+ test '!' -e c.run
+ test -f d.run
+ count_test_results total=1 pass=0 fail=0 xpass=0 xfail=0 skip=1 error=0
+ total=ERR
+ pass=ERR
+ fail=ERR
+ xpass=ERR
+ xfail=ERR
+ skip=ERR
+ error=ERR
+ eval total=1 pass=0 fail=0 xpass=0 xfail=0 skip=1 error=0
++ total=1
++ pass=0
++ fail=0
++ xpass=0
++ xfail=0
++ skip=1
++ error=0
+ /bin/grep -E -i '(total|x?pass|x?fail|skip|error)' stdout
SKIP: d.test, testcase 1
# TOTAL: 1
# PASS:  0
# SKIP:  1
# XFAIL: 0
# FAIL:  0
# XPASS: 0
# ERROR: 0
+ rc=0
+ set +e
++ grep -c '^PASS:' stdout
+ test 0 -eq 0
++ grep -c '^XFAIL:' stdout
+ test 0 -eq 0
++ grep -c '^SKIP:' stdout
+ test 1 -eq 1
++ grep -c '^FAIL:' stdout
+ test 0 -eq 0
++ grep -c '^XPASS:' stdout
+ test 0 -eq 0
++ grep -c '^ERROR:' stdout
+ test 0 -eq 0
+ grep '^# TOTAL:  *1$' stdout
# TOTAL: 1
+ grep '^# PASS:  *0$' stdout
# PASS:  0
+ grep '^# XFAIL:  *0$' stdout
# XFAIL: 0
+ grep '^# SKIP:  *1$' stdout
# SKIP:  1
+ grep '^# FAIL:  *0$' stdout
# FAIL:  0
+ grep '^# XPASS:  *0$' stdout
# XPASS: 0
+ grep '^# ERROR:  *0$' stdout
# ERROR: 0
+ test 0 -eq 0
+ : All tests have been successful or skipped, nothing should be re-run.
+ using_gmake
+ case $am__using_gmake in
+ return 0
+ do_recheck --pass
+ case $* in
+ status=0
+ rm -f d.run
+ run_make -O -e 0 recheck
+ am__make_redirect_stdout=no
+ am__make_redirect_stderr=no
+ am__make_redirect_stdall=no
+ am__make_flags=
+ am__make_rc_exp=0
+ am_make_rc=0
+ test 4 -gt 0
+ case $1 in
+ am__make_redirect_stdout=yes
+ shift
+ test 3 -gt 0
+ case $1 in
+ am__make_rc_exp=0
+ shift
+ shift
+ test 1 -gt 0
+ case $1 in
+ break
+ using_gmake
+ case $am__using_gmake in
+ return 0
+ :
+ test x '!=' x
+ : exec make recheck
+ set +x
+ test 0 -eq 253
+ test no = yes
+ test yes = yes
+ cat stdout
make[1]: Entering directory '/sources/automake-1.16.1/t/test-driver-custom-multitest-recheck.dir'
============================================================================
Testsuite summary for test-driver-custom-multitest-recheck 1.0
============================================================================
# TOTAL: 0
# PASS:  0
# SKIP:  0
# XFAIL: 0
# FAIL:  0
# XPASS: 0
# ERROR: 0
============================================================================
make[1]: Leaving directory '/sources/automake-1.16.1/t/test-driver-custom-multitest-recheck.dir'
+ test no = yes
+ case $am__make_rc_exp in
+ test 0 -ge 0
+ test 0 -le 255
+ test 0 -eq 0
+ ls -l
total 380
-rw-r--r-- 1 root root  30767 Nov 27 06:44 Makefile
-rw-r--r-- 1 root root     93 Nov 27 06:44 Makefile.am
-rw-r--r-- 1 root root  29670 Nov 27 06:44 Makefile.in
-rw-r--r-- 1 root root     43 Nov 27 06:44 a.log
-rwxr-xr-x 1 root root     49 Nov 27 06:44 a.test
-rw-r--r-- 1 root root     85 Nov 27 06:44 a.trs
-rw-r--r-- 1 root root  27316 Nov 27 06:44 aclocal.m4
drwxr-xr-x 2 root root   4096 Nov 27 06:44 autom4te.cache
-rw-r--r-- 1 root root     37 Nov 27 06:44 b.log
-rw-r--r-- 1 root root      3 Nov 27 06:44 b.ok
-rwxr-xr-x 1 root root     89 Nov 27 06:44 b.test
-rw-r--r-- 1 root root     79 Nov 27 06:44 b.trs
drwxr-xr-x 2 root root   4096 Nov 27 06:44 build
-rw-r--r-- 1 root root     54 Nov 27 06:44 c.log
-rw-r--r-- 1 root root      3 Nov 27 06:44 c.pass
-rwxr-xr-x 1 root root    167 Nov 27 06:44 c.test
-rw-r--r-- 1 root root    111 Nov 27 06:44 c.trs
-rw-r--r-- 1 root root      3 Nov 27 06:44 c.xfail
-rwxr-xr-x 1 root root   7383 Nov 27 06:44 compile
-rw-r--r-- 1 root root   5444 Nov 27 06:44 config.log
-rwxr-xr-x 1 root root  25831 Nov 27 06:44 config.status
-rwxr-xr-x 1 root root 104436 Nov 27 06:44 configure
-rw-r--r-- 1 root root    110 Nov 27 06:44 configure.ac
-rw-r--r-- 1 root root      2 Nov 27 06:44 d.extra
-rw-r--r-- 1 root root     45 Nov 27 06:44 d.log
-rwxr-xr-x 1 root root     89 Nov 27 06:44 d.test
-rw-r--r-- 1 root root     72 Nov 27 06:44 d.trs
-rwxr-xr-x 1 root root  23568 Nov 27 06:44 depcomp
-rwxr-xr-x 1 root root  15368 Nov 27 06:44 install-sh
-rwxr-xr-x 1 root root   6878 Nov 27 06:44 missing
-rw-r--r-- 1 root root    566 Nov 27 06:44 stdout
-rw-r--r-- 1 root root    296 Nov 27 06:44 test-suite.log
-rw-r--r-- 1 root root   2853 Nov 27 06:44 trivial-test-driver
+ test '!' -e a.run
+ test '!' -e b.run
+ test '!' -e c.run
+ test '!' -e d.run
+ count_test_results total=0 pass=0 fail=0 xpass=0 xfail=0 skip=0 error=0
+ total=ERR
+ pass=ERR
+ fail=ERR
+ xpass=ERR
+ xfail=ERR
+ skip=ERR
+ error=ERR
+ eval total=0 pass=0 fail=0 xpass=0 xfail=0 skip=0 error=0
++ total=0
++ pass=0
++ fail=0
++ xpass=0
++ xfail=0
++ skip=0
++ error=0
+ /bin/grep -E -i '(total|x?pass|x?fail|skip|error)' stdout
# TOTAL: 0
# PASS:  0
# SKIP:  0
# XFAIL: 0
# FAIL:  0
# XPASS: 0
# ERROR: 0
+ rc=0
+ set +e
++ grep -c '^PASS:' stdout
+ test 0 -eq 0
++ grep -c '^XFAIL:' stdout
+ test 0 -eq 0
++ grep -c '^SKIP:' stdout
+ test 0 -eq 0
++ grep -c '^FAIL:' stdout
+ test 0 -eq 0
++ grep -c '^XPASS:' stdout
+ test 0 -eq 0
++ grep -c '^ERROR:' stdout
+ test 0 -eq 0
+ grep '^# TOTAL:  *0$' stdout
# TOTAL: 0
+ grep '^# PASS:  *0$' stdout
# PASS:  0
+ grep '^# XFAIL:  *0$' stdout
# XFAIL: 0
+ grep '^# SKIP:  *0$' stdout
# SKIP:  0
+ grep '^# FAIL:  *0$' stdout
# FAIL:  0
+ grep '^# XPASS:  *0$' stdout
# XPASS: 0
+ grep '^# ERROR:  *0$' stdout
# ERROR: 0
+ test 0 -eq 0
+ cd .
+ :
+ am_exit_trap 0
+ exit_status=0
+ set +e
+ cd /sources/automake-1.16.1
+ test none = tap
+ case $am_explicit_skips in
+ test 0 -eq 0
+ am_keeping_testdirs
+ case $keep_testdirs in
+ return 1
+ rm_rf_ t/test-driver-custom-multitest-recheck.dir
+ test 1 -gt 0
+ /usr/bin/perl /sources/automake-1.16.1/t/ax/deltree.pl t/test-driver-custom-multitest-recheck.dir
+ set +x
PASS t/test-driver-custom-multitest-recheck.sh (exit status: 0)
